Log file open, 04/13/20 14:26:48
LogWindows: Failed to load 'aqProf.dll' (GetLastError=126)
LogWindows: File 'aqProf.dll' does not exist
LogWindows: Failed to load 'VSPerf140.dll' (GetLastError=126)
LogWindows: File 'VSPerf140.dll' does not exist
LogWindows: Failed to load 'VtuneApi.dll' (GetLastError=126)
LogWindows: File 'VtuneApi.dll' does not exist
LogWindows: Failed to load 'VtuneApi32e.dll' (GetLastError=126)
LogWindows: File 'VtuneApi32e.dll' does not exist
LogInit: Display: Running engine for game: PortInvadeProject
LogPlatformFile: Not using cached read wrapper
LogTaskGraph: Started task graph with 5 named threads and 23 total threads with 3 sets of task threads.
LogStats: Stats thread started at 0.286829
LogD3D11RHI: Loaded GFSDK_Aftermath_Lib.x64.dll
LogICUInternationalization: Display: ICU TimeZone Detection - Raw Offset: -5:00, Platform Override: ''
LogPluginManager: Mounting plugin Paper2D
LogPluginManager: Mounting plugin AISupport
LogPluginManager: Mounting plugin LightPropagationVolume
LogPluginManager: Mounting plugin CLionSourceCodeAccess
LogPluginManager: Mounting plugin CodeLiteSourceCodeAccess
LogPluginManager: Mounting plugin GitSourceControl
LogPluginManager: Mounting plugin KDevelopSourceCodeAccess
LogPluginManager: Mounting plugin NullSourceCodeAccess
LogPluginManager: Mounting plugin PerforceSourceControl
LogPluginManager: Mounting plugin SubversionSourceControl
LogPluginManager: Mounting plugin UObjectPlugin
LogPluginManager: Mounting plugin VisualStudioCodeSourceCodeAccess
LogPluginManager: Mounting plugin VisualStudioSourceCodeAccess
LogPluginManager: Mounting plugin XCodeSourceCodeAccess
LogPluginManager: Mounting plugin AssetManagerEditor
LogPluginManager: Mounting plugin CryptoKeys
LogPluginManager: Mounting plugin DataValidation
LogPluginManager: Mounting plugin FacialAnimation
LogPluginManager: Mounting plugin GameplayTagsEditor
LogPluginManager: Mounting plugin MacGraphicsSwitching
LogPluginManager: Mounting plugin MeshEditor
LogPluginManager: Mounting plugin MobileLauncherProfileWizard
LogPluginManager: Mounting plugin PluginBrowser
LogPluginManager: Mounting plugin SpeedTreeImporter
LogPluginManager: Mounting plugin DatasmithContent
LogPluginManager: Mounting plugin AlembicImporter
LogPluginManager: Mounting plugin AppleImageUtils
LogPluginManager: Mounting plugin AppleVision
LogPluginManager: Mounting plugin BackChannel
LogPluginManager: Mounting plugin CharacterAI
LogPluginManager: Mounting plugin GeometryCache
LogPluginManager: Mounting plugin HTML5Networking
LogPluginManager: Mounting plugin ProxyLODPlugin
LogPluginManager: Mounting plugin MagicLeap
LogPluginManager: Mounting plugin MagicLeapEmulator
LogPluginManager: Mounting plugin MagicLeapMedia
LogPluginManager: Mounting plugin AndroidMedia
LogPluginManager: Mounting plugin AvfMedia
LogPluginManager: Mounting plugin ImgMedia
LogPluginManager: Mounting plugin LinearTimecode
LogPluginManager: Mounting plugin MediaCompositing
LogPluginManager: Mounting plugin MediaPlayerEditor
LogPluginManager: Mounting plugin WmfMedia
LogPluginManager: Mounting plugin TcpMessaging
LogPluginManager: Mounting plugin UdpMessaging
LogPluginManager: Mounting plugin ActorSequence
LogPluginManager: Mounting plugin LevelSequenceEditor
LogPluginManager: Mounting plugin MatineeToLevelSequence
LogPluginManager: Mounting plugin NetcodeUnitTest
LogPluginManager: Mounting plugin NUTUnrealEngine4
LogPluginManager: Mounting plugin OnlineSubsystemGooglePlay
LogPluginManager: Mounting plugin OnlineSubsystemIOS
LogPluginManager: Mounting plugin OnlineSubsystem
LogPluginManager: Mounting plugin OnlineSubsystemNull
LogPluginManager: Mounting plugin OnlineSubsystemUtils
LogPluginManager: Mounting plugin LauncherChunkInstaller
LogPluginManager: Mounting plugin AndroidDeviceProfileSelector
LogPluginManager: Mounting plugin AndroidMoviePlayer
LogPluginManager: Mounting plugin AndroidPermission
LogPluginManager: Mounting plugin AppleMoviePlayer
LogPluginManager: Mounting plugin ArchVisCharacter
LogPluginManager: Mounting plugin AudioCapture
LogPluginManager: Mounting plugin CableComponent
LogPluginManager: Mounting plugin CustomMeshComponent
LogPluginManager: Mounting plugin EditableMesh
LogPluginManager: Mounting plugin ExampleDeviceProfileSelector
LogPluginManager: Mounting plugin GoogleCloudMessaging
LogPluginManager: Mounting plugin ImmediatePhysics
LogPluginManager: Mounting plugin IOSDeviceProfileSelector
LogPluginManager: Mounting plugin LinuxDeviceProfileSelector
LogPluginManager: Mounting plugin LocationServicesBPLibrary
LogPluginManager: Mounting plugin MobilePatchingUtils
LogPluginManager: Mounting plugin OculusVR
LogPluginManager: Plugin shader directory ../../../Engine/Plugins/Runtime/Oculus/OculusVR/Shaders found
LogPluginManager: Mapping shader source directory ../../../Engine/Plugins/Runtime/Oculus/OculusVR/Shaders to virtual directory /Plugin/OculusVR
LogPluginManager: Mounting plugin PhysXVehicles
LogPluginManager: Mounting plugin ProceduralMeshComponent
LogPluginManager: Mounting plugin RuntimePhysXCooking
LogPluginManager: Mounting plugin SteamVR
LogPluginManager: Mounting plugin WindowsMoviePlayer
LogStreaming: Display: Took  0.138s to configure plugins.
LogInit: Using libcurl 7.55.1-DEV
LogInit:  - built for x86_64-pc-win32
LogInit:  - supports SSL with OpenSSL/1.0.2h
LogInit:  - supports HTTP deflate (compression) using libz 1.2.8
LogInit:  - other features:
LogInit:      CURL_VERSION_SSL
LogInit:      CURL_VERSION_LIBZ
LogInit:      CURL_VERSION_IPV6
LogInit:      CURL_VERSION_ASYNCHDNS
LogInit:      CURL_VERSION_LARGEFILE
LogInit:      CURL_VERSION_IDN
LogInit:  CurlRequestOptions (configurable via config and command line):
LogInit:  - bVerifyPeer = false  - Libcurl will NOT verify peer certificate
LogInit:  - bUseHttpProxy = false  - Libcurl will NOT use HTTP proxy
LogInit:  - bDontReuseConnections = false  - Libcurl will reuse connections
LogInit:  - CertBundlePath = nullptr  - Libcurl will use whatever was configured at build time.
LogInit:  - MaxHostConnections = 16  - Libcurl will limit the number of connections to a host
LogInit:  - LocalHostAddr = Default
LogInit:  - BufferSize = 65536
LogInit: WinSock: version 1.1 (2.2), MaxSocks=32767, MaxUdp=65467
LogInit: Build: ++UE4+Release-4.20-CL-4369336
LogInit: Engine Version: 4.20.3-4369336+++UE4+Release-4.20
LogInit: Compatible Engine Version: 4.20.0-4212847+++UE4+Release-4.20
LogInit: Net CL: 4212847
LogInit: OS: Windows 10 (), CPU: Intel(R) Core(TM) i7-7700HQ CPU @ 2.80GHz, GPU: Intel(R) HD Graphics 630
LogInit: Compiled (64-bit): Sep 17 2018 12:26:19
LogInit: Compiled with Visual C++: 19.13.26129.00
LogInit: Build Configuration: Development
LogInit: Branch Name: ++UE4+Release-4.20
LogInit: Command Line: 
LogInit: Base Directory: D:/Program Files/Unreal/Engine/UE_4.20/Engine/Binaries/Win64/
LogInit: Installed Engine Build: 1
LogDevObjectVersion: Number of dev versions registered: 20
LogDevObjectVersion:   Dev-Blueprints (B0D832E4-1F89-4F0D-ACCF-7EB736FD4AA2): 10
LogDevObjectVersion:   Dev-Build (E1C64328-A22C-4D53-A36C-8E866417BD8C): 0
LogDevObjectVersion:   Dev-Core (375EC13C-06E4-48FB-B500-84F0262A717E): 2
LogDevObjectVersion:   Dev-Editor (E4B068ED-F494-42E9-A231-DA0B2E46BB41): 24
LogDevObjectVersion:   Dev-Framework (CFFC743F-43B0-4480-9391-14DF171D2073): 34
LogDevObjectVersion:   Dev-Mobile (B02B49B5-BB20-44E9-A304-32B752E40360): 2
LogDevObjectVersion:   Dev-Networking (A4E4105C-59A1-49B5-A7C5-40C4547EDFEE): 0
LogDevObjectVersion:   Dev-Online (39C831C9-5AE6-47DC-9A44-9C173E1C8E7C): 0
LogDevObjectVersion:   Dev-Physics (78F01B33-EBEA-4F98-B9B4-84EACCB95AA2): 0
LogDevObjectVersion:   Dev-Platform (6631380F-2D4D-43E0-8009-CF276956A95A): 0
LogDevObjectVersion:   Dev-Rendering (12F88B9F-8875-4AFC-A67C-D90C383ABD29): 26
LogDevObjectVersion:   Dev-Sequencer (7B5AE74C-D270-4C10-A958-57980B212A5A): 9
LogDevObjectVersion:   Dev-VR (D7296918-1DD6-4BDD-9DE2-64A83CC13884): 2
LogDevObjectVersion:   Dev-LoadTimes (C2A15278-BFE7-4AFE-6C17-90FF531DF755): 1
LogDevObjectVersion:   Private-Geometry (6EACA3D4-40EC-4CC1-B786-8BED09428FC5): 3
LogDevObjectVersion:   Dev-AnimPhys (29E575DD-E0A3-4627-9D10-D276232CDCEA): 17
LogDevObjectVersion:   Dev-ReflectionCapture (6B266CEC-1EC7-4B8F-A30B-E4D90942FC07): 1
LogDevObjectVersion:   Dev-Automation (0DF73D61-A23F-47EA-B727-89E90C41499A): 1
LogDevObjectVersion:   FortniteMain (601D1886-AC64-4F84-AA16-D3DE0DEAC7D6): 12
LogDevObjectVersion:   Dev-Enterprise (9DFFBCD6-494F-0158-E221-12823C92A888): 1
LogStreaming: Display: Took  0.005s to delete old logs.
LogInit: Presizing for max 8388607 objects, including 0 objects not considered by GC, pre-allocating 0 bytes for permanent pool.
LogInit: Object subsystem initialized
[2020.04.13-18.26.49:323][  0]LogInit: Selected Device Profile: [Windows]
[2020.04.13-18.26.49:323][  0]LogInit: Applying CVar settings loaded from the selected device profile: [Windows]
[2020.04.13-18.26.49:365][  0]LogHAL: Display: Platform has ~ 16 GB [17061810176 / 17179869184 / 16], which maps to Larger [LargestMinGB=32, LargerMinGB=12, DefaultMinGB=8, SmallerMinGB=6, SmallestMinGB=0)
[2020.04.13-18.26.49:365][  0]LogInit: Setting Device Profile CVar: [[r.Vulkan.UseRealUBs:1]]
[2020.04.13-18.26.49:366][  0]LogInit: Going up to parent DeviceProfile []
[2020.04.13-18.26.49:367][  0]LogInit: Computer: MSI
[2020.04.13-18.26.49:367][  0]LogInit: User: DaultonNelson
[2020.04.13-18.26.49:367][  0]LogInit: CPU Page size=4096, Cores=4
[2020.04.13-18.26.49:367][  0]LogInit: High frequency timer resolution =10.000000 MHz
[2020.04.13-18.26.49:367][  0]LogMemory: Memory total: Physical=15.9GB (16GB approx)
[2020.04.13-18.26.49:367][  0]LogMemory: Platform Memory Stats for Windows
[2020.04.13-18.26.49:367][  0]LogMemory: Process Physical Memory: 102.27 MB used, 102.28 MB peak
[2020.04.13-18.26.49:367][  0]LogMemory: Process Virtual Memory: 89.39 MB used, 89.39 MB peak
[2020.04.13-18.26.49:367][  0]LogMemory: Physical Memory: 8210.78 MB used,  8060.63 MB free, 16271.41 MB total
[2020.04.13-18.26.49:367][  0]LogMemory: Virtual Memory: 4612.59 MB used,  8060.63 MB free, 134217728.00 MB total
[2020.04.13-18.26.51:221][  0]LogInit: Using OS detected language (en-US).
[2020.04.13-18.26.51:221][  0]LogInit: Using OS detected locale (en-US).
[2020.04.13-18.26.51:225][  0]LogTextLocalizationManager: No specific localization for 'en-US' exists, so the 'en' localization will be used.
[2020.04.13-18.26.52:266][  0]LogStreaming: Display: Took  1.045s to InitEngineTextLocalization.
[2020.04.13-18.26.52:267][  0]LogInit: Setting process to per monitor DPI aware
[2020.04.13-18.26.52:326][  0]LogSlate: New Slate User Created.  User Index 0, Is Virtual User: 0
[2020.04.13-18.26.52:326][  0]LogSlate: Slate User Registered.  User Index 0, Is Virtual User: 0
[2020.04.13-18.26.52:883][  0]LogHMD: Failed to initialize OpenVR with code 110
[2020.04.13-18.26.52:883][  0]LogD3D11RHI: D3D11 adapters:
[2020.04.13-18.26.53:142][  0]LogD3D11RHI:    0. 'NVIDIA GeForce GTX 1060' (Feature Level 11_0)
[2020.04.13-18.26.53:142][  0]LogD3D11RHI:       6052/0/8135 MB DedicatedVideo/DedicatedSystem/SharedSystem, Outputs:1, VendorId:0x10de
[2020.04.13-18.26.53:201][  0]LogD3D11RHI:    1. 'Intel(R) HD Graphics 630' (Feature Level 11_0)
[2020.04.13-18.26.53:201][  0]LogD3D11RHI:       128/0/8135 MB DedicatedVideo/DedicatedSystem/SharedSystem, Outputs:0, VendorId:0x8086
[2020.04.13-18.26.53:210][  0]LogD3D11RHI:    2. 'Microsoft Basic Render Driver' (Feature Level 11_0)
[2020.04.13-18.26.53:210][  0]LogD3D11RHI:       0/0/8135 MB DedicatedVideo/DedicatedSystem/SharedSystem, Outputs:0, VendorId:0x1414
[2020.04.13-18.26.53:211][  0]LogD3D11RHI: Chosen D3D11 Adapter: 0
[2020.04.13-18.26.53:369][  0]LogD3D11RHI: Creating new Direct3DDevice
[2020.04.13-18.26.53:369][  0]LogD3D11RHI:     GPU DeviceId: 0x1c20 (for the marketing name, search the web for "GPU Device Id")
[2020.04.13-18.26.53:369][  0]LogWindows: EnumDisplayDevices:
[2020.04.13-18.26.53:370][  0]LogWindows:    0. 'Intel(R) HD Graphics 630' (P:1 D:1)
[2020.04.13-18.26.53:372][  0]LogWindows:    1. 'Intel(R) HD Graphics 630' (P:0 D:0)
[2020.04.13-18.26.53:374][  0]LogWindows:    2. 'Intel(R) HD Graphics 630' (P:0 D:0)
[2020.04.13-18.26.53:376][  0]LogWindows:    3. 'NVIDIA GeForce GTX 1060' (P:0 D:0)
[2020.04.13-18.26.53:377][  0]LogWindows:    4. 'NVIDIA GeForce GTX 1060' (P:0 D:0)
[2020.04.13-18.26.53:378][  0]LogWindows:    5. 'NVIDIA GeForce GTX 1060' (P:0 D:0)
[2020.04.13-18.26.53:380][  0]LogWindows:    6. 'NVIDIA GeForce GTX 1060' (P:0 D:0)
[2020.04.13-18.26.53:381][  0]LogWindows: DebugString: PrimaryIsNotTheChoosenAdapter PrimaryIsNotTheChoosenAdapter PrimaryIsNotTheChoosenAdapter FoundDriverCount:4 
[2020.04.13-18.26.53:381][  0]LogD3D11RHI:     Adapter Name: NVIDIA GeForce GTX 1060
[2020.04.13-18.26.53:382][  0]LogD3D11RHI:   Driver Version: 445.75 (internal:26.21.14.4575, unified:445.75)
[2020.04.13-18.26.53:382][  0]LogD3D11RHI:      Driver Date: 3-17-2020
[2020.04.13-18.26.53:382][  0]LogRHI: Texture pool is 4236 MB (70% of 6052 MB)
[2020.04.13-18.26.53:569][  0]LogD3D11RHI: Async texture creation enabled
[2020.04.13-18.26.53:601][  0]LogD3D11RHI: GPU Timing Frequency: 1000.000000 (Debug: 2 1)
[2020.04.13-18.26.53:606][  0]LogShaderCompilers: Guid format shader working directory is -42 characters bigger than the processId version (../../../../../../../Side Projects/Unreal Portfolio Invaders/PortfolioInvaders/PortInvadeProject/Intermediate/Shaders/WorkingDirectory/3768/).
[2020.04.13-18.26.53:607][  0]LogShaderCompilers: Cleaned the shader compiler working directory 'C:/Users/DaultonNelson/AppData/Local/Temp/UnrealShaderWorkingDir/D0D6D379489B52BC01E19E83232C376B/'.
[2020.04.13-18.26.54:187][  0]LogTemp: Display: Loaded TP AllDesktopTargetPlatform
[2020.04.13-18.26.54:203][  0]LogTemp: Display: Loaded TP MacClientTargetPlatform
[2020.04.13-18.26.54:219][  0]LogTemp: Display: Loaded TP MacNoEditorTargetPlatform
[2020.04.13-18.26.54:234][  0]LogTemp: Display: Loaded TP MacServerTargetPlatform
[2020.04.13-18.26.54:250][  0]LogTemp: Display: Loaded TP MacTargetPlatform
[2020.04.13-18.26.54:265][  0]LogTemp: Display: Loaded TP WindowsClientTargetPlatform
[2020.04.13-18.26.54:280][  0]LogTemp: Display: Loaded TP WindowsNoEditorTargetPlatform
[2020.04.13-18.26.54:297][  0]LogTemp: Display: Loaded TP WindowsServerTargetPlatform
[2020.04.13-18.26.54:305][  0]LogTemp: Display: Loaded TP WindowsTargetPlatform
[2020.04.13-18.26.54:458][  0]LogTemp: Display: Loaded TP AndroidTargetPlatform
[2020.04.13-18.26.54:458][  0]LogTemp: Display: Loaded TP AndroidTargetPlatform
[2020.04.13-18.26.54:458][  0]LogTemp: Display: Loaded TP AndroidTargetPlatform
[2020.04.13-18.26.54:458][  0]LogTemp: Display: Loaded TP AndroidTargetPlatform
[2020.04.13-18.26.54:458][  0]LogTemp: Display: Loaded TP AndroidTargetPlatform
[2020.04.13-18.26.54:458][  0]LogTemp: Display: Loaded TP AndroidTargetPlatform
[2020.04.13-18.26.54:458][  0]LogTemp: Display: Loaded TP AndroidTargetPlatform
[2020.04.13-18.26.54:458][  0]LogTemp: Display: Loaded TP AndroidTargetPlatform
[2020.04.13-18.26.54:458][  0]LogTemp: Display: Loaded TP AndroidTargetPlatform
[2020.04.13-18.26.54:459][  0]LogTemp: Display: Loaded TP AndroidTargetPlatform
[2020.04.13-18.26.54:459][  0]LogTemp: Display: Loaded TP AndroidTargetPlatform
[2020.04.13-18.26.54:459][  0]LogTemp: Display: Loaded TP AndroidTargetPlatform
[2020.04.13-18.26.54:459][  0]LogTemp: Display: Loaded TP AndroidTargetPlatform
[2020.04.13-18.26.54:459][  0]LogTemp: Display: Loaded TP AndroidTargetPlatform
[2020.04.13-18.26.54:459][  0]LogTemp: Display: Loaded TP AndroidTargetPlatform
[2020.04.13-18.26.54:459][  0]LogTemp: Display: Loaded TP AndroidTargetPlatform
[2020.04.13-18.26.54:459][  0]LogTemp: Display: Loaded TP AndroidTargetPlatform
[2020.04.13-18.26.54:459][  0]LogTemp: Display: Loaded TP AndroidTargetPlatform
[2020.04.13-18.26.54:462][  0]LogTemp: Display: Loaded TP HTML5TargetPlatform
[2020.04.13-18.26.54:557][  0]LogTemp: Display: Loaded TP IOSTargetPlatform
[2020.04.13-18.26.54:557][  0]LogTemp: Display: Loaded TP IOSTargetPlatform
[2020.04.13-18.26.54:585][  0]LogTemp: Display: Loaded TP TVOSTargetPlatform
[2020.04.13-18.26.54:585][  0]LogTemp: Display: Loaded TP TVOSTargetPlatform
[2020.04.13-18.26.54:602][  0]LogTemp: Display: Loaded TP LinuxClientTargetPlatform
[2020.04.13-18.26.54:615][  0]LogTemp: Display: Loaded TP LinuxNoEditorTargetPlatform
[2020.04.13-18.26.54:628][  0]LogTemp: Display: Loaded TP LinuxServerTargetPlatform
[2020.04.13-18.26.54:642][  0]LogTemp: Display: Loaded TP LinuxTargetPlatform
[2020.04.13-18.26.54:652][  0]LogTemp: Display: Loaded TP LuminTargetPlatform
[2020.04.13-18.26.54:652][  0]LogTargetPlatformManager: Display: Building Assets For Windows
[2020.04.13-18.26.54:710][  0]LogXGEController: Cleaning working directory: C:/Users/DaultonNelson/AppData/Local/Temp/UnrealXGEWorkingDir/
[2020.04.13-18.26.54:710][  0]LogXGEController: Cannot use XGE Controller as Incredibuild is not installed on this machine.
[2020.04.13-18.26.54:710][  0]LogShaderCompilers: Cannot use XGE Shader Compiler as Incredibuild is not installed on this machine.
[2020.04.13-18.26.54:710][  0]LogShaderCompilers: Display: Using Local Shader Compiler.
[2020.04.13-18.26.56:440][  0]LogDerivedDataCache: Display: Max Cache Size: 512 MB
[2020.04.13-18.26.56:519][  0]LogDerivedDataCache: Loaded boot cache 0.08s 71MB C:/Users/DaultonNelson/AppData/Local/UnrealEngine/4.20/DerivedDataCache/Boot.ddc.
[2020.04.13-18.26.56:520][  0]LogDerivedDataCache: Display: Loaded Boot cache: C:/Users/DaultonNelson/AppData/Local/UnrealEngine/4.20/DerivedDataCache/Boot.ddc
[2020.04.13-18.26.56:520][  0]LogDerivedDataCache: FDerivedDataBackendGraph:  Pak pak cache file ../../../../../../../Side Projects/Unreal Portfolio Invaders/PortfolioInvaders/PortInvadeProject/DerivedDataCache/DDC.ddp not found, will not use a pak cache.
[2020.04.13-18.26.56:520][  0]LogDerivedDataCache: Unable to find inner node Pak for hierarchical cache Hierarchy.
[2020.04.13-18.26.56:520][  0]LogDerivedDataCache: FDerivedDataBackendGraph:  CompressedPak pak cache file ../../../../../../../Side Projects/Unreal Portfolio Invaders/PortfolioInvaders/PortInvadeProject/DerivedDataCache/Compressed.ddp not found, will not use a pak cache.
[2020.04.13-18.26.56:520][  0]LogDerivedDataCache: Unable to find inner node CompressedPak for hierarchical cache Hierarchy.
[2020.04.13-18.26.56:546][  0]LogDerivedDataCache: Display: Pak cache opened for reading ../../../Engine/DerivedDataCache/Compressed.ddp.
[2020.04.13-18.26.56:559][  0]LogDerivedDataCache: Using Local data cache path C:/Users/DaultonNelson/AppData/Local/UnrealEngine/Common/DerivedDataCache: Writable
[2020.04.13-18.26.56:559][  0]LogDerivedDataCache: Shared data cache path not found in *engine.ini, will not use an Shared cache.
[2020.04.13-18.26.56:559][  0]LogDerivedDataCache: Unable to find inner node Shared for hierarchical cache Hierarchy.
[2020.04.13-18.26.56:589][  0]LogMaterial: Verifying Global Shaders for PCD3D_SM5
[2020.04.13-18.26.56:591][  0]LogSlate: Using FreeType 2.6.0
[2020.04.13-18.26.56:592][  0]LogSlate: SlateFontServices - WITH_FREETYPE: 1, WITH_HARFBUZZ: 1
[2020.04.13-18.26.56:698][  0]LogAssetRegistry: FAssetRegistry took 0.0278 seconds to start up
[2020.04.13-18.26.57:408][  0]LogInit: Selected Device Profile: [Windows]
[2020.04.13-18.26.57:785][  0]LogSimplygon: Simplygon DLL not present - disabling.
[2020.04.13-18.26.57:796][  0]LogMeshReduction: Using SimplygonSwarm for distributed automatic mesh merging
[2020.04.13-18.26.57:796][  0]LogMeshReduction: Using ProxyLODMeshReduction for automatic mesh merging
[2020.04.13-18.26.57:797][  0]LogMeshReduction: Using QuadricMeshReduction for automatic static mesh reduction
[2020.04.13-18.26.57:797][  0]LogMeshReduction: No automatic skeletal mesh reduction module available
[2020.04.13-18.26.57:847][  0]LogNetVersion: PortInvadeProject 1.0.0, NetCL: 4212847, EngineNetVer: 5, GameNetVer: 0 (Checksum: 2198381219)
[2020.04.13-18.26.58:742][  0]LogPackageLocalizationCache: Processed 11 localized package path(s) for 2 prioritized culture(s) in 0.131710 seconds
[2020.04.13-18.26.58:758][  0]LogUObjectArray: 38425 objects as part of root set at end of initial load.
[2020.04.13-18.26.58:758][  0]LogUObjectAllocator: 6690864 out of 0 bytes used by permanent object pool.
[2020.04.13-18.26.58:758][  0]LogUObjectArray: CloseDisregardForGC: 0/0 objects in disregard for GC pool
[2020.04.13-18.27.00:845][  0]LogTcpMessaging: Initializing TcpMessaging bridge
[2020.04.13-18.27.00:862][  0]LogUdpMessaging: Initializing bridge on interface 0.0.0.0:0 to multicast group 230.0.0.1:6666.
[2020.04.13-18.27.01:145][  0]SourceControl: Source control is disabled
[2020.04.13-18.27.01:145][  0]SourceControl: Source control is disabled
[2020.04.13-18.27.01:148][  0]SourceControl: Source control is disabled
[2020.04.13-18.27.01:150][  0]SourceControl: Source control is disabled
[2020.04.13-18.27.01:397][  0]LogAndroidPermission: UAndroidPermissionCallbackProxy::GetInstance
[2020.04.13-18.27.02:004][  0]LogOcInput: OculusInput pre-init called
[2020.04.13-18.27.02:164][  0]LogEngine: Initializing Engine...
[2020.04.13-18.27.02:167][  0]LogHMD: Failed to initialize OpenVR with code 110
[2020.04.13-18.27.02:172][  0]LogStats: UGameplayTagsManager::ConstructGameplayTagTree: ImportINI prefixes -  0.000 s
[2020.04.13-18.27.02:172][  0]LogStats: UGameplayTagsManager::ConstructGameplayTagTree: Construct from data asset -  0.000 s
[2020.04.13-18.27.02:173][  0]LogStats: UGameplayTagsManager::ConstructGameplayTagTree: ImportINI -  0.000 s
[2020.04.13-18.27.02:173][  0]LogStats: UGameplayTagsManager::ConstructGameplayTagTree: GameplayTagTreeChangedEvent.Broadcast -  0.000 s
[2020.04.13-18.27.02:814][  0]LogInit: Initializing FReadOnlyCVARCache
[2020.04.13-18.27.02:851][  0]LogAIModule: Creating AISystem for world Untitled
[2020.04.13-18.27.03:104][  0]LogInit: XAudio2 using 'HeadPhone/Digital Output (Realtek High Definition Audio)' : 6 channels at 48 kHz using 32 bits per sample (channel mask 0x3f)
[2020.04.13-18.27.03:426][  0]LogInit: FAudioDevice initialized.
[2020.04.13-18.27.03:427][  0]LogNetVersion: Set ProjectVersion to 1.0.0.0. Version Checksum will be recalculated on next use.
[2020.04.13-18.27.03:584][  0]LogDerivedDataCache: Saved boot cache 0.16s 71MB C:/Users/DaultonNelson/AppData/Local/UnrealEngine/4.20/DerivedDataCache/Boot.ddc.
[2020.04.13-18.27.03:597][  0]LogInit: Texture streaming: Enabled
[2020.04.13-18.27.03:656][  0]LogEngineSessionManager: EngineSessionManager initialized
[2020.04.13-18.27.03:656][  0]LogEngineSessionManager: EngineSessionManager sent abnormal shutdown report. Type=Crashed, SessionId={02E0920D-4362-565E-22C9-E4A8CA61492A}
[2020.04.13-18.27.03:695][  0]LogInit: Transaction tracking system initialized
[2020.04.13-18.27.03:759][  0]BlueprintLog: New page: Editor Load
[2020.04.13-18.27.03:977][  0]LocalizationService: Localization service is disabled
[2020.04.13-18.27.04:545][  0]LogCook: Display: Max memory allowance for cook 16384mb min free memory 0mb
[2020.04.13-18.27.04:545][  0]LogCook: Display: Mobile HDR setting 1
[2020.04.13-18.27.04:545][  0]LogGameplayTags: Display: UGameplayTagsManager::DoneAddingNativeTags. DelegateIsBound: 0
[2020.04.13-18.27.04:545][  0]LogStats: UGameplayTagsManager::ConstructGameplayTagTree: ImportINI prefixes -  0.000 s
[2020.04.13-18.27.04:545][  0]LogStats: UGameplayTagsManager::ConstructGameplayTagTree: Construct from data asset -  0.000 s
[2020.04.13-18.27.04:546][  0]LogStats: UGameplayTagsManager::ConstructGameplayTagTree: ImportINI -  0.000 s
[2020.04.13-18.27.04:546][  0]LogStats: UGameplayTagsManager::ConstructGameplayTagTree: GameplayTagTreeChangedEvent.Broadcast -  0.000 s
[2020.04.13-18.27.04:699][  0]LogFileCache: Scanning file cache for directory 'D:/Side Projects/Unreal Portfolio Invaders/PortfolioInvaders/PortInvadeProject/Content/' took 0.02s
[2020.04.13-18.27.04:777][  0]SourceControl: Source control is disabled
[2020.04.13-18.27.04:778][  0]LightingResults: New page: Lighting Build
[2020.04.13-18.27.04:784][  0]MapCheck: New page: Map Check
[2020.04.13-18.27.04:784][  0]LightingResults: New page: Lighting Build
[2020.04.13-18.27.05:796][  0]LogAIModule: Creating AISystem for world Minimal_Default
[2020.04.13-18.27.05:815][  0]LogEditorServer: Finished looking for orphan Actors (0.000 secs)
[2020.04.13-18.27.05:877][  0]Cmd: MAP CHECKDEP NOCLEARLOG
[2020.04.13-18.27.06:058][  0]MapCheck: Map check complete: 0 Error(s), 0 Warning(s), took 181.559ms to complete.
[2020.04.13-18.27.06:059][  0]LogFileHelpers: Loading map 'Minimal_Default' took 1.281
[2020.04.13-18.27.06:205][  0]LogSlate: Updating window title bar state: overlay mode, drag disabled, window buttons hidden, title bar hidden
[2020.04.13-18.27.06:215][  0]LogSlate: Updating window title bar state: overlay mode, drag disabled, window buttons hidden, title bar hidden
[2020.04.13-18.27.06:224][  0]LogSlate: Updating window title bar state: overlay mode, drag disabled, window buttons hidden, title bar hidden
[2020.04.13-18.27.06:235][  0]LogSlate: Updating window title bar state: overlay mode, drag disabled, window buttons hidden, title bar hidden
[2020.04.13-18.27.06:243][  0]LogCollectionManager: Loaded 0 collections in 0.001869 seconds
[2020.04.13-18.27.06:295][  0]LogFileCache: Scanning file cache for directory 'D:/Side Projects/Unreal Portfolio Invaders/PortfolioInvaders/PortInvadeProject/Saved/Collections/' took 0.01s
[2020.04.13-18.27.06:296][  0]LogFileCache: Scanning file cache for directory 'D:/Side Projects/Unreal Portfolio Invaders/PortfolioInvaders/PortInvadeProject/Content/Developers/DaultonNelson/Collections/' took 0.01s
[2020.04.13-18.27.06:296][  0]LogFileCache: Scanning file cache for directory 'D:/Side Projects/Unreal Portfolio Invaders/PortfolioInvaders/PortInvadeProject/Content/Collections/' took 0.01s
[2020.04.13-18.27.06:296][  0]LogCollectionManager: Rebuilt the GUID cache for 0 collections in 0.000001 seconds
[2020.04.13-18.27.06:324][  0]LogContentBrowser: Native class hierarchy populated in 0.0279 seconds. Added 2572 classes and 603 folders.
[2020.04.13-18.27.06:346][  0]LogContentBrowser: Native class hierarchy updated for 'WidgetCarousel' in 0.0007 seconds. Added 0 classes and 0 folders.
[2020.04.13-18.27.06:494][  0]LogContentBrowser: Native class hierarchy updated for 'AddContentDialog' in 0.0006 seconds. Added 0 classes and 0 folders.
[2020.04.13-18.27.06:505][  0]LogContentBrowser: Native class hierarchy updated for 'SceneOutliner' in 0.0007 seconds. Added 1 classes and 2 folders.
[2020.04.13-18.27.08:424][  0]LogSlate: Only BGRA pngs, bmps or icos are supported in by External Image Picker
[2020.04.13-18.27.08:499][  0]LogSlate: Took 0.000254 seconds to synchronously load lazily loaded font '../../../Engine/Content/Slate/Fonts/Roboto-Regular.ttf' (155K)
[2020.04.13-18.27.08:503][  0]LogSlate: Took 0.000689 seconds to synchronously load lazily loaded font '../../../Engine/Content/Slate/Fonts/Roboto-Bold.ttf' (160K)
[2020.04.13-18.27.08:513][  0]LogSlate: Took 0.000496 seconds to synchronously load lazily loaded font '../../../Engine/Content/Editor/Slate/Fonts/FontAwesome.ttf' (139K)
[2020.04.13-18.27.08:593][  0]LogRenderer: Reallocating scene render targets to support 860x436 Format 10 NumSamples 1 (Frame:1).
[2020.04.13-18.27.08:718][  0]LogTemp: Executing iPhonePackager certificates Engine -bundlename com.YourCompany.PortInvadeProject
[2020.04.13-18.27.08:718][  0]LogTemp: CWD: D:\Program Files\Unreal\Engine\UE_4.20\Engine\Binaries\DotNET\IOS
[2020.04.13-18.27.08:718][  0]LogTemp: Initial Dir: D:\Program Files\Unreal\Engine\UE_4.20
[2020.04.13-18.27.08:718][  0]LogTemp: Env CWD: D:\Program Files\Unreal\Engine\UE_4.20\Engine\Binaries\DotNET\IOS
[2020.04.13-18.27.08:718][  0]LogTemp: BranchPath = MSI/D/Program Files/Unreal/Engine/UE_4.20/Engine/Binaries --- GameBranchPath = MSI/D/Program Files/Unreal/Engine/UE_4.20/Engine/Binaries
[2020.04.13-18.27.08:718][  0]LogTemp: IPP ERROR: Could not find provision directory 'C:\Users\DaultonNelson\AppData\Local/Apple Computer/MobileDevice/Provisioning Profiles/'.
[2020.04.13-18.27.08:734][  0]LogContentBrowser: Native class hierarchy updated for 'HierarchicalLODOutliner' in 0.0002 seconds. Added 0 classes and 0 folders.
[2020.04.13-18.27.08:734][  0]LogLoad: (Engine Initialization) Total time: 22.23 seconds
[2020.04.13-18.27.08:734][  0]LogLoad: (Engine Initialization) Total Blueprint compile time: 0.00 seconds
[2020.04.13-18.27.08:786][  0]LogContentStreaming: Texture pool size now 1000 MB
[2020.04.13-18.27.08:826][  0]LogSlate: Took 0.000452 seconds to synchronously load lazily loaded font '../../../Engine/Content/Slate/Fonts/Roboto-Light.ttf' (167K)
[2020.04.13-18.27.09:024][  2]LogAssetRegistry: Asset discovery search completed in 12.3483 seconds
[2020.04.13-18.27.09:028][  2]LogCollectionManager: Rebuilt the object cache for 0 collections in 0.000001 seconds (found 0 objects)
[2020.04.13-18.27.09:028][  2]LogCollectionManager: Fixed up redirectors for 0 collections in 0.000146 seconds (updated 0 objects)
[2020.04.13-18.27.10:268][  6]LogSlate: Took 0.000844 seconds to synchronously load lazily loaded font '../../../Engine/Content/Slate/Fonts/Roboto-Light.ttf' (167K)
[2020.04.13-18.27.25:564][141]LogSlate: FSceneViewport::OnFocusLost() reason 0
[2020.04.13-18.27.25:754][145]LogAssetEditorManager: Opening Asset editor for Blueprint /Game/Blueprints/EnemyFiles/EnemyPrefab.EnemyPrefab
[2020.04.13-18.27.27:348][145]LogContentBrowser: Native class hierarchy updated for 'BlueprintGraph' in 0.0023 seconds. Added 116 classes and 0 folders.
[2020.04.13-18.27.29:756][145]LogAssetEditorManager: Opening Asset editor for Material /Game/3DAssets/InvaderSquid/Invader_Squid1.Invader_Squid1
[2020.04.13-18.27.29:771][145]LogMaterial: Display: Missing cached shader map for material Invader_Squid1, compiling. 
[2020.04.13-18.27.30:179][145]LogMaterial: Display: Missing cached shader map for material Invader_Squid1, compiling. 
[2020.04.13-18.27.30:214][145]LogMaterial: Display: Missing cached shader map for material Invader_Squid1, compiling. 
[2020.04.13-18.27.30:262][145]LogShaderCompilers: Display: Shaders left to compile 59
[2020.04.13-18.27.30:262][145]LogShaderCompilers: Display: Shaders left to compile 58
[2020.04.13-18.27.30:262][145]LogShaderCompilers: Display: Shaders left to compile 57
[2020.04.13-18.27.30:262][145]LogShaderCompilers: Display: Shaders left to compile 56
[2020.04.13-18.27.30:278][145]LogMaterial: Display: Missing cached shader map for material FMatExpressionPreview MaterialExpressionTextureSample_0, compiling. 
[2020.04.13-18.27.30:289][145]LogMaterial: Display: Missing cached shader map for material FMatExpressionPreview MaterialExpressionVectorParameter_0, compiling. 
[2020.04.13-18.27.30:404][145]LogAssetEditorManager: Opening Asset editor for DataTable /Game/Blueprints/EnemyFiles/EnemyDataTable.EnemyDataTable
[2020.04.13-18.27.30:512][145]LogSlate: Took 0.000240 seconds to synchronously load lazily loaded font '../../../Engine/Content/Slate/Fonts/Roboto-BoldCondensed.ttf' (158K)
[2020.04.13-18.27.30:602][146]LogSlate: Took 0.000287 seconds to synchronously load lazily loaded font '../../../Engine/Content/Slate/Fonts/Roboto-Italic.ttf' (157K)
[2020.04.13-18.27.31:014][161]LogShaderCompilers: Display: Shaders left to compile 59
[2020.04.13-18.27.31:027][161]LogShaderCompilers: Display: Shaders left to compile 58
[2020.04.13-18.27.31:027][161]LogShaderCompilers: Display: Shaders left to compile 57
[2020.04.13-18.27.31:048][162]LogShaderCompilers: Display: Shaders left to compile 56
[2020.04.13-18.27.31:214][167]LogShaderCompilers: Display: Shaders left to compile 55
[2020.04.13-18.27.31:229][167]LogShaderCompilers: Display: Shaders left to compile 54
[2020.04.13-18.27.31:239][167]LogShaderCompilers: Display: Shaders left to compile 53
[2020.04.13-18.27.31:239][167]LogShaderCompilers: Display: Shaders left to compile 52
[2020.04.13-18.27.31:406][172]LogShaderCompilers: Display: Shaders left to compile 51
[2020.04.13-18.27.31:536][176]LogShaderCompilers: Display: Shaders left to compile 50
[2020.04.13-18.27.31:658][184]LogShaderCompilers: Display: Shaders left to compile 49
[2020.04.13-18.27.31:691][186]LogShaderCompilers: Display: Shaders left to compile 48
[2020.04.13-18.27.31:815][193]LogShaderCompilers: Display: Shaders left to compile 47
[2020.04.13-18.27.31:916][197]LogShaderCompilers: Display: Shaders left to compile 46
[2020.04.13-18.27.31:969][198]LogShaderCompilers: Display: Shaders left to compile 45
[2020.04.13-18.27.32:122][203]LogShaderCompilers: Display: Shaders left to compile 44
[2020.04.13-18.27.32:173][204]LogShaderCompilers: Display: Shaders left to compile 43
[2020.04.13-18.27.32:282][208]LogShaderCompilers: Display: Shaders left to compile 42
[2020.04.13-18.27.32:356][210]LogShaderCompilers: Display: Shaders left to compile 41
[2020.04.13-18.27.32:447][214]LogShaderCompilers: Display: Shaders left to compile 40
[2020.04.13-18.27.32:532][218]LogShaderCompilers: Display: Shaders left to compile 39
[2020.04.13-18.27.32:536][218]LogShaderCompilers: Display: Shaders left to compile 38
[2020.04.13-18.27.32:594][220]LogShaderCompilers: Display: Shaders left to compile 37
[2020.04.13-18.27.32:669][222]LogShaderCompilers: Display: Shaders left to compile 36
[2020.04.13-18.27.32:768][225]LogShaderCompilers: Display: Shaders left to compile 35
[2020.04.13-18.27.32:768][225]LogShaderCompilers: Display: Shaders left to compile 34
[2020.04.13-18.27.32:816][226]LogShaderCompilers: Display: Shaders left to compile 33
[2020.04.13-18.27.32:883][227]LogShaderCompilers: Display: Shaders left to compile 32
[2020.04.13-18.27.33:090][237]LogShaderCompilers: Display: Shaders left to compile 31
[2020.04.13-18.27.33:166][240]LogShaderCompilers: Display: Shaders left to compile 30
[2020.04.13-18.27.33:194][241]LogShaderCompilers: Display: Shaders left to compile 29
[2020.04.13-18.27.33:287][245]LogShaderCompilers: Display: Shaders left to compile 28
[2020.04.13-18.27.33:447][247]LogShaderCompilers: Display: Shaders left to compile 27
[2020.04.13-18.27.33:500][248]LogShaderCompilers: Display: Shaders left to compile 26
[2020.04.13-18.27.33:603][250]LogShaderCompilers: Display: Shaders left to compile 25
[2020.04.13-18.27.33:709][251]LogShaderCompilers: Display: Shaders left to compile 24
[2020.04.13-18.27.33:717][251]LogShaderCompilers: Display: Shaders left to compile 23
[2020.04.13-18.27.33:865][254]LogShaderCompilers: Display: Shaders left to compile 22
[2020.04.13-18.27.33:961][255]LogShaderCompilers: Display: Shaders left to compile 21
[2020.04.13-18.27.33:984][255]LogShaderCompilers: Display: Shaders left to compile 20
[2020.04.13-18.27.33:997][256]LogShaderCompilers: Display: Shaders left to compile 19
[2020.04.13-18.27.34:083][257]LogShaderCompilers: Display: Shaders left to compile 18
[2020.04.13-18.27.34:187][259]LogShaderCompilers: Display: Shaders left to compile 17
[2020.04.13-18.27.34:193][259]LogShaderCompilers: Display: Shaders left to compile 16
[2020.04.13-18.27.34:194][259]LogShaderCompilers: Display: Shaders left to compile 15
[2020.04.13-18.27.34:277][260]LogShaderCompilers: Display: Shaders left to compile 14
[2020.04.13-18.27.34:381][260]LogShaderCompilers: Display: Shaders left to compile 13
[2020.04.13-18.27.34:534][262]LogShaderCompilers: Display: Shaders left to compile 12
[2020.04.13-18.27.34:623][268]LogShaderCompilers: Display: Shaders left to compile 11
[2020.04.13-18.27.34:623][268]LogShaderCompilers: Display: Shaders left to compile 10
[2020.04.13-18.27.34:776][275]LogShaderCompilers: Display: Shaders left to compile 9
[2020.04.13-18.27.34:891][279]LogShaderCompilers: Display: Shaders left to compile 8
[2020.04.13-18.27.34:978][281]LogShaderCompilers: Display: Shaders left to compile 7
[2020.04.13-18.27.35:077][286]LogShaderCompilers: Display: Shaders left to compile 6
[2020.04.13-18.27.35:158][291]LogShaderCompilers: Display: Shaders left to compile 5
[2020.04.13-18.27.35:222][295]LogShaderCompilers: Display: Shaders left to compile 4
[2020.04.13-18.27.35:323][301]LogShaderCompilers: Display: Shaders left to compile 3
[2020.04.13-18.27.35:391][305]LogShaderCompilers: Display: Shaders left to compile 2
[2020.04.13-18.27.35:455][308]LogShaderCompilers: Display: Shaders left to compile 1
[2020.04.13-18.27.35:456][308]MaterialEditorStats: Base pass shader: 101 instructions
[2020.04.13-18.27.35:456][308]MaterialEditorStats: Base pass shader with Volumetric Lightmap: 168 instructions
[2020.04.13-18.27.35:456][308]MaterialEditorStats: Base pass vertex shader: 36 instructions
[2020.04.13-18.27.35:456][308]MaterialEditorStats: Base pass vertex shader: 88 instructions
[2020.04.13-18.27.35:456][308]MaterialEditorStats: Texture samplers: 4/16
[2020.04.13-18.27.35:456][308]MaterialEditorStats: Texture Lookups (Est.): VS(0), PS(1)
[2020.04.13-18.27.35:456][308]MaterialEditorStats: User interpolators: 2/4 Scalars (1/4 Vectors) (TexCoords: 2, Custom: 0)
[2020.04.13-18.27.37:131][366]LogSavePackage: Moving '../../../../../../../Side Projects/Unreal Portfolio Invaders/PortfolioInvaders/PortInvadeProject/Saved/EnemyDataTable46842E90403E1D925B357FBF977BE22E.tmp' to '../../../../../../../Side Projects/Unreal Portfolio Invaders/PortfolioInvaders/PortInvadeProject/Content/Blueprints/EnemyFiles/EnemyDataTable.uasset'
[2020.04.13-18.27.41:466][493]LogSavePackage: Moving '../../../../../../../Side Projects/Unreal Portfolio Invaders/PortfolioInvaders/PortInvadeProject/Saved/EnemyDataTable416550BC4F3625CF0DD383AE6A0985A0.tmp' to '../../../../../../../Side Projects/Unreal Portfolio Invaders/PortfolioInvaders/PortInvadeProject/Content/Blueprints/EnemyFiles/EnemyDataTable.uasset'
[2020.04.13-18.27.43:023][563]LogSlate: Window 'EnemyDataTable' being destroyed
[2020.04.13-18.27.43:027][563]LogSlate: Window 'EnemyDataTable' being destroyed
[2020.04.13-18.27.47:707][815]LogTemp: Repeating last play command: New Editor Window (PIE)
[2020.04.13-18.27.47:729][815]LogBlueprintUserMessages: Early PlayInEditor Detection: Level '/Game/StarterContent/Maps/Minimal_Default.Minimal_Default:PersistentLevel' has LevelScriptBlueprint '/Game/StarterContent/Maps/Minimal_Default.Minimal_Default:PersistentLevel.Minimal_Default' with GeneratedClass '/Game/StarterContent/Maps/Minimal_Default.Minimal_Default_C' with ClassGeneratedBy '/Game/StarterContent/Maps/Minimal_Default.Minimal_Default:PersistentLevel.Minimal_Default'
[2020.04.13-18.27.47:729][815]LogPlayLevel: PlayLevel: No blueprints needed recompiling
[2020.04.13-18.27.47:742][815]PIE: New page: PIE session: Minimal_Default (Apr 13, 2020, 10:27:47 AM)
[2020.04.13-18.27.47:743][815]LogPlayLevel: Creating play world package: /Game/StarterContent/Maps/UEDPIE_0_Minimal_Default
[2020.04.13-18.27.47:747][815]LogPlayLevel: PIE: StaticDuplicateObject took: (0.003799s)
[2020.04.13-18.27.47:747][815]LogAIModule: Creating AISystem for world Minimal_Default
[2020.04.13-18.27.47:748][815]LogPlayLevel: PIE: World Init took: (0.000744s)
[2020.04.13-18.27.47:748][815]LogPlayLevel: PIE: Created PIE world by copying editor world from /Game/StarterContent/Maps/Minimal_Default.Minimal_Default to /Game/StarterContent/Maps/UEDPIE_0_Minimal_Default.Minimal_Default (0.004756s)
[2020.04.13-18.27.47:851][815]LogInit: XAudio2 using 'HeadPhone/Digital Output (Realtek High Definition Audio)' : 6 channels at 48 kHz using 32 bits per sample (channel mask 0x3f)
[2020.04.13-18.27.48:178][815]LogInit: FAudioDevice initialized.
[2020.04.13-18.27.48:234][815]LogSlate: Updating window title bar state: overlay mode, drag disabled, window buttons hidden, title bar hidden
[2020.04.13-18.27.48:334][815]LogLoad: Game class is 'Shoot-em-UpMode_C'
[2020.04.13-18.27.48:336][815]LogWorld: Bringing World /Game/StarterContent/Maps/UEDPIE_0_Minimal_Default.Minimal_Default up for play (max tick rate 60) at 2020.04.13-14.27.48
[2020.04.13-18.27.48:337][815]LogWorld: Bringing up level for play took: 0.000797
[2020.04.13-18.27.48:348][815]LogGameMode: FindPlayerStart: PATHS NOT DEFINED or NO PLAYERSTART with positive rating
[2020.04.13-18.27.48:355][815]LogContentBrowser: Native class hierarchy updated for 'MovieSceneCapture' in 0.0003 seconds. Added 10 classes and 0 folders.
[2020.04.13-18.27.48:355][815]LogGameMode: Display: Match State Changed from EnteringMap to WaitingToStart
[2020.04.13-18.27.48:355][815]LogGameState: Match State Changed from EnteringMap to WaitingToStart
[2020.04.13-18.27.48:355][815]LogGameMode: Display: Match State Changed from WaitingToStart to InProgress
[2020.04.13-18.27.48:383][815]LogGameState: Match State Changed from WaitingToStart to InProgress
[2020.04.13-18.27.48:385][815]PIE: Play in editor start time for /Game/StarterContent/Maps/UEDPIE_0_Minimal_Default 1.33
[2020.04.13-18.27.48:386][815]LogBlueprintUserMessages: Late PlayInEditor Detection: Level '/Game/StarterContent/Maps/Minimal_Default.Minimal_Default:PersistentLevel' has LevelScriptBlueprint '/Game/StarterContent/Maps/Minimal_Default.Minimal_Default:PersistentLevel.Minimal_Default' with GeneratedClass '/Game/StarterContent/Maps/Minimal_Default.Minimal_Default_C' with ClassGeneratedBy '/Game/StarterContent/Maps/Minimal_Default.Minimal_Default:PersistentLevel.Minimal_Default'
[2020.04.13-18.27.48:418][815]LogRenderer: Reallocating scene render targets to support 1024x576 Format 10 NumSamples 1 (Frame:1).
[2020.04.13-18.27.50:116][867]LogBlueprintUserMessages: Early EndPlayMap Detection: Level '/Game/StarterContent/Maps/Minimal_Default.Minimal_Default:PersistentLevel' has LevelScriptBlueprint '/Game/StarterContent/Maps/Minimal_Default.Minimal_Default:PersistentLevel.Minimal_Default' with GeneratedClass '/Game/StarterContent/Maps/Minimal_Default.Minimal_Default_C' with ClassGeneratedBy '/Game/StarterContent/Maps/Minimal_Default.Minimal_Default:PersistentLevel.Minimal_Default'
[2020.04.13-18.27.50:118][867]LogSlate: Updating window title bar state: overlay mode, drag disabled, window buttons hidden, title bar hidden
[2020.04.13-18.27.50:191][867]LogSlate: Window 'PortInvadeProject Game Preview Standalone (64-bit/PCD3D_SM5)' being destroyed
[2020.04.13-18.27.50:245][867]LogPlayLevel: Display: Shutting down PIE online subsystems
[2020.04.13-18.27.50:246][867]LogBlueprintUserMessages: Late EndPlayMap Detection: Level '/Game/StarterContent/Maps/Minimal_Default.Minimal_Default:PersistentLevel' has LevelScriptBlueprint '/Game/StarterContent/Maps/Minimal_Default.Minimal_Default:PersistentLevel.Minimal_Default' with GeneratedClass '/Game/StarterContent/Maps/Minimal_Default.Minimal_Default_C' with ClassGeneratedBy '/Game/StarterContent/Maps/Minimal_Default.Minimal_Default:PersistentLevel.Minimal_Default'
[2020.04.13-18.27.50:334][868]LogPlayLevel: Display: Destroying online subsystem :Context_6
[2020.04.13-18.27.51:302][901]LogSavePackage: Moving '../../../../../../../Side Projects/Unreal Portfolio Invaders/PortfolioInvaders/PortInvadeProject/Saved/EnemyPrefabECE4E0D44D0FC26BFF0F4BA42114D13C.tmp' to '../../../../../../../Side Projects/Unreal Portfolio Invaders/PortfolioInvaders/PortInvadeProject/Content/Blueprints/EnemyFiles/EnemyPrefab.uasset'
