Log file open, 04/13/20 11:56:19
LogWindows: Failed to load 'aqProf.dll' (GetLastError=126)
LogWindows: File 'aqProf.dll' does not exist
LogWindows: Failed to load 'VSPerf140.dll' (GetLastError=126)
LogWindows: File 'VSPerf140.dll' does not exist
LogWindows: Failed to load 'VtuneApi.dll' (GetLastError=126)
LogWindows: File 'VtuneApi.dll' does not exist
LogWindows: Failed to load 'VtuneApi32e.dll' (GetLastError=126)
LogWindows: File 'VtuneApi32e.dll' does not exist
LogInit: Display: Running engine for game: PortInvadeProject
LogPlatformFile: Not using cached read wrapper
LogTaskGraph: Started task graph with 5 named threads and 23 total threads with 3 sets of task threads.
LogStats: Stats thread started at 0.288411
LogD3D11RHI: Loaded GFSDK_Aftermath_Lib.x64.dll
LogICUInternationalization: Display: ICU TimeZone Detection - Raw Offset: -5:00, Platform Override: ''
LogPluginManager: Mounting plugin Paper2D
LogPluginManager: Mounting plugin AISupport
LogPluginManager: Mounting plugin LightPropagationVolume
LogPluginManager: Mounting plugin CLionSourceCodeAccess
LogPluginManager: Mounting plugin CodeLiteSourceCodeAccess
LogPluginManager: Mounting plugin GitSourceControl
LogPluginManager: Mounting plugin KDevelopSourceCodeAccess
LogPluginManager: Mounting plugin NullSourceCodeAccess
LogPluginManager: Mounting plugin PerforceSourceControl
LogPluginManager: Mounting plugin SubversionSourceControl
LogPluginManager: Mounting plugin UObjectPlugin
LogPluginManager: Mounting plugin VisualStudioCodeSourceCodeAccess
LogPluginManager: Mounting plugin VisualStudioSourceCodeAccess
LogPluginManager: Mounting plugin XCodeSourceCodeAccess
LogPluginManager: Mounting plugin AssetManagerEditor
LogPluginManager: Mounting plugin CryptoKeys
LogPluginManager: Mounting plugin DataValidation
LogPluginManager: Mounting plugin FacialAnimation
LogPluginManager: Mounting plugin GameplayTagsEditor
LogPluginManager: Mounting plugin MacGraphicsSwitching
LogPluginManager: Mounting plugin MeshEditor
LogPluginManager: Mounting plugin MobileLauncherProfileWizard
LogPluginManager: Mounting plugin PluginBrowser
LogPluginManager: Mounting plugin SpeedTreeImporter
LogPluginManager: Mounting plugin DatasmithContent
LogPluginManager: Mounting plugin AlembicImporter
LogPluginManager: Mounting plugin AppleImageUtils
LogPluginManager: Mounting plugin AppleVision
LogPluginManager: Mounting plugin BackChannel
LogPluginManager: Mounting plugin CharacterAI
LogPluginManager: Mounting plugin GeometryCache
LogPluginManager: Mounting plugin HTML5Networking
LogPluginManager: Mounting plugin ProxyLODPlugin
LogPluginManager: Mounting plugin MagicLeap
LogPluginManager: Mounting plugin MagicLeapEmulator
LogPluginManager: Mounting plugin MagicLeapMedia
LogPluginManager: Mounting plugin AndroidMedia
LogPluginManager: Mounting plugin AvfMedia
LogPluginManager: Mounting plugin ImgMedia
LogPluginManager: Mounting plugin LinearTimecode
LogPluginManager: Mounting plugin MediaCompositing
LogPluginManager: Mounting plugin MediaPlayerEditor
LogPluginManager: Mounting plugin WmfMedia
LogPluginManager: Mounting plugin TcpMessaging
LogPluginManager: Mounting plugin UdpMessaging
LogPluginManager: Mounting plugin ActorSequence
LogPluginManager: Mounting plugin LevelSequenceEditor
LogPluginManager: Mounting plugin MatineeToLevelSequence
LogPluginManager: Mounting plugin NetcodeUnitTest
LogPluginManager: Mounting plugin NUTUnrealEngine4
LogPluginManager: Mounting plugin OnlineSubsystemGooglePlay
LogPluginManager: Mounting plugin OnlineSubsystemIOS
LogPluginManager: Mounting plugin OnlineSubsystem
LogPluginManager: Mounting plugin OnlineSubsystemNull
LogPluginManager: Mounting plugin OnlineSubsystemUtils
LogPluginManager: Mounting plugin LauncherChunkInstaller
LogPluginManager: Mounting plugin AndroidDeviceProfileSelector
LogPluginManager: Mounting plugin AndroidMoviePlayer
LogPluginManager: Mounting plugin AndroidPermission
LogPluginManager: Mounting plugin AppleMoviePlayer
LogPluginManager: Mounting plugin ArchVisCharacter
LogPluginManager: Mounting plugin AudioCapture
LogPluginManager: Mounting plugin CableComponent
LogPluginManager: Mounting plugin CustomMeshComponent
LogPluginManager: Mounting plugin EditableMesh
LogPluginManager: Mounting plugin ExampleDeviceProfileSelector
LogPluginManager: Mounting plugin GoogleCloudMessaging
LogPluginManager: Mounting plugin ImmediatePhysics
LogPluginManager: Mounting plugin IOSDeviceProfileSelector
LogPluginManager: Mounting plugin LinuxDeviceProfileSelector
LogPluginManager: Mounting plugin LocationServicesBPLibrary
LogPluginManager: Mounting plugin MobilePatchingUtils
LogPluginManager: Mounting plugin OculusVR
LogPluginManager: Plugin shader directory ../../../Engine/Plugins/Runtime/Oculus/OculusVR/Shaders found
LogPluginManager: Mapping shader source directory ../../../Engine/Plugins/Runtime/Oculus/OculusVR/Shaders to virtual directory /Plugin/OculusVR
LogPluginManager: Mounting plugin PhysXVehicles
LogPluginManager: Mounting plugin ProceduralMeshComponent
LogPluginManager: Mounting plugin RuntimePhysXCooking
LogPluginManager: Mounting plugin SteamVR
LogPluginManager: Mounting plugin WindowsMoviePlayer
LogStreaming: Display: Took  0.094s to configure plugins.
LogInit: Using libcurl 7.55.1-DEV
LogInit:  - built for x86_64-pc-win32
LogInit:  - supports SSL with OpenSSL/1.0.2h
LogInit:  - supports HTTP deflate (compression) using libz 1.2.8
LogInit:  - other features:
LogInit:      CURL_VERSION_SSL
LogInit:      CURL_VERSION_LIBZ
LogInit:      CURL_VERSION_IPV6
LogInit:      CURL_VERSION_ASYNCHDNS
LogInit:      CURL_VERSION_LARGEFILE
LogInit:      CURL_VERSION_IDN
LogInit:  CurlRequestOptions (configurable via config and command line):
LogInit:  - bVerifyPeer = false  - Libcurl will NOT verify peer certificate
LogInit:  - bUseHttpProxy = false  - Libcurl will NOT use HTTP proxy
LogInit:  - bDontReuseConnections = false  - Libcurl will reuse connections
LogInit:  - CertBundlePath = nullptr  - Libcurl will use whatever was configured at build time.
LogInit:  - MaxHostConnections = 16  - Libcurl will limit the number of connections to a host
LogInit:  - LocalHostAddr = Default
LogInit:  - BufferSize = 65536
LogInit: WinSock: version 1.1 (2.2), MaxSocks=32767, MaxUdp=65467
LogInit: Build: ++UE4+Release-4.20-CL-4369336
LogInit: Engine Version: 4.20.3-4369336+++UE4+Release-4.20
LogInit: Compatible Engine Version: 4.20.0-4212847+++UE4+Release-4.20
LogInit: Net CL: 4212847
LogInit: OS: Windows 10 (), CPU: Intel(R) Core(TM) i7-7700HQ CPU @ 2.80GHz, GPU: Intel(R) HD Graphics 630
LogInit: Compiled (64-bit): Sep 17 2018 12:26:19
LogInit: Compiled with Visual C++: 19.13.26129.00
LogInit: Build Configuration: Development
LogInit: Branch Name: ++UE4+Release-4.20
LogInit: Command Line: 
LogInit: Base Directory: D:/Program Files/Unreal/Engine/UE_4.20/Engine/Binaries/Win64/
LogInit: Installed Engine Build: 1
LogDevObjectVersion: Number of dev versions registered: 20
LogDevObjectVersion:   Dev-Blueprints (B0D832E4-1F89-4F0D-ACCF-7EB736FD4AA2): 10
LogDevObjectVersion:   Dev-Build (E1C64328-A22C-4D53-A36C-8E866417BD8C): 0
LogDevObjectVersion:   Dev-Core (375EC13C-06E4-48FB-B500-84F0262A717E): 2
LogDevObjectVersion:   Dev-Editor (E4B068ED-F494-42E9-A231-DA0B2E46BB41): 24
LogDevObjectVersion:   Dev-Framework (CFFC743F-43B0-4480-9391-14DF171D2073): 34
LogDevObjectVersion:   Dev-Mobile (B02B49B5-BB20-44E9-A304-32B752E40360): 2
LogDevObjectVersion:   Dev-Networking (A4E4105C-59A1-49B5-A7C5-40C4547EDFEE): 0
LogDevObjectVersion:   Dev-Online (39C831C9-5AE6-47DC-9A44-9C173E1C8E7C): 0
LogDevObjectVersion:   Dev-Physics (78F01B33-EBEA-4F98-B9B4-84EACCB95AA2): 0
LogDevObjectVersion:   Dev-Platform (6631380F-2D4D-43E0-8009-CF276956A95A): 0
LogDevObjectVersion:   Dev-Rendering (12F88B9F-8875-4AFC-A67C-D90C383ABD29): 26
LogDevObjectVersion:   Dev-Sequencer (7B5AE74C-D270-4C10-A958-57980B212A5A): 9
LogDevObjectVersion:   Dev-VR (D7296918-1DD6-4BDD-9DE2-64A83CC13884): 2
LogDevObjectVersion:   Dev-LoadTimes (C2A15278-BFE7-4AFE-6C17-90FF531DF755): 1
LogDevObjectVersion:   Private-Geometry (6EACA3D4-40EC-4CC1-B786-8BED09428FC5): 3
LogDevObjectVersion:   Dev-AnimPhys (29E575DD-E0A3-4627-9D10-D276232CDCEA): 17
LogDevObjectVersion:   Dev-ReflectionCapture (6B266CEC-1EC7-4B8F-A30B-E4D90942FC07): 1
LogDevObjectVersion:   Dev-Automation (0DF73D61-A23F-47EA-B727-89E90C41499A): 1
LogDevObjectVersion:   FortniteMain (601D1886-AC64-4F84-AA16-D3DE0DEAC7D6): 12
LogDevObjectVersion:   Dev-Enterprise (9DFFBCD6-494F-0158-E221-12823C92A888): 1
LogStreaming: Display: Took  0.001s to delete old logs.
LogInit: Presizing for max 8388607 objects, including 0 objects not considered by GC, pre-allocating 0 bytes for permanent pool.
LogInit: Object subsystem initialized
[2020.04.13-15.56.19:414][  0]LogInit: Selected Device Profile: [Windows]
[2020.04.13-15.56.19:414][  0]LogInit: Applying CVar settings loaded from the selected device profile: [Windows]
[2020.04.13-15.56.19:424][  0]LogHAL: Display: Platform has ~ 16 GB [17061810176 / 17179869184 / 16], which maps to Larger [LargestMinGB=32, LargerMinGB=12, DefaultMinGB=8, SmallerMinGB=6, SmallestMinGB=0)
[2020.04.13-15.56.19:424][  0]LogInit: Setting Device Profile CVar: [[r.Vulkan.UseRealUBs:1]]
[2020.04.13-15.56.19:424][  0]LogInit: Going up to parent DeviceProfile []
[2020.04.13-15.56.19:424][  0]LogInit: Computer: MSI
[2020.04.13-15.56.19:425][  0]LogInit: User: DaultonNelson
[2020.04.13-15.56.19:425][  0]LogInit: CPU Page size=4096, Cores=4
[2020.04.13-15.56.19:425][  0]LogInit: High frequency timer resolution =10.000000 MHz
[2020.04.13-15.56.19:425][  0]LogMemory: Memory total: Physical=15.9GB (16GB approx)
[2020.04.13-15.56.19:425][  0]LogMemory: Platform Memory Stats for Windows
[2020.04.13-15.56.19:425][  0]LogMemory: Process Physical Memory: 102.68 MB used, 102.68 MB peak
[2020.04.13-15.56.19:425][  0]LogMemory: Process Virtual Memory: 93.21 MB used, 93.21 MB peak
[2020.04.13-15.56.19:425][  0]LogMemory: Physical Memory: 8926.79 MB used,  7344.62 MB free, 16271.41 MB total
[2020.04.13-15.56.19:425][  0]LogMemory: Virtual Memory: 4616.21 MB used,  7344.62 MB free, 134217728.00 MB total
[2020.04.13-15.56.20:250][  0]LogInit: Using OS detected language (en-US).
[2020.04.13-15.56.20:250][  0]LogInit: Using OS detected locale (en-US).
[2020.04.13-15.56.20:251][  0]LogTextLocalizationManager: No specific localization for 'en-US' exists, so the 'en' localization will be used.
[2020.04.13-15.56.20:624][  0]LogStreaming: Display: Took  0.374s to InitEngineTextLocalization.
[2020.04.13-15.56.20:624][  0]LogInit: Setting process to per monitor DPI aware
[2020.04.13-15.56.20:683][  0]LogSlate: New Slate User Created.  User Index 0, Is Virtual User: 0
[2020.04.13-15.56.20:683][  0]LogSlate: Slate User Registered.  User Index 0, Is Virtual User: 0
[2020.04.13-15.56.20:953][  0]LogHMD: Failed to initialize OpenVR with code 110
[2020.04.13-15.56.20:953][  0]LogD3D11RHI: D3D11 adapters:
[2020.04.13-15.56.21:031][  0]LogD3D11RHI:    0. 'NVIDIA GeForce GTX 1060' (Feature Level 11_0)
[2020.04.13-15.56.21:031][  0]LogD3D11RHI:       6052/0/8135 MB DedicatedVideo/DedicatedSystem/SharedSystem, Outputs:1, VendorId:0x10de
[2020.04.13-15.56.21:048][  0]LogD3D11RHI:    1. 'Intel(R) HD Graphics 630' (Feature Level 11_0)
[2020.04.13-15.56.21:048][  0]LogD3D11RHI:       128/0/8135 MB DedicatedVideo/DedicatedSystem/SharedSystem, Outputs:0, VendorId:0x8086
[2020.04.13-15.56.21:051][  0]LogD3D11RHI:    2. 'Microsoft Basic Render Driver' (Feature Level 11_0)
[2020.04.13-15.56.21:051][  0]LogD3D11RHI:       0/0/8135 MB DedicatedVideo/DedicatedSystem/SharedSystem, Outputs:0, VendorId:0x1414
[2020.04.13-15.56.21:051][  0]LogD3D11RHI: Chosen D3D11 Adapter: 0
[2020.04.13-15.56.21:094][  0]LogD3D11RHI: Creating new Direct3DDevice
[2020.04.13-15.56.21:094][  0]LogD3D11RHI:     GPU DeviceId: 0x1c20 (for the marketing name, search the web for "GPU Device Id")
[2020.04.13-15.56.21:094][  0]LogWindows: EnumDisplayDevices:
[2020.04.13-15.56.21:094][  0]LogWindows:    0. 'Intel(R) HD Graphics 630' (P:1 D:1)
[2020.04.13-15.56.21:094][  0]LogWindows:    1. 'Intel(R) HD Graphics 630' (P:0 D:0)
[2020.04.13-15.56.21:095][  0]LogWindows:    2. 'Intel(R) HD Graphics 630' (P:0 D:0)
[2020.04.13-15.56.21:095][  0]LogWindows:    3. 'NVIDIA GeForce GTX 1060' (P:0 D:0)
[2020.04.13-15.56.21:096][  0]LogWindows:    4. 'NVIDIA GeForce GTX 1060' (P:0 D:0)
[2020.04.13-15.56.21:096][  0]LogWindows:    5. 'NVIDIA GeForce GTX 1060' (P:0 D:0)
[2020.04.13-15.56.21:096][  0]LogWindows:    6. 'NVIDIA GeForce GTX 1060' (P:0 D:0)
[2020.04.13-15.56.21:097][  0]LogWindows: DebugString: PrimaryIsNotTheChoosenAdapter PrimaryIsNotTheChoosenAdapter PrimaryIsNotTheChoosenAdapter FoundDriverCount:4 
[2020.04.13-15.56.21:097][  0]LogD3D11RHI:     Adapter Name: NVIDIA GeForce GTX 1060
[2020.04.13-15.56.21:097][  0]LogD3D11RHI:   Driver Version: 445.75 (internal:26.21.14.4575, unified:445.75)
[2020.04.13-15.56.21:097][  0]LogD3D11RHI:      Driver Date: 3-17-2020
[2020.04.13-15.56.21:097][  0]LogRHI: Texture pool is 4236 MB (70% of 6052 MB)
[2020.04.13-15.56.21:143][  0]LogD3D11RHI: Async texture creation enabled
[2020.04.13-15.56.21:155][  0]LogD3D11RHI: GPU Timing Frequency: 1000.000000 (Debug: 2 1)
[2020.04.13-15.56.21:158][  0]LogShaderCompilers: Guid format shader working directory is -42 characters bigger than the processId version (../../../../../../../Side Projects/Unreal Portfolio Invaders/PortfolioInvaders/PortInvadeProject/Intermediate/Shaders/WorkingDirectory/8888/).
[2020.04.13-15.56.21:158][  0]LogShaderCompilers: Cleaned the shader compiler working directory 'C:/Users/DaultonNelson/AppData/Local/Temp/UnrealShaderWorkingDir/900A61A14A3BB2ECB4F6D6B2F6B720D3/'.
[2020.04.13-15.56.21:472][  0]LogTemp: Display: Loaded TP AllDesktopTargetPlatform
[2020.04.13-15.56.21:485][  0]LogTemp: Display: Loaded TP MacClientTargetPlatform
[2020.04.13-15.56.21:499][  0]LogTemp: Display: Loaded TP MacNoEditorTargetPlatform
[2020.04.13-15.56.21:512][  0]LogTemp: Display: Loaded TP MacServerTargetPlatform
[2020.04.13-15.56.21:526][  0]LogTemp: Display: Loaded TP MacTargetPlatform
[2020.04.13-15.56.21:539][  0]LogTemp: Display: Loaded TP WindowsClientTargetPlatform
[2020.04.13-15.56.21:552][  0]LogTemp: Display: Loaded TP WindowsNoEditorTargetPlatform
[2020.04.13-15.56.21:565][  0]LogTemp: Display: Loaded TP WindowsServerTargetPlatform
[2020.04.13-15.56.21:571][  0]LogTemp: Display: Loaded TP WindowsTargetPlatform
[2020.04.13-15.56.21:655][  0]LogTemp: Display: Loaded TP AndroidTargetPlatform
[2020.04.13-15.56.21:655][  0]LogTemp: Display: Loaded TP AndroidTargetPlatform
[2020.04.13-15.56.21:655][  0]LogTemp: Display: Loaded TP AndroidTargetPlatform
[2020.04.13-15.56.21:655][  0]LogTemp: Display: Loaded TP AndroidTargetPlatform
[2020.04.13-15.56.21:655][  0]LogTemp: Display: Loaded TP AndroidTargetPlatform
[2020.04.13-15.56.21:655][  0]LogTemp: Display: Loaded TP AndroidTargetPlatform
[2020.04.13-15.56.21:655][  0]LogTemp: Display: Loaded TP AndroidTargetPlatform
[2020.04.13-15.56.21:655][  0]LogTemp: Display: Loaded TP AndroidTargetPlatform
[2020.04.13-15.56.21:655][  0]LogTemp: Display: Loaded TP AndroidTargetPlatform
[2020.04.13-15.56.21:655][  0]LogTemp: Display: Loaded TP AndroidTargetPlatform
[2020.04.13-15.56.21:655][  0]LogTemp: Display: Loaded TP AndroidTargetPlatform
[2020.04.13-15.56.21:655][  0]LogTemp: Display: Loaded TP AndroidTargetPlatform
[2020.04.13-15.56.21:655][  0]LogTemp: Display: Loaded TP AndroidTargetPlatform
[2020.04.13-15.56.21:655][  0]LogTemp: Display: Loaded TP AndroidTargetPlatform
[2020.04.13-15.56.21:655][  0]LogTemp: Display: Loaded TP AndroidTargetPlatform
[2020.04.13-15.56.21:655][  0]LogTemp: Display: Loaded TP AndroidTargetPlatform
[2020.04.13-15.56.21:655][  0]LogTemp: Display: Loaded TP AndroidTargetPlatform
[2020.04.13-15.56.21:655][  0]LogTemp: Display: Loaded TP AndroidTargetPlatform
[2020.04.13-15.56.21:656][  0]LogTemp: Display: Loaded TP HTML5TargetPlatform
[2020.04.13-15.56.21:717][  0]LogTemp: Display: Loaded TP IOSTargetPlatform
[2020.04.13-15.56.21:717][  0]LogTemp: Display: Loaded TP IOSTargetPlatform
[2020.04.13-15.56.21:742][  0]LogTemp: Display: Loaded TP TVOSTargetPlatform
[2020.04.13-15.56.21:742][  0]LogTemp: Display: Loaded TP TVOSTargetPlatform
[2020.04.13-15.56.21:754][  0]LogTemp: Display: Loaded TP LinuxClientTargetPlatform
[2020.04.13-15.56.21:767][  0]LogTemp: Display: Loaded TP LinuxNoEditorTargetPlatform
[2020.04.13-15.56.21:780][  0]LogTemp: Display: Loaded TP LinuxServerTargetPlatform
[2020.04.13-15.56.21:793][  0]LogTemp: Display: Loaded TP LinuxTargetPlatform
[2020.04.13-15.56.21:802][  0]LogTemp: Display: Loaded TP LuminTargetPlatform
[2020.04.13-15.56.21:802][  0]LogTargetPlatformManager: Display: Building Assets For Windows
[2020.04.13-15.56.21:854][  0]LogXGEController: Cannot use XGE Controller as Incredibuild is not installed on this machine.
[2020.04.13-15.56.21:854][  0]LogShaderCompilers: Cannot use XGE Shader Compiler as Incredibuild is not installed on this machine.
[2020.04.13-15.56.21:854][  0]LogShaderCompilers: Display: Using Local Shader Compiler.
[2020.04.13-15.56.22:547][  0]LogDerivedDataCache: Display: Max Cache Size: 512 MB
[2020.04.13-15.56.22:594][  0]LogDerivedDataCache: Loaded boot cache 0.05s 71MB C:/Users/DaultonNelson/AppData/Local/UnrealEngine/4.20/DerivedDataCache/Boot.ddc.
[2020.04.13-15.56.22:595][  0]LogDerivedDataCache: Display: Loaded Boot cache: C:/Users/DaultonNelson/AppData/Local/UnrealEngine/4.20/DerivedDataCache/Boot.ddc
[2020.04.13-15.56.22:595][  0]LogDerivedDataCache: FDerivedDataBackendGraph:  Pak pak cache file ../../../../../../../Side Projects/Unreal Portfolio Invaders/PortfolioInvaders/PortInvadeProject/DerivedDataCache/DDC.ddp not found, will not use a pak cache.
[2020.04.13-15.56.22:595][  0]LogDerivedDataCache: Unable to find inner node Pak for hierarchical cache Hierarchy.
[2020.04.13-15.56.22:595][  0]LogDerivedDataCache: FDerivedDataBackendGraph:  CompressedPak pak cache file ../../../../../../../Side Projects/Unreal Portfolio Invaders/PortfolioInvaders/PortInvadeProject/DerivedDataCache/Compressed.ddp not found, will not use a pak cache.
[2020.04.13-15.56.22:595][  0]LogDerivedDataCache: Unable to find inner node CompressedPak for hierarchical cache Hierarchy.
[2020.04.13-15.56.22:609][  0]LogDerivedDataCache: Display: Pak cache opened for reading ../../../Engine/DerivedDataCache/Compressed.ddp.
[2020.04.13-15.56.22:622][  0]LogDerivedDataCache: Using Local data cache path C:/Users/DaultonNelson/AppData/Local/UnrealEngine/Common/DerivedDataCache: Writable
[2020.04.13-15.56.22:622][  0]LogDerivedDataCache: Shared data cache path not found in *engine.ini, will not use an Shared cache.
[2020.04.13-15.56.22:622][  0]LogDerivedDataCache: Unable to find inner node Shared for hierarchical cache Hierarchy.
[2020.04.13-15.56.22:640][  0]LogMaterial: Verifying Global Shaders for PCD3D_SM5
[2020.04.13-15.56.22:641][  0]LogSlate: Using FreeType 2.6.0
[2020.04.13-15.56.22:642][  0]LogSlate: SlateFontServices - WITH_FREETYPE: 1, WITH_HARFBUZZ: 1
[2020.04.13-15.56.22:720][  0]LogAssetRegistry: FAssetRegistry took 0.0265 seconds to start up
[2020.04.13-15.56.23:014][  0]LogInit: Selected Device Profile: [Windows]
[2020.04.13-15.56.23:141][  0]LogSimplygon: Simplygon DLL not present - disabling.
[2020.04.13-15.56.23:144][  0]LogMeshReduction: Using SimplygonSwarm for distributed automatic mesh merging
[2020.04.13-15.56.23:144][  0]LogMeshReduction: Using ProxyLODMeshReduction for automatic mesh merging
[2020.04.13-15.56.23:144][  0]LogMeshReduction: Using QuadricMeshReduction for automatic static mesh reduction
[2020.04.13-15.56.23:144][  0]LogMeshReduction: No automatic skeletal mesh reduction module available
[2020.04.13-15.56.23:159][  0]LogNetVersion: PortInvadeProject 1.0.0, NetCL: 4212847, EngineNetVer: 5, GameNetVer: 0 (Checksum: 2198381219)
[2020.04.13-15.56.23:637][  0]LogPackageLocalizationCache: Processed 11 localized package path(s) for 2 prioritized culture(s) in 0.078004 seconds
[2020.04.13-15.56.23:642][  0]LogUObjectArray: 38425 objects as part of root set at end of initial load.
[2020.04.13-15.56.23:642][  0]LogUObjectAllocator: 6690864 out of 0 bytes used by permanent object pool.
[2020.04.13-15.56.23:643][  0]LogUObjectArray: CloseDisregardForGC: 0/0 objects in disregard for GC pool
[2020.04.13-15.56.24:541][  0]LogTcpMessaging: Initializing TcpMessaging bridge
[2020.04.13-15.56.24:555][  0]LogUdpMessaging: Initializing bridge on interface 0.0.0.0:0 to multicast group 230.0.0.1:6666.
[2020.04.13-15.56.24:739][  0]SourceControl: Source control is disabled
[2020.04.13-15.56.24:739][  0]SourceControl: Source control is disabled
[2020.04.13-15.56.24:740][  0]SourceControl: Source control is disabled
[2020.04.13-15.56.24:741][  0]SourceControl: Source control is disabled
[2020.04.13-15.56.24:901][  0]LogAndroidPermission: UAndroidPermissionCallbackProxy::GetInstance
[2020.04.13-15.56.25:178][  0]LogOcInput: OculusInput pre-init called
[2020.04.13-15.56.25:261][  0]LogEngine: Initializing Engine...
[2020.04.13-15.56.25:262][  0]LogHMD: Failed to initialize OpenVR with code 110
[2020.04.13-15.56.25:264][  0]LogStats: UGameplayTagsManager::ConstructGameplayTagTree: ImportINI prefixes -  0.000 s
[2020.04.13-15.56.25:264][  0]LogStats: UGameplayTagsManager::ConstructGameplayTagTree: Construct from data asset -  0.000 s
[2020.04.13-15.56.25:264][  0]LogStats: UGameplayTagsManager::ConstructGameplayTagTree: ImportINI -  0.000 s
[2020.04.13-15.56.25:264][  0]LogStats: UGameplayTagsManager::ConstructGameplayTagTree: GameplayTagTreeChangedEvent.Broadcast -  0.000 s
[2020.04.13-15.56.25:474][  0]LogInit: Initializing FReadOnlyCVARCache
[2020.04.13-15.56.25:486][  0]LogAIModule: Creating AISystem for world Untitled
[2020.04.13-15.56.25:570][  0]LogInit: XAudio2 using 'HeadPhone/Digital Output (Realtek High Definition Audio)' : 6 channels at 48 kHz using 32 bits per sample (channel mask 0x3f)
[2020.04.13-15.56.25:771][  0]LogInit: FAudioDevice initialized.
[2020.04.13-15.56.25:771][  0]LogNetVersion: Set ProjectVersion to 1.0.0.0. Version Checksum will be recalculated on next use.
[2020.04.13-15.56.25:866][  0]LogDerivedDataCache: Saved boot cache 0.09s 71MB C:/Users/DaultonNelson/AppData/Local/UnrealEngine/4.20/DerivedDataCache/Boot.ddc.
[2020.04.13-15.56.25:872][  0]LogInit: Texture streaming: Enabled
[2020.04.13-15.56.25:890][  0]LogEngineSessionManager: EngineSessionManager initialized
[2020.04.13-15.56.25:902][  0]LogInit: Transaction tracking system initialized
[2020.04.13-15.56.25:921][  0]BlueprintLog: New page: Editor Load
[2020.04.13-15.56.25:988][  0]LocalizationService: Localization service is disabled
[2020.04.13-15.56.26:243][  0]LogCook: Display: Max memory allowance for cook 16384mb min free memory 0mb
[2020.04.13-15.56.26:243][  0]LogCook: Display: Mobile HDR setting 1
[2020.04.13-15.56.26:243][  0]LogGameplayTags: Display: UGameplayTagsManager::DoneAddingNativeTags. DelegateIsBound: 0
[2020.04.13-15.56.26:243][  0]LogStats: UGameplayTagsManager::ConstructGameplayTagTree: ImportINI prefixes -  0.000 s
[2020.04.13-15.56.26:243][  0]LogStats: UGameplayTagsManager::ConstructGameplayTagTree: Construct from data asset -  0.000 s
[2020.04.13-15.56.26:243][  0]LogStats: UGameplayTagsManager::ConstructGameplayTagTree: ImportINI -  0.000 s
[2020.04.13-15.56.26:243][  0]LogStats: UGameplayTagsManager::ConstructGameplayTagTree: GameplayTagTreeChangedEvent.Broadcast -  0.000 s
[2020.04.13-15.56.26:303][  0]LogFileCache: Scanning file cache for directory 'D:/Side Projects/Unreal Portfolio Invaders/PortfolioInvaders/PortInvadeProject/Content/' took 0.02s
[2020.04.13-15.56.26:360][  0]SourceControl: Source control is disabled
[2020.04.13-15.56.26:361][  0]LightingResults: New page: Lighting Build
[2020.04.13-15.56.26:364][  0]MapCheck: New page: Map Check
[2020.04.13-15.56.26:364][  0]LightingResults: New page: Lighting Build
[2020.04.13-15.56.26:869][  0]LogAIModule: Creating AISystem for world Minimal_Default
[2020.04.13-15.56.26:874][  0]LogEditorServer: Finished looking for orphan Actors (0.000 secs)
[2020.04.13-15.56.26:898][  0]Cmd: MAP CHECKDEP NOCLEARLOG
[2020.04.13-15.56.26:965][  0]MapCheck: Map check complete: 0 Error(s), 0 Warning(s), took 65.979ms to complete.
[2020.04.13-15.56.26:965][  0]LogFileHelpers: Loading map 'Minimal_Default' took 0.605
[2020.04.13-15.56.27:082][  0]LogSlate: Updating window title bar state: overlay mode, drag disabled, window buttons hidden, title bar hidden
[2020.04.13-15.56.27:090][  0]LogSlate: Updating window title bar state: overlay mode, drag disabled, window buttons hidden, title bar hidden
[2020.04.13-15.56.27:097][  0]LogSlate: Updating window title bar state: overlay mode, drag disabled, window buttons hidden, title bar hidden
[2020.04.13-15.56.27:105][  0]LogSlate: Updating window title bar state: overlay mode, drag disabled, window buttons hidden, title bar hidden
[2020.04.13-15.56.27:111][  0]LogCollectionManager: Loaded 0 collections in 0.001560 seconds
[2020.04.13-15.56.27:160][  0]LogFileCache: Scanning file cache for directory 'D:/Side Projects/Unreal Portfolio Invaders/PortfolioInvaders/PortInvadeProject/Saved/Collections/' took 0.01s
[2020.04.13-15.56.27:160][  0]LogFileCache: Scanning file cache for directory 'D:/Side Projects/Unreal Portfolio Invaders/PortfolioInvaders/PortInvadeProject/Content/Developers/DaultonNelson/Collections/' took 0.01s
[2020.04.13-15.56.27:160][  0]LogFileCache: Scanning file cache for directory 'D:/Side Projects/Unreal Portfolio Invaders/PortfolioInvaders/PortInvadeProject/Content/Collections/' took 0.01s
[2020.04.13-15.56.27:160][  0]LogCollectionManager: Rebuilt the GUID cache for 0 collections in 0.000001 seconds
[2020.04.13-15.56.27:177][  0]LogContentBrowser: Native class hierarchy populated in 0.0166 seconds. Added 2572 classes and 603 folders.
[2020.04.13-15.56.27:184][  0]LogContentBrowser: Native class hierarchy updated for 'WidgetCarousel' in 0.0002 seconds. Added 0 classes and 0 folders.
[2020.04.13-15.56.27:240][  0]LogContentBrowser: Native class hierarchy updated for 'AddContentDialog' in 0.0002 seconds. Added 0 classes and 0 folders.
[2020.04.13-15.56.27:244][  0]LogContentBrowser: Native class hierarchy updated for 'SceneOutliner' in 0.0003 seconds. Added 1 classes and 2 folders.
[2020.04.13-15.56.28:295][  0]LogSlate: Only BGRA pngs, bmps or icos are supported in by External Image Picker
[2020.04.13-15.56.28:381][  0]LogSlate: Took 0.000262 seconds to synchronously load lazily loaded font '../../../Engine/Content/Slate/Fonts/Roboto-Regular.ttf' (155K)
[2020.04.13-15.56.28:385][  0]LogSlate: Took 0.000298 seconds to synchronously load lazily loaded font '../../../Engine/Content/Slate/Fonts/Roboto-Bold.ttf' (160K)
[2020.04.13-15.56.28:393][  0]LogSlate: Took 0.000257 seconds to synchronously load lazily loaded font '../../../Engine/Content/Editor/Slate/Fonts/FontAwesome.ttf' (139K)
[2020.04.13-15.56.28:478][  0]LogRenderer: Reallocating scene render targets to support 860x436 Format 10 NumSamples 1 (Frame:1).
[2020.04.13-15.56.28:602][  0]LogTemp: Executing iPhonePackager certificates Engine -bundlename com.YourCompany.PortInvadeProject
[2020.04.13-15.56.28:602][  0]LogTemp: CWD: D:\Program Files\Unreal\Engine\UE_4.20\Engine\Binaries\DotNET\IOS
[2020.04.13-15.56.28:602][  0]LogTemp: Initial Dir: D:\Program Files\Unreal\Engine\UE_4.20
[2020.04.13-15.56.28:602][  0]LogTemp: Env CWD: D:\Program Files\Unreal\Engine\UE_4.20\Engine\Binaries\DotNET\IOS
[2020.04.13-15.56.28:602][  0]LogTemp: BranchPath = MSI/D/Program Files/Unreal/Engine/UE_4.20/Engine/Binaries --- GameBranchPath = MSI/D/Program Files/Unreal/Engine/UE_4.20/Engine/Binaries
[2020.04.13-15.56.28:602][  0]LogTemp: IPP ERROR: Could not find provision directory 'C:\Users\DaultonNelson\AppData\Local/Apple Computer/MobileDevice/Provisioning Profiles/'.
[2020.04.13-15.56.28:618][  0]LogContentBrowser: Native class hierarchy updated for 'HierarchicalLODOutliner' in 0.0002 seconds. Added 0 classes and 0 folders.
[2020.04.13-15.56.28:618][  0]LogLoad: (Engine Initialization) Total time: 11.13 seconds
[2020.04.13-15.56.28:618][  0]LogLoad: (Engine Initialization) Total Blueprint compile time: 0.00 seconds
[2020.04.13-15.56.28:656][  0]LogContentStreaming: Texture pool size now 1000 MB
[2020.04.13-15.56.28:692][  0]LogSlate: Took 0.000262 seconds to synchronously load lazily loaded font '../../../Engine/Content/Slate/Fonts/Roboto-Light.ttf' (167K)
[2020.04.13-15.56.28:759][  1]LogAssetRegistry: Asset discovery search completed in 6.0619 seconds
[2020.04.13-15.56.28:761][  1]LogCollectionManager: Rebuilt the object cache for 0 collections in 0.000000 seconds (found 0 objects)
[2020.04.13-15.56.28:761][  1]LogCollectionManager: Fixed up redirectors for 0 collections in 0.000069 seconds (updated 0 objects)
[2020.04.13-15.56.29:650][ 89]LogSlate: Took 0.000249 seconds to synchronously load lazily loaded font '../../../Engine/Content/Slate/Fonts/Roboto-Light.ttf' (167K)
[2020.04.13-15.56.31:864][339]LogSlate: FSceneViewport::OnFocusLost() reason 0
[2020.04.13-15.56.34:409][640]LogSlate: FSceneViewport::OnFocusLost() reason 0
[2020.04.13-15.56.38:916][142]LogContentBrowser: Verbose: The majority of assets in the view are of type: Skeleton
[2020.04.13-15.56.46:713][142]LogSlate: Window 'Create Animation Blueprint' being destroyed
[2020.04.13-15.56.54:577][ 25]LogSavePackage: Moving '../../../../../../../Side Projects/Unreal Portfolio Invaders/PortfolioInvaders/PortInvadeProject/Saved/ABP_Bug1F6F17E4447246F1487BBF9EDF317192.tmp' to '../../../../../../../Side Projects/Unreal Portfolio Invaders/PortfolioInvaders/PortInvadeProject/Content/3DAssets/InvaderBug/ABP_Bug.uasset'
[2020.04.13-15.56.55:470][129]LogAssetEditorManager: Opening Asset editor for AnimBlueprint /Game/3DAssets/InvaderBug/ABP_Bug.ABP_Bug
[2020.04.13-15.56.55:624][129]LogContentBrowser: Native class hierarchy updated for 'SkeletonEditor' in 0.0003 seconds. Added 1 classes and 2 folders.
[2020.04.13-15.56.55:813][129]LogActorComponent: RegisterComponentWithWorld: (/Engine/Transient.World_5:PersistentLevel.AnimationEditorPreviewActor_0.DebugSkelMeshComponent_0) Already registered. Aborting.
[2020.04.13-15.56.55:816][129]LogContentBrowser: Native class hierarchy updated for 'PinnedCommandList' in 0.0003 seconds. Added 1 classes and 0 folders.
[2020.04.13-15.56.56:271][129]LogContentBrowser: Native class hierarchy updated for 'BlueprintGraph' in 0.0006 seconds. Added 116 classes and 0 folders.
[2020.04.13-15.56.56:934][129]LogSkeletalMesh: USkeletalMeshComponent::InitArticulated : Bodies already created (/Engine/Transient.World_5:PersistentLevel.AnimationEditorPreviewActor_0.DebugSkelMeshComponent_0) - call TermArticulated first.
[2020.04.13-15.56.57:196][129]LogSlate: Took 0.000360 seconds to synchronously load lazily loaded font '../../../Engine/Content/Slate/Fonts/Roboto-BoldCondensed.ttf' (158K)
[2020.04.13-15.56.57:277][129]LogContentBrowser: Native class hierarchy updated for 'ClothingSystemEditorInterface' in 0.0008 seconds. Added 1 classes and 0 folders.
[2020.04.13-15.57.22:532][760]LogSavePackage: Moving '../../../../../../../Side Projects/Unreal Portfolio Invaders/PortfolioInvaders/PortInvadeProject/Saved/ABP_Bug784A567E41DE22451F6CF2A64BED4568.tmp' to '../../../../../../../Side Projects/Unreal Portfolio Invaders/PortfolioInvaders/PortInvadeProject/Content/3DAssets/InvaderBug/ABP_Bug.uasset'
[2020.04.13-15.57.36:306][174]LogSlate: Window 'ABP_Bug' being destroyed
[2020.04.13-15.58.14:750][760]LogSlate: FSceneViewport::OnFocusLost() reason 2
[2020.04.13-15.58.22:110][590]BlueprintLog: New page: Compile ABP_Bug
[2020.04.13-15.58.29:145][400]LogTemp: Repeating last play command: New Editor Window (PIE)
[2020.04.13-15.58.29:161][400]LogBlueprintUserMessages: Early PlayInEditor Detection: Level '/Game/StarterContent/Maps/Minimal_Default.Minimal_Default:PersistentLevel' has LevelScriptBlueprint '/Game/StarterContent/Maps/Minimal_Default.Minimal_Default:PersistentLevel.Minimal_Default' with GeneratedClass '/Game/StarterContent/Maps/Minimal_Default.Minimal_Default_C' with ClassGeneratedBy '/Game/StarterContent/Maps/Minimal_Default.Minimal_Default:PersistentLevel.Minimal_Default'
[2020.04.13-15.58.29:161][400]BlueprintLog: New page: Pre-Play auto-recompile
[2020.04.13-15.58.29:162][400]LogPlayLevel: [PlayLevel] Compiling ABP_Bug before play...
[2020.04.13-15.58.29:277][400]LogPlayLevel: PlayLevel: Blueprint regeneration took 115 ms (1 blueprints)
[2020.04.13-15.58.29:290][400]PIE: New page: PIE session: Minimal_Default (Apr 13, 2020, 7:58:29 AM)
[2020.04.13-15.58.29:291][400]LogPlayLevel: Creating play world package: /Game/StarterContent/Maps/UEDPIE_0_Minimal_Default
[2020.04.13-15.58.29:293][400]LogPlayLevel: PIE: StaticDuplicateObject took: (0.002493s)
[2020.04.13-15.58.29:294][400]LogAIModule: Creating AISystem for world Minimal_Default
[2020.04.13-15.58.29:294][400]LogPlayLevel: PIE: World Init took: (0.001104s)
[2020.04.13-15.58.29:294][400]LogPlayLevel: PIE: Created PIE world by copying editor world from /Game/StarterContent/Maps/Minimal_Default.Minimal_Default to /Game/StarterContent/Maps/UEDPIE_0_Minimal_Default.Minimal_Default (0.003839s)
[2020.04.13-15.58.29:375][400]LogInit: XAudio2 using 'HeadPhone/Digital Output (Realtek High Definition Audio)' : 6 channels at 48 kHz using 32 bits per sample (channel mask 0x3f)
[2020.04.13-15.58.29:466][400]LogInit: FAudioDevice initialized.
[2020.04.13-15.58.29:478][400]LogSlate: Updating window title bar state: overlay mode, drag disabled, window buttons hidden, title bar hidden
[2020.04.13-15.58.29:571][400]LogLoad: Game class is 'Shoot-em-UpMode_C'
[2020.04.13-15.58.29:573][400]LogWorld: Bringing World /Game/StarterContent/Maps/UEDPIE_0_Minimal_Default.Minimal_Default up for play (max tick rate 0) at 2020.04.13-11.58.29
[2020.04.13-15.58.29:573][400]LogWorld: Bringing up level for play took: 0.000726
[2020.04.13-15.58.29:584][400]LogGameMode: FindPlayerStart: PATHS NOT DEFINED or NO PLAYERSTART with positive rating
[2020.04.13-15.58.29:589][400]LogContentBrowser: Native class hierarchy updated for 'MovieSceneCapture' in 0.0003 seconds. Added 10 classes and 0 folders.
[2020.04.13-15.58.29:589][400]LogGameMode: Display: Match State Changed from EnteringMap to WaitingToStart
[2020.04.13-15.58.29:589][400]LogGameState: Match State Changed from EnteringMap to WaitingToStart
[2020.04.13-15.58.29:589][400]LogGameMode: Display: Match State Changed from WaitingToStart to InProgress
[2020.04.13-15.58.29:615][400]LogGameState: Match State Changed from WaitingToStart to InProgress
[2020.04.13-15.58.29:617][400]PIE: Play in editor start time for /Game/StarterContent/Maps/UEDPIE_0_Minimal_Default 0.561
[2020.04.13-15.58.29:617][400]LogBlueprintUserMessages: Late PlayInEditor Detection: Level '/Game/StarterContent/Maps/Minimal_Default.Minimal_Default:PersistentLevel' has LevelScriptBlueprint '/Game/StarterContent/Maps/Minimal_Default.Minimal_Default:PersistentLevel.Minimal_Default' with GeneratedClass '/Game/StarterContent/Maps/Minimal_Default.Minimal_Default_C' with ClassGeneratedBy '/Game/StarterContent/Maps/Minimal_Default.Minimal_Default:PersistentLevel.Minimal_Default'
[2020.04.13-15.58.29:664][400]LogRenderer: Reallocating scene render targets to support 1024x576 Format 10 NumSamples 1 (Frame:1).
[2020.04.13-15.58.34:625][918]LogSlate: Window 'PortInvadeProject Game Preview Standalone (64-bit/PCD3D_SM5)' being destroyed
[2020.04.13-15.58.34:631][918]LogBlueprintUserMessages: Early EndPlayMap Detection: Level '/Game/StarterContent/Maps/Minimal_Default.Minimal_Default:PersistentLevel' has LevelScriptBlueprint '/Game/StarterContent/Maps/Minimal_Default.Minimal_Default:PersistentLevel.Minimal_Default' with GeneratedClass '/Game/StarterContent/Maps/Minimal_Default.Minimal_Default_C' with ClassGeneratedBy '/Game/StarterContent/Maps/Minimal_Default.Minimal_Default:PersistentLevel.Minimal_Default'
[2020.04.13-15.58.34:667][918]LogPlayLevel: Display: Shutting down PIE online subsystems
[2020.04.13-15.58.34:668][918]LogBlueprintUserMessages: Late EndPlayMap Detection: Level '/Game/StarterContent/Maps/Minimal_Default.Minimal_Default:PersistentLevel' has LevelScriptBlueprint '/Game/StarterContent/Maps/Minimal_Default.Minimal_Default:PersistentLevel.Minimal_Default' with GeneratedClass '/Game/StarterContent/Maps/Minimal_Default.Minimal_Default_C' with ClassGeneratedBy '/Game/StarterContent/Maps/Minimal_Default.Minimal_Default:PersistentLevel.Minimal_Default'
[2020.04.13-15.58.34:720][920]LogPlayLevel: Display: Destroying online subsystem :Context_9
[2020.04.13-15.58.38:615][377]LogSavePackage: Moving '../../../../../../../Side Projects/Unreal Portfolio Invaders/PortfolioInvaders/PortInvadeProject/Saved/ABP_Bug975AB8874229ED2836B010882A7EC82B.tmp' to '../../../../../../../Side Projects/Unreal Portfolio Invaders/PortfolioInvaders/PortInvadeProject/Content/3DAssets/InvaderBug/ABP_Bug.uasset'
[2020.04.13-15.58.39:733][509]LogTemp: Repeating last play command: New Editor Window (PIE)
[2020.04.13-15.58.39:752][509]LogBlueprintUserMessages: Early PlayInEditor Detection: Level '/Game/StarterContent/Maps/Minimal_Default.Minimal_Default:PersistentLevel' has LevelScriptBlueprint '/Game/StarterContent/Maps/Minimal_Default.Minimal_Default:PersistentLevel.Minimal_Default' with GeneratedClass '/Game/StarterContent/Maps/Minimal_Default.Minimal_Default_C' with ClassGeneratedBy '/Game/StarterContent/Maps/Minimal_Default.Minimal_Default:PersistentLevel.Minimal_Default'
[2020.04.13-15.58.39:752][509]LogPlayLevel: PlayLevel: No blueprints needed recompiling
[2020.04.13-15.58.39:752][509]PIE: New page: PIE session: Minimal_Default (Apr 13, 2020, 7:58:39 AM)
[2020.04.13-15.58.39:752][509]LogPlayLevel: Creating play world package: /Game/StarterContent/Maps/UEDPIE_0_Minimal_Default
[2020.04.13-15.58.39:755][509]LogPlayLevel: PIE: StaticDuplicateObject took: (0.002731s)
[2020.04.13-15.58.39:756][509]LogAIModule: Creating AISystem for world Minimal_Default
[2020.04.13-15.58.39:756][509]LogPlayLevel: PIE: World Init took: (0.001179s)
[2020.04.13-15.58.39:756][509]LogPlayLevel: PIE: Created PIE world by copying editor world from /Game/StarterContent/Maps/Minimal_Default.Minimal_Default to /Game/StarterContent/Maps/UEDPIE_0_Minimal_Default.Minimal_Default (0.004127s)
[2020.04.13-15.58.39:837][509]LogInit: XAudio2 using 'HeadPhone/Digital Output (Realtek High Definition Audio)' : 6 channels at 48 kHz using 32 bits per sample (channel mask 0x3f)
[2020.04.13-15.58.39:927][509]LogInit: FAudioDevice initialized.
[2020.04.13-15.58.39:939][509]LogSlate: Updating window title bar state: overlay mode, drag disabled, window buttons hidden, title bar hidden
[2020.04.13-15.58.40:016][509]LogLoad: Game class is 'Shoot-em-UpMode_C'
[2020.04.13-15.58.40:018][509]LogWorld: Bringing World /Game/StarterContent/Maps/UEDPIE_0_Minimal_Default.Minimal_Default up for play (max tick rate 0) at 2020.04.13-11.58.40
[2020.04.13-15.58.40:018][509]LogWorld: Bringing up level for play took: 0.000614
[2020.04.13-15.58.40:030][509]LogGameMode: FindPlayerStart: PATHS NOT DEFINED or NO PLAYERSTART with positive rating
[2020.04.13-15.58.40:031][509]LogGameMode: Display: Match State Changed from EnteringMap to WaitingToStart
[2020.04.13-15.58.40:031][509]LogGameState: Match State Changed from EnteringMap to WaitingToStart
[2020.04.13-15.58.40:031][509]LogGameMode: Display: Match State Changed from WaitingToStart to InProgress
[2020.04.13-15.58.40:055][509]LogGameState: Match State Changed from WaitingToStart to InProgress
[2020.04.13-15.58.40:057][509]PIE: Play in editor start time for /Game/StarterContent/Maps/UEDPIE_0_Minimal_Default 1.001
[2020.04.13-15.58.40:057][509]LogBlueprintUserMessages: Late PlayInEditor Detection: Level '/Game/StarterContent/Maps/Minimal_Default.Minimal_Default:PersistentLevel' has LevelScriptBlueprint '/Game/StarterContent/Maps/Minimal_Default.Minimal_Default:PersistentLevel.Minimal_Default' with GeneratedClass '/Game/StarterContent/Maps/Minimal_Default.Minimal_Default_C' with ClassGeneratedBy '/Game/StarterContent/Maps/Minimal_Default.Minimal_Default:PersistentLevel.Minimal_Default'
[2020.04.13-15.58.44:187][920]LogSlate: Window 'PortInvadeProject Game Preview Standalone (64-bit/PCD3D_SM5)' being destroyed
[2020.04.13-15.58.44:192][920]LogBlueprintUserMessages: Early EndPlayMap Detection: Level '/Game/StarterContent/Maps/Minimal_Default.Minimal_Default:PersistentLevel' has LevelScriptBlueprint '/Game/StarterContent/Maps/Minimal_Default.Minimal_Default:PersistentLevel.Minimal_Default' with GeneratedClass '/Game/StarterContent/Maps/Minimal_Default.Minimal_Default_C' with ClassGeneratedBy '/Game/StarterContent/Maps/Minimal_Default.Minimal_Default:PersistentLevel.Minimal_Default'
[2020.04.13-15.58.44:230][920]LogPlayLevel: Display: Shutting down PIE online subsystems
[2020.04.13-15.58.44:230][920]LogBlueprintUserMessages: Late EndPlayMap Detection: Level '/Game/StarterContent/Maps/Minimal_Default.Minimal_Default:PersistentLevel' has LevelScriptBlueprint '/Game/StarterContent/Maps/Minimal_Default.Minimal_Default:PersistentLevel.Minimal_Default' with GeneratedClass '/Game/StarterContent/Maps/Minimal_Default.Minimal_Default_C' with ClassGeneratedBy '/Game/StarterContent/Maps/Minimal_Default.Minimal_Default:PersistentLevel.Minimal_Default'
[2020.04.13-15.58.44:272][921]LogPlayLevel: Display: Destroying online subsystem :Context_10
[2020.04.13-15.58.55:571][694]LogAssetEditorManager: Opening Asset editor for Skeleton /Game/3DAssets/InvaderBug/Invader_Bug_Skeleton.Invader_Bug_Skeleton
[2020.04.13-15.58.55:587][694]LogActorComponent: RegisterComponentWithWorld: (/Engine/Transient.World_8:PersistentLevel.AnimationEditorPreviewActor_0.DebugSkelMeshComponent_0) Already registered. Aborting.
[2020.04.13-15.58.55:611][694]LogSkeletalMesh: USkeletalMeshComponent::InitArticulated : Bodies already created (/Engine/Transient.World_8:PersistentLevel.AnimationEditorPreviewActor_0.DebugSkelMeshComponent_0) - call TermArticulated first.
[2020.04.13-15.58.55:897][695]LogRenderer: Reallocating scene render targets to support 1024x672 Format 10 NumSamples 1 (Frame:1).
[2020.04.13-15.58.57:661][799]LogAssetEditorManager: Opening Asset editor for AnimSequence /Game/3DAssets/InvaderBug/Invader_Bug_Anim_Invader_Bug_Mandable_L_Invader_Bug_Mandable_LAction.Invader_Bug_Anim_Invader_Bug_Mandable_L_Invader_Bug_Mandable_LAction
[2020.04.13-15.58.57:675][799]LogActorComponent: RegisterComponentWithWorld: (/Engine/Transient.World_9:PersistentLevel.AnimationEditorPreviewActor_0.DebugSkelMeshComponent_0) Already registered. Aborting.
[2020.04.13-15.58.57:699][799]LogSkeletalMesh: USkeletalMeshComponent::InitArticulated : Bodies already created (/Engine/Transient.World_9:PersistentLevel.AnimationEditorPreviewActor_0.DebugSkelMeshComponent_0) - call TermArticulated first.
[2020.04.13-15.58.58:052][799]LogContentBrowser: Verbose: The majority of assets in the view are of type: AnimSequence
[2020.04.13-15.59.04:231][149]LogSlate: FSceneViewport::OnFocusLost() reason 0
[2020.04.13-15.59.13:854][720]LogSlate: FSceneViewport::OnFocusLost() reason 2
[2020.04.13-15.59.27:965][565]LogSlate: FSceneViewport::OnFocusLost() reason 2
[2020.04.13-15.59.35:781][ 16]BlueprintLog: New page: Compile ABP_Bug
[2020.04.13-15.59.37:173][ 87]LogSavePackage: Moving '../../../../../../../Side Projects/Unreal Portfolio Invaders/PortfolioInvaders/PortInvadeProject/Saved/ABP_Bug05175DFC4CEF74BADC889CBA94565E62.tmp' to '../../../../../../../Side Projects/Unreal Portfolio Invaders/PortfolioInvaders/PortInvadeProject/Content/3DAssets/InvaderBug/ABP_Bug.uasset'
[2020.04.13-15.59.54:639][126]BlueprintLog: New page: Compile ABP_Bug
[2020.04.13-16.00.07:523][890]LogSlate: FSceneViewport::OnFocusLost() reason 0
[2020.04.13-16.00.07:605][895]LogTemp: Repeating last play command: New Editor Window (PIE)
[2020.04.13-16.00.07:623][895]LogBlueprintUserMessages: Early PlayInEditor Detection: Level '/Game/StarterContent/Maps/Minimal_Default.Minimal_Default:PersistentLevel' has LevelScriptBlueprint '/Game/StarterContent/Maps/Minimal_Default.Minimal_Default:PersistentLevel.Minimal_Default' with GeneratedClass '/Game/StarterContent/Maps/Minimal_Default.Minimal_Default_C' with ClassGeneratedBy '/Game/StarterContent/Maps/Minimal_Default.Minimal_Default:PersistentLevel.Minimal_Default'
[2020.04.13-16.00.07:623][895]LogPlayLevel: PlayLevel: No blueprints needed recompiling
[2020.04.13-16.00.07:623][895]PIE: New page: PIE session: Minimal_Default (Apr 13, 2020, 8:00:07 AM)
[2020.04.13-16.00.07:623][895]LogPlayLevel: Creating play world package: /Game/StarterContent/Maps/UEDPIE_0_Minimal_Default
[2020.04.13-16.00.07:626][895]LogPlayLevel: PIE: StaticDuplicateObject took: (0.002822s)
[2020.04.13-16.00.07:627][895]LogAIModule: Creating AISystem for world Minimal_Default
[2020.04.13-16.00.07:627][895]LogPlayLevel: PIE: World Init took: (0.001183s)
[2020.04.13-16.00.07:627][895]LogPlayLevel: PIE: Created PIE world by copying editor world from /Game/StarterContent/Maps/Minimal_Default.Minimal_Default to /Game/StarterContent/Maps/UEDPIE_0_Minimal_Default.Minimal_Default (0.004247s)
[2020.04.13-16.00.07:710][895]LogInit: XAudio2 using 'HeadPhone/Digital Output (Realtek High Definition Audio)' : 6 channels at 48 kHz using 32 bits per sample (channel mask 0x3f)
[2020.04.13-16.00.07:803][895]LogInit: FAudioDevice initialized.
[2020.04.13-16.00.07:816][895]LogSlate: Updating window title bar state: overlay mode, drag disabled, window buttons hidden, title bar hidden
[2020.04.13-16.00.07:920][895]LogLoad: Game class is 'Shoot-em-UpMode_C'
[2020.04.13-16.00.07:922][895]LogWorld: Bringing World /Game/StarterContent/Maps/UEDPIE_0_Minimal_Default.Minimal_Default up for play (max tick rate 60) at 2020.04.13-12.00.07
[2020.04.13-16.00.07:922][895]LogWorld: Bringing up level for play took: 0.000626
[2020.04.13-16.00.07:935][895]LogGameMode: FindPlayerStart: PATHS NOT DEFINED or NO PLAYERSTART with positive rating
[2020.04.13-16.00.07:935][895]LogGameMode: Display: Match State Changed from EnteringMap to WaitingToStart
[2020.04.13-16.00.07:935][895]LogGameState: Match State Changed from EnteringMap to WaitingToStart
[2020.04.13-16.00.07:935][895]LogGameMode: Display: Match State Changed from WaitingToStart to InProgress
[2020.04.13-16.00.07:961][895]LogGameState: Match State Changed from WaitingToStart to InProgress
[2020.04.13-16.00.07:962][895]PIE: Play in editor start time for /Game/StarterContent/Maps/UEDPIE_0_Minimal_Default 0.906
[2020.04.13-16.00.07:963][895]LogBlueprintUserMessages: Late PlayInEditor Detection: Level '/Game/StarterContent/Maps/Minimal_Default.Minimal_Default:PersistentLevel' has LevelScriptBlueprint '/Game/StarterContent/Maps/Minimal_Default.Minimal_Default:PersistentLevel.Minimal_Default' with GeneratedClass '/Game/StarterContent/Maps/Minimal_Default.Minimal_Default_C' with ClassGeneratedBy '/Game/StarterContent/Maps/Minimal_Default.Minimal_Default:PersistentLevel.Minimal_Default'
[2020.04.13-16.00.09:647][992]LogSlate: Window 'PortInvadeProject Game Preview Standalone (64-bit/PCD3D_SM5)' being destroyed
[2020.04.13-16.00.09:655][992]LogBlueprintUserMessages: Early EndPlayMap Detection: Level '/Game/StarterContent/Maps/Minimal_Default.Minimal_Default:PersistentLevel' has LevelScriptBlueprint '/Game/StarterContent/Maps/Minimal_Default.Minimal_Default:PersistentLevel.Minimal_Default' with GeneratedClass '/Game/StarterContent/Maps/Minimal_Default.Minimal_Default_C' with ClassGeneratedBy '/Game/StarterContent/Maps/Minimal_Default.Minimal_Default:PersistentLevel.Minimal_Default'
[2020.04.13-16.00.09:688][992]LogPlayLevel: Display: Shutting down PIE online subsystems
[2020.04.13-16.00.09:689][992]LogBlueprintUserMessages: Late EndPlayMap Detection: Level '/Game/StarterContent/Maps/Minimal_Default.Minimal_Default:PersistentLevel' has LevelScriptBlueprint '/Game/StarterContent/Maps/Minimal_Default.Minimal_Default:PersistentLevel.Minimal_Default' with GeneratedClass '/Game/StarterContent/Maps/Minimal_Default.Minimal_Default_C' with ClassGeneratedBy '/Game/StarterContent/Maps/Minimal_Default.Minimal_Default:PersistentLevel.Minimal_Default'
[2020.04.13-16.00.09:741][993]LogPlayLevel: Display: Destroying online subsystem :Context_16
[2020.04.13-16.06.41:088][718]LogFileHelpers: Editor autosave (incl. sublevels) for '/Game/StarterContent/Maps/Minimal_Default' took 0.036
[2020.04.13-16.06.41:090][718]OBJ SavePackage: Generating thumbnails for [1] asset(s) in package [/Game/3DAssets/InvaderBug/ABP_Bug] ([1] browsable assets)...
[2020.04.13-16.06.41:113][718]OBJ SavePackage:     Rendered thumbnail for [AnimBlueprint /Game/3DAssets/InvaderBug/ABP_Bug.ABP_Bug]
[2020.04.13-16.06.41:113][718]OBJ SavePackage: Finished generating thumbnails for package [/Game/3DAssets/InvaderBug/ABP_Bug]
[2020.04.13-16.06.41:139][718]LogSavePackage: Moving '../../../../../../../Side Projects/Unreal Portfolio Invaders/PortfolioInvaders/PortInvadeProject/Saved/ABP_Bug_Auto16451AC3849E0037B6D4365B32ED8ADBF.tmp' to '../../../../../../../Side Projects/Unreal Portfolio Invaders/PortfolioInvaders/PortInvadeProject/Saved/Autosaves/Game/3DAssets/InvaderBug/ABP_Bug_Auto1.uasset'
[2020.04.13-16.06.41:140][718]LogFileHelpers: Auto-saving content packages took 0.051
[2020.04.13-16.28.00:582][473]LogSlate: Took 0.000287 seconds to synchronously load lazily loaded font '../../../Engine/Content/Slate/Fonts/Roboto-Italic.ttf' (157K)
[2020.04.13-16.28.12:312][169]LogSavePackage: Moving '../../../../../../../Side Projects/Unreal Portfolio Invaders/PortfolioInvaders/PortInvadeProject/Saved/ABP_Bug025622E94D57EE2ED2480D88128EF8F2.tmp' to '../../../../../../../Side Projects/Unreal Portfolio Invaders/PortfolioInvaders/PortInvadeProject/Content/3DAssets/InvaderBug/ABP_Bug.uasset'
[2020.04.13-16.28.17:207][460]LogContentBrowser: Verbose: The majority of assets in the view are of type: AnimSequence
[2020.04.13-16.28.23:932][856]LogSavePackage: Moving '../../../../../../../Side Projects/Unreal Portfolio Invaders/PortfolioInvaders/PortInvadeProject/Saved/ABP_BugB14080DE4355A22BF9DCC18A44ED056A.tmp' to '../../../../../../../Side Projects/Unreal Portfolio Invaders/PortfolioInvaders/PortInvadeProject/Content/3DAssets/InvaderBug/ABP_Bug.uasset'
[2020.04.13-16.29.01:775][ 24]LogSavePackage: Moving '../../../../../../../Side Projects/Unreal Portfolio Invaders/PortfolioInvaders/PortInvadeProject/Saved/ABP_BugDA95C76D40398C975ED1AA866636FCD2.tmp' to '../../../../../../../Side Projects/Unreal Portfolio Invaders/PortfolioInvaders/PortInvadeProject/Content/3DAssets/InvaderBug/ABP_Bug.uasset'
[2020.04.13-16.29.22:951][285]LogSavePackage: Moving '../../../../../../../Side Projects/Unreal Portfolio Invaders/PortfolioInvaders/PortInvadeProject/Saved/ABP_Bug69BD981F47ABD8867C41EAB71A67B02E.tmp' to '../../../../../../../Side Projects/Unreal Portfolio Invaders/PortfolioInvaders/PortInvadeProject/Content/3DAssets/InvaderBug/ABP_Bug.uasset'
[2020.04.13-16.36.58:489][134]BlueprintLog: New page: Compile ABP_Bug
[2020.04.13-16.37.09:137][756]LogSlate: FSceneViewport::OnFocusLost() reason 0
[2020.04.13-16.37.14:736][ 92]BlueprintLog: New page: Compile ABP_Bug
[2020.04.13-16.37.20:116][405]BlueprintLog: New page: Compile ABP_Bug
[2020.04.13-16.37.25:411][713]BlueprintLog: New page: Compile ABP_Bug
[2020.04.13-16.37.26:616][772]LogSavePackage: Moving '../../../../../../../Side Projects/Unreal Portfolio Invaders/PortfolioInvaders/PortInvadeProject/Saved/ABP_Bug64673522494463EB779B999EB958F47C.tmp' to '../../../../../../../Side Projects/Unreal Portfolio Invaders/PortfolioInvaders/PortInvadeProject/Content/3DAssets/InvaderBug/ABP_Bug.uasset'
[2020.04.13-16.37.33:485][183]LogAssetEditorManager: Opening Asset editor for AnimSequence /Game/3DAssets/InvaderBug/Invader_Bug_Anim_Invader_Bug_Mandable_R_Invader_Bug_Mandable_LAction.Invader_Bug_Anim_Invader_Bug_Mandable_R_Invader_Bug_Mandable_LAction
[2020.04.13-16.37.33:500][183]LogActorComponent: RegisterComponentWithWorld: (/Engine/Transient.World_13:PersistentLevel.AnimationEditorPreviewActor_0.DebugSkelMeshComponent_0) Already registered. Aborting.
[2020.04.13-16.37.33:525][183]LogSkeletalMesh: USkeletalMeshComponent::InitArticulated : Bodies already created (/Engine/Transient.World_13:PersistentLevel.AnimationEditorPreviewActor_0.DebugSkelMeshComponent_0) - call TermArticulated first.
[2020.04.13-16.37.33:898][183]LogContentBrowser: Verbose: The majority of assets in the view are of type: AnimSequence
[2020.04.13-16.37.45:528][874]LogSavePackage: Moving '../../../../../../../Side Projects/Unreal Portfolio Invaders/PortfolioInvaders/PortInvadeProject/Saved/ABP_Bug64D9F3844457011C8D276DBF0E03078B.tmp' to '../../../../../../../Side Projects/Unreal Portfolio Invaders/PortfolioInvaders/PortInvadeProject/Content/3DAssets/InvaderBug/ABP_Bug.uasset'
[2020.04.13-16.37.48:066][ 23]LogSavePackage: Moving '../../../../../../../Side Projects/Unreal Portfolio Invaders/PortfolioInvaders/PortInvadeProject/Saved/ABP_Bug891615D24FEE22C0DC76EDAC2CD99836.tmp' to '../../../../../../../Side Projects/Unreal Portfolio Invaders/PortfolioInvaders/PortInvadeProject/Content/3DAssets/InvaderBug/ABP_Bug.uasset'
[2020.04.13-16.37.49:282][ 96]BlueprintLog: New page: Compile ABP_Bug
[2020.04.13-16.37.53:249][324]LogTemp: Repeating last play command: New Editor Window (PIE)
[2020.04.13-16.37.53:267][324]LogBlueprintUserMessages: Early PlayInEditor Detection: Level '/Game/StarterContent/Maps/Minimal_Default.Minimal_Default:PersistentLevel' has LevelScriptBlueprint '/Game/StarterContent/Maps/Minimal_Default.Minimal_Default:PersistentLevel.Minimal_Default' with GeneratedClass '/Game/StarterContent/Maps/Minimal_Default.Minimal_Default_C' with ClassGeneratedBy '/Game/StarterContent/Maps/Minimal_Default.Minimal_Default:PersistentLevel.Minimal_Default'
[2020.04.13-16.37.53:268][324]LogPlayLevel: PlayLevel: No blueprints needed recompiling
[2020.04.13-16.37.53:268][324]PIE: New page: PIE session: Minimal_Default (Apr 13, 2020, 8:37:53 AM)
[2020.04.13-16.37.53:268][324]LogPlayLevel: Creating play world package: /Game/StarterContent/Maps/UEDPIE_0_Minimal_Default
[2020.04.13-16.37.53:272][324]LogPlayLevel: PIE: StaticDuplicateObject took: (0.003500s)
[2020.04.13-16.37.53:273][324]LogAIModule: Creating AISystem for world Minimal_Default
[2020.04.13-16.37.53:273][324]LogPlayLevel: PIE: World Init took: (0.001181s)
[2020.04.13-16.37.53:273][324]LogPlayLevel: PIE: Created PIE world by copying editor world from /Game/StarterContent/Maps/Minimal_Default.Minimal_Default to /Game/StarterContent/Maps/UEDPIE_0_Minimal_Default.Minimal_Default (0.004885s)
[2020.04.13-16.37.53:359][324]LogInit: XAudio2 using 'HeadPhone/Digital Output (Realtek High Definition Audio)' : 6 channels at 48 kHz using 32 bits per sample (channel mask 0x3f)
[2020.04.13-16.37.53:454][324]LogInit: FAudioDevice initialized.
[2020.04.13-16.37.53:467][324]LogSlate: Updating window title bar state: overlay mode, drag disabled, window buttons hidden, title bar hidden
[2020.04.13-16.37.53:546][324]LogLoad: Game class is 'Shoot-em-UpMode_C'
[2020.04.13-16.37.53:547][324]LogWorld: Bringing World /Game/StarterContent/Maps/UEDPIE_0_Minimal_Default.Minimal_Default up for play (max tick rate 60) at 2020.04.13-12.37.53
[2020.04.13-16.37.53:547][324]LogWorld: Bringing up level for play took: 0.000650
[2020.04.13-16.37.53:560][324]LogGameMode: FindPlayerStart: PATHS NOT DEFINED or NO PLAYERSTART with positive rating
[2020.04.13-16.37.53:560][324]LogGameMode: Display: Match State Changed from EnteringMap to WaitingToStart
[2020.04.13-16.37.53:560][324]LogGameState: Match State Changed from EnteringMap to WaitingToStart
[2020.04.13-16.37.53:560][324]LogGameMode: Display: Match State Changed from WaitingToStart to InProgress
[2020.04.13-16.37.53:588][324]LogGameState: Match State Changed from WaitingToStart to InProgress
[2020.04.13-16.37.53:590][324]PIE: Play in editor start time for /Game/StarterContent/Maps/UEDPIE_0_Minimal_Default 0.534
[2020.04.13-16.37.53:590][324]LogBlueprintUserMessages: Late PlayInEditor Detection: Level '/Game/StarterContent/Maps/Minimal_Default.Minimal_Default:PersistentLevel' has LevelScriptBlueprint '/Game/StarterContent/Maps/Minimal_Default.Minimal_Default:PersistentLevel.Minimal_Default' with GeneratedClass '/Game/StarterContent/Maps/Minimal_Default.Minimal_Default_C' with ClassGeneratedBy '/Game/StarterContent/Maps/Minimal_Default.Minimal_Default:PersistentLevel.Minimal_Default'
[2020.04.13-16.37.55:037][407]LogBlueprintUserMessages: Early EndPlayMap Detection: Level '/Game/StarterContent/Maps/Minimal_Default.Minimal_Default:PersistentLevel' has LevelScriptBlueprint '/Game/StarterContent/Maps/Minimal_Default.Minimal_Default:PersistentLevel.Minimal_Default' with GeneratedClass '/Game/StarterContent/Maps/Minimal_Default.Minimal_Default_C' with ClassGeneratedBy '/Game/StarterContent/Maps/Minimal_Default.Minimal_Default:PersistentLevel.Minimal_Default'
[2020.04.13-16.37.55:037][407]LogSlate: Updating window title bar state: overlay mode, drag disabled, window buttons hidden, title bar hidden
[2020.04.13-16.37.55:053][407]LogSlate: Window 'PortInvadeProject Game Preview Standalone (64-bit/PCD3D_SM5)' being destroyed
[2020.04.13-16.37.55:092][407]LogPlayLevel: Display: Shutting down PIE online subsystems
[2020.04.13-16.37.55:092][407]LogBlueprintUserMessages: Late EndPlayMap Detection: Level '/Game/StarterContent/Maps/Minimal_Default.Minimal_Default:PersistentLevel' has LevelScriptBlueprint '/Game/StarterContent/Maps/Minimal_Default.Minimal_Default:PersistentLevel.Minimal_Default' with GeneratedClass '/Game/StarterContent/Maps/Minimal_Default.Minimal_Default_C' with ClassGeneratedBy '/Game/StarterContent/Maps/Minimal_Default.Minimal_Default:PersistentLevel.Minimal_Default'
[2020.04.13-16.37.55:141][408]LogPlayLevel: Display: Destroying online subsystem :Context_20
[2020.04.13-16.38.04:717][982]LogSlate: FSceneViewport::OnFocusLost() reason 0
[2020.04.13-16.38.04:867][987]LogSavePackage: Moving '../../../../../../../Side Projects/Unreal Portfolio Invaders/PortfolioInvaders/PortInvadeProject/Saved/ABP_BugF1C8E5184C449CD4838B629F98355677.tmp' to '../../../../../../../Side Projects/Unreal Portfolio Invaders/PortfolioInvaders/PortInvadeProject/Content/3DAssets/InvaderBug/ABP_Bug.uasset'
[2020.04.13-16.39.43:514][369]LogSavePackage: Moving '../../../../../../../Side Projects/Unreal Portfolio Invaders/PortfolioInvaders/PortInvadeProject/Saved/ABP_BugD9B7682040515F5A775F5AAF5D8C221F.tmp' to '../../../../../../../Side Projects/Unreal Portfolio Invaders/PortfolioInvaders/PortInvadeProject/Content/3DAssets/InvaderBug/ABP_Bug.uasset'
[2020.04.13-16.39.44:224][411]LogAssetEditorManager: Opening Asset editor for Skeleton /Game/3DAssets/InvaderBug/Invader_Bug_Skeleton.Invader_Bug_Skeleton
[2020.04.13-16.39.44:242][411]LogActorComponent: RegisterComponentWithWorld: (/Engine/Transient.World_16:PersistentLevel.AnimationEditorPreviewActor_0.DebugSkelMeshComponent_0) Already registered. Aborting.
[2020.04.13-16.39.44:267][411]LogSkeletalMesh: USkeletalMeshComponent::InitArticulated : Bodies already created (/Engine/Transient.World_16:PersistentLevel.AnimationEditorPreviewActor_0.DebugSkelMeshComponent_0) - call TermArticulated first.
[2020.04.13-16.39.58:518][200]LogSavePackage: Moving '../../../../../../../Side Projects/Unreal Portfolio Invaders/PortfolioInvaders/PortInvadeProject/Saved/Invader_Bug_Skeleton67CFC1DC4AF65FC89F01E1BDC07F169F.tmp' to '../../../../../../../Side Projects/Unreal Portfolio Invaders/PortfolioInvaders/PortInvadeProject/Content/3DAssets/InvaderBug/Invader_Bug_Skeleton.uasset'
[2020.04.13-16.40.24:086][729]LogSavePackage: Moving '../../../../../../../Side Projects/Unreal Portfolio Invaders/PortfolioInvaders/PortInvadeProject/Saved/ABP_Bug050A8D9645CBEE030296A1A5E9A20352.tmp' to '../../../../../../../Side Projects/Unreal Portfolio Invaders/PortfolioInvaders/PortInvadeProject/Content/3DAssets/InvaderBug/ABP_Bug.uasset'
[2020.04.13-16.40.26:688][885]BlueprintLog: New page: Compile ABP_Bug
[2020.04.13-16.40.32:865][243]BlueprintLog: New page: Compile ABP_Bug
[2020.04.13-16.40.43:420][859]LogSavePackage: Moving '../../../../../../../Side Projects/Unreal Portfolio Invaders/PortfolioInvaders/PortInvadeProject/Saved/ABP_Bug72AD3407430D4DDDADD8519DDB96DB25.tmp' to '../../../../../../../Side Projects/Unreal Portfolio Invaders/PortfolioInvaders/PortInvadeProject/Content/3DAssets/InvaderBug/ABP_Bug.uasset'
[2020.04.13-16.40.44:169][904]BlueprintLog: New page: Compile ABP_Bug
[2020.04.13-16.40.48:383][145]BlueprintLog: New page: Compile ABP_Bug
[2020.04.13-16.40.49:480][193]LogSavePackage: Moving '../../../../../../../Side Projects/Unreal Portfolio Invaders/PortfolioInvaders/PortInvadeProject/Saved/ABP_Bug932A6AF84D3CBF472500729F806040A1.tmp' to '../../../../../../../Side Projects/Unreal Portfolio Invaders/PortfolioInvaders/PortInvadeProject/Content/3DAssets/InvaderBug/ABP_Bug.uasset'
[2020.04.13-16.41.29:703][530]LogEditorTransaction: Undo Delete current selection
[2020.04.13-16.41.29:895][530]LogActorComponent: RegisterComponentWithWorld: (/Engine/Transient.World_5:PersistentLevel.AnimationEditorPreviewActor_0.DebugSkelMeshComponent_0) Already registered. Aborting.
[2020.04.13-16.41.29:896][530]LogActorComponent: RegisterComponentWithWorld: (/Engine/Transient.World_16:PersistentLevel.AnimationEditorPreviewActor_0.DebugSkelMeshComponent_0) Already registered. Aborting.
[2020.04.13-16.41.41:334][205]LogSavePackage: Moving '../../../../../../../Side Projects/Unreal Portfolio Invaders/PortfolioInvaders/PortInvadeProject/Saved/ABP_BugF96E949D4DF958CF9367618A4EAF714F.tmp' to '../../../../../../../Side Projects/Unreal Portfolio Invaders/PortfolioInvaders/PortInvadeProject/Content/3DAssets/InvaderBug/ABP_Bug.uasset'
[2020.04.13-16.41.42:233][259]BlueprintLog: New page: Compile ABP_Bug
[2020.04.13-16.42.00:140][320]BlueprintLog: New page: Compile ABP_Bug
[2020.04.13-16.42.05:884][655]LogSlate: FSceneViewport::OnFocusLost() reason 0
[2020.04.13-16.42.16:736][305]BlueprintLog: New page: Compile ABP_Bug
[2020.04.13-16.42.23:707][706]LogSavePackage: Moving '../../../../../../../Side Projects/Unreal Portfolio Invaders/PortfolioInvaders/PortInvadeProject/Saved/ABP_BugC0F58F0B43C665A38B0F6C8B4400DB32.tmp' to '../../../../../../../Side Projects/Unreal Portfolio Invaders/PortfolioInvaders/PortInvadeProject/Content/3DAssets/InvaderBug/ABP_Bug.uasset'
[2020.04.13-16.42.31:922][190]LogSavePackage: Moving '../../../../../../../Side Projects/Unreal Portfolio Invaders/PortfolioInvaders/PortInvadeProject/Saved/ABP_Bug19F2D6F34543FC4AEB807EB4FE7589E8.tmp' to '../../../../../../../Side Projects/Unreal Portfolio Invaders/PortfolioInvaders/PortInvadeProject/Content/3DAssets/InvaderBug/ABP_Bug.uasset'
[2020.04.13-16.42.38:110][555]LogSavePackage: Moving '../../../../../../../Side Projects/Unreal Portfolio Invaders/PortfolioInvaders/PortInvadeProject/Saved/ABP_Bug19A232D74352C5836F6DB8A41333CBBC.tmp' to '../../../../../../../Side Projects/Unreal Portfolio Invaders/PortfolioInvaders/PortInvadeProject/Content/3DAssets/InvaderBug/ABP_Bug.uasset'
[2020.04.13-16.42.48:059][146]LogSavePackage: Moving '../../../../../../../Side Projects/Unreal Portfolio Invaders/PortfolioInvaders/PortInvadeProject/Saved/ABP_Bug1F9FA82440A76C3598FC0D9D2A3439B6.tmp' to '../../../../../../../Side Projects/Unreal Portfolio Invaders/PortfolioInvaders/PortInvadeProject/Content/3DAssets/InvaderBug/ABP_Bug.uasset'
[2020.04.13-16.42.52:441][404]LogSavePackage: Moving '../../../../../../../Side Projects/Unreal Portfolio Invaders/PortfolioInvaders/PortInvadeProject/Saved/ABP_Bug2DDC2897447C00466E9FE7AC54695354.tmp' to '../../../../../../../Side Projects/Unreal Portfolio Invaders/PortfolioInvaders/PortInvadeProject/Content/3DAssets/InvaderBug/ABP_Bug.uasset'
[2020.04.13-16.42.55:797][605]BlueprintLog: New page: Compile ABP_Bug
[2020.04.13-16.43.19:022][986]LogSlate: FSceneViewport::OnFocusLost() reason 2
[2020.04.13-16.43.19:125][986]LogSavePackage: Moving '../../../../../../../Side Projects/Unreal Portfolio Invaders/PortfolioInvaders/PortInvadeProject/Saved/ABP_BugB6C64CD946BB45CE22FD029F6F02DE9B.tmp' to '../../../../../../../Side Projects/Unreal Portfolio Invaders/PortfolioInvaders/PortInvadeProject/Content/3DAssets/InvaderBug/ABP_Bug.uasset'
[2020.04.13-16.43.32:200][654]LogSlate: Window 'Delete Assets' being destroyed
[2020.04.13-16.43.34:738][693]LogSavePackage: Moving '../../../../../../../Side Projects/Unreal Portfolio Invaders/PortfolioInvaders/PortInvadeProject/Saved/Minimal_Default3197C47E49071DF4AE0136B4F1E50C1B.tmp' to '../../../../../../../Side Projects/Unreal Portfolio Invaders/PortfolioInvaders/PortInvadeProject/Content/StarterContent/Maps/Minimal_Default.umap'
[2020.04.13-16.43.34:818][693]LogSavePackage: Moving '../../../../../../../Side Projects/Unreal Portfolio Invaders/PortfolioInvaders/PortInvadeProject/Saved/Minimal_Default_BuiltDataCE1FF4B640BF29569460639BB35FFE3E.tmp' to '../../../../../../../Side Projects/Unreal Portfolio Invaders/PortfolioInvaders/PortInvadeProject/Content/StarterContent/Maps/Minimal_Default_BuiltData.uasset'
[2020.04.13-17.29.33:975][357]LogSavePackage: Moving '../../../../../../../Side Projects/Unreal Portfolio Invaders/PortfolioInvaders/PortInvadeProject/Saved/Minimal_DefaultF062C6554E68B3BE81C74B97617A897D.tmp' to '../../../../../../../Side Projects/Unreal Portfolio Invaders/PortfolioInvaders/PortInvadeProject/Content/StarterContent/Maps/Minimal_Default.umap'
[2020.04.13-17.29.34:084][357]LogSavePackage: Moving '../../../../../../../Side Projects/Unreal Portfolio Invaders/PortfolioInvaders/PortInvadeProject/Saved/Minimal_Default_BuiltData751CE4864A56CDD4851455B0841300DE.tmp' to '../../../../../../../Side Projects/Unreal Portfolio Invaders/PortfolioInvaders/PortInvadeProject/Content/StarterContent/Maps/Minimal_Default_BuiltData.uasset'
[2020.04.13-17.29.58:791][437]LogSlate: Window 'Delete Assets' being destroyed
[2020.04.13-17.29.59:009][437]LogSkeletalMesh: Building Skeletal Mesh Invader_Bug...
[2020.04.13-17.29.59:014][437]LogSkeletalMesh: Built Skeletal Mesh [0.01s] /Game/3DAssets/InvaderBug/Invader_Bug.Invader_Bug
[2020.04.13-17.29.59:017][437]LogSkeletalMesh: Building Skeletal Mesh Invader_Bug...
[2020.04.13-17.29.59:020][437]LogSkeletalMesh: Built Skeletal Mesh [0.00s] /Game/3DAssets/InvaderBug/Invader_Bug.Invader_Bug
[2020.04.13-17.29.59:025][437]LogSkeletalMesh: Building Skeletal Mesh Invader_Bug...
[2020.04.13-17.29.59:028][437]LogSkeletalMesh: Built Skeletal Mesh [0.00s] /Game/3DAssets/InvaderBug/Invader_Bug.Invader_Bug
[2020.04.13-17.30.04:609][515]LogD3D11RHI: Timed out while waiting for GPU to catch up. (0.5 s)
[2020.04.13-17.30.05:110][515]LogD3D11RHI: Timed out while waiting for GPU to catch up. (0.5 s)
[2020.04.13-17.30.05:609][515]LogD3D11RHI: Timed out while waiting for GPU to catch up. (0.5 s)
[2020.04.13-17.30.06:109][515]LogD3D11RHI: Timed out while waiting for GPU to catch up. (0.5 s)
[2020.04.13-17.30.06:611][515]LogD3D11RHI: Timed out while waiting for GPU to catch up. (0.5 s)
[2020.04.13-17.30.07:110][515]LogD3D11RHI: Timed out while waiting for GPU to catch up. (0.5 s)
[2020.04.13-17.30.07:610][515]LogD3D11RHI: Timed out while waiting for GPU to catch up. (0.5 s)
[2020.04.13-17.30.08:110][515]LogD3D11RHI: Timed out while waiting for GPU to catch up. (0.5 s)
[2020.04.13-17.30.08:610][515]LogD3D11RHI: Timed out while waiting for GPU to catch up. (0.5 s)
[2020.04.13-17.30.09:110][515]LogD3D11RHI: Timed out while waiting for GPU to catch up. (0.5 s)
[2020.04.13-17.30.09:611][515]LogD3D11RHI: Timed out while waiting for GPU to catch up. (0.5 s)
[2020.04.13-17.30.10:111][515]LogD3D11RHI: Timed out while waiting for GPU to catch up. (0.5 s)
[2020.04.13-17.30.10:609][515]LogD3D11RHI: Timed out while waiting for GPU to catch up. (0.5 s)
[2020.04.13-17.30.11:110][515]LogD3D11RHI: Timed out while waiting for GPU to catch up. (0.5 s)
[2020.04.13-17.30.11:609][515]LogD3D11RHI: Timed out while waiting for GPU to catch up. (0.5 s)
[2020.04.13-17.30.12:111][515]LogD3D11RHI: Timed out while waiting for GPU to catch up. (0.5 s)
[2020.04.13-17.30.12:611][515]LogD3D11RHI: Timed out while waiting for GPU to catch up. (0.5 s)
[2020.04.13-17.30.13:109][515]LogD3D11RHI: Timed out while waiting for GPU to catch up. (0.5 s)
[2020.04.13-17.30.13:219][515]LogD3D11RHI: Error: Result failed 
 at D:\Build\++UE4\Sync\Engine\Source\Runtime\Windows\D3D11RHI\Private\D3D11Viewport.cpp:304 
 with error DXGI_ERROR_DEVICE_REMOVED DXGI_ERROR_DEVICE_HUNG
[2020.04.13-17.30.13:219][515]LogD3D11RHI: [Aftermath] GDynamicRHI=0000020637D64140, GDX11NVAfterMathEnabled=0, Result=0xFFFFFFFF, bDeviceActive=0
[2020.04.13-17.30.13:219][515]LogWindows: Windows GetLastError: The operation completed successfully. (0)
[2020.04.13-17.30.20:886][515]LogWindows: Windows GetLastError: The operation completed successfully. (0)
[2020.04.13-17.30.20:886][515]LogWindows: Error: === Critical error: ===
[2020.04.13-17.30.20:887][515]LogWindows: Error: 
[2020.04.13-17.30.20:887][515]LogWindows: Error: Fatal error: [File:D:\Build\++UE4\Sync\Engine\Source\Runtime\RenderCore\Private\RenderingThread.cpp] [Line: 826] 
[2020.04.13-17.30.20:887][515]LogWindows: Error: Rendering thread exception:
[2020.04.13-17.30.20:887][515]LogWindows: Error: Fatal error: [File:D:\Build\++UE4\Sync\Engine\Source\Runtime\Windows\D3D11RHI\Private\D3D11Util.cpp] [Line: 200] 
[2020.04.13-17.30.20:887][515]LogWindows: Error: Unreal Engine is exiting due to D3D device being lost. (Error: 0x887A0006 - 'HUNG')
[2020.04.13-17.30.20:887][515]LogWindows: Error: 
[2020.04.13-17.30.20:887][515]LogWindows: Error: 
[2020.04.13-17.30.20:887][515]LogWindows: Error: [Callstack] 0x00007ffad7dca859 KERNELBASE.dll!UnknownFunction []
[2020.04.13-17.30.20:887][515]LogWindows: Error: [Callstack] 0x00007ffa86fb6850 UE4Editor-ApplicationCore.dll!UnknownFunction []
[2020.04.13-17.30.20:887][515]LogWindows: Error: [Callstack] 0x00007ffa4a1a62fc UE4Editor-Core.dll!UnknownFunction []
[2020.04.13-17.30.20:887][515]LogWindows: Error: [Callstack] 0x00007ffa4a1351db UE4Editor-Core.dll!UnknownFunction []
[2020.04.13-17.30.20:887][515]LogWindows: Error: [Callstack] 0x00007ffa3a96adea UE4Editor-D3D11RHI.dll!UnknownFunction []
[2020.04.13-17.30.20:887][515]LogWindows: Error: [Callstack] 0x00007ffa3a96e6e4 UE4Editor-D3D11RHI.dll!UnknownFunction []
[2020.04.13-17.30.20:887][515]LogWindows: Error: [Callstack] 0x00007ffa3a94d0aa UE4Editor-D3D11RHI.dll!UnknownFunction []
[2020.04.13-17.30.20:888][515]LogWindows: Error: [Callstack] 0x00007ffa3a95ab70 UE4Editor-D3D11RHI.dll!UnknownFunction []
[2020.04.13-17.30.20:888][515]LogWindows: Error: [Callstack] 0x00007ffa8787b106 UE4Editor-RHI.dll!UnknownFunction []
[2020.04.13-17.30.20:888][515]LogWindows: Error: [Callstack] 0x00007ffa3a6d1b42 UE4Editor-SlateRHIRenderer.dll!UnknownFunction []
[2020.04.13-17.30.20:888][515]LogWindows: Error: [Callstack] 0x00007ffa3a6d7d0a UE4Editor-SlateRHIRenderer.dll!UnknownFunction []
[2020.04.13-17.30.20:888][515]LogWindows: Error: [Callstack] 0x00007ffa49fc1f92 UE4Editor-Core.dll!UnknownFunction []
[2020.04.13-17.30.20:888][515]LogWindows: Error: [Callstack] 0x00007ffa49fc2456 UE4Editor-Core.dll!UnknownFunction []
[2020.04.13-17.30.20:888][515]LogWindows: Error: [Callstack] 0x00007ffa8a4c75f9 UE4Editor-RenderCore.dll!UnknownFunction []
[2020.04.13-17.30.20:888][515]LogWindows: Error: [Callstack] 0x00007ffa8a4c8574 UE4Editor-RenderCore.dll!UnknownFunction []
[2020.04.13-17.30.20:888][515]LogWindows: Error: [Callstack] 0x00007ffa4a406b7c UE4Editor-Core.dll!UnknownFunction []
[2020.04.13-17.30.20:888][515]LogWindows: Error: [Callstack] 0x00007ffa4a4017c7 UE4Editor-Core.dll!UnknownFunction []
[2020.04.13-17.30.20:888][515]LogWindows: Error: [Callstack] 0x00007ffad8757bd4 KERNEL32.DLL!UnknownFunction []
[2020.04.13-17.30.20:888][515]LogWindows: Error: [Callstack] 0x00007ffada1eced1 ntdll.dll!UnknownFunction []
[2020.04.13-17.30.20:888][515]LogWindows: Error: 
[2020.04.13-17.30.20:888][515]LogWindows: Error: 
[2020.04.13-17.30.20:888][515]LogWindows: Error: 
[2020.04.13-17.30.20:888][515]LogWindows: Error: 
[2020.04.13-17.30.20:951][515]LogExit: Executing StaticShutdownAfterError
[2020.04.13-17.30.20:999][515]LogWindows: FPlatformMisc::RequestExit(1)
[2020.04.13-17.30.21:003][515]Log file closed, 04/13/20 13:30:21
