Log file open, 04/13/20 14:48:43
LogWindows: Failed to load 'aqProf.dll' (GetLastError=126)
LogWindows: File 'aqProf.dll' does not exist
LogWindows: Failed to load 'VSPerf140.dll' (GetLastError=126)
LogWindows: File 'VSPerf140.dll' does not exist
LogWindows: Failed to load 'VtuneApi.dll' (GetLastError=126)
LogWindows: File 'VtuneApi.dll' does not exist
LogWindows: Failed to load 'VtuneApi32e.dll' (GetLastError=126)
LogWindows: File 'VtuneApi32e.dll' does not exist
LogInit: Display: Running engine for game: PortInvadeProject
LogPlatformFile: Not using cached read wrapper
LogTaskGraph: Started task graph with 5 named threads and 23 total threads with 3 sets of task threads.
LogStats: Stats thread started at 0.284687
LogD3D11RHI: Loaded GFSDK_Aftermath_Lib.x64.dll
LogICUInternationalization: Display: ICU TimeZone Detection - Raw Offset: -5:00, Platform Override: ''
LogPluginManager: Mounting plugin Paper2D
LogPluginManager: Mounting plugin AISupport
LogPluginManager: Mounting plugin LightPropagationVolume
LogPluginManager: Mounting plugin CLionSourceCodeAccess
LogPluginManager: Mounting plugin CodeLiteSourceCodeAccess
LogPluginManager: Mounting plugin GitSourceControl
LogPluginManager: Mounting plugin KDevelopSourceCodeAccess
LogPluginManager: Mounting plugin NullSourceCodeAccess
LogPluginManager: Mounting plugin PerforceSourceControl
LogPluginManager: Mounting plugin SubversionSourceControl
LogPluginManager: Mounting plugin UObjectPlugin
LogPluginManager: Mounting plugin VisualStudioCodeSourceCodeAccess
LogPluginManager: Mounting plugin VisualStudioSourceCodeAccess
LogPluginManager: Mounting plugin XCodeSourceCodeAccess
LogPluginManager: Mounting plugin AssetManagerEditor
LogPluginManager: Mounting plugin CryptoKeys
LogPluginManager: Mounting plugin DataValidation
LogPluginManager: Mounting plugin FacialAnimation
LogPluginManager: Mounting plugin GameplayTagsEditor
LogPluginManager: Mounting plugin MacGraphicsSwitching
LogPluginManager: Mounting plugin MeshEditor
LogPluginManager: Mounting plugin MobileLauncherProfileWizard
LogPluginManager: Mounting plugin PluginBrowser
LogPluginManager: Mounting plugin SpeedTreeImporter
LogPluginManager: Mounting plugin DatasmithContent
LogPluginManager: Mounting plugin AlembicImporter
LogPluginManager: Mounting plugin AppleImageUtils
LogPluginManager: Mounting plugin AppleVision
LogPluginManager: Mounting plugin BackChannel
LogPluginManager: Mounting plugin CharacterAI
LogPluginManager: Mounting plugin GeometryCache
LogPluginManager: Mounting plugin HTML5Networking
LogPluginManager: Mounting plugin ProxyLODPlugin
LogPluginManager: Mounting plugin MagicLeap
LogPluginManager: Mounting plugin MagicLeapEmulator
LogPluginManager: Mounting plugin MagicLeapMedia
LogPluginManager: Mounting plugin AndroidMedia
LogPluginManager: Mounting plugin AvfMedia
LogPluginManager: Mounting plugin ImgMedia
LogPluginManager: Mounting plugin LinearTimecode
LogPluginManager: Mounting plugin MediaCompositing
LogPluginManager: Mounting plugin MediaPlayerEditor
LogPluginManager: Mounting plugin WmfMedia
LogPluginManager: Mounting plugin TcpMessaging
LogPluginManager: Mounting plugin UdpMessaging
LogPluginManager: Mounting plugin ActorSequence
LogPluginManager: Mounting plugin LevelSequenceEditor
LogPluginManager: Mounting plugin MatineeToLevelSequence
LogPluginManager: Mounting plugin NetcodeUnitTest
LogPluginManager: Mounting plugin NUTUnrealEngine4
LogPluginManager: Mounting plugin OnlineSubsystemGooglePlay
LogPluginManager: Mounting plugin OnlineSubsystemIOS
LogPluginManager: Mounting plugin OnlineSubsystem
LogPluginManager: Mounting plugin OnlineSubsystemNull
LogPluginManager: Mounting plugin OnlineSubsystemUtils
LogPluginManager: Mounting plugin LauncherChunkInstaller
LogPluginManager: Mounting plugin AndroidDeviceProfileSelector
LogPluginManager: Mounting plugin AndroidMoviePlayer
LogPluginManager: Mounting plugin AndroidPermission
LogPluginManager: Mounting plugin AppleMoviePlayer
LogPluginManager: Mounting plugin ArchVisCharacter
LogPluginManager: Mounting plugin AudioCapture
LogPluginManager: Mounting plugin CableComponent
LogPluginManager: Mounting plugin CustomMeshComponent
LogPluginManager: Mounting plugin EditableMesh
LogPluginManager: Mounting plugin ExampleDeviceProfileSelector
LogPluginManager: Mounting plugin GoogleCloudMessaging
LogPluginManager: Mounting plugin ImmediatePhysics
LogPluginManager: Mounting plugin IOSDeviceProfileSelector
LogPluginManager: Mounting plugin LinuxDeviceProfileSelector
LogPluginManager: Mounting plugin LocationServicesBPLibrary
LogPluginManager: Mounting plugin MobilePatchingUtils
LogPluginManager: Mounting plugin OculusVR
LogPluginManager: Plugin shader directory ../../../Engine/Plugins/Runtime/Oculus/OculusVR/Shaders found
LogPluginManager: Mapping shader source directory ../../../Engine/Plugins/Runtime/Oculus/OculusVR/Shaders to virtual directory /Plugin/OculusVR
LogPluginManager: Mounting plugin PhysXVehicles
LogPluginManager: Mounting plugin ProceduralMeshComponent
LogPluginManager: Mounting plugin RuntimePhysXCooking
LogPluginManager: Mounting plugin SteamVR
LogPluginManager: Mounting plugin WindowsMoviePlayer
LogStreaming: Display: Took  0.128s to configure plugins.
LogInit: Using libcurl 7.55.1-DEV
LogInit:  - built for x86_64-pc-win32
LogInit:  - supports SSL with OpenSSL/1.0.2h
LogInit:  - supports HTTP deflate (compression) using libz 1.2.8
LogInit:  - other features:
LogInit:      CURL_VERSION_SSL
LogInit:      CURL_VERSION_LIBZ
LogInit:      CURL_VERSION_IPV6
LogInit:      CURL_VERSION_ASYNCHDNS
LogInit:      CURL_VERSION_LARGEFILE
LogInit:      CURL_VERSION_IDN
LogInit:  CurlRequestOptions (configurable via config and command line):
LogInit:  - bVerifyPeer = false  - Libcurl will NOT verify peer certificate
LogInit:  - bUseHttpProxy = false  - Libcurl will NOT use HTTP proxy
LogInit:  - bDontReuseConnections = false  - Libcurl will reuse connections
LogInit:  - CertBundlePath = nullptr  - Libcurl will use whatever was configured at build time.
LogInit:  - MaxHostConnections = 16  - Libcurl will limit the number of connections to a host
LogInit:  - LocalHostAddr = Default
LogInit:  - BufferSize = 65536
LogInit: WinSock: version 1.1 (2.2), MaxSocks=32767, MaxUdp=65467
LogInit: Build: ++UE4+Release-4.20-CL-4369336
LogInit: Engine Version: 4.20.3-4369336+++UE4+Release-4.20
LogInit: Compatible Engine Version: 4.20.0-4212847+++UE4+Release-4.20
LogInit: Net CL: 4212847
LogInit: OS: Windows 10 (), CPU: Intel(R) Core(TM) i7-7700HQ CPU @ 2.80GHz, GPU: Intel(R) HD Graphics 630
LogInit: Compiled (64-bit): Sep 17 2018 12:26:19
LogInit: Compiled with Visual C++: 19.13.26129.00
LogInit: Build Configuration: Development
LogInit: Branch Name: ++UE4+Release-4.20
LogInit: Command Line: 
LogInit: Base Directory: D:/Program Files/Unreal/Engine/UE_4.20/Engine/Binaries/Win64/
LogInit: Installed Engine Build: 1
LogDevObjectVersion: Number of dev versions registered: 20
LogDevObjectVersion:   Dev-Blueprints (B0D832E4-1F89-4F0D-ACCF-7EB736FD4AA2): 10
LogDevObjectVersion:   Dev-Build (E1C64328-A22C-4D53-A36C-8E866417BD8C): 0
LogDevObjectVersion:   Dev-Core (375EC13C-06E4-48FB-B500-84F0262A717E): 2
LogDevObjectVersion:   Dev-Editor (E4B068ED-F494-42E9-A231-DA0B2E46BB41): 24
LogDevObjectVersion:   Dev-Framework (CFFC743F-43B0-4480-9391-14DF171D2073): 34
LogDevObjectVersion:   Dev-Mobile (B02B49B5-BB20-44E9-A304-32B752E40360): 2
LogDevObjectVersion:   Dev-Networking (A4E4105C-59A1-49B5-A7C5-40C4547EDFEE): 0
LogDevObjectVersion:   Dev-Online (39C831C9-5AE6-47DC-9A44-9C173E1C8E7C): 0
LogDevObjectVersion:   Dev-Physics (78F01B33-EBEA-4F98-B9B4-84EACCB95AA2): 0
LogDevObjectVersion:   Dev-Platform (6631380F-2D4D-43E0-8009-CF276956A95A): 0
LogDevObjectVersion:   Dev-Rendering (12F88B9F-8875-4AFC-A67C-D90C383ABD29): 26
LogDevObjectVersion:   Dev-Sequencer (7B5AE74C-D270-4C10-A958-57980B212A5A): 9
LogDevObjectVersion:   Dev-VR (D7296918-1DD6-4BDD-9DE2-64A83CC13884): 2
LogDevObjectVersion:   Dev-LoadTimes (C2A15278-BFE7-4AFE-6C17-90FF531DF755): 1
LogDevObjectVersion:   Private-Geometry (6EACA3D4-40EC-4CC1-B786-8BED09428FC5): 3
LogDevObjectVersion:   Dev-AnimPhys (29E575DD-E0A3-4627-9D10-D276232CDCEA): 17
LogDevObjectVersion:   Dev-ReflectionCapture (6B266CEC-1EC7-4B8F-A30B-E4D90942FC07): 1
LogDevObjectVersion:   Dev-Automation (0DF73D61-A23F-47EA-B727-89E90C41499A): 1
LogDevObjectVersion:   FortniteMain (601D1886-AC64-4F84-AA16-D3DE0DEAC7D6): 12
LogDevObjectVersion:   Dev-Enterprise (9DFFBCD6-494F-0158-E221-12823C92A888): 1
LogStreaming: Display: Took  0.004s to delete old logs.
LogInit: Presizing for max 8388607 objects, including 0 objects not considered by GC, pre-allocating 0 bytes for permanent pool.
LogInit: Object subsystem initialized
[2020.04.13-18.48.43:486][  0]LogInit: Selected Device Profile: [Windows]
[2020.04.13-18.48.43:486][  0]LogInit: Applying CVar settings loaded from the selected device profile: [Windows]
[2020.04.13-18.48.43:517][  0]LogHAL: Display: Platform has ~ 16 GB [17061810176 / 17179869184 / 16], which maps to Larger [LargestMinGB=32, LargerMinGB=12, DefaultMinGB=8, SmallerMinGB=6, SmallestMinGB=0)
[2020.04.13-18.48.43:517][  0]LogInit: Setting Device Profile CVar: [[r.Vulkan.UseRealUBs:1]]
[2020.04.13-18.48.43:517][  0]LogInit: Going up to parent DeviceProfile []
[2020.04.13-18.48.43:518][  0]LogInit: Computer: MSI
[2020.04.13-18.48.43:519][  0]LogInit: User: DaultonNelson
[2020.04.13-18.48.43:519][  0]LogInit: CPU Page size=4096, Cores=4
[2020.04.13-18.48.43:519][  0]LogInit: High frequency timer resolution =10.000000 MHz
[2020.04.13-18.48.43:520][  0]LogMemory: Memory total: Physical=15.9GB (16GB approx)
[2020.04.13-18.48.43:520][  0]LogMemory: Platform Memory Stats for Windows
[2020.04.13-18.48.43:520][  0]LogMemory: Process Physical Memory: 102.18 MB used, 102.18 MB peak
[2020.04.13-18.48.43:520][  0]LogMemory: Process Virtual Memory: 89.35 MB used, 89.35 MB peak
[2020.04.13-18.48.43:520][  0]LogMemory: Physical Memory: 7425.32 MB used,  8846.09 MB free, 16271.41 MB total
[2020.04.13-18.48.43:520][  0]LogMemory: Virtual Memory: 4612.59 MB used,  8846.09 MB free, 134217728.00 MB total
[2020.04.13-18.48.45:747][  0]LogInit: Using OS detected language (en-US).
[2020.04.13-18.48.45:747][  0]LogInit: Using OS detected locale (en-US).
[2020.04.13-18.48.45:751][  0]LogTextLocalizationManager: No specific localization for 'en-US' exists, so the 'en' localization will be used.
[2020.04.13-18.48.46:461][  0]LogStreaming: Display: Took  0.715s to InitEngineTextLocalization.
[2020.04.13-18.48.46:461][  0]LogInit: Setting process to per monitor DPI aware
[2020.04.13-18.48.46:529][  0]LogSlate: New Slate User Created.  User Index 0, Is Virtual User: 0
[2020.04.13-18.48.46:529][  0]LogSlate: Slate User Registered.  User Index 0, Is Virtual User: 0
[2020.04.13-18.48.46:982][  0]LogHMD: Failed to initialize OpenVR with code 110
[2020.04.13-18.48.46:982][  0]LogD3D11RHI: D3D11 adapters:
[2020.04.13-18.48.47:096][  0]LogD3D11RHI:    0. 'NVIDIA GeForce GTX 1060' (Feature Level 11_0)
[2020.04.13-18.48.47:096][  0]LogD3D11RHI:       6052/0/8135 MB DedicatedVideo/DedicatedSystem/SharedSystem, Outputs:1, VendorId:0x10de
[2020.04.13-18.48.47:142][  0]LogD3D11RHI:    1. 'Intel(R) HD Graphics 630' (Feature Level 11_0)
[2020.04.13-18.48.47:142][  0]LogD3D11RHI:       128/0/8135 MB DedicatedVideo/DedicatedSystem/SharedSystem, Outputs:0, VendorId:0x8086
[2020.04.13-18.48.47:150][  0]LogD3D11RHI:    2. 'Microsoft Basic Render Driver' (Feature Level 11_0)
[2020.04.13-18.48.47:150][  0]LogD3D11RHI:       0/0/8135 MB DedicatedVideo/DedicatedSystem/SharedSystem, Outputs:0, VendorId:0x1414
[2020.04.13-18.48.47:150][  0]LogD3D11RHI: Chosen D3D11 Adapter: 0
[2020.04.13-18.48.47:245][  0]LogD3D11RHI: Creating new Direct3DDevice
[2020.04.13-18.48.47:245][  0]LogD3D11RHI:     GPU DeviceId: 0x1c20 (for the marketing name, search the web for "GPU Device Id")
[2020.04.13-18.48.47:245][  0]LogWindows: EnumDisplayDevices:
[2020.04.13-18.48.47:246][  0]LogWindows:    0. 'Intel(R) HD Graphics 630' (P:1 D:1)
[2020.04.13-18.48.47:247][  0]LogWindows:    1. 'Intel(R) HD Graphics 630' (P:0 D:0)
[2020.04.13-18.48.47:247][  0]LogWindows:    2. 'Intel(R) HD Graphics 630' (P:0 D:0)
[2020.04.13-18.48.47:248][  0]LogWindows:    3. 'NVIDIA GeForce GTX 1060' (P:0 D:0)
[2020.04.13-18.48.47:248][  0]LogWindows:    4. 'NVIDIA GeForce GTX 1060' (P:0 D:0)
[2020.04.13-18.48.47:249][  0]LogWindows:    5. 'NVIDIA GeForce GTX 1060' (P:0 D:0)
[2020.04.13-18.48.47:250][  0]LogWindows:    6. 'NVIDIA GeForce GTX 1060' (P:0 D:0)
[2020.04.13-18.48.47:250][  0]LogWindows: DebugString: PrimaryIsNotTheChoosenAdapter PrimaryIsNotTheChoosenAdapter PrimaryIsNotTheChoosenAdapter FoundDriverCount:4 
[2020.04.13-18.48.47:250][  0]LogD3D11RHI:     Adapter Name: NVIDIA GeForce GTX 1060
[2020.04.13-18.48.47:250][  0]LogD3D11RHI:   Driver Version: 445.75 (internal:26.21.14.4575, unified:445.75)
[2020.04.13-18.48.47:250][  0]LogD3D11RHI:      Driver Date: 3-17-2020
[2020.04.13-18.48.47:250][  0]LogRHI: Texture pool is 4236 MB (70% of 6052 MB)
[2020.04.13-18.48.47:323][  0]LogD3D11RHI: Async texture creation enabled
[2020.04.13-18.48.47:337][  0]LogD3D11RHI: GPU Timing Frequency: 1000.000000 (Debug: 2 1)
[2020.04.13-18.48.47:339][  0]LogShaderCompilers: Guid format shader working directory is -43 characters bigger than the processId version (../../../../../../../Side Projects/Unreal Portfolio Invaders/PortfolioInvaders/PortInvadeProject/Intermediate/Shaders/WorkingDirectory/14372/).
[2020.04.13-18.48.47:339][  0]LogShaderCompilers: Cleaned the shader compiler working directory 'C:/Users/DaultonNelson/AppData/Local/Temp/UnrealShaderWorkingDir/1C39095248D1D781A655A29BF9D4E1CE/'.
[2020.04.13-18.48.47:837][  0]LogTemp: Display: Loaded TP AllDesktopTargetPlatform
[2020.04.13-18.48.47:864][  0]LogTemp: Display: Loaded TP MacClientTargetPlatform
[2020.04.13-18.48.47:897][  0]LogTemp: Display: Loaded TP MacNoEditorTargetPlatform
[2020.04.13-18.48.47:937][  0]LogTemp: Display: Loaded TP MacServerTargetPlatform
[2020.04.13-18.48.47:965][  0]LogTemp: Display: Loaded TP MacTargetPlatform
[2020.04.13-18.48.47:991][  0]LogTemp: Display: Loaded TP WindowsClientTargetPlatform
[2020.04.13-18.48.48:012][  0]LogTemp: Display: Loaded TP WindowsNoEditorTargetPlatform
[2020.04.13-18.48.48:034][  0]LogTemp: Display: Loaded TP WindowsServerTargetPlatform
[2020.04.13-18.48.48:045][  0]LogTemp: Display: Loaded TP WindowsTargetPlatform
[2020.04.13-18.48.48:169][  0]LogTemp: Display: Loaded TP AndroidTargetPlatform
[2020.04.13-18.48.48:169][  0]LogTemp: Display: Loaded TP AndroidTargetPlatform
[2020.04.13-18.48.48:169][  0]LogTemp: Display: Loaded TP AndroidTargetPlatform
[2020.04.13-18.48.48:169][  0]LogTemp: Display: Loaded TP AndroidTargetPlatform
[2020.04.13-18.48.48:169][  0]LogTemp: Display: Loaded TP AndroidTargetPlatform
[2020.04.13-18.48.48:169][  0]LogTemp: Display: Loaded TP AndroidTargetPlatform
[2020.04.13-18.48.48:169][  0]LogTemp: Display: Loaded TP AndroidTargetPlatform
[2020.04.13-18.48.48:169][  0]LogTemp: Display: Loaded TP AndroidTargetPlatform
[2020.04.13-18.48.48:169][  0]LogTemp: Display: Loaded TP AndroidTargetPlatform
[2020.04.13-18.48.48:169][  0]LogTemp: Display: Loaded TP AndroidTargetPlatform
[2020.04.13-18.48.48:169][  0]LogTemp: Display: Loaded TP AndroidTargetPlatform
[2020.04.13-18.48.48:169][  0]LogTemp: Display: Loaded TP AndroidTargetPlatform
[2020.04.13-18.48.48:169][  0]LogTemp: Display: Loaded TP AndroidTargetPlatform
[2020.04.13-18.48.48:169][  0]LogTemp: Display: Loaded TP AndroidTargetPlatform
[2020.04.13-18.48.48:169][  0]LogTemp: Display: Loaded TP AndroidTargetPlatform
[2020.04.13-18.48.48:169][  0]LogTemp: Display: Loaded TP AndroidTargetPlatform
[2020.04.13-18.48.48:169][  0]LogTemp: Display: Loaded TP AndroidTargetPlatform
[2020.04.13-18.48.48:169][  0]LogTemp: Display: Loaded TP AndroidTargetPlatform
[2020.04.13-18.48.48:171][  0]LogTemp: Display: Loaded TP HTML5TargetPlatform
[2020.04.13-18.48.48:255][  0]LogTemp: Display: Loaded TP IOSTargetPlatform
[2020.04.13-18.48.48:255][  0]LogTemp: Display: Loaded TP IOSTargetPlatform
[2020.04.13-18.48.48:316][  0]LogTemp: Display: Loaded TP TVOSTargetPlatform
[2020.04.13-18.48.48:316][  0]LogTemp: Display: Loaded TP TVOSTargetPlatform
[2020.04.13-18.48.48:340][  0]LogTemp: Display: Loaded TP LinuxClientTargetPlatform
[2020.04.13-18.48.48:358][  0]LogTemp: Display: Loaded TP LinuxNoEditorTargetPlatform
[2020.04.13-18.48.48:377][  0]LogTemp: Display: Loaded TP LinuxServerTargetPlatform
[2020.04.13-18.48.48:400][  0]LogTemp: Display: Loaded TP LinuxTargetPlatform
[2020.04.13-18.48.48:412][  0]LogTemp: Display: Loaded TP LuminTargetPlatform
[2020.04.13-18.48.48:412][  0]LogTargetPlatformManager: Display: Building Assets For Windows
[2020.04.13-18.48.48:495][  0]LogXGEController: Cleaning working directory: C:/Users/DaultonNelson/AppData/Local/Temp/UnrealXGEWorkingDir/
[2020.04.13-18.48.48:495][  0]LogXGEController: Cannot use XGE Controller as Incredibuild is not installed on this machine.
[2020.04.13-18.48.48:495][  0]LogShaderCompilers: Cannot use XGE Shader Compiler as Incredibuild is not installed on this machine.
[2020.04.13-18.48.48:495][  0]LogShaderCompilers: Display: Using Local Shader Compiler.
[2020.04.13-18.48.49:681][  0]LogDerivedDataCache: Display: Max Cache Size: 512 MB
[2020.04.13-18.48.49:781][  0]LogDerivedDataCache: Loaded boot cache 0.10s 71MB C:/Users/DaultonNelson/AppData/Local/UnrealEngine/4.20/DerivedDataCache/Boot.ddc.
[2020.04.13-18.48.49:782][  0]LogDerivedDataCache: Display: Loaded Boot cache: C:/Users/DaultonNelson/AppData/Local/UnrealEngine/4.20/DerivedDataCache/Boot.ddc
[2020.04.13-18.48.49:782][  0]LogDerivedDataCache: FDerivedDataBackendGraph:  Pak pak cache file ../../../../../../../Side Projects/Unreal Portfolio Invaders/PortfolioInvaders/PortInvadeProject/DerivedDataCache/DDC.ddp not found, will not use a pak cache.
[2020.04.13-18.48.49:782][  0]LogDerivedDataCache: Unable to find inner node Pak for hierarchical cache Hierarchy.
[2020.04.13-18.48.49:782][  0]LogDerivedDataCache: FDerivedDataBackendGraph:  CompressedPak pak cache file ../../../../../../../Side Projects/Unreal Portfolio Invaders/PortfolioInvaders/PortInvadeProject/DerivedDataCache/Compressed.ddp not found, will not use a pak cache.
[2020.04.13-18.48.49:782][  0]LogDerivedDataCache: Unable to find inner node CompressedPak for hierarchical cache Hierarchy.
[2020.04.13-18.48.49:821][  0]LogDerivedDataCache: Display: Pak cache opened for reading ../../../Engine/DerivedDataCache/Compressed.ddp.
[2020.04.13-18.48.49:835][  0]LogDerivedDataCache: Using Local data cache path C:/Users/DaultonNelson/AppData/Local/UnrealEngine/Common/DerivedDataCache: Writable
[2020.04.13-18.48.49:835][  0]LogDerivedDataCache: Shared data cache path not found in *engine.ini, will not use an Shared cache.
[2020.04.13-18.48.49:835][  0]LogDerivedDataCache: Unable to find inner node Shared for hierarchical cache Hierarchy.
[2020.04.13-18.48.49:895][  0]LogMaterial: Verifying Global Shaders for PCD3D_SM5
[2020.04.13-18.48.49:897][  0]LogSlate: Using FreeType 2.6.0
[2020.04.13-18.48.49:899][  0]LogSlate: SlateFontServices - WITH_FREETYPE: 1, WITH_HARFBUZZ: 1
[2020.04.13-18.48.50:017][  0]LogAssetRegistry: FAssetRegistry took 0.0298 seconds to start up
[2020.04.13-18.48.50:556][  0]LogInit: Selected Device Profile: [Windows]
[2020.04.13-18.48.50:786][  0]LogSimplygon: Simplygon DLL not present - disabling.
[2020.04.13-18.48.50:790][  0]LogMeshReduction: Using SimplygonSwarm for distributed automatic mesh merging
[2020.04.13-18.48.50:790][  0]LogMeshReduction: Using ProxyLODMeshReduction for automatic mesh merging
[2020.04.13-18.48.50:790][  0]LogMeshReduction: Using QuadricMeshReduction for automatic static mesh reduction
[2020.04.13-18.48.50:790][  0]LogMeshReduction: No automatic skeletal mesh reduction module available
[2020.04.13-18.48.50:810][  0]LogNetVersion: PortInvadeProject 1.0.0, NetCL: 4212847, EngineNetVer: 5, GameNetVer: 0 (Checksum: 2198381219)
[2020.04.13-18.48.51:507][  0]LogPackageLocalizationCache: Processed 11 localized package path(s) for 2 prioritized culture(s) in 0.110689 seconds
[2020.04.13-18.48.51:513][  0]LogUObjectArray: 38425 objects as part of root set at end of initial load.
[2020.04.13-18.48.51:513][  0]LogUObjectAllocator: 6690864 out of 0 bytes used by permanent object pool.
[2020.04.13-18.48.51:513][  0]LogUObjectArray: CloseDisregardForGC: 0/0 objects in disregard for GC pool
[2020.04.13-18.48.53:113][  0]LogTcpMessaging: Initializing TcpMessaging bridge
[2020.04.13-18.48.53:131][  0]LogUdpMessaging: Initializing bridge on interface 0.0.0.0:0 to multicast group 230.0.0.1:6666.
[2020.04.13-18.48.53:446][  0]SourceControl: Source control is disabled
[2020.04.13-18.48.53:446][  0]SourceControl: Source control is disabled
[2020.04.13-18.48.53:449][  0]SourceControl: Source control is disabled
[2020.04.13-18.48.53:452][  0]SourceControl: Source control is disabled
[2020.04.13-18.48.53:726][  0]LogAndroidPermission: UAndroidPermissionCallbackProxy::GetInstance
[2020.04.13-18.48.54:503][  0]LogOcInput: OculusInput pre-init called
[2020.04.13-18.48.54:667][  0]LogEngine: Initializing Engine...
[2020.04.13-18.48.54:668][  0]LogHMD: Failed to initialize OpenVR with code 110
[2020.04.13-18.48.54:671][  0]LogStats: UGameplayTagsManager::ConstructGameplayTagTree: ImportINI prefixes -  0.000 s
[2020.04.13-18.48.54:671][  0]LogStats: UGameplayTagsManager::ConstructGameplayTagTree: Construct from data asset -  0.000 s
[2020.04.13-18.48.54:672][  0]LogStats: UGameplayTagsManager::ConstructGameplayTagTree: ImportINI -  0.000 s
[2020.04.13-18.48.54:672][  0]LogStats: UGameplayTagsManager::ConstructGameplayTagTree: GameplayTagTreeChangedEvent.Broadcast -  0.000 s
[2020.04.13-18.48.54:946][  0]LogInit: Initializing FReadOnlyCVARCache
[2020.04.13-18.48.54:973][  0]LogAIModule: Creating AISystem for world Untitled
[2020.04.13-18.48.55:132][  0]LogInit: XAudio2 using 'HeadPhone/Digital Output (Realtek High Definition Audio)' : 6 channels at 48 kHz using 32 bits per sample (channel mask 0x3f)
[2020.04.13-18.48.55:372][  0]LogInit: FAudioDevice initialized.
[2020.04.13-18.48.55:373][  0]LogNetVersion: Set ProjectVersion to 1.0.0.0. Version Checksum will be recalculated on next use.
[2020.04.13-18.48.55:527][  0]LogDerivedDataCache: Saved boot cache 0.15s 71MB C:/Users/DaultonNelson/AppData/Local/UnrealEngine/4.20/DerivedDataCache/Boot.ddc.
[2020.04.13-18.48.55:536][  0]LogInit: Texture streaming: Enabled
[2020.04.13-18.48.55:597][  0]LogEngineSessionManager: EngineSessionManager initialized
[2020.04.13-18.48.55:598][  0]LogEngineSessionManager: EngineSessionManager sent abnormal shutdown report. Type=Crashed, SessionId={6F10ED25-4B18-E0BA-8E41-3681499C9594}
[2020.04.13-18.48.55:636][  0]LogInit: Transaction tracking system initialized
[2020.04.13-18.48.55:702][  0]BlueprintLog: New page: Editor Load
[2020.04.13-18.48.55:918][  0]LocalizationService: Localization service is disabled
[2020.04.13-18.48.56:448][  0]LogCook: Display: Max memory allowance for cook 16384mb min free memory 0mb
[2020.04.13-18.48.56:448][  0]LogCook: Display: Mobile HDR setting 1
[2020.04.13-18.48.56:448][  0]LogGameplayTags: Display: UGameplayTagsManager::DoneAddingNativeTags. DelegateIsBound: 0
[2020.04.13-18.48.56:448][  0]LogStats: UGameplayTagsManager::ConstructGameplayTagTree: ImportINI prefixes -  0.000 s
[2020.04.13-18.48.56:448][  0]LogStats: UGameplayTagsManager::ConstructGameplayTagTree: Construct from data asset -  0.000 s
[2020.04.13-18.48.56:448][  0]LogStats: UGameplayTagsManager::ConstructGameplayTagTree: ImportINI -  0.000 s
[2020.04.13-18.48.56:448][  0]LogStats: UGameplayTagsManager::ConstructGameplayTagTree: GameplayTagTreeChangedEvent.Broadcast -  0.000 s
[2020.04.13-18.48.56:664][  0]LogFileCache: Scanning file cache for directory 'D:/Side Projects/Unreal Portfolio Invaders/PortfolioInvaders/PortInvadeProject/Content/' took 0.02s
[2020.04.13-18.48.56:664][  0]SourceControl: Source control is disabled
[2020.04.13-18.48.56:665][  0]LightingResults: New page: Lighting Build
[2020.04.13-18.48.56:670][  0]MapCheck: New page: Map Check
[2020.04.13-18.48.56:670][  0]LightingResults: New page: Lighting Build
[2020.04.13-18.48.57:478][  0]LogAIModule: Creating AISystem for world Minimal_Default
[2020.04.13-18.48.57:483][  0]LogEditorServer: Finished looking for orphan Actors (0.000 secs)
[2020.04.13-18.48.57:505][  0]Cmd: MAP CHECKDEP NOCLEARLOG
[2020.04.13-18.48.57:626][  0]MapCheck: Map check complete: 0 Error(s), 0 Warning(s), took 120.838ms to complete.
[2020.04.13-18.48.57:626][  0]LogFileHelpers: Loading map 'Minimal_Default' took 0.963
[2020.04.13-18.48.57:935][  0]LogSlate: Updating window title bar state: overlay mode, drag disabled, window buttons hidden, title bar hidden
[2020.04.13-18.48.57:950][  0]LogSlate: Updating window title bar state: overlay mode, drag disabled, window buttons hidden, title bar hidden
[2020.04.13-18.48.57:969][  0]LogSlate: Updating window title bar state: overlay mode, drag disabled, window buttons hidden, title bar hidden
[2020.04.13-18.48.57:985][  0]LogSlate: Updating window title bar state: overlay mode, drag disabled, window buttons hidden, title bar hidden
[2020.04.13-18.48.57:999][  0]LogCollectionManager: Loaded 0 collections in 0.003386 seconds
[2020.04.13-18.48.58:049][  0]LogFileCache: Scanning file cache for directory 'D:/Side Projects/Unreal Portfolio Invaders/PortfolioInvaders/PortInvadeProject/Saved/Collections/' took 0.01s
[2020.04.13-18.48.58:049][  0]LogFileCache: Scanning file cache for directory 'D:/Side Projects/Unreal Portfolio Invaders/PortfolioInvaders/PortInvadeProject/Content/Developers/DaultonNelson/Collections/' took 0.01s
[2020.04.13-18.48.58:049][  0]LogFileCache: Scanning file cache for directory 'D:/Side Projects/Unreal Portfolio Invaders/PortfolioInvaders/PortInvadeProject/Content/Collections/' took 0.01s
[2020.04.13-18.48.58:050][  0]LogCollectionManager: Rebuilt the GUID cache for 0 collections in 0.000001 seconds
[2020.04.13-18.48.58:067][  0]LogContentBrowser: Native class hierarchy populated in 0.0176 seconds. Added 2572 classes and 603 folders.
[2020.04.13-18.48.58:079][  0]LogContentBrowser: Native class hierarchy updated for 'WidgetCarousel' in 0.0003 seconds. Added 0 classes and 0 folders.
[2020.04.13-18.48.58:143][  0]LogContentBrowser: Native class hierarchy updated for 'AddContentDialog' in 0.0002 seconds. Added 0 classes and 0 folders.
[2020.04.13-18.48.58:146][  0]LogContentBrowser: Native class hierarchy updated for 'SceneOutliner' in 0.0002 seconds. Added 1 classes and 2 folders.
[2020.04.13-18.48.59:719][  0]LogSlate: Only BGRA pngs, bmps or icos are supported in by External Image Picker
[2020.04.13-18.48.59:826][  0]LogSlate: Took 0.000232 seconds to synchronously load lazily loaded font '../../../Engine/Content/Slate/Fonts/Roboto-Regular.ttf' (155K)
[2020.04.13-18.48.59:830][  0]LogSlate: Took 0.000254 seconds to synchronously load lazily loaded font '../../../Engine/Content/Slate/Fonts/Roboto-Bold.ttf' (160K)
[2020.04.13-18.48.59:837][  0]LogSlate: Took 0.000388 seconds to synchronously load lazily loaded font '../../../Engine/Content/Editor/Slate/Fonts/FontAwesome.ttf' (139K)
[2020.04.13-18.48.59:932][  0]LogRenderer: Reallocating scene render targets to support 860x436 Format 10 NumSamples 1 (Frame:1).
[2020.04.13-18.49.00:062][  0]LogTemp: Executing iPhonePackager certificates Engine -bundlename com.YourCompany.PortInvadeProject
[2020.04.13-18.49.00:062][  0]LogTemp: CWD: D:\Program Files\Unreal\Engine\UE_4.20\Engine\Binaries\DotNET\IOS
[2020.04.13-18.49.00:062][  0]LogTemp: Initial Dir: D:\Program Files\Unreal\Engine\UE_4.20
[2020.04.13-18.49.00:062][  0]LogTemp: Env CWD: D:\Program Files\Unreal\Engine\UE_4.20\Engine\Binaries\DotNET\IOS
[2020.04.13-18.49.00:062][  0]LogTemp: BranchPath = MSI/D/Program Files/Unreal/Engine/UE_4.20/Engine/Binaries --- GameBranchPath = MSI/D/Program Files/Unreal/Engine/UE_4.20/Engine/Binaries
[2020.04.13-18.49.00:062][  0]LogTemp: IPP ERROR: Could not find provision directory 'C:\Users\DaultonNelson\AppData\Local/Apple Computer/MobileDevice/Provisioning Profiles/'.
[2020.04.13-18.49.00:077][  0]LogContentBrowser: Native class hierarchy updated for 'HierarchicalLODOutliner' in 0.0003 seconds. Added 0 classes and 0 folders.
[2020.04.13-18.49.00:077][  0]LogLoad: (Engine Initialization) Total time: 19.03 seconds
[2020.04.13-18.49.00:077][  0]LogLoad: (Engine Initialization) Total Blueprint compile time: 0.00 seconds
[2020.04.13-18.49.00:115][  0]LogContentStreaming: Texture pool size now 1000 MB
[2020.04.13-18.49.00:146][  0]LogSlate: Took 0.000230 seconds to synchronously load lazily loaded font '../../../Engine/Content/Slate/Fonts/Roboto-Light.ttf' (167K)
[2020.04.13-18.49.00:171][  1]LogAssetRegistry: Asset discovery search completed in 10.1780 seconds
[2020.04.13-18.49.00:173][  1]LogCollectionManager: Rebuilt the object cache for 0 collections in 0.000000 seconds (found 0 objects)
[2020.04.13-18.49.00:173][  1]LogCollectionManager: Fixed up redirectors for 0 collections in 0.000066 seconds (updated 0 objects)
[2020.04.13-18.49.01:221][ 33]LogSlate: Took 0.000385 seconds to synchronously load lazily loaded font '../../../Engine/Content/Slate/Fonts/Roboto-Light.ttf' (167K)
[2020.04.13-18.49.03:647][105]LogSlate: FSceneViewport::OnFocusLost() reason 0
[2020.04.13-18.49.03:832][109]LogAssetEditorManager: Opening Asset editor for AnimBlueprint /Game/3DAssets/InvaderSquid/ABP_Squid.ABP_Squid
[2020.04.13-18.49.03:894][109]LogContentBrowser: Native class hierarchy updated for 'SkeletonEditor' in 0.0002 seconds. Added 1 classes and 2 folders.
[2020.04.13-18.49.04:259][109]LogActorComponent: RegisterComponentWithWorld: (/Engine/Transient.World_4:PersistentLevel.AnimationEditorPreviewActor_0.DebugSkelMeshComponent_0) Already registered. Aborting.
[2020.04.13-18.49.04:263][109]LogContentBrowser: Native class hierarchy updated for 'PinnedCommandList' in 0.0003 seconds. Added 1 classes and 0 folders.
[2020.04.13-18.49.05:464][109]LogContentBrowser: Native class hierarchy updated for 'BlueprintGraph' in 0.0041 seconds. Added 116 classes and 0 folders.
[2020.04.13-18.49.07:196][109]LogSkeletalMesh: USkeletalMeshComponent::InitArticulated : Bodies already created (/Engine/Transient.World_4:PersistentLevel.AnimationEditorPreviewActor_0.DebugSkelMeshComponent_0) - call TermArticulated first.
[2020.04.13-18.49.07:875][109]LogSlate: Took 0.000635 seconds to synchronously load lazily loaded font '../../../Engine/Content/Slate/Fonts/Roboto-BoldCondensed.ttf' (158K)
[2020.04.13-18.49.07:981][109]LogContentBrowser: Native class hierarchy updated for 'ClothingSystemEditorInterface' in 0.0004 seconds. Added 1 classes and 0 folders.
[2020.04.13-18.49.08:033][109]LogContentBrowser: Verbose: The majority of assets in the view are of type: AnimSequence
[2020.04.13-18.49.14:756][229]LogSavePackage: Moving '../../../../../../../Side Projects/Unreal Portfolio Invaders/PortfolioInvaders/PortInvadeProject/Saved/ABP_Squid0DC9E34248FD625749E7ACA17D9D7230.tmp' to '../../../../../../../Side Projects/Unreal Portfolio Invaders/PortfolioInvaders/PortInvadeProject/Content/3DAssets/InvaderSquid/ABP_Squid.uasset'
[2020.04.13-18.49.16:023][261]LogD3D11RHI: Error: Result failed 
 at D:\Build\++UE4\Sync\Engine\Source\Runtime\Windows\D3D11RHI\Private\D3D11Viewport.cpp:304 
 with error DXGI_ERROR_DEVICE_REMOVED DXGI_ERROR_DEVICE_HUNG
[2020.04.13-18.49.16:024][261]LogD3D11RHI: [Aftermath] GDynamicRHI=000001873FB2E140, GDX11NVAfterMathEnabled=0, Result=0xFFFFFFFF, bDeviceActive=0
[2020.04.13-18.49.16:024][261]LogWindows: Windows GetLastError: The operation completed successfully. (0)
[2020.04.13-18.49.18:666][261]LogWindows: Windows GetLastError: The operation completed successfully. (0)
[2020.04.13-18.49.18:666][261]LogWindows: Error: === Critical error: ===
[2020.04.13-18.49.18:666][261]LogWindows: Error: 
[2020.04.13-18.49.18:666][261]LogWindows: Error: Fatal error: [File:D:\Build\++UE4\Sync\Engine\Source\Runtime\RenderCore\Private\RenderingThread.cpp] [Line: 826] 
[2020.04.13-18.49.18:666][261]LogWindows: Error: Rendering thread exception:
[2020.04.13-18.49.18:666][261]LogWindows: Error: Fatal error: [File:D:\Build\++UE4\Sync\Engine\Source\Runtime\Windows\D3D11RHI\Private\D3D11Util.cpp] [Line: 200] 
[2020.04.13-18.49.18:666][261]LogWindows: Error: Unreal Engine is exiting due to D3D device being lost. (Error: 0x887A0006 - 'HUNG')
[2020.04.13-18.49.18:666][261]LogWindows: Error: 
[2020.04.13-18.49.18:666][261]LogWindows: Error: 
[2020.04.13-18.49.18:666][261]LogWindows: Error: [Callstack] 0x00007ffad7dca859 KERNELBASE.dll!UnknownFunction []
[2020.04.13-18.49.18:666][261]LogWindows: Error: [Callstack] 0x00007ffaa2416850 UE4Editor-ApplicationCore.dll!UnknownFunction []
[2020.04.13-18.49.18:666][261]LogWindows: Error: [Callstack] 0x00007ffa77b762fc UE4Editor-Core.dll!UnknownFunction []
[2020.04.13-18.49.18:666][261]LogWindows: Error: [Callstack] 0x00007ffa77b051db UE4Editor-Core.dll!UnknownFunction []
[2020.04.13-18.49.18:666][261]LogWindows: Error: [Callstack] 0x00007ffa46a1adea UE4Editor-D3D11RHI.dll!UnknownFunction []
[2020.04.13-18.49.18:666][261]LogWindows: Error: [Callstack] 0x00007ffa46a1e6e4 UE4Editor-D3D11RHI.dll!UnknownFunction []
[2020.04.13-18.49.18:666][261]LogWindows: Error: [Callstack] 0x00007ffa469fd0aa UE4Editor-D3D11RHI.dll!UnknownFunction []
[2020.04.13-18.49.18:666][261]LogWindows: Error: [Callstack] 0x00007ffa46a0ab70 UE4Editor-D3D11RHI.dll!UnknownFunction []
[2020.04.13-18.49.18:666][261]LogWindows: Error: [Callstack] 0x00007ffaa24ab106 UE4Editor-RHI.dll!UnknownFunction []
[2020.04.13-18.49.18:666][261]LogWindows: Error: [Callstack] 0x00007ffa467b1b42 UE4Editor-SlateRHIRenderer.dll!UnknownFunction []
[2020.04.13-18.49.18:666][261]LogWindows: Error: [Callstack] 0x00007ffa467b7d0a UE4Editor-SlateRHIRenderer.dll!UnknownFunction []
[2020.04.13-18.49.18:666][261]LogWindows: Error: [Callstack] 0x00007ffa77991f92 UE4Editor-Core.dll!UnknownFunction []
[2020.04.13-18.49.18:666][261]LogWindows: Error: [Callstack] 0x00007ffa77992456 UE4Editor-Core.dll!UnknownFunction []
[2020.04.13-18.49.18:666][261]LogWindows: Error: [Callstack] 0x00007ffaa26e75f9 UE4Editor-RenderCore.dll!UnknownFunction []
[2020.04.13-18.49.18:666][261]LogWindows: Error: [Callstack] 0x00007ffaa26e8574 UE4Editor-RenderCore.dll!UnknownFunction []
[2020.04.13-18.49.18:666][261]LogWindows: Error: [Callstack] 0x00007ffa77dd6b7c UE4Editor-Core.dll!UnknownFunction []
[2020.04.13-18.49.18:666][261]LogWindows: Error: [Callstack] 0x00007ffa77dd17c7 UE4Editor-Core.dll!UnknownFunction []
[2020.04.13-18.49.18:666][261]LogWindows: Error: [Callstack] 0x00007ffad8757bd4 KERNEL32.DLL!UnknownFunction []
[2020.04.13-18.49.18:666][261]LogWindows: Error: [Callstack] 0x00007ffada1eced1 ntdll.dll!UnknownFunction []
[2020.04.13-18.49.18:666][261]LogWindows: Error: 
[2020.04.13-18.49.18:666][261]LogWindows: Error: 
[2020.04.13-18.49.18:666][261]LogWindows: Error: 
[2020.04.13-18.49.18:666][261]LogWindows: Error: 
[2020.04.13-18.49.18:689][261]LogExit: Executing StaticShutdownAfterError
[2020.04.13-18.49.18:692][261]LogWindows: FPlatformMisc::RequestExit(1)
[2020.04.13-18.49.18:696][261]Log file closed, 04/13/20 14:49:18
