Log file open, 04/23/20 15:21:54
LogWindows: Failed to load 'aqProf.dll' (GetLastError=126)
LogWindows: File 'aqProf.dll' does not exist
LogWindows: Failed to load 'VSPerf140.dll' (GetLastError=126)
LogWindows: File 'VSPerf140.dll' does not exist
LogWindows: Failed to load 'VtuneApi.dll' (GetLastError=126)
LogWindows: File 'VtuneApi.dll' does not exist
LogWindows: Failed to load 'VtuneApi32e.dll' (GetLastError=126)
LogWindows: File 'VtuneApi32e.dll' does not exist
LogInit: Display: Running engine for game: PortInvadeProject
LogPlatformFile: Not using cached read wrapper
LogTaskGraph: Started task graph with 5 named threads and 23 total threads with 3 sets of task threads.
LogStats: Stats thread started at 0.290857
LogD3D11RHI: Loaded GFSDK_Aftermath_Lib.x64.dll
LogICUInternationalization: Display: ICU TimeZone Detection - Raw Offset: -5:00, Platform Override: ''
LogPluginManager: Mounting plugin Paper2D
LogPluginManager: Mounting plugin AISupport
LogPluginManager: Mounting plugin LightPropagationVolume
LogPluginManager: Mounting plugin CLionSourceCodeAccess
LogPluginManager: Mounting plugin CodeLiteSourceCodeAccess
LogPluginManager: Mounting plugin GitSourceControl
LogPluginManager: Mounting plugin KDevelopSourceCodeAccess
LogPluginManager: Mounting plugin NullSourceCodeAccess
LogPluginManager: Mounting plugin PerforceSourceControl
LogPluginManager: Mounting plugin SubversionSourceControl
LogPluginManager: Mounting plugin UObjectPlugin
LogPluginManager: Mounting plugin VisualStudioCodeSourceCodeAccess
LogPluginManager: Mounting plugin VisualStudioSourceCodeAccess
LogPluginManager: Mounting plugin XCodeSourceCodeAccess
LogPluginManager: Mounting plugin AssetManagerEditor
LogPluginManager: Mounting plugin CryptoKeys
LogPluginManager: Mounting plugin DataValidation
LogPluginManager: Mounting plugin FacialAnimation
LogPluginManager: Mounting plugin GameplayTagsEditor
LogPluginManager: Mounting plugin MacGraphicsSwitching
LogPluginManager: Mounting plugin MeshEditor
LogPluginManager: Mounting plugin MobileLauncherProfileWizard
LogPluginManager: Mounting plugin PluginBrowser
LogPluginManager: Mounting plugin SpeedTreeImporter
LogPluginManager: Mounting plugin DatasmithContent
LogPluginManager: Mounting plugin AlembicImporter
LogPluginManager: Mounting plugin AppleImageUtils
LogPluginManager: Mounting plugin AppleVision
LogPluginManager: Mounting plugin BackChannel
LogPluginManager: Mounting plugin CharacterAI
LogPluginManager: Mounting plugin GeometryCache
LogPluginManager: Mounting plugin HTML5Networking
LogPluginManager: Mounting plugin ProxyLODPlugin
LogPluginManager: Mounting plugin MagicLeap
LogPluginManager: Mounting plugin MagicLeapEmulator
LogPluginManager: Mounting plugin MagicLeapMedia
LogPluginManager: Mounting plugin AndroidMedia
LogPluginManager: Mounting plugin AvfMedia
LogPluginManager: Mounting plugin ImgMedia
LogPluginManager: Mounting plugin LinearTimecode
LogPluginManager: Mounting plugin MediaCompositing
LogPluginManager: Mounting plugin MediaPlayerEditor
LogPluginManager: Mounting plugin WmfMedia
LogPluginManager: Mounting plugin TcpMessaging
LogPluginManager: Mounting plugin UdpMessaging
LogPluginManager: Mounting plugin ActorSequence
LogPluginManager: Mounting plugin LevelSequenceEditor
LogPluginManager: Mounting plugin MatineeToLevelSequence
LogPluginManager: Mounting plugin NetcodeUnitTest
LogPluginManager: Mounting plugin NUTUnrealEngine4
LogPluginManager: Mounting plugin OnlineSubsystemGooglePlay
LogPluginManager: Mounting plugin OnlineSubsystemIOS
LogPluginManager: Mounting plugin OnlineSubsystem
LogPluginManager: Mounting plugin OnlineSubsystemNull
LogPluginManager: Mounting plugin OnlineSubsystemUtils
LogPluginManager: Mounting plugin LauncherChunkInstaller
LogPluginManager: Mounting plugin AndroidDeviceProfileSelector
LogPluginManager: Mounting plugin AndroidMoviePlayer
LogPluginManager: Mounting plugin AndroidPermission
LogPluginManager: Mounting plugin AppleMoviePlayer
LogPluginManager: Mounting plugin ArchVisCharacter
LogPluginManager: Mounting plugin AudioCapture
LogPluginManager: Mounting plugin CableComponent
LogPluginManager: Mounting plugin CustomMeshComponent
LogPluginManager: Mounting plugin EditableMesh
LogPluginManager: Mounting plugin ExampleDeviceProfileSelector
LogPluginManager: Mounting plugin GoogleCloudMessaging
LogPluginManager: Mounting plugin ImmediatePhysics
LogPluginManager: Mounting plugin IOSDeviceProfileSelector
LogPluginManager: Mounting plugin LinuxDeviceProfileSelector
LogPluginManager: Mounting plugin LocationServicesBPLibrary
LogPluginManager: Mounting plugin MobilePatchingUtils
LogPluginManager: Mounting plugin OculusVR
LogPluginManager: Plugin shader directory ../../../Engine/Plugins/Runtime/Oculus/OculusVR/Shaders found
LogPluginManager: Mapping shader source directory ../../../Engine/Plugins/Runtime/Oculus/OculusVR/Shaders to virtual directory /Plugin/OculusVR
LogPluginManager: Mounting plugin PhysXVehicles
LogPluginManager: Mounting plugin ProceduralMeshComponent
LogPluginManager: Mounting plugin RuntimePhysXCooking
LogPluginManager: Mounting plugin SteamVR
LogPluginManager: Mounting plugin WindowsMoviePlayer
LogStreaming: Display: Took  0.151s to configure plugins.
LogInit: Using libcurl 7.55.1-DEV
LogInit:  - built for x86_64-pc-win32
LogInit:  - supports SSL with OpenSSL/1.0.2h
LogInit:  - supports HTTP deflate (compression) using libz 1.2.8
LogInit:  - other features:
LogInit:      CURL_VERSION_SSL
LogInit:      CURL_VERSION_LIBZ
LogInit:      CURL_VERSION_IPV6
LogInit:      CURL_VERSION_ASYNCHDNS
LogInit:      CURL_VERSION_LARGEFILE
LogInit:      CURL_VERSION_IDN
LogInit:  CurlRequestOptions (configurable via config and command line):
LogInit:  - bVerifyPeer = false  - Libcurl will NOT verify peer certificate
LogInit:  - bUseHttpProxy = false  - Libcurl will NOT use HTTP proxy
LogInit:  - bDontReuseConnections = false  - Libcurl will reuse connections
LogInit:  - CertBundlePath = nullptr  - Libcurl will use whatever was configured at build time.
LogInit:  - MaxHostConnections = 16  - Libcurl will limit the number of connections to a host
LogInit:  - LocalHostAddr = Default
LogInit:  - BufferSize = 65536
LogInit: WinSock: version 1.1 (2.2), MaxSocks=32767, MaxUdp=65467
LogInit: Build: ++UE4+Release-4.20-CL-4369336
LogInit: Engine Version: 4.20.3-4369336+++UE4+Release-4.20
LogInit: Compatible Engine Version: 4.20.0-4212847+++UE4+Release-4.20
LogInit: Net CL: 4212847
LogInit: OS: Windows 10 (), CPU: Intel(R) Core(TM) i7-7700HQ CPU @ 2.80GHz, GPU: Intel(R) HD Graphics 630
LogInit: Compiled (64-bit): Sep 17 2018 12:26:19
LogInit: Compiled with Visual C++: 19.13.26129.00
LogInit: Build Configuration: Development
LogInit: Branch Name: ++UE4+Release-4.20
LogInit: Command Line: 
LogInit: Base Directory: D:/Program Files/Unreal/Engine/UE_4.20/Engine/Binaries/Win64/
LogInit: Installed Engine Build: 1
LogDevObjectVersion: Number of dev versions registered: 20
LogDevObjectVersion:   Dev-Blueprints (B0D832E4-1F89-4F0D-ACCF-7EB736FD4AA2): 10
LogDevObjectVersion:   Dev-Build (E1C64328-A22C-4D53-A36C-8E866417BD8C): 0
LogDevObjectVersion:   Dev-Core (375EC13C-06E4-48FB-B500-84F0262A717E): 2
LogDevObjectVersion:   Dev-Editor (E4B068ED-F494-42E9-A231-DA0B2E46BB41): 24
LogDevObjectVersion:   Dev-Framework (CFFC743F-43B0-4480-9391-14DF171D2073): 34
LogDevObjectVersion:   Dev-Mobile (B02B49B5-BB20-44E9-A304-32B752E40360): 2
LogDevObjectVersion:   Dev-Networking (A4E4105C-59A1-49B5-A7C5-40C4547EDFEE): 0
LogDevObjectVersion:   Dev-Online (39C831C9-5AE6-47DC-9A44-9C173E1C8E7C): 0
LogDevObjectVersion:   Dev-Physics (78F01B33-EBEA-4F98-B9B4-84EACCB95AA2): 0
LogDevObjectVersion:   Dev-Platform (6631380F-2D4D-43E0-8009-CF276956A95A): 0
LogDevObjectVersion:   Dev-Rendering (12F88B9F-8875-4AFC-A67C-D90C383ABD29): 26
LogDevObjectVersion:   Dev-Sequencer (7B5AE74C-D270-4C10-A958-57980B212A5A): 9
LogDevObjectVersion:   Dev-VR (D7296918-1DD6-4BDD-9DE2-64A83CC13884): 2
LogDevObjectVersion:   Dev-LoadTimes (C2A15278-BFE7-4AFE-6C17-90FF531DF755): 1
LogDevObjectVersion:   Private-Geometry (6EACA3D4-40EC-4CC1-B786-8BED09428FC5): 3
LogDevObjectVersion:   Dev-AnimPhys (29E575DD-E0A3-4627-9D10-D276232CDCEA): 17
LogDevObjectVersion:   Dev-ReflectionCapture (6B266CEC-1EC7-4B8F-A30B-E4D90942FC07): 1
LogDevObjectVersion:   Dev-Automation (0DF73D61-A23F-47EA-B727-89E90C41499A): 1
LogDevObjectVersion:   FortniteMain (601D1886-AC64-4F84-AA16-D3DE0DEAC7D6): 12
LogDevObjectVersion:   Dev-Enterprise (9DFFBCD6-494F-0158-E221-12823C92A888): 1
LogStreaming: Display: Took  0.146s to delete old logs.
LogInit: Presizing for max 8388607 objects, including 0 objects not considered by GC, pre-allocating 0 bytes for permanent pool.
LogInit: Object subsystem initialized
[2020.04.23-19.21.55:347][  0]LogInit: Selected Device Profile: [Windows]
[2020.04.23-19.21.55:347][  0]LogInit: Applying CVar settings loaded from the selected device profile: [Windows]
[2020.04.23-19.21.55:379][  0]LogHAL: Display: Platform has ~ 16 GB [17061810176 / 17179869184 / 16], which maps to Larger [LargestMinGB=32, LargerMinGB=12, DefaultMinGB=8, SmallerMinGB=6, SmallestMinGB=0)
[2020.04.23-19.21.55:379][  0]LogInit: Setting Device Profile CVar: [[r.Vulkan.UseRealUBs:1]]
[2020.04.23-19.21.55:379][  0]LogInit: Going up to parent DeviceProfile []
[2020.04.23-19.21.55:381][  0]LogInit: Computer: MSI
[2020.04.23-19.21.55:381][  0]LogInit: User: DaultonNelson
[2020.04.23-19.21.55:381][  0]LogInit: CPU Page size=4096, Cores=4
[2020.04.23-19.21.55:381][  0]LogInit: High frequency timer resolution =10.000000 MHz
[2020.04.23-19.21.55:381][  0]LogMemory: Memory total: Physical=15.9GB (16GB approx)
[2020.04.23-19.21.55:381][  0]LogMemory: Platform Memory Stats for Windows
[2020.04.23-19.21.55:381][  0]LogMemory: Process Physical Memory: 101.44 MB used, 101.45 MB peak
[2020.04.23-19.21.55:381][  0]LogMemory: Process Virtual Memory: 89.66 MB used, 89.66 MB peak
[2020.04.23-19.21.55:381][  0]LogMemory: Physical Memory: 6931.03 MB used,  9340.38 MB free, 16271.41 MB total
[2020.04.23-19.21.55:381][  0]LogMemory: Virtual Memory: 4612.57 MB used,  9340.38 MB free, 134217728.00 MB total
[2020.04.23-19.21.57:635][  0]LogInit: Using OS detected language (en-US).
[2020.04.23-19.21.57:635][  0]LogInit: Using OS detected locale (en-US).
[2020.04.23-19.21.57:639][  0]LogTextLocalizationManager: No specific localization for 'en-US' exists, so the 'en' localization will be used.
[2020.04.23-19.21.58:086][  0]LogStreaming: Display: Took  0.451s to InitEngineTextLocalization.
[2020.04.23-19.21.58:086][  0]LogInit: Setting process to per monitor DPI aware
[2020.04.23-19.21.58:177][  0]LogSlate: New Slate User Created.  User Index 0, Is Virtual User: 0
[2020.04.23-19.21.58:177][  0]LogSlate: Slate User Registered.  User Index 0, Is Virtual User: 0
[2020.04.23-19.21.58:475][  0]LogHMD: Failed to initialize OpenVR with code 110
[2020.04.23-19.21.58:475][  0]LogD3D11RHI: D3D11 adapters:
[2020.04.23-19.21.58:900][  0]LogD3D11RHI:    0. 'NVIDIA GeForce GTX 1060' (Feature Level 11_0)
[2020.04.23-19.21.58:900][  0]LogD3D11RHI:       6052/0/8135 MB DedicatedVideo/DedicatedSystem/SharedSystem, Outputs:1, VendorId:0x10de
[2020.04.23-19.21.58:919][  0]LogD3D11RHI:    1. 'Intel(R) HD Graphics 630' (Feature Level 11_0)
[2020.04.23-19.21.58:919][  0]LogD3D11RHI:       128/0/8135 MB DedicatedVideo/DedicatedSystem/SharedSystem, Outputs:0, VendorId:0x8086
[2020.04.23-19.21.58:921][  0]LogD3D11RHI:    2. 'Microsoft Basic Render Driver' (Feature Level 11_0)
[2020.04.23-19.21.58:922][  0]LogD3D11RHI:       0/0/8135 MB DedicatedVideo/DedicatedSystem/SharedSystem, Outputs:0, VendorId:0x1414
[2020.04.23-19.21.58:922][  0]LogD3D11RHI: Chosen D3D11 Adapter: 0
[2020.04.23-19.21.59:016][  0]LogD3D11RHI: Creating new Direct3DDevice
[2020.04.23-19.21.59:016][  0]LogD3D11RHI:     GPU DeviceId: 0x1c20 (for the marketing name, search the web for "GPU Device Id")
[2020.04.23-19.21.59:016][  0]LogWindows: EnumDisplayDevices:
[2020.04.23-19.21.59:017][  0]LogWindows:    0. 'Intel(R) HD Graphics 630' (P:1 D:1)
[2020.04.23-19.21.59:018][  0]LogWindows:    1. 'Intel(R) HD Graphics 630' (P:0 D:0)
[2020.04.23-19.21.59:018][  0]LogWindows:    2. 'Intel(R) HD Graphics 630' (P:0 D:0)
[2020.04.23-19.21.59:019][  0]LogWindows:    3. 'NVIDIA GeForce GTX 1060' (P:0 D:0)
[2020.04.23-19.21.59:021][  0]LogWindows:    4. 'NVIDIA GeForce GTX 1060' (P:0 D:0)
[2020.04.23-19.21.59:023][  0]LogWindows:    5. 'NVIDIA GeForce GTX 1060' (P:0 D:0)
[2020.04.23-19.21.59:023][  0]LogWindows:    6. 'NVIDIA GeForce GTX 1060' (P:0 D:0)
[2020.04.23-19.21.59:024][  0]LogWindows: DebugString: PrimaryIsNotTheChoosenAdapter PrimaryIsNotTheChoosenAdapter PrimaryIsNotTheChoosenAdapter FoundDriverCount:4 
[2020.04.23-19.21.59:024][  0]LogD3D11RHI:     Adapter Name: NVIDIA GeForce GTX 1060
[2020.04.23-19.21.59:024][  0]LogD3D11RHI:   Driver Version: 445.75 (internal:26.21.14.4575, unified:445.75)
[2020.04.23-19.21.59:024][  0]LogD3D11RHI:      Driver Date: 3-17-2020
[2020.04.23-19.21.59:024][  0]LogRHI: Texture pool is 4236 MB (70% of 6052 MB)
[2020.04.23-19.21.59:142][  0]LogD3D11RHI: Async texture creation enabled
[2020.04.23-19.21.59:160][  0]LogD3D11RHI: GPU Timing Frequency: 1000.000000 (Debug: 2 1)
[2020.04.23-19.21.59:163][  0]LogShaderCompilers: Guid format shader working directory is -43 characters bigger than the processId version (../../../../../../../Side Projects/Unreal Portfolio Invaders/PortfolioInvaders/PortInvadeProject/Intermediate/Shaders/WorkingDirectory/12332/).
[2020.04.23-19.21.59:163][  0]LogShaderCompilers: Cleaned the shader compiler working directory 'C:/Users/DaultonNelson/AppData/Local/Temp/UnrealShaderWorkingDir/92D0759A4215D2088B1F51B39DC3BA8D/'.
[2020.04.23-19.21.59:733][  0]LogTemp: Display: Loaded TP AllDesktopTargetPlatform
[2020.04.23-19.21.59:746][  0]LogTemp: Display: Loaded TP MacClientTargetPlatform
[2020.04.23-19.21.59:760][  0]LogTemp: Display: Loaded TP MacNoEditorTargetPlatform
[2020.04.23-19.21.59:774][  0]LogTemp: Display: Loaded TP MacServerTargetPlatform
[2020.04.23-19.21.59:788][  0]LogTemp: Display: Loaded TP MacTargetPlatform
[2020.04.23-19.21.59:801][  0]LogTemp: Display: Loaded TP WindowsClientTargetPlatform
[2020.04.23-19.21.59:815][  0]LogTemp: Display: Loaded TP WindowsNoEditorTargetPlatform
[2020.04.23-19.21.59:829][  0]LogTemp: Display: Loaded TP WindowsServerTargetPlatform
[2020.04.23-19.21.59:835][  0]LogTemp: Display: Loaded TP WindowsTargetPlatform
[2020.04.23-19.21.59:990][  0]LogTemp: Display: Loaded TP AndroidTargetPlatform
[2020.04.23-19.21.59:990][  0]LogTemp: Display: Loaded TP AndroidTargetPlatform
[2020.04.23-19.21.59:990][  0]LogTemp: Display: Loaded TP AndroidTargetPlatform
[2020.04.23-19.21.59:990][  0]LogTemp: Display: Loaded TP AndroidTargetPlatform
[2020.04.23-19.21.59:990][  0]LogTemp: Display: Loaded TP AndroidTargetPlatform
[2020.04.23-19.21.59:990][  0]LogTemp: Display: Loaded TP AndroidTargetPlatform
[2020.04.23-19.21.59:990][  0]LogTemp: Display: Loaded TP AndroidTargetPlatform
[2020.04.23-19.21.59:990][  0]LogTemp: Display: Loaded TP AndroidTargetPlatform
[2020.04.23-19.21.59:990][  0]LogTemp: Display: Loaded TP AndroidTargetPlatform
[2020.04.23-19.21.59:990][  0]LogTemp: Display: Loaded TP AndroidTargetPlatform
[2020.04.23-19.21.59:990][  0]LogTemp: Display: Loaded TP AndroidTargetPlatform
[2020.04.23-19.21.59:990][  0]LogTemp: Display: Loaded TP AndroidTargetPlatform
[2020.04.23-19.21.59:990][  0]LogTemp: Display: Loaded TP AndroidTargetPlatform
[2020.04.23-19.21.59:990][  0]LogTemp: Display: Loaded TP AndroidTargetPlatform
[2020.04.23-19.21.59:990][  0]LogTemp: Display: Loaded TP AndroidTargetPlatform
[2020.04.23-19.21.59:990][  0]LogTemp: Display: Loaded TP AndroidTargetPlatform
[2020.04.23-19.21.59:990][  0]LogTemp: Display: Loaded TP AndroidTargetPlatform
[2020.04.23-19.21.59:990][  0]LogTemp: Display: Loaded TP AndroidTargetPlatform
[2020.04.23-19.21.59:992][  0]LogTemp: Display: Loaded TP HTML5TargetPlatform
[2020.04.23-19.22.00:085][  0]LogTemp: Display: Loaded TP IOSTargetPlatform
[2020.04.23-19.22.00:085][  0]LogTemp: Display: Loaded TP IOSTargetPlatform
[2020.04.23-19.22.00:152][  0]LogTemp: Display: Loaded TP TVOSTargetPlatform
[2020.04.23-19.22.00:152][  0]LogTemp: Display: Loaded TP TVOSTargetPlatform
[2020.04.23-19.22.00:169][  0]LogTemp: Display: Loaded TP LinuxClientTargetPlatform
[2020.04.23-19.22.00:181][  0]LogTemp: Display: Loaded TP LinuxNoEditorTargetPlatform
[2020.04.23-19.22.00:194][  0]LogTemp: Display: Loaded TP LinuxServerTargetPlatform
[2020.04.23-19.22.00:207][  0]LogTemp: Display: Loaded TP LinuxTargetPlatform
[2020.04.23-19.22.00:217][  0]LogTemp: Display: Loaded TP LuminTargetPlatform
[2020.04.23-19.22.00:217][  0]LogTargetPlatformManager: Display: Building Assets For Windows
[2020.04.23-19.22.00:270][  0]LogXGEController: Cleaning working directory: C:/Users/DaultonNelson/AppData/Local/Temp/UnrealXGEWorkingDir/
[2020.04.23-19.22.00:271][  0]LogXGEController: Cannot use XGE Controller as Incredibuild is not installed on this machine.
[2020.04.23-19.22.00:271][  0]LogShaderCompilers: Cannot use XGE Shader Compiler as Incredibuild is not installed on this machine.
[2020.04.23-19.22.00:271][  0]LogShaderCompilers: Display: Using Local Shader Compiler.
[2020.04.23-19.22.01:067][  0]LogDerivedDataCache: Display: Max Cache Size: 512 MB
[2020.04.23-19.22.01:114][  0]LogDerivedDataCache: Loaded boot cache 0.05s 71MB C:/Users/DaultonNelson/AppData/Local/UnrealEngine/4.20/DerivedDataCache/Boot.ddc.
[2020.04.23-19.22.01:115][  0]LogDerivedDataCache: Display: Loaded Boot cache: C:/Users/DaultonNelson/AppData/Local/UnrealEngine/4.20/DerivedDataCache/Boot.ddc
[2020.04.23-19.22.01:115][  0]LogDerivedDataCache: FDerivedDataBackendGraph:  Pak pak cache file ../../../../../../../Side Projects/Unreal Portfolio Invaders/PortfolioInvaders/PortInvadeProject/DerivedDataCache/DDC.ddp not found, will not use a pak cache.
[2020.04.23-19.22.01:115][  0]LogDerivedDataCache: Unable to find inner node Pak for hierarchical cache Hierarchy.
[2020.04.23-19.22.01:115][  0]LogDerivedDataCache: FDerivedDataBackendGraph:  CompressedPak pak cache file ../../../../../../../Side Projects/Unreal Portfolio Invaders/PortfolioInvaders/PortInvadeProject/DerivedDataCache/Compressed.ddp not found, will not use a pak cache.
[2020.04.23-19.22.01:115][  0]LogDerivedDataCache: Unable to find inner node CompressedPak for hierarchical cache Hierarchy.
[2020.04.23-19.22.01:130][  0]LogDerivedDataCache: Display: Pak cache opened for reading ../../../Engine/DerivedDataCache/Compressed.ddp.
[2020.04.23-19.22.01:143][  0]LogDerivedDataCache: Using Local data cache path C:/Users/DaultonNelson/AppData/Local/UnrealEngine/Common/DerivedDataCache: Writable
[2020.04.23-19.22.01:143][  0]LogDerivedDataCache: Shared data cache path not found in *engine.ini, will not use an Shared cache.
[2020.04.23-19.22.01:143][  0]LogDerivedDataCache: Unable to find inner node Shared for hierarchical cache Hierarchy.
[2020.04.23-19.22.01:163][  0]LogMaterial: Verifying Global Shaders for PCD3D_SM5
[2020.04.23-19.22.01:165][  0]LogSlate: Using FreeType 2.6.0
[2020.04.23-19.22.01:165][  0]LogSlate: SlateFontServices - WITH_FREETYPE: 1, WITH_HARFBUZZ: 1
[2020.04.23-19.22.01:272][  0]LogAssetRegistry: FAssetRegistry took 0.0264 seconds to start up
[2020.04.23-19.22.01:615][  0]LogInit: Selected Device Profile: [Windows]
[2020.04.23-19.22.01:857][  0]LogSimplygon: Simplygon DLL not present - disabling.
[2020.04.23-19.22.01:861][  0]LogMeshReduction: Using SimplygonSwarm for distributed automatic mesh merging
[2020.04.23-19.22.01:861][  0]LogMeshReduction: Using ProxyLODMeshReduction for automatic mesh merging
[2020.04.23-19.22.01:861][  0]LogMeshReduction: Using QuadricMeshReduction for automatic static mesh reduction
[2020.04.23-19.22.01:861][  0]LogMeshReduction: No automatic skeletal mesh reduction module available
[2020.04.23-19.22.01:884][  0]LogNetVersion: PortInvadeProject 1.0.0, NetCL: 4212847, EngineNetVer: 5, GameNetVer: 0 (Checksum: 2198381219)
[2020.04.23-19.22.03:007][  0]LogPackageLocalizationCache: Processed 11 localized package path(s) for 2 prioritized culture(s) in 0.175141 seconds
[2020.04.23-19.22.03:014][  0]LogUObjectArray: 38425 objects as part of root set at end of initial load.
[2020.04.23-19.22.03:015][  0]LogUObjectAllocator: 6690864 out of 0 bytes used by permanent object pool.
[2020.04.23-19.22.03:015][  0]LogUObjectArray: CloseDisregardForGC: 0/0 objects in disregard for GC pool
[2020.04.23-19.22.04:292][  0]LogTcpMessaging: Initializing TcpMessaging bridge
[2020.04.23-19.22.04:306][  0]LogUdpMessaging: Initializing bridge on interface 0.0.0.0:0 to multicast group 230.0.0.1:6666.
[2020.04.23-19.22.04:597][  0]SourceControl: Source control is disabled
[2020.04.23-19.22.04:597][  0]SourceControl: Source control is disabled
[2020.04.23-19.22.04:599][  0]SourceControl: Source control is disabled
[2020.04.23-19.22.04:601][  0]SourceControl: Source control is disabled
[2020.04.23-19.22.04:878][  0]LogAndroidPermission: UAndroidPermissionCallbackProxy::GetInstance
[2020.04.23-19.22.05:609][  0]LogOcInput: OculusInput pre-init called
[2020.04.23-19.22.05:762][  0]LogEngine: Initializing Engine...
[2020.04.23-19.22.05:764][  0]LogHMD: Failed to initialize OpenVR with code 110
[2020.04.23-19.22.05:767][  0]LogStats: UGameplayTagsManager::ConstructGameplayTagTree: ImportINI prefixes -  0.000 s
[2020.04.23-19.22.05:767][  0]LogStats: UGameplayTagsManager::ConstructGameplayTagTree: Construct from data asset -  0.000 s
[2020.04.23-19.22.05:767][  0]LogStats: UGameplayTagsManager::ConstructGameplayTagTree: ImportINI -  0.000 s
[2020.04.23-19.22.05:767][  0]LogStats: UGameplayTagsManager::ConstructGameplayTagTree: GameplayTagTreeChangedEvent.Broadcast -  0.000 s
[2020.04.23-19.22.06:232][  0]LogInit: Initializing FReadOnlyCVARCache
[2020.04.23-19.22.06:245][  0]LogAIModule: Creating AISystem for world Untitled
[2020.04.23-19.22.06:466][  0]LogInit: XAudio2 using 'HeadPhone/Digital Output (Realtek High Definition Audio)' : 6 channels at 48 kHz using 32 bits per sample (channel mask 0x3f)
[2020.04.23-19.22.06:703][  0]LogInit: FAudioDevice initialized.
[2020.04.23-19.22.06:704][  0]LogNetVersion: Set ProjectVersion to 1.0.0.0. Version Checksum will be recalculated on next use.
[2020.04.23-19.22.06:860][  0]LogDerivedDataCache: Saved boot cache 0.16s 71MB C:/Users/DaultonNelson/AppData/Local/UnrealEngine/4.20/DerivedDataCache/Boot.ddc.
[2020.04.23-19.22.06:866][  0]LogInit: Texture streaming: Enabled
[2020.04.23-19.22.06:930][  0]LogEngineSessionManager: EngineSessionManager initialized
[2020.04.23-19.22.06:930][  0]LogEngineSessionManager: EngineSessionManager sent abnormal shutdown report. Type=Crashed, SessionId={867CC6A9-4BF5-0397-0B37-139E145196BC}
[2020.04.23-19.22.06:958][  0]LogInit: Transaction tracking system initialized
[2020.04.23-19.22.07:001][  0]BlueprintLog: New page: Editor Load
[2020.04.23-19.22.07:173][  0]LocalizationService: Localization service is disabled
[2020.04.23-19.22.07:839][  0]LogCook: Display: Max memory allowance for cook 16384mb min free memory 0mb
[2020.04.23-19.22.07:839][  0]LogCook: Display: Mobile HDR setting 1
[2020.04.23-19.22.07:839][  0]LogGameplayTags: Display: UGameplayTagsManager::DoneAddingNativeTags. DelegateIsBound: 0
[2020.04.23-19.22.07:840][  0]LogStats: UGameplayTagsManager::ConstructGameplayTagTree: ImportINI prefixes -  0.000 s
[2020.04.23-19.22.07:840][  0]LogStats: UGameplayTagsManager::ConstructGameplayTagTree: Construct from data asset -  0.000 s
[2020.04.23-19.22.07:840][  0]LogStats: UGameplayTagsManager::ConstructGameplayTagTree: ImportINI -  0.000 s
[2020.04.23-19.22.07:840][  0]LogStats: UGameplayTagsManager::ConstructGameplayTagTree: GameplayTagTreeChangedEvent.Broadcast -  0.000 s
[2020.04.23-19.22.07:986][  0]LogFileCache: Scanning file cache for directory 'D:/Side Projects/Unreal Portfolio Invaders/PortfolioInvaders/PortInvadeProject/Content/' took 0.02s
[2020.04.23-19.22.07:995][  0]SourceControl: Source control is disabled
[2020.04.23-19.22.07:995][  0]LightingResults: New page: Lighting Build
[2020.04.23-19.22.07:998][  0]MapCheck: New page: Map Check
[2020.04.23-19.22.07:998][  0]LightingResults: New page: Lighting Build
[2020.04.23-19.22.09:407][  0]LogBlueprint: Warning: USimpleConstructionScript::FixupRootNodeParentReferences() - Couldn't find native parent component 'CollisionComponent0' for 'DefaultSceneRoot' in BlueprintGeneratedClass 'Base_Enemy_C' (it may have been removed)
[2020.04.23-19.22.09:494][  0]LogAIModule: Creating AISystem for world Minimal_Default
[2020.04.23-19.22.09:513][  0]LogEditorServer: Finished looking for orphan Actors (0.000 secs)
[2020.04.23-19.22.09:537][  0]Cmd: MAP CHECKDEP NOCLEARLOG
[2020.04.23-19.22.09:631][  0]MapCheck: Map check complete: 0 Error(s), 0 Warning(s), took 93.985ms to complete.
[2020.04.23-19.22.09:631][  0]LogFileHelpers: Loading map 'Minimal_Default' took 1.637
[2020.04.23-19.22.09:796][  0]LogSlate: Updating window title bar state: overlay mode, drag disabled, window buttons hidden, title bar hidden
[2020.04.23-19.22.09:806][  0]LogSlate: Updating window title bar state: overlay mode, drag disabled, window buttons hidden, title bar hidden
[2020.04.23-19.22.09:815][  0]LogSlate: Updating window title bar state: overlay mode, drag disabled, window buttons hidden, title bar hidden
[2020.04.23-19.22.09:825][  0]LogSlate: Updating window title bar state: overlay mode, drag disabled, window buttons hidden, title bar hidden
[2020.04.23-19.22.09:832][  0]LogCollectionManager: Loaded 0 collections in 0.001899 seconds
[2020.04.23-19.22.09:886][  0]LogFileCache: Scanning file cache for directory 'D:/Side Projects/Unreal Portfolio Invaders/PortfolioInvaders/PortInvadeProject/Saved/Collections/' took 0.01s
[2020.04.23-19.22.09:886][  0]LogFileCache: Scanning file cache for directory 'D:/Side Projects/Unreal Portfolio Invaders/PortfolioInvaders/PortInvadeProject/Content/Developers/DaultonNelson/Collections/' took 0.01s
[2020.04.23-19.22.09:886][  0]LogFileCache: Scanning file cache for directory 'D:/Side Projects/Unreal Portfolio Invaders/PortfolioInvaders/PortInvadeProject/Content/Collections/' took 0.01s
[2020.04.23-19.22.09:886][  0]LogCollectionManager: Rebuilt the GUID cache for 0 collections in 0.000001 seconds
[2020.04.23-19.22.09:910][  0]LogContentBrowser: Native class hierarchy populated in 0.0231 seconds. Added 2572 classes and 603 folders.
[2020.04.23-19.22.09:921][  0]LogContentBrowser: Native class hierarchy updated for 'WidgetCarousel' in 0.0003 seconds. Added 0 classes and 0 folders.
[2020.04.23-19.22.09:996][  0]LogContentBrowser: Native class hierarchy updated for 'AddContentDialog' in 0.0002 seconds. Added 0 classes and 0 folders.
[2020.04.23-19.22.09:999][  0]LogContentBrowser: Native class hierarchy updated for 'SceneOutliner' in 0.0002 seconds. Added 1 classes and 2 folders.
[2020.04.23-19.22.10:092][  0]LogSlate: Took 0.000632 seconds to synchronously load lazily loaded font '../../../Engine/Content/Slate/Fonts/Roboto-Regular.ttf' (155K)
[2020.04.23-19.22.10:102][  0]LogSlate: Took 0.000738 seconds to synchronously load lazily loaded font '../../../Engine/Content/Slate/Fonts/Roboto-Bold.ttf' (160K)
[2020.04.23-19.22.10:123][  0]LogSlate: Took 0.000433 seconds to synchronously load lazily loaded font '../../../Engine/Content/Editor/Slate/Fonts/FontAwesome.ttf' (139K)
[2020.04.23-19.22.10:276][  0]LogRenderer: Reallocating scene render targets to support 860x436 Format 10 NumSamples 1 (Frame:1).
[2020.04.23-19.22.10:539][  0]LogContentBrowser: Native class hierarchy updated for 'HierarchicalLODOutliner' in 0.0007 seconds. Added 0 classes and 0 folders.
[2020.04.23-19.22.10:539][  0]LogLoad: (Engine Initialization) Total time: 17.85 seconds
[2020.04.23-19.22.10:539][  0]LogLoad: (Engine Initialization) Total Blueprint compile time: 0.00 seconds
[2020.04.23-19.22.10:598][  0]LogContentStreaming: Texture pool size now 1000 MB
[2020.04.23-19.22.10:664][  0]LogSlate: Took 0.000190 seconds to synchronously load lazily loaded font '../../../Engine/Content/Slate/Fonts/Roboto-Light.ttf' (167K)
[2020.04.23-19.22.10:893][  2]LogAssetRegistry: Asset discovery search completed in 9.6427 seconds
[2020.04.23-19.22.10:896][  2]LogCollectionManager: Rebuilt the object cache for 0 collections in 0.000000 seconds (found 0 objects)
[2020.04.23-19.22.10:897][  2]LogCollectionManager: Fixed up redirectors for 0 collections in 0.000153 seconds (updated 0 objects)
[2020.04.23-19.22.11:695][ 26]LogSlate: Took 0.000592 seconds to synchronously load lazily loaded font '../../../Engine/Content/Slate/Fonts/Roboto-Light.ttf' (167K)
[2020.04.23-19.22.16:643][174]LogSlate: FSceneViewport::OnFocusLost() reason 0
[2020.04.23-19.22.16:893][176]LogAssetEditorManager: Opening Asset editor for Blueprint /Game/Blueprints/ShieldBlueprint.ShieldBlueprint
[2020.04.23-19.22.18:092][176]LogContentBrowser: Native class hierarchy updated for 'BlueprintGraph' in 0.0020 seconds. Added 116 classes and 0 folders.
[2020.04.23-19.22.19:308][176]LogAssetEditorManager: Opening Asset editor for Blueprint /Game/Blueprints/EnemyFiles/Child_Laser_Blueprint_Enemy.Child_Laser_Blueprint_Enemy
[2020.04.23-19.22.20:053][176]LogAssetEditorManager: Opening Asset editor for Blueprint /Game/Blueprints/Child_Laser_Blueprint_Player.Child_Laser_Blueprint_Player
[2020.04.23-19.22.20:639][176]LogSlate: Took 0.000531 seconds to synchronously load lazily loaded font '../../../Engine/Content/Slate/Fonts/Roboto-BoldCondensed.ttf' (158K)
[2020.04.23-19.22.20:891][177]LogSlate: Took 0.000282 seconds to synchronously load lazily loaded font '../../../Engine/Content/Slate/Fonts/Roboto-Italic.ttf' (157K)
[2020.04.23-19.22.27:689][328]LogSlate: Window 'Child_Laser_Blueprint_Enemy' being destroyed
[2020.04.23-19.22.29:955][370]LogSlate: Window 'Child_Laser_Blueprint_Enemy' being destroyed
[2020.04.23-19.22.30:497][372]LogD3D11RHI: Timed out while waiting for GPU to catch up. (0.5 s)
[2020.04.23-19.22.30:501][372]LogD3D11RHI: Error: Result failed 
 at D:\Build\++UE4\Sync\Engine\Source\Runtime\Windows\D3D11RHI\Private\D3D11Query.cpp:146 
 with error DXGI_ERROR_DEVICE_REMOVED DXGI_ERROR_DEVICE_HUNG
[2020.04.23-19.22.30:501][372]LogD3D11RHI: [Aftermath] GDynamicRHI=000002C0A465C180, GDX11NVAfterMathEnabled=0, Result=0xFFFFFFFF, bDeviceActive=0
[2020.04.23-19.22.30:501][372]LogWindows: Windows GetLastError: The operation completed successfully. (0)
[2020.04.23-19.22.33:254][373]LogWindows: Windows GetLastError: The operation completed successfully. (0)
[2020.04.23-19.22.33:254][373]LogWindows: Error: === Critical error: ===
[2020.04.23-19.22.33:254][373]LogWindows: Error: 
[2020.04.23-19.22.33:254][373]LogWindows: Error: Fatal error: [File:D:\Build\++UE4\Sync\Engine\Source\Runtime\RenderCore\Private\RenderingThread.cpp] [Line: 826] 
[2020.04.23-19.22.33:254][373]LogWindows: Error: Rendering thread exception:
[2020.04.23-19.22.33:254][373]LogWindows: Error: Fatal error: [File:D:\Build\++UE4\Sync\Engine\Source\Runtime\Windows\D3D11RHI\Private\D3D11Util.cpp] [Line: 200] 
[2020.04.23-19.22.33:254][373]LogWindows: Error: Unreal Engine is exiting due to D3D device being lost. (Error: 0x887A0006 - 'HUNG')
[2020.04.23-19.22.33:254][373]LogWindows: Error: 
[2020.04.23-19.22.33:254][373]LogWindows: Error: 
[2020.04.23-19.22.33:254][373]LogWindows: Error: [Callstack] 0x00007ffc6fdda799 KERNELBASE.dll!UnknownFunction []
[2020.04.23-19.22.33:254][373]LogWindows: Error: [Callstack] 0x00007ffc29056850 UE4Editor-ApplicationCore.dll!UnknownFunction []
[2020.04.23-19.22.33:254][373]LogWindows: Error: [Callstack] 0x00007ffbf49e62fc UE4Editor-Core.dll!UnknownFunction []
[2020.04.23-19.22.33:254][373]LogWindows: Error: [Callstack] 0x00007ffbf49751db UE4Editor-Core.dll!UnknownFunction []
[2020.04.23-19.22.33:254][373]LogWindows: Error: [Callstack] 0x00007ffbdb09adea UE4Editor-D3D11RHI.dll!UnknownFunction []
[2020.04.23-19.22.33:254][373]LogWindows: Error: [Callstack] 0x00007ffbdb09e6e4 UE4Editor-D3D11RHI.dll!UnknownFunction []
[2020.04.23-19.22.33:254][373]LogWindows: Error: [Callstack] 0x00007ffbdb075951 UE4Editor-D3D11RHI.dll!UnknownFunction []
[2020.04.23-19.22.33:254][373]LogWindows: Error: [Callstack] 0x00007ffbdb08abf8 UE4Editor-D3D11RHI.dll!UnknownFunction []
[2020.04.23-19.22.33:254][373]LogWindows: Error: [Callstack] 0x00007ffc282ab106 UE4Editor-RHI.dll!UnknownFunction []
[2020.04.23-19.22.33:255][373]LogWindows: Error: [Callstack] 0x00007ffbdae31b42 UE4Editor-SlateRHIRenderer.dll!UnknownFunction []
[2020.04.23-19.22.33:255][373]LogWindows: Error: [Callstack] 0x00007ffbdae37d0a UE4Editor-SlateRHIRenderer.dll!UnknownFunction []
[2020.04.23-19.22.33:255][373]LogWindows: Error: [Callstack] 0x00007ffbf4801f92 UE4Editor-Core.dll!UnknownFunction []
[2020.04.23-19.22.33:255][373]LogWindows: Error: [Callstack] 0x00007ffbf4802456 UE4Editor-Core.dll!UnknownFunction []
[2020.04.23-19.22.33:255][373]LogWindows: Error: [Callstack] 0x00007ffc2d7275f9 UE4Editor-RenderCore.dll!UnknownFunction []
[2020.04.23-19.22.33:255][373]LogWindows: Error: [Callstack] 0x00007ffc2d728574 UE4Editor-RenderCore.dll!UnknownFunction []
[2020.04.23-19.22.33:255][373]LogWindows: Error: [Callstack] 0x00007ffbf4c46b7c UE4Editor-Core.dll!UnknownFunction []
[2020.04.23-19.22.33:255][373]LogWindows: Error: [Callstack] 0x00007ffbf4c417c7 UE4Editor-Core.dll!UnknownFunction []
[2020.04.23-19.22.33:255][373]LogWindows: Error: [Callstack] 0x00007ffc71e67bd4 KERNEL32.DLL!UnknownFunction []
[2020.04.23-19.22.33:255][373]LogWindows: Error: [Callstack] 0x00007ffc724ace51 ntdll.dll!UnknownFunction []
[2020.04.23-19.22.33:255][373]LogWindows: Error: 
[2020.04.23-19.22.33:255][373]LogWindows: Error: 
[2020.04.23-19.22.33:255][373]LogWindows: Error: 
[2020.04.23-19.22.33:255][373]LogWindows: Error: 
[2020.04.23-19.22.33:268][373]LogExit: Executing StaticShutdownAfterError
[2020.04.23-19.22.33:271][373]LogWindows: FPlatformMisc::RequestExit(1)
[2020.04.23-19.22.33:278][373]Log file closed, 04/23/20 15:22:33
