Log file open, 04/09/20 13:09:09
LogWindows: Failed to load 'aqProf.dll' (GetLastError=126)
LogWindows: File 'aqProf.dll' does not exist
LogWindows: Failed to load 'VSPerf140.dll' (GetLastError=126)
LogWindows: File 'VSPerf140.dll' does not exist
LogWindows: Failed to load 'VtuneApi.dll' (GetLastError=126)
LogWindows: File 'VtuneApi.dll' does not exist
LogWindows: Failed to load 'VtuneApi32e.dll' (GetLastError=126)
LogWindows: File 'VtuneApi32e.dll' does not exist
LogInit: Display: Running engine for game: PortInvadeProject
LogPlatformFile: Not using cached read wrapper
LogTaskGraph: Started task graph with 5 named threads and 23 total threads with 3 sets of task threads.
LogStats: Stats thread started at 0.288939
LogD3D11RHI: Loaded GFSDK_Aftermath_Lib.x64.dll
LogICUInternationalization: Display: ICU TimeZone Detection - Raw Offset: -5:00, Platform Override: ''
LogPluginManager: Mounting plugin Paper2D
LogPluginManager: Mounting plugin AISupport
LogPluginManager: Mounting plugin LightPropagationVolume
LogPluginManager: Mounting plugin CLionSourceCodeAccess
LogPluginManager: Mounting plugin CodeLiteSourceCodeAccess
LogPluginManager: Mounting plugin GitSourceControl
LogPluginManager: Mounting plugin KDevelopSourceCodeAccess
LogPluginManager: Mounting plugin NullSourceCodeAccess
LogPluginManager: Mounting plugin PerforceSourceControl
LogPluginManager: Mounting plugin SubversionSourceControl
LogPluginManager: Mounting plugin UObjectPlugin
LogPluginManager: Mounting plugin VisualStudioCodeSourceCodeAccess
LogPluginManager: Mounting plugin VisualStudioSourceCodeAccess
LogPluginManager: Mounting plugin XCodeSourceCodeAccess
LogPluginManager: Mounting plugin AssetManagerEditor
LogPluginManager: Mounting plugin CryptoKeys
LogPluginManager: Mounting plugin DataValidation
LogPluginManager: Mounting plugin FacialAnimation
LogPluginManager: Mounting plugin GameplayTagsEditor
LogPluginManager: Mounting plugin MacGraphicsSwitching
LogPluginManager: Mounting plugin MeshEditor
LogPluginManager: Mounting plugin MobileLauncherProfileWizard
LogPluginManager: Mounting plugin PluginBrowser
LogPluginManager: Mounting plugin SpeedTreeImporter
LogPluginManager: Mounting plugin DatasmithContent
LogPluginManager: Mounting plugin AlembicImporter
LogPluginManager: Mounting plugin AppleImageUtils
LogPluginManager: Mounting plugin AppleVision
LogPluginManager: Mounting plugin BackChannel
LogPluginManager: Mounting plugin CharacterAI
LogPluginManager: Mounting plugin GeometryCache
LogPluginManager: Mounting plugin HTML5Networking
LogPluginManager: Mounting plugin ProxyLODPlugin
LogPluginManager: Mounting plugin MagicLeap
LogPluginManager: Mounting plugin MagicLeapEmulator
LogPluginManager: Mounting plugin MagicLeapMedia
LogPluginManager: Mounting plugin AndroidMedia
LogPluginManager: Mounting plugin AvfMedia
LogPluginManager: Mounting plugin ImgMedia
LogPluginManager: Mounting plugin LinearTimecode
LogPluginManager: Mounting plugin MediaCompositing
LogPluginManager: Mounting plugin MediaPlayerEditor
LogPluginManager: Mounting plugin WmfMedia
LogPluginManager: Mounting plugin TcpMessaging
LogPluginManager: Mounting plugin UdpMessaging
LogPluginManager: Mounting plugin ActorSequence
LogPluginManager: Mounting plugin LevelSequenceEditor
LogPluginManager: Mounting plugin MatineeToLevelSequence
LogPluginManager: Mounting plugin NetcodeUnitTest
LogPluginManager: Mounting plugin NUTUnrealEngine4
LogPluginManager: Mounting plugin OnlineSubsystemGooglePlay
LogPluginManager: Mounting plugin OnlineSubsystemIOS
LogPluginManager: Mounting plugin OnlineSubsystem
LogPluginManager: Mounting plugin OnlineSubsystemNull
LogPluginManager: Mounting plugin OnlineSubsystemUtils
LogPluginManager: Mounting plugin LauncherChunkInstaller
LogPluginManager: Mounting plugin AndroidDeviceProfileSelector
LogPluginManager: Mounting plugin AndroidMoviePlayer
LogPluginManager: Mounting plugin AndroidPermission
LogPluginManager: Mounting plugin AppleMoviePlayer
LogPluginManager: Mounting plugin ArchVisCharacter
LogPluginManager: Mounting plugin AudioCapture
LogPluginManager: Mounting plugin CableComponent
LogPluginManager: Mounting plugin CustomMeshComponent
LogPluginManager: Mounting plugin EditableMesh
LogPluginManager: Mounting plugin ExampleDeviceProfileSelector
LogPluginManager: Mounting plugin GoogleCloudMessaging
LogPluginManager: Mounting plugin ImmediatePhysics
LogPluginManager: Mounting plugin IOSDeviceProfileSelector
LogPluginManager: Mounting plugin LinuxDeviceProfileSelector
LogPluginManager: Mounting plugin LocationServicesBPLibrary
LogPluginManager: Mounting plugin MobilePatchingUtils
LogPluginManager: Mounting plugin OculusVR
LogPluginManager: Plugin shader directory ../../../Engine/Plugins/Runtime/Oculus/OculusVR/Shaders found
LogPluginManager: Mapping shader source directory ../../../Engine/Plugins/Runtime/Oculus/OculusVR/Shaders to virtual directory /Plugin/OculusVR
LogPluginManager: Mounting plugin PhysXVehicles
LogPluginManager: Mounting plugin ProceduralMeshComponent
LogPluginManager: Mounting plugin RuntimePhysXCooking
LogPluginManager: Mounting plugin SteamVR
LogPluginManager: Mounting plugin WindowsMoviePlayer
LogStreaming: Display: Took  0.234s to configure plugins.
LogInit: Using libcurl 7.55.1-DEV
LogInit:  - built for x86_64-pc-win32
LogInit:  - supports SSL with OpenSSL/1.0.2h
LogInit:  - supports HTTP deflate (compression) using libz 1.2.8
LogInit:  - other features:
LogInit:      CURL_VERSION_SSL
LogInit:      CURL_VERSION_LIBZ
LogInit:      CURL_VERSION_IPV6
LogInit:      CURL_VERSION_ASYNCHDNS
LogInit:      CURL_VERSION_LARGEFILE
LogInit:      CURL_VERSION_IDN
LogInit:  CurlRequestOptions (configurable via config and command line):
LogInit:  - bVerifyPeer = false  - Libcurl will NOT verify peer certificate
LogInit:  - bUseHttpProxy = false  - Libcurl will NOT use HTTP proxy
LogInit:  - bDontReuseConnections = false  - Libcurl will reuse connections
LogInit:  - CertBundlePath = nullptr  - Libcurl will use whatever was configured at build time.
LogInit:  - MaxHostConnections = 16  - Libcurl will limit the number of connections to a host
LogInit:  - LocalHostAddr = Default
LogInit:  - BufferSize = 65536
LogInit: WinSock: version 1.1 (2.2), MaxSocks=32767, MaxUdp=65467
LogInit: Build: ++UE4+Release-4.20-CL-4369336
LogInit: Engine Version: 4.20.3-4369336+++UE4+Release-4.20
LogInit: Compatible Engine Version: 4.20.0-4212847+++UE4+Release-4.20
LogInit: Net CL: 4212847
LogInit: OS: Windows 10 (), CPU: Intel(R) Core(TM) i7-7700HQ CPU @ 2.80GHz, GPU: Intel(R) HD Graphics 630
LogInit: Compiled (64-bit): Sep 17 2018 12:26:19
LogInit: Compiled with Visual C++: 19.13.26129.00
LogInit: Build Configuration: Development
LogInit: Branch Name: ++UE4+Release-4.20
LogInit: Command Line: 
LogInit: Base Directory: D:/Program Files/Unreal/Engine/UE_4.20/Engine/Binaries/Win64/
LogInit: Installed Engine Build: 1
LogDevObjectVersion: Number of dev versions registered: 20
LogDevObjectVersion:   Dev-Blueprints (B0D832E4-1F89-4F0D-ACCF-7EB736FD4AA2): 10
LogDevObjectVersion:   Dev-Build (E1C64328-A22C-4D53-A36C-8E866417BD8C): 0
LogDevObjectVersion:   Dev-Core (375EC13C-06E4-48FB-B500-84F0262A717E): 2
LogDevObjectVersion:   Dev-Editor (E4B068ED-F494-42E9-A231-DA0B2E46BB41): 24
LogDevObjectVersion:   Dev-Framework (CFFC743F-43B0-4480-9391-14DF171D2073): 34
LogDevObjectVersion:   Dev-Mobile (B02B49B5-BB20-44E9-A304-32B752E40360): 2
LogDevObjectVersion:   Dev-Networking (A4E4105C-59A1-49B5-A7C5-40C4547EDFEE): 0
LogDevObjectVersion:   Dev-Online (39C831C9-5AE6-47DC-9A44-9C173E1C8E7C): 0
LogDevObjectVersion:   Dev-Physics (78F01B33-EBEA-4F98-B9B4-84EACCB95AA2): 0
LogDevObjectVersion:   Dev-Platform (6631380F-2D4D-43E0-8009-CF276956A95A): 0
LogDevObjectVersion:   Dev-Rendering (12F88B9F-8875-4AFC-A67C-D90C383ABD29): 26
LogDevObjectVersion:   Dev-Sequencer (7B5AE74C-D270-4C10-A958-57980B212A5A): 9
LogDevObjectVersion:   Dev-VR (D7296918-1DD6-4BDD-9DE2-64A83CC13884): 2
LogDevObjectVersion:   Dev-LoadTimes (C2A15278-BFE7-4AFE-6C17-90FF531DF755): 1
LogDevObjectVersion:   Private-Geometry (6EACA3D4-40EC-4CC1-B786-8BED09428FC5): 3
LogDevObjectVersion:   Dev-AnimPhys (29E575DD-E0A3-4627-9D10-D276232CDCEA): 17
LogDevObjectVersion:   Dev-ReflectionCapture (6B266CEC-1EC7-4B8F-A30B-E4D90942FC07): 1
LogDevObjectVersion:   Dev-Automation (0DF73D61-A23F-47EA-B727-89E90C41499A): 1
LogDevObjectVersion:   FortniteMain (601D1886-AC64-4F84-AA16-D3DE0DEAC7D6): 12
LogDevObjectVersion:   Dev-Enterprise (9DFFBCD6-494F-0158-E221-12823C92A888): 1
LogStreaming: Display: Took  0.013s to delete old logs.
LogInit: Presizing for max 8388607 objects, including 0 objects not considered by GC, pre-allocating 0 bytes for permanent pool.
LogInit: Object subsystem initialized
[2020.04.09-17.09.09:966][  0]LogInit: Selected Device Profile: [Windows]
[2020.04.09-17.09.09:967][  0]LogInit: Applying CVar settings loaded from the selected device profile: [Windows]
[2020.04.09-17.09.10:003][  0]LogHAL: Display: Platform has ~ 16 GB [17061810176 / 17179869184 / 16], which maps to Larger [LargestMinGB=32, LargerMinGB=12, DefaultMinGB=8, SmallerMinGB=6, SmallestMinGB=0)
[2020.04.09-17.09.10:004][  0]LogInit: Setting Device Profile CVar: [[r.Vulkan.UseRealUBs:1]]
[2020.04.09-17.09.10:004][  0]LogInit: Going up to parent DeviceProfile []
[2020.04.09-17.09.10:005][  0]LogInit: Computer: MSI
[2020.04.09-17.09.10:005][  0]LogInit: User: DaultonNelson
[2020.04.09-17.09.10:005][  0]LogInit: CPU Page size=4096, Cores=4
[2020.04.09-17.09.10:005][  0]LogInit: High frequency timer resolution =10.000000 MHz
[2020.04.09-17.09.10:006][  0]LogMemory: Memory total: Physical=15.9GB (16GB approx)
[2020.04.09-17.09.10:006][  0]LogMemory: Platform Memory Stats for Windows
[2020.04.09-17.09.10:006][  0]LogMemory: Process Physical Memory: 101.54 MB used, 101.54 MB peak
[2020.04.09-17.09.10:006][  0]LogMemory: Process Virtual Memory: 89.36 MB used, 89.36 MB peak
[2020.04.09-17.09.10:006][  0]LogMemory: Physical Memory: 8136.11 MB used,  8135.30 MB free, 16271.41 MB total
[2020.04.09-17.09.10:007][  0]LogMemory: Virtual Memory: 4612.59 MB used,  8135.30 MB free, 134217728.00 MB total
[2020.04.09-17.09.12:009][  0]LogInit: Using OS detected language (en-US).
[2020.04.09-17.09.12:010][  0]LogInit: Using OS detected locale (en-US).
[2020.04.09-17.09.12:012][  0]LogTextLocalizationManager: No specific localization for 'en-US' exists, so the 'en' localization will be used.
[2020.04.09-17.09.13:077][  0]LogStreaming: Display: Took  1.068s to InitEngineTextLocalization.
[2020.04.09-17.09.13:078][  0]LogInit: Setting process to per monitor DPI aware
[2020.04.09-17.09.13:202][  0]LogSlate: New Slate User Created.  User Index 0, Is Virtual User: 0
[2020.04.09-17.09.13:202][  0]LogSlate: Slate User Registered.  User Index 0, Is Virtual User: 0
[2020.04.09-17.09.13:519][  0]LogHMD: Failed to initialize OpenVR with code 110
[2020.04.09-17.09.13:519][  0]LogD3D11RHI: D3D11 adapters:
[2020.04.09-17.09.14:728][  0]LogD3D11RHI:    0. 'NVIDIA GeForce GTX 1060' (Feature Level 11_0)
[2020.04.09-17.09.14:728][  0]LogD3D11RHI:       6052/0/8135 MB DedicatedVideo/DedicatedSystem/SharedSystem, Outputs:1, VendorId:0x10de
[2020.04.09-17.09.14:782][  0]LogD3D11RHI:    1. 'Intel(R) HD Graphics 630' (Feature Level 11_0)
[2020.04.09-17.09.14:783][  0]LogD3D11RHI:       128/0/8135 MB DedicatedVideo/DedicatedSystem/SharedSystem, Outputs:0, VendorId:0x8086
[2020.04.09-17.09.14:788][  0]LogD3D11RHI:    2. 'Microsoft Basic Render Driver' (Feature Level 11_0)
[2020.04.09-17.09.14:788][  0]LogD3D11RHI:       0/0/8135 MB DedicatedVideo/DedicatedSystem/SharedSystem, Outputs:0, VendorId:0x1414
[2020.04.09-17.09.14:788][  0]LogD3D11RHI: Chosen D3D11 Adapter: 0
[2020.04.09-17.09.14:865][  0]LogD3D11RHI: Creating new Direct3DDevice
[2020.04.09-17.09.14:865][  0]LogD3D11RHI:     GPU DeviceId: 0x1c20 (for the marketing name, search the web for "GPU Device Id")
[2020.04.09-17.09.14:865][  0]LogWindows: EnumDisplayDevices:
[2020.04.09-17.09.14:866][  0]LogWindows:    0. 'Intel(R) HD Graphics 630' (P:1 D:1)
[2020.04.09-17.09.14:866][  0]LogWindows:    1. 'Intel(R) HD Graphics 630' (P:0 D:0)
[2020.04.09-17.09.14:867][  0]LogWindows:    2. 'Intel(R) HD Graphics 630' (P:0 D:0)
[2020.04.09-17.09.14:867][  0]LogWindows:    3. 'NVIDIA GeForce GTX 1060' (P:0 D:0)
[2020.04.09-17.09.14:867][  0]LogWindows:    4. 'NVIDIA GeForce GTX 1060' (P:0 D:0)
[2020.04.09-17.09.14:868][  0]LogWindows:    5. 'NVIDIA GeForce GTX 1060' (P:0 D:0)
[2020.04.09-17.09.14:868][  0]LogWindows:    6. 'NVIDIA GeForce GTX 1060' (P:0 D:0)
[2020.04.09-17.09.14:868][  0]LogWindows: DebugString: PrimaryIsNotTheChoosenAdapter PrimaryIsNotTheChoosenAdapter PrimaryIsNotTheChoosenAdapter FoundDriverCount:4 
[2020.04.09-17.09.14:868][  0]LogD3D11RHI:     Adapter Name: NVIDIA GeForce GTX 1060
[2020.04.09-17.09.14:869][  0]LogD3D11RHI:   Driver Version: 445.75 (internal:26.21.14.4575, unified:445.75)
[2020.04.09-17.09.14:869][  0]LogD3D11RHI:      Driver Date: 3-17-2020
[2020.04.09-17.09.14:869][  0]LogRHI: Texture pool is 4236 MB (70% of 6052 MB)
[2020.04.09-17.09.14:921][  0]LogD3D11RHI: Async texture creation enabled
[2020.04.09-17.09.14:933][  0]LogD3D11RHI: GPU Timing Frequency: 1000.000000 (Debug: 2 1)
[2020.04.09-17.09.14:935][  0]LogShaderCompilers: Guid format shader working directory is -43 characters bigger than the processId version (../../../../../../../Side Projects/Unreal Portfolio Invaders/PortfolioInvaders/PortInvadeProject/Intermediate/Shaders/WorkingDirectory/13124/).
[2020.04.09-17.09.14:936][  0]LogShaderCompilers: Cleaned the shader compiler working directory 'C:/Users/DaultonNelson/AppData/Local/Temp/UnrealShaderWorkingDir/B0224AF643B18E4EB0639DBAEA23878B/'.
[2020.04.09-17.09.15:513][  0]LogTemp: Display: Loaded TP AllDesktopTargetPlatform
[2020.04.09-17.09.15:546][  0]LogTemp: Display: Loaded TP MacClientTargetPlatform
[2020.04.09-17.09.15:576][  0]LogTemp: Display: Loaded TP MacNoEditorTargetPlatform
[2020.04.09-17.09.15:623][  0]LogTemp: Display: Loaded TP MacServerTargetPlatform
[2020.04.09-17.09.15:675][  0]LogTemp: Display: Loaded TP MacTargetPlatform
[2020.04.09-17.09.15:728][  0]LogTemp: Display: Loaded TP WindowsClientTargetPlatform
[2020.04.09-17.09.15:790][  0]LogTemp: Display: Loaded TP WindowsNoEditorTargetPlatform
[2020.04.09-17.09.15:830][  0]LogTemp: Display: Loaded TP WindowsServerTargetPlatform
[2020.04.09-17.09.15:845][  0]LogTemp: Display: Loaded TP WindowsTargetPlatform
[2020.04.09-17.09.16:094][  0]LogTemp: Display: Loaded TP AndroidTargetPlatform
[2020.04.09-17.09.16:094][  0]LogTemp: Display: Loaded TP AndroidTargetPlatform
[2020.04.09-17.09.16:095][  0]LogTemp: Display: Loaded TP AndroidTargetPlatform
[2020.04.09-17.09.16:095][  0]LogTemp: Display: Loaded TP AndroidTargetPlatform
[2020.04.09-17.09.16:095][  0]LogTemp: Display: Loaded TP AndroidTargetPlatform
[2020.04.09-17.09.16:095][  0]LogTemp: Display: Loaded TP AndroidTargetPlatform
[2020.04.09-17.09.16:095][  0]LogTemp: Display: Loaded TP AndroidTargetPlatform
[2020.04.09-17.09.16:095][  0]LogTemp: Display: Loaded TP AndroidTargetPlatform
[2020.04.09-17.09.16:095][  0]LogTemp: Display: Loaded TP AndroidTargetPlatform
[2020.04.09-17.09.16:095][  0]LogTemp: Display: Loaded TP AndroidTargetPlatform
[2020.04.09-17.09.16:095][  0]LogTemp: Display: Loaded TP AndroidTargetPlatform
[2020.04.09-17.09.16:095][  0]LogTemp: Display: Loaded TP AndroidTargetPlatform
[2020.04.09-17.09.16:095][  0]LogTemp: Display: Loaded TP AndroidTargetPlatform
[2020.04.09-17.09.16:095][  0]LogTemp: Display: Loaded TP AndroidTargetPlatform
[2020.04.09-17.09.16:095][  0]LogTemp: Display: Loaded TP AndroidTargetPlatform
[2020.04.09-17.09.16:095][  0]LogTemp: Display: Loaded TP AndroidTargetPlatform
[2020.04.09-17.09.16:095][  0]LogTemp: Display: Loaded TP AndroidTargetPlatform
[2020.04.09-17.09.16:095][  0]LogTemp: Display: Loaded TP AndroidTargetPlatform
[2020.04.09-17.09.16:099][  0]LogTemp: Display: Loaded TP HTML5TargetPlatform
[2020.04.09-17.09.16:216][  0]LogTemp: Display: Loaded TP IOSTargetPlatform
[2020.04.09-17.09.16:216][  0]LogTemp: Display: Loaded TP IOSTargetPlatform
[2020.04.09-17.09.16:303][  0]LogTemp: Display: Loaded TP TVOSTargetPlatform
[2020.04.09-17.09.16:303][  0]LogTemp: Display: Loaded TP TVOSTargetPlatform
[2020.04.09-17.09.16:353][  0]LogTemp: Display: Loaded TP LinuxClientTargetPlatform
[2020.04.09-17.09.16:401][  0]LogTemp: Display: Loaded TP LinuxNoEditorTargetPlatform
[2020.04.09-17.09.16:433][  0]LogTemp: Display: Loaded TP LinuxServerTargetPlatform
[2020.04.09-17.09.16:476][  0]LogTemp: Display: Loaded TP LinuxTargetPlatform
[2020.04.09-17.09.16:515][  0]LogTemp: Display: Loaded TP LuminTargetPlatform
[2020.04.09-17.09.16:515][  0]LogTargetPlatformManager: Display: Building Assets For Windows
[2020.04.09-17.09.16:656][  0]LogXGEController: Cleaning working directory: C:/Users/DaultonNelson/AppData/Local/Temp/UnrealXGEWorkingDir/
[2020.04.09-17.09.16:657][  0]LogXGEController: Cannot use XGE Controller as Incredibuild is not installed on this machine.
[2020.04.09-17.09.16:657][  0]LogShaderCompilers: Cannot use XGE Shader Compiler as Incredibuild is not installed on this machine.
[2020.04.09-17.09.16:657][  0]LogShaderCompilers: Display: Using Local Shader Compiler.
[2020.04.09-17.09.17:893][  0]LogDerivedDataCache: Display: Max Cache Size: 512 MB
[2020.04.09-17.09.17:991][  0]LogDerivedDataCache: Loaded boot cache 0.10s 71MB C:/Users/DaultonNelson/AppData/Local/UnrealEngine/4.20/DerivedDataCache/Boot.ddc.
[2020.04.09-17.09.17:991][  0]LogDerivedDataCache: Display: Loaded Boot cache: C:/Users/DaultonNelson/AppData/Local/UnrealEngine/4.20/DerivedDataCache/Boot.ddc
[2020.04.09-17.09.17:991][  0]LogDerivedDataCache: FDerivedDataBackendGraph:  Pak pak cache file ../../../../../../../Side Projects/Unreal Portfolio Invaders/PortfolioInvaders/PortInvadeProject/DerivedDataCache/DDC.ddp not found, will not use a pak cache.
[2020.04.09-17.09.17:992][  0]LogDerivedDataCache: Unable to find inner node Pak for hierarchical cache Hierarchy.
[2020.04.09-17.09.17:992][  0]LogDerivedDataCache: FDerivedDataBackendGraph:  CompressedPak pak cache file ../../../../../../../Side Projects/Unreal Portfolio Invaders/PortfolioInvaders/PortInvadeProject/DerivedDataCache/Compressed.ddp not found, will not use a pak cache.
[2020.04.09-17.09.17:992][  0]LogDerivedDataCache: Unable to find inner node CompressedPak for hierarchical cache Hierarchy.
[2020.04.09-17.09.18:011][  0]LogDerivedDataCache: Display: Pak cache opened for reading ../../../Engine/DerivedDataCache/Compressed.ddp.
[2020.04.09-17.09.18:025][  0]LogDerivedDataCache: Using Local data cache path C:/Users/DaultonNelson/AppData/Local/UnrealEngine/Common/DerivedDataCache: Writable
[2020.04.09-17.09.18:025][  0]LogDerivedDataCache: Shared data cache path not found in *engine.ini, will not use an Shared cache.
[2020.04.09-17.09.18:025][  0]LogDerivedDataCache: Unable to find inner node Shared for hierarchical cache Hierarchy.
[2020.04.09-17.09.18:081][  0]LogMaterial: Verifying Global Shaders for PCD3D_SM5
[2020.04.09-17.09.18:084][  0]LogSlate: Using FreeType 2.6.0
[2020.04.09-17.09.18:086][  0]LogSlate: SlateFontServices - WITH_FREETYPE: 1, WITH_HARFBUZZ: 1
[2020.04.09-17.09.18:267][  0]LogAssetRegistry: FAssetRegistry took 0.0338 seconds to start up
[2020.04.09-17.09.19:012][  0]LogInit: Selected Device Profile: [Windows]
[2020.04.09-17.09.19:217][  0]LogSimplygon: Simplygon DLL not present - disabling.
[2020.04.09-17.09.19:221][  0]LogMeshReduction: Using SimplygonSwarm for distributed automatic mesh merging
[2020.04.09-17.09.19:221][  0]LogMeshReduction: Using ProxyLODMeshReduction for automatic mesh merging
[2020.04.09-17.09.19:221][  0]LogMeshReduction: Using QuadricMeshReduction for automatic static mesh reduction
[2020.04.09-17.09.19:221][  0]LogMeshReduction: No automatic skeletal mesh reduction module available
[2020.04.09-17.09.19:236][  0]LogNetVersion: PortInvadeProject 1.0.0, NetCL: 4212847, EngineNetVer: 5, GameNetVer: 0 (Checksum: 2198381219)
[2020.04.09-17.09.20:330][  0]LogPackageLocalizationCache: Processed 11 localized package path(s) for 2 prioritized culture(s) in 0.216082 seconds
[2020.04.09-17.09.20:346][  0]LogUObjectArray: 38425 objects as part of root set at end of initial load.
[2020.04.09-17.09.20:347][  0]LogUObjectAllocator: 6690864 out of 0 bytes used by permanent object pool.
[2020.04.09-17.09.20:347][  0]LogUObjectArray: CloseDisregardForGC: 0/0 objects in disregard for GC pool
[2020.04.09-17.09.22:187][  0]LogTcpMessaging: Initializing TcpMessaging bridge
[2020.04.09-17.09.22:204][  0]LogUdpMessaging: Initializing bridge on interface 0.0.0.0:0 to multicast group 230.0.0.1:6666.
[2020.04.09-17.09.22:507][  0]SourceControl: Source control is disabled
[2020.04.09-17.09.22:507][  0]SourceControl: Source control is disabled
[2020.04.09-17.09.22:511][  0]SourceControl: Source control is disabled
[2020.04.09-17.09.22:513][  0]SourceControl: Source control is disabled
[2020.04.09-17.09.22:811][  0]LogAndroidPermission: UAndroidPermissionCallbackProxy::GetInstance
[2020.04.09-17.09.23:475][  0]LogOcInput: OculusInput pre-init called
[2020.04.09-17.09.23:595][  0]LogEngine: Initializing Engine...
[2020.04.09-17.09.23:596][  0]LogHMD: Failed to initialize OpenVR with code 110
[2020.04.09-17.09.23:598][  0]LogStats: UGameplayTagsManager::ConstructGameplayTagTree: ImportINI prefixes -  0.000 s
[2020.04.09-17.09.23:598][  0]LogStats: UGameplayTagsManager::ConstructGameplayTagTree: Construct from data asset -  0.000 s
[2020.04.09-17.09.23:598][  0]LogStats: UGameplayTagsManager::ConstructGameplayTagTree: ImportINI -  0.000 s
[2020.04.09-17.09.23:598][  0]LogStats: UGameplayTagsManager::ConstructGameplayTagTree: GameplayTagTreeChangedEvent.Broadcast -  0.000 s
[2020.04.09-17.09.24:019][  0]LogInit: Initializing FReadOnlyCVARCache
[2020.04.09-17.09.24:042][  0]LogAIModule: Creating AISystem for world Untitled
[2020.04.09-17.09.24:200][  0]LogInit: XAudio2 using 'HeadPhone/Digital Output (Realtek High Definition Audio)' : 6 channels at 48 kHz using 32 bits per sample (channel mask 0x3f)
[2020.04.09-17.09.24:466][  0]LogInit: FAudioDevice initialized.
[2020.04.09-17.09.24:466][  0]LogNetVersion: Set ProjectVersion to 1.0.0.0. Version Checksum will be recalculated on next use.
[2020.04.09-17.09.24:631][  0]LogDerivedDataCache: Saved boot cache 0.16s 71MB C:/Users/DaultonNelson/AppData/Local/UnrealEngine/4.20/DerivedDataCache/Boot.ddc.
[2020.04.09-17.09.24:640][  0]LogInit: Texture streaming: Enabled
[2020.04.09-17.09.24:701][  0]LogEngineSessionManager: EngineSessionManager initialized
[2020.04.09-17.09.24:701][  0]LogEngineSessionManager: EngineSessionManager sent abnormal shutdown report. Type=Crashed, SessionId={D628F199-4162-F34C-7692-7FA14846207B}
[2020.04.09-17.09.24:737][  0]LogInit: Transaction tracking system initialized
[2020.04.09-17.09.24:802][  0]BlueprintLog: New page: Editor Load
[2020.04.09-17.09.25:021][  0]LocalizationService: Localization service is disabled
[2020.04.09-17.09.25:561][  0]LogCook: Display: Max memory allowance for cook 16384mb min free memory 0mb
[2020.04.09-17.09.25:561][  0]LogCook: Display: Mobile HDR setting 1
[2020.04.09-17.09.25:561][  0]LogGameplayTags: Display: UGameplayTagsManager::DoneAddingNativeTags. DelegateIsBound: 0
[2020.04.09-17.09.25:561][  0]LogStats: UGameplayTagsManager::ConstructGameplayTagTree: ImportINI prefixes -  0.000 s
[2020.04.09-17.09.25:561][  0]LogStats: UGameplayTagsManager::ConstructGameplayTagTree: Construct from data asset -  0.000 s
[2020.04.09-17.09.25:561][  0]LogStats: UGameplayTagsManager::ConstructGameplayTagTree: ImportINI -  0.000 s
[2020.04.09-17.09.25:561][  0]LogStats: UGameplayTagsManager::ConstructGameplayTagTree: GameplayTagTreeChangedEvent.Broadcast -  0.000 s
[2020.04.09-17.09.25:847][  0]LogFileCache: Scanning file cache for directory 'D:/Side Projects/Unreal Portfolio Invaders/PortfolioInvaders/PortInvadeProject/Content/' took 0.02s
[2020.04.09-17.09.25:870][  0]SourceControl: Source control is disabled
[2020.04.09-17.09.25:872][  0]LightingResults: New page: Lighting Build
[2020.04.09-17.09.25:881][  0]MapCheck: New page: Map Check
[2020.04.09-17.09.25:881][  0]LightingResults: New page: Lighting Build
[2020.04.09-17.09.26:589][  0]LogAIModule: Creating AISystem for world Minimal_Default
[2020.04.09-17.09.26:602][  0]LogEditorServer: Finished looking for orphan Actors (0.000 secs)
[2020.04.09-17.09.26:640][  0]Cmd: MAP CHECKDEP NOCLEARLOG
[2020.04.09-17.09.26:785][  0]MapCheck: Map check complete: 0 Error(s), 0 Warning(s), took 145.015ms to complete.
[2020.04.09-17.09.26:785][  0]LogFileHelpers: Loading map 'Minimal_Default' took 0.915
[2020.04.09-17.09.27:024][  0]LogSlate: Updating window title bar state: overlay mode, drag disabled, window buttons hidden, title bar hidden
[2020.04.09-17.09.27:033][  0]LogSlate: Updating window title bar state: overlay mode, drag disabled, window buttons hidden, title bar hidden
[2020.04.09-17.09.27:043][  0]LogSlate: Updating window title bar state: overlay mode, drag disabled, window buttons hidden, title bar hidden
[2020.04.09-17.09.27:050][  0]LogSlate: Updating window title bar state: overlay mode, drag disabled, window buttons hidden, title bar hidden
[2020.04.09-17.09.27:056][  0]LogCollectionManager: Loaded 0 collections in 0.001764 seconds
[2020.04.09-17.09.27:098][  0]LogFileCache: Scanning file cache for directory 'D:/Side Projects/Unreal Portfolio Invaders/PortfolioInvaders/PortInvadeProject/Saved/Collections/' took 0.01s
[2020.04.09-17.09.27:098][  0]LogFileCache: Scanning file cache for directory 'D:/Side Projects/Unreal Portfolio Invaders/PortfolioInvaders/PortInvadeProject/Content/Developers/DaultonNelson/Collections/' took 0.01s
[2020.04.09-17.09.27:098][  0]LogFileCache: Scanning file cache for directory 'D:/Side Projects/Unreal Portfolio Invaders/PortfolioInvaders/PortInvadeProject/Content/Collections/' took 0.01s
[2020.04.09-17.09.27:098][  0]LogCollectionManager: Rebuilt the GUID cache for 0 collections in 0.000000 seconds
[2020.04.09-17.09.27:110][  0]LogContentBrowser: Native class hierarchy populated in 0.0125 seconds. Added 2572 classes and 603 folders.
[2020.04.09-17.09.27:118][  0]LogContentBrowser: Native class hierarchy updated for 'WidgetCarousel' in 0.0002 seconds. Added 0 classes and 0 folders.
[2020.04.09-17.09.27:173][  0]LogContentBrowser: Native class hierarchy updated for 'AddContentDialog' in 0.0003 seconds. Added 0 classes and 0 folders.
[2020.04.09-17.09.27:177][  0]LogContentBrowser: Native class hierarchy updated for 'SceneOutliner' in 0.0002 seconds. Added 1 classes and 2 folders.
[2020.04.09-17.09.28:584][  0]LogSlate: Only BGRA pngs, bmps or icos are supported in by External Image Picker
[2020.04.09-17.09.28:698][  0]LogSlate: Took 0.000248 seconds to synchronously load lazily loaded font '../../../Engine/Content/Slate/Fonts/Roboto-Regular.ttf' (155K)
[2020.04.09-17.09.28:702][  0]LogSlate: Took 0.000218 seconds to synchronously load lazily loaded font '../../../Engine/Content/Slate/Fonts/Roboto-Bold.ttf' (160K)
[2020.04.09-17.09.28:710][  0]LogSlate: Took 0.000365 seconds to synchronously load lazily loaded font '../../../Engine/Content/Editor/Slate/Fonts/FontAwesome.ttf' (139K)
[2020.04.09-17.09.28:809][  0]LogRenderer: Reallocating scene render targets to support 964x436 Format 10 NumSamples 1 (Frame:1).
[2020.04.09-17.09.28:948][  0]LogTemp: Executing iPhonePackager certificates Engine -bundlename com.YourCompany.PortInvadeProject
[2020.04.09-17.09.28:948][  0]LogTemp: CWD: D:\Program Files\Unreal\Engine\UE_4.20\Engine\Binaries\DotNET\IOS
[2020.04.09-17.09.28:948][  0]LogTemp: Initial Dir: D:\Program Files\Unreal\Engine\UE_4.20
[2020.04.09-17.09.28:948][  0]LogTemp: Env CWD: D:\Program Files\Unreal\Engine\UE_4.20\Engine\Binaries\DotNET\IOS
[2020.04.09-17.09.28:948][  0]LogTemp: BranchPath = MSI/D/Program Files/Unreal/Engine/UE_4.20/Engine/Binaries --- GameBranchPath = MSI/D/Program Files/Unreal/Engine/UE_4.20/Engine/Binaries
[2020.04.09-17.09.28:948][  0]LogTemp: IPP ERROR: Could not find provision directory 'C:\Users\DaultonNelson\AppData\Local/Apple Computer/MobileDevice/Provisioning Profiles/'.
[2020.04.09-17.09.28:964][  0]LogContentBrowser: Native class hierarchy updated for 'HierarchicalLODOutliner' in 0.0002 seconds. Added 0 classes and 0 folders.
[2020.04.09-17.09.28:965][  0]LogLoad: (Engine Initialization) Total time: 21.43 seconds
[2020.04.09-17.09.28:965][  0]LogLoad: (Engine Initialization) Total Blueprint compile time: 0.00 seconds
[2020.04.09-17.09.29:012][  0]LogContentStreaming: Texture pool size now 1000 MB
[2020.04.09-17.09.29:038][  0]LogSlate: Took 0.000194 seconds to synchronously load lazily loaded font '../../../Engine/Content/Slate/Fonts/Roboto-Light.ttf' (167K)
[2020.04.09-17.09.29:054][  1]LogAssetRegistry: Asset discovery search completed in 10.8107 seconds
[2020.04.09-17.09.29:056][  1]LogCollectionManager: Rebuilt the object cache for 0 collections in 0.000000 seconds (found 0 objects)
[2020.04.09-17.09.29:056][  1]LogCollectionManager: Fixed up redirectors for 0 collections in 0.000144 seconds (updated 0 objects)
[2020.04.09-17.09.30:089][ 27]LogSlate: Took 0.000756 seconds to synchronously load lazily loaded font '../../../Engine/Content/Slate/Fonts/Roboto-Light.ttf' (167K)
[2020.04.09-17.09.31:750][ 76]LogSlate: FSceneViewport::OnFocusLost() reason 0
[2020.04.09-17.09.31:867][ 78]LogAssetEditorManager: Opening Asset editor for WidgetBlueprint /Game/UI/GameplayUI.GameplayUI
[2020.04.09-17.09.32:714][ 78]LogContentBrowser: Native class hierarchy updated for 'BlueprintGraph' in 0.0019 seconds. Added 116 classes and 0 folders.
[2020.04.09-17.09.34:367][ 78]LogAssetEditorManager: Opening Asset editor for Blueprint /Game/Blueprints/CustomPlayerController.CustomPlayerController
[2020.04.09-17.09.35:101][ 78]LogAssetEditorManager: Opening Asset editor for Blueprint /Game/Blueprints/PlayerShipPawn.PlayerShipPawn
[2020.04.09-17.09.35:754][ 78]LogAssetEditorManager: Opening Asset editor for Blueprint /Game/Blueprints/EnemyPrefab.EnemyPrefab
[2020.04.09-17.09.36:462][ 78]LogSlate: Took 0.000482 seconds to synchronously load lazily loaded font '../../../Engine/Content/Slate/Fonts/Roboto-BoldCondensed.ttf' (158K)
[2020.04.09-17.09.36:590][ 79]LogSlate: Took 0.000233 seconds to synchronously load lazily loaded font '../../../Engine/Content/Slate/Fonts/Roboto-Italic.ttf' (157K)
[2020.04.09-17.09.41:052][236]LogSlate: Window 'GameplayUI' being destroyed
[2020.04.09-17.09.50:550][688]Cmd: OBJ SAVEPACKAGE PACKAGE="/Game/UI/GameplayUI" FILE="../../../../../../../Side Projects/Unreal Portfolio Invaders/PortfolioInvaders/PortInvadeProject/Content/UI/GameplayUI.uasset" SILENT=true
[2020.04.09-17.09.50:737][688]LogSavePackage: Moving '../../../../../../../Side Projects/Unreal Portfolio Invaders/PortfolioInvaders/PortInvadeProject/Saved/GameplayUI27DF65434939EC8A8A984880770DA141.tmp' to '../../../../../../../Side Projects/Unreal Portfolio Invaders/PortfolioInvaders/PortInvadeProject/Content/UI/GameplayUI.uasset'
[2020.04.09-17.13.48:046][789]BlueprintLog: New page: Compile GameplayUI
[2020.04.09-17.16.00:845][981]Cmd: OBJ SAVEPACKAGE PACKAGE="/Game/UI/GameplayUI" FILE="../../../../../../../Side Projects/Unreal Portfolio Invaders/PortfolioInvaders/PortInvadeProject/Content/UI/GameplayUI.uasset" SILENT=true
[2020.04.09-17.16.00:918][981]LogSavePackage: Moving '../../../../../../../Side Projects/Unreal Portfolio Invaders/PortfolioInvaders/PortInvadeProject/Saved/GameplayUIC49A5706414D11B0A37EDEB831CBEE0C.tmp' to '../../../../../../../Side Projects/Unreal Portfolio Invaders/PortfolioInvaders/PortInvadeProject/Content/UI/GameplayUI.uasset'
[2020.04.09-17.16.01:597][  9]LogTemp: Repeating last play command: New Editor Window (PIE)
[2020.04.09-17.16.01:624][  9]LogBlueprintUserMessages: Early PlayInEditor Detection: Level '/Game/StarterContent/Maps/Minimal_Default.Minimal_Default:PersistentLevel' has LevelScriptBlueprint '/Game/StarterContent/Maps/Minimal_Default.Minimal_Default:PersistentLevel.Minimal_Default' with GeneratedClass '/Game/StarterContent/Maps/Minimal_Default.Minimal_Default_C' with ClassGeneratedBy '/Game/StarterContent/Maps/Minimal_Default.Minimal_Default:PersistentLevel.Minimal_Default'
[2020.04.09-17.16.01:624][  9]BlueprintLog: New page: Pre-Play auto-recompile
[2020.04.09-17.16.01:633][  9]LogPlayLevel: [PlayLevel] Compiling GameplayUI before play...
[2020.04.09-17.16.01:795][  9]LogPlayLevel: PlayLevel: Blueprint regeneration took 170 ms (1 blueprints)
[2020.04.09-17.16.01:810][  9]PIE: New page: PIE session: Minimal_Default (Apr 9, 2020, 9:16:01 AM)
[2020.04.09-17.16.01:810][  9]LogPlayLevel: Creating play world package: /Game/StarterContent/Maps/UEDPIE_0_Minimal_Default
[2020.04.09-17.16.01:818][  9]LogPlayLevel: PIE: StaticDuplicateObject took: (0.008328s)
[2020.04.09-17.16.01:820][  9]LogAIModule: Creating AISystem for world Minimal_Default
[2020.04.09-17.16.01:820][  9]LogPlayLevel: PIE: World Init took: (0.001956s)
[2020.04.09-17.16.01:821][  9]LogPlayLevel: PIE: Created PIE world by copying editor world from /Game/StarterContent/Maps/Minimal_Default.Minimal_Default to /Game/StarterContent/Maps/UEDPIE_0_Minimal_Default.Minimal_Default (0.010668s)
[2020.04.09-17.16.02:104][  9]LogInit: XAudio2 using 'HeadPhone/Digital Output (Realtek High Definition Audio)' : 6 channels at 48 kHz using 32 bits per sample (channel mask 0x3f)
[2020.04.09-17.16.02:531][  9]LogInit: FAudioDevice initialized.
[2020.04.09-17.16.02:588][  9]LogSlate: Updating window title bar state: overlay mode, drag disabled, window buttons hidden, title bar hidden
[2020.04.09-17.16.02:760][  9]LogLoad: Game class is 'Shoot-em-UpMode_C'
[2020.04.09-17.16.02:766][  9]LogWorld: Bringing World /Game/StarterContent/Maps/UEDPIE_0_Minimal_Default.Minimal_Default up for play (max tick rate 60) at 2020.04.09-13.16.02
[2020.04.09-17.16.02:768][  9]LogWorld: Bringing up level for play took: 0.003588
[2020.04.09-17.16.02:783][  9]LogGameMode: FindPlayerStart: PATHS NOT DEFINED or NO PLAYERSTART with positive rating
[2020.04.09-17.16.02:827][  9]LogContentBrowser: Native class hierarchy updated for 'MovieSceneCapture' in 0.0015 seconds. Added 10 classes and 0 folders.
[2020.04.09-17.16.02:828][  9]LogGameMode: Display: Match State Changed from EnteringMap to WaitingToStart
[2020.04.09-17.16.02:828][  9]LogGameState: Match State Changed from EnteringMap to WaitingToStart
[2020.04.09-17.16.02:828][  9]LogGameMode: Display: Match State Changed from WaitingToStart to InProgress
[2020.04.09-17.16.02:835][  9]LogGameState: Match State Changed from WaitingToStart to InProgress
[2020.04.09-17.16.02:836][  9]PIE: Play in editor start time for /Game/StarterContent/Maps/UEDPIE_0_Minimal_Default 1.499
[2020.04.09-17.16.02:837][  9]LogBlueprintUserMessages: Late PlayInEditor Detection: Level '/Game/StarterContent/Maps/Minimal_Default.Minimal_Default:PersistentLevel' has LevelScriptBlueprint '/Game/StarterContent/Maps/Minimal_Default.Minimal_Default:PersistentLevel.Minimal_Default' with GeneratedClass '/Game/StarterContent/Maps/Minimal_Default.Minimal_Default_C' with ClassGeneratedBy '/Game/StarterContent/Maps/Minimal_Default.Minimal_Default:PersistentLevel.Minimal_Default'
[2020.04.09-17.16.02:898][  9]LogRenderer: Reallocating scene render targets to support 1024x576 Format 10 NumSamples 1 (Frame:1).
[2020.04.09-17.16.04:484][ 57]LogBlueprintUserMessages: [PlayerShipPawn_C_0] Fire Shot
[2020.04.09-17.16.05:685][ 93]LogBlueprintUserMessages: Early EndPlayMap Detection: Level '/Game/StarterContent/Maps/Minimal_Default.Minimal_Default:PersistentLevel' has LevelScriptBlueprint '/Game/StarterContent/Maps/Minimal_Default.Minimal_Default:PersistentLevel.Minimal_Default' with GeneratedClass '/Game/StarterContent/Maps/Minimal_Default.Minimal_Default_C' with ClassGeneratedBy '/Game/StarterContent/Maps/Minimal_Default.Minimal_Default:PersistentLevel.Minimal_Default'
[2020.04.09-17.16.05:686][ 93]LogSlate: Updating window title bar state: overlay mode, drag disabled, window buttons hidden, title bar hidden
[2020.04.09-17.16.05:749][ 93]LogSlate: Window 'PortInvadeProject Game Preview Standalone (64-bit/PCD3D_SM5)' being destroyed
[2020.04.09-17.16.05:841][ 93]LogPlayLevel: Display: Shutting down PIE online subsystems
[2020.04.09-17.16.05:842][ 93]LogBlueprintUserMessages: Late EndPlayMap Detection: Level '/Game/StarterContent/Maps/Minimal_Default.Minimal_Default:PersistentLevel' has LevelScriptBlueprint '/Game/StarterContent/Maps/Minimal_Default.Minimal_Default:PersistentLevel.Minimal_Default' with GeneratedClass '/Game/StarterContent/Maps/Minimal_Default.Minimal_Default_C' with ClassGeneratedBy '/Game/StarterContent/Maps/Minimal_Default.Minimal_Default:PersistentLevel.Minimal_Default'
[2020.04.09-17.16.05:976][ 94]LogPlayLevel: Display: Destroying online subsystem :Context_7
[2020.04.09-17.16.10:377][247]LogTemp: Repeating last play command: New Editor Window (PIE)
[2020.04.09-17.16.10:407][247]LogBlueprintUserMessages: Early PlayInEditor Detection: Level '/Game/StarterContent/Maps/Minimal_Default.Minimal_Default:PersistentLevel' has LevelScriptBlueprint '/Game/StarterContent/Maps/Minimal_Default.Minimal_Default:PersistentLevel.Minimal_Default' with GeneratedClass '/Game/StarterContent/Maps/Minimal_Default.Minimal_Default_C' with ClassGeneratedBy '/Game/StarterContent/Maps/Minimal_Default.Minimal_Default:PersistentLevel.Minimal_Default'
[2020.04.09-17.16.10:407][247]BlueprintLog: New page: Pre-Play auto-recompile
[2020.04.09-17.16.10:414][247]LogPlayLevel: [PlayLevel] Compiling GameplayUI before play...
[2020.04.09-17.16.10:569][247]LogPlayLevel: PlayLevel: Blueprint regeneration took 161 ms (1 blueprints)
[2020.04.09-17.16.10:570][247]PIE: New page: PIE session: Minimal_Default (Apr 9, 2020, 9:16:10 AM)
[2020.04.09-17.16.10:570][247]LogPlayLevel: Creating play world package: /Game/StarterContent/Maps/UEDPIE_0_Minimal_Default
[2020.04.09-17.16.10:572][247]LogPlayLevel: PIE: StaticDuplicateObject took: (0.002673s)
[2020.04.09-17.16.10:573][247]LogAIModule: Creating AISystem for world Minimal_Default
[2020.04.09-17.16.10:574][247]LogPlayLevel: PIE: World Init took: (0.001379s)
[2020.04.09-17.16.10:574][247]LogPlayLevel: PIE: Created PIE world by copying editor world from /Game/StarterContent/Maps/Minimal_Default.Minimal_Default to /Game/StarterContent/Maps/UEDPIE_0_Minimal_Default.Minimal_Default (0.004268s)
[2020.04.09-17.16.10:684][247]LogInit: XAudio2 using 'HeadPhone/Digital Output (Realtek High Definition Audio)' : 6 channels at 48 kHz using 32 bits per sample (channel mask 0x3f)
[2020.04.09-17.16.10:798][247]LogInit: FAudioDevice initialized.
[2020.04.09-17.16.10:812][247]LogSlate: Updating window title bar state: overlay mode, drag disabled, window buttons hidden, title bar hidden
[2020.04.09-17.16.10:888][247]LogLoad: Game class is 'Shoot-em-UpMode_C'
[2020.04.09-17.16.10:890][247]LogWorld: Bringing World /Game/StarterContent/Maps/UEDPIE_0_Minimal_Default.Minimal_Default up for play (max tick rate 60) at 2020.04.09-13.16.10
[2020.04.09-17.16.10:891][247]LogWorld: Bringing up level for play took: 0.001276
[2020.04.09-17.16.10:903][247]LogGameMode: FindPlayerStart: PATHS NOT DEFINED or NO PLAYERSTART with positive rating
[2020.04.09-17.16.10:903][247]LogGameMode: Display: Match State Changed from EnteringMap to WaitingToStart
[2020.04.09-17.16.10:903][247]LogGameState: Match State Changed from EnteringMap to WaitingToStart
[2020.04.09-17.16.10:903][247]LogGameMode: Display: Match State Changed from WaitingToStart to InProgress
[2020.04.09-17.16.10:905][247]LogGameState: Match State Changed from WaitingToStart to InProgress
[2020.04.09-17.16.10:906][247]PIE: Play in editor start time for /Game/StarterContent/Maps/UEDPIE_0_Minimal_Default -0.431
[2020.04.09-17.16.10:907][247]LogBlueprintUserMessages: Late PlayInEditor Detection: Level '/Game/StarterContent/Maps/Minimal_Default.Minimal_Default:PersistentLevel' has LevelScriptBlueprint '/Game/StarterContent/Maps/Minimal_Default.Minimal_Default:PersistentLevel.Minimal_Default' with GeneratedClass '/Game/StarterContent/Maps/Minimal_Default.Minimal_Default_C' with ClassGeneratedBy '/Game/StarterContent/Maps/Minimal_Default.Minimal_Default:PersistentLevel.Minimal_Default'
[2020.04.09-17.16.11:767][274]LogBlueprintUserMessages: [PlayerShipPawn_C_0] Fire Shot
[2020.04.09-17.16.13:034][312]LogBlueprintUserMessages: Early EndPlayMap Detection: Level '/Game/StarterContent/Maps/Minimal_Default.Minimal_Default:PersistentLevel' has LevelScriptBlueprint '/Game/StarterContent/Maps/Minimal_Default.Minimal_Default:PersistentLevel.Minimal_Default' with GeneratedClass '/Game/StarterContent/Maps/Minimal_Default.Minimal_Default_C' with ClassGeneratedBy '/Game/StarterContent/Maps/Minimal_Default.Minimal_Default:PersistentLevel.Minimal_Default'
[2020.04.09-17.16.13:036][312]LogSlate: Updating window title bar state: overlay mode, drag disabled, window buttons hidden, title bar hidden
[2020.04.09-17.16.13:094][312]LogSlate: Window 'PortInvadeProject Game Preview Standalone (64-bit/PCD3D_SM5)' being destroyed
[2020.04.09-17.16.13:168][312]LogPlayLevel: Display: Shutting down PIE online subsystems
[2020.04.09-17.16.13:168][312]LogBlueprintUserMessages: Late EndPlayMap Detection: Level '/Game/StarterContent/Maps/Minimal_Default.Minimal_Default:PersistentLevel' has LevelScriptBlueprint '/Game/StarterContent/Maps/Minimal_Default.Minimal_Default:PersistentLevel.Minimal_Default' with GeneratedClass '/Game/StarterContent/Maps/Minimal_Default.Minimal_Default_C' with ClassGeneratedBy '/Game/StarterContent/Maps/Minimal_Default.Minimal_Default:PersistentLevel.Minimal_Default'
[2020.04.09-17.16.13:286][313]LogPlayLevel: Display: Destroying online subsystem :Context_8
[2020.04.09-17.16.21:132][723]Cmd: OBJ SAVEPACKAGE PACKAGE="/Game/UI/GameplayUI" FILE="../../../../../../../Side Projects/Unreal Portfolio Invaders/PortfolioInvaders/PortInvadeProject/Content/UI/GameplayUI.uasset" SILENT=true
[2020.04.09-17.16.21:199][723]LogSavePackage: Moving '../../../../../../../Side Projects/Unreal Portfolio Invaders/PortfolioInvaders/PortInvadeProject/Saved/GameplayUI6CDC78A2476019388804F9803B4FA76E.tmp' to '../../../../../../../Side Projects/Unreal Portfolio Invaders/PortfolioInvaders/PortInvadeProject/Content/UI/GameplayUI.uasset'
[2020.04.09-17.16.38:675][731]LogTemp: Repeating last play command: New Editor Window (PIE)
[2020.04.09-17.16.38:706][731]LogBlueprintUserMessages: Early PlayInEditor Detection: Level '/Game/StarterContent/Maps/Minimal_Default.Minimal_Default:PersistentLevel' has LevelScriptBlueprint '/Game/StarterContent/Maps/Minimal_Default.Minimal_Default:PersistentLevel.Minimal_Default' with GeneratedClass '/Game/StarterContent/Maps/Minimal_Default.Minimal_Default_C' with ClassGeneratedBy '/Game/StarterContent/Maps/Minimal_Default.Minimal_Default:PersistentLevel.Minimal_Default'
[2020.04.09-17.16.38:706][731]LogPlayLevel: PlayLevel: No blueprints needed recompiling
[2020.04.09-17.16.38:706][731]PIE: New page: PIE session: Minimal_Default (Apr 9, 2020, 9:16:38 AM)
[2020.04.09-17.16.38:706][731]LogPlayLevel: Creating play world package: /Game/StarterContent/Maps/UEDPIE_0_Minimal_Default
[2020.04.09-17.16.38:709][731]LogPlayLevel: PIE: StaticDuplicateObject took: (0.002737s)
[2020.04.09-17.16.38:710][731]LogAIModule: Creating AISystem for world Minimal_Default
[2020.04.09-17.16.38:710][731]LogPlayLevel: PIE: World Init took: (0.000902s)
[2020.04.09-17.16.38:710][731]LogPlayLevel: PIE: Created PIE world by copying editor world from /Game/StarterContent/Maps/Minimal_Default.Minimal_Default to /Game/StarterContent/Maps/UEDPIE_0_Minimal_Default.Minimal_Default (0.003810s)
[2020.04.09-17.16.38:822][731]LogInit: XAudio2 using 'HeadPhone/Digital Output (Realtek High Definition Audio)' : 6 channels at 48 kHz using 32 bits per sample (channel mask 0x3f)
[2020.04.09-17.16.39:055][731]LogInit: FAudioDevice initialized.
[2020.04.09-17.16.39:109][731]LogSlate: Updating window title bar state: overlay mode, drag disabled, window buttons hidden, title bar hidden
[2020.04.09-17.16.39:270][731]LogLoad: Game class is 'Shoot-em-UpMode_C'
[2020.04.09-17.16.39:275][731]LogWorld: Bringing World /Game/StarterContent/Maps/UEDPIE_0_Minimal_Default.Minimal_Default up for play (max tick rate 60) at 2020.04.09-13.16.39
[2020.04.09-17.16.39:277][731]LogWorld: Bringing up level for play took: 0.003664
[2020.04.09-17.16.39:293][731]LogGameMode: FindPlayerStart: PATHS NOT DEFINED or NO PLAYERSTART with positive rating
[2020.04.09-17.16.39:294][731]LogGameMode: Display: Match State Changed from EnteringMap to WaitingToStart
[2020.04.09-17.16.39:294][731]LogGameState: Match State Changed from EnteringMap to WaitingToStart
[2020.04.09-17.16.39:294][731]LogGameMode: Display: Match State Changed from WaitingToStart to InProgress
[2020.04.09-17.16.39:300][731]LogGameState: Match State Changed from WaitingToStart to InProgress
[2020.04.09-17.16.39:306][731]PIE: Play in editor start time for /Game/StarterContent/Maps/UEDPIE_0_Minimal_Default -0.031
[2020.04.09-17.16.39:307][731]LogBlueprintUserMessages: Late PlayInEditor Detection: Level '/Game/StarterContent/Maps/Minimal_Default.Minimal_Default:PersistentLevel' has LevelScriptBlueprint '/Game/StarterContent/Maps/Minimal_Default.Minimal_Default:PersistentLevel.Minimal_Default' with GeneratedClass '/Game/StarterContent/Maps/Minimal_Default.Minimal_Default_C' with ClassGeneratedBy '/Game/StarterContent/Maps/Minimal_Default.Minimal_Default:PersistentLevel.Minimal_Default'
[2020.04.09-17.16.44:444][881]LogBlueprintUserMessages: [PlayerShipPawn_C_0] Fire Shot
[2020.04.09-17.16.45:641][917]LogBlueprintUserMessages: [PlayerShipPawn_C_0] Fire Shot
[2020.04.09-17.16.47:340][968]LogBlueprintUserMessages: [PlayerShipPawn_C_0] Fire Shot
[2020.04.09-17.16.48:109][991]LogBlueprintUserMessages: [PlayerShipPawn_C_0] Fire Shot
[2020.04.09-17.16.48:473][  2]LogBlueprintUserMessages: [PlayerShipPawn_C_0] Fire Shot
[2020.04.09-17.16.48:640][  7]LogBlueprintUserMessages: [PlayerShipPawn_C_0] Fire Shot
[2020.04.09-17.16.48:808][ 12]LogBlueprintUserMessages: [PlayerShipPawn_C_0] Fire Shot
[2020.04.09-17.16.48:973][ 17]LogBlueprintUserMessages: [PlayerShipPawn_C_0] Fire Shot
[2020.04.09-17.16.49:142][ 22]LogBlueprintUserMessages: [PlayerShipPawn_C_0] Fire Shot
[2020.04.09-17.16.49:306][ 27]LogBlueprintUserMessages: [PlayerShipPawn_C_0] Fire Shot
[2020.04.09-17.16.49:441][ 31]LogBlueprintUserMessages: [PlayerShipPawn_C_0] Fire Shot
[2020.04.09-17.16.49:611][ 36]LogBlueprintUserMessages: [PlayerShipPawn_C_0] Fire Shot
[2020.04.09-17.16.49:773][ 41]LogBlueprintUserMessages: [PlayerShipPawn_C_0] Fire Shot
[2020.04.09-17.16.49:908][ 45]LogBlueprintUserMessages: [PlayerShipPawn_C_0] Fire Shot
[2020.04.09-17.16.50:071][ 50]LogBlueprintUserMessages: [PlayerShipPawn_C_0] Fire Shot
[2020.04.09-17.16.50:273][ 56]LogBlueprintUserMessages: [PlayerShipPawn_C_0] Fire Shot
[2020.04.09-17.16.50:406][ 60]LogBlueprintUserMessages: [PlayerShipPawn_C_0] Fire Shot
[2020.04.09-17.16.50:574][ 65]LogBlueprintUserMessages: [PlayerShipPawn_C_0] Fire Shot
[2020.04.09-17.16.50:740][ 70]LogBlueprintUserMessages: [PlayerShipPawn_C_0] Fire Shot
[2020.04.09-17.16.50:908][ 75]LogBlueprintUserMessages: [PlayerShipPawn_C_0] Fire Shot
[2020.04.09-17.16.51:073][ 80]LogBlueprintUserMessages: [PlayerShipPawn_C_0] Fire Shot
[2020.04.09-17.16.51:208][ 84]LogBlueprintUserMessages: [PlayerShipPawn_C_0] Fire Shot
[2020.04.09-17.16.51:375][ 89]LogBlueprintUserMessages: [PlayerShipPawn_C_0] Fire Shot
[2020.04.09-17.16.51:540][ 94]LogBlueprintUserMessages: [PlayerShipPawn_C_0] Fire Shot
[2020.04.09-17.16.51:739][100]LogBlueprintUserMessages: [PlayerShipPawn_C_0] Fire Shot
[2020.04.09-17.17.03:637][457]LogBlueprintUserMessages: Early EndPlayMap Detection: Level '/Game/StarterContent/Maps/Minimal_Default.Minimal_Default:PersistentLevel' has LevelScriptBlueprint '/Game/StarterContent/Maps/Minimal_Default.Minimal_Default:PersistentLevel.Minimal_Default' with GeneratedClass '/Game/StarterContent/Maps/Minimal_Default.Minimal_Default_C' with ClassGeneratedBy '/Game/StarterContent/Maps/Minimal_Default.Minimal_Default:PersistentLevel.Minimal_Default'
[2020.04.09-17.17.03:639][457]LogSlate: Updating window title bar state: overlay mode, drag disabled, window buttons hidden, title bar hidden
[2020.04.09-17.17.03:711][457]LogSlate: Window 'PortInvadeProject Game Preview Standalone (64-bit/PCD3D_SM5)' being destroyed
[2020.04.09-17.17.03:794][457]LogPlayLevel: Display: Shutting down PIE online subsystems
[2020.04.09-17.17.03:795][457]LogBlueprintUserMessages: Late EndPlayMap Detection: Level '/Game/StarterContent/Maps/Minimal_Default.Minimal_Default:PersistentLevel' has LevelScriptBlueprint '/Game/StarterContent/Maps/Minimal_Default.Minimal_Default:PersistentLevel.Minimal_Default' with GeneratedClass '/Game/StarterContent/Maps/Minimal_Default.Minimal_Default_C' with ClassGeneratedBy '/Game/StarterContent/Maps/Minimal_Default.Minimal_Default:PersistentLevel.Minimal_Default'
[2020.04.09-17.17.04:014][458]LogPlayLevel: Display: Destroying online subsystem :Context_9
[2020.04.09-17.17.06:140][541]LogSavePackage: Moving '../../../../../../../Side Projects/Unreal Portfolio Invaders/PortfolioInvaders/PortInvadeProject/Saved/EnemyPrefabAD9C711E4D21EB9F0688B69E2D0EA24A.tmp' to '../../../../../../../Side Projects/Unreal Portfolio Invaders/PortfolioInvaders/PortInvadeProject/Content/Blueprints/EnemyPrefab.uasset'
[2020.04.09-17.17.25:976][540]BlueprintLog: New page: Compile EnemyPrefab
[2020.04.09-17.17.27:573][599]LogSavePackage: Moving '../../../../../../../Side Projects/Unreal Portfolio Invaders/PortfolioInvaders/PortInvadeProject/Saved/EnemyPrefab89ADE63C4CF2CE478C2C29BE0E3488FD.tmp' to '../../../../../../../Side Projects/Unreal Portfolio Invaders/PortfolioInvaders/PortInvadeProject/Content/Blueprints/EnemyPrefab.uasset'
[2020.04.09-17.18.22:953][878]Cmd: OBJ SAVEPACKAGE PACKAGE="/Game/UI/GameplayUI" FILE="../../../../../../../Side Projects/Unreal Portfolio Invaders/PortfolioInvaders/PortInvadeProject/Content/UI/GameplayUI.uasset" SILENT=true
[2020.04.09-17.18.23:005][878]LogSavePackage: Moving '../../../../../../../Side Projects/Unreal Portfolio Invaders/PortfolioInvaders/PortInvadeProject/Saved/GameplayUI3E3179D348D44D4F8B5141861341356C.tmp' to '../../../../../../../Side Projects/Unreal Portfolio Invaders/PortfolioInvaders/PortInvadeProject/Content/UI/GameplayUI.uasset'
[2020.04.09-17.18.33:679][423]LogD3D11RHI: Error: Result failed 
 at D:\Build\++UE4\Sync\Engine\Source\Runtime\Windows\D3D11RHI\Private\D3D11Query.cpp:146 
 with error DXGI_ERROR_DEVICE_REMOVED DXGI_ERROR_DEVICE_HUNG
[2020.04.09-17.18.33:679][423]LogD3D11RHI: [Aftermath] GDynamicRHI=000002B7DB438100, GDX11NVAfterMathEnabled=0, Result=0xFFFFFFFF, bDeviceActive=0
[2020.04.09-17.18.33:679][423]LogWindows: Windows GetLastError: The operation completed successfully. (0)
[2020.04.09-17.18.36:584][423]LogWindows: Windows GetLastError: The operation completed successfully. (0)
[2020.04.09-17.18.36:584][423]LogWindows: Error: === Critical error: ===
[2020.04.09-17.18.36:584][423]LogWindows: Error: 
[2020.04.09-17.18.36:584][423]LogWindows: Error: Fatal error: [File:D:\Build\++UE4\Sync\Engine\Source\Runtime\RenderCore\Private\RenderingThread.cpp] [Line: 826] 
[2020.04.09-17.18.36:584][423]LogWindows: Error: Rendering thread exception:
[2020.04.09-17.18.36:584][423]LogWindows: Error: Fatal error: [File:D:\Build\++UE4\Sync\Engine\Source\Runtime\Windows\D3D11RHI\Private\D3D11Util.cpp] [Line: 200] 
[2020.04.09-17.18.36:584][423]LogWindows: Error: Unreal Engine is exiting due to D3D device being lost. (Error: 0x887A0006 - 'HUNG')
[2020.04.09-17.18.36:584][423]LogWindows: Error: 
[2020.04.09-17.18.36:584][423]LogWindows: Error: 
[2020.04.09-17.18.36:584][423]LogWindows: Error: [Callstack] 0x00007ff992fea859 KERNELBASE.dll!UnknownFunction []
[2020.04.09-17.18.36:584][423]LogWindows: Error: [Callstack] 0x00007ff9655e6850 UE4Editor-ApplicationCore.dll!UnknownFunction []
[2020.04.09-17.18.36:584][423]LogWindows: Error: [Callstack] 0x00007ff91a8562fc UE4Editor-Core.dll!UnknownFunction []
[2020.04.09-17.18.36:584][423]LogWindows: Error: [Callstack] 0x00007ff91a7e51db UE4Editor-Core.dll!UnknownFunction []
[2020.04.09-17.18.36:584][423]LogWindows: Error: [Callstack] 0x00007ff8ff39adea UE4Editor-D3D11RHI.dll!UnknownFunction []
[2020.04.09-17.18.36:584][423]LogWindows: Error: [Callstack] 0x00007ff8ff39e6e4 UE4Editor-D3D11RHI.dll!UnknownFunction []
[2020.04.09-17.18.36:584][423]LogWindows: Error: [Callstack] 0x00007ff8ff375951 UE4Editor-D3D11RHI.dll!UnknownFunction []
[2020.04.09-17.18.36:584][423]LogWindows: Error: [Callstack] 0x00007ff8ff38abf8 UE4Editor-D3D11RHI.dll!UnknownFunction []
[2020.04.09-17.18.36:584][423]LogWindows: Error: [Callstack] 0x00007ff96567b106 UE4Editor-RHI.dll!UnknownFunction []
[2020.04.09-17.18.36:584][423]LogWindows: Error: [Callstack] 0x00007ff8ff131b42 UE4Editor-SlateRHIRenderer.dll!UnknownFunction []
[2020.04.09-17.18.36:584][423]LogWindows: Error: [Callstack] 0x00007ff8ff137d0a UE4Editor-SlateRHIRenderer.dll!UnknownFunction []
[2020.04.09-17.18.36:584][423]LogWindows: Error: [Callstack] 0x00007ff91a671f92 UE4Editor-Core.dll!UnknownFunction []
[2020.04.09-17.18.36:584][423]LogWindows: Error: [Callstack] 0x00007ff91a672456 UE4Editor-Core.dll!UnknownFunction []
[2020.04.09-17.18.36:584][423]LogWindows: Error: [Callstack] 0x00007ff9869d75f9 UE4Editor-RenderCore.dll!UnknownFunction []
[2020.04.09-17.18.36:584][423]LogWindows: Error: [Callstack] 0x00007ff9869d8574 UE4Editor-RenderCore.dll!UnknownFunction []
[2020.04.09-17.18.36:584][423]LogWindows: Error: [Callstack] 0x00007ff91aab6b7c UE4Editor-Core.dll!UnknownFunction []
[2020.04.09-17.18.36:584][423]LogWindows: Error: [Callstack] 0x00007ff91aab17c7 UE4Editor-Core.dll!UnknownFunction []
[2020.04.09-17.18.36:584][423]LogWindows: Error: [Callstack] 0x00007ff995317bd4 KERNEL32.DLL!UnknownFunction []
[2020.04.09-17.18.36:584][423]LogWindows: Error: [Callstack] 0x00007ff995f8ced1 ntdll.dll!UnknownFunction []
[2020.04.09-17.18.36:584][423]LogWindows: Error: 
[2020.04.09-17.18.36:584][423]LogWindows: Error: 
[2020.04.09-17.18.36:584][423]LogWindows: Error: 
[2020.04.09-17.18.36:584][423]LogWindows: Error: 
[2020.04.09-17.18.36:603][423]LogExit: Executing StaticShutdownAfterError
[2020.04.09-17.18.36:608][423]LogWindows: FPlatformMisc::RequestExit(1)
[2020.04.09-17.18.36:613][423]Log file closed, 04/09/20 13:18:36
