Log file open, 04/04/20 13:22:09
LogWindows: Failed to load 'aqProf.dll' (GetLastError=126)
LogWindows: File 'aqProf.dll' does not exist
LogWindows: Failed to load 'VSPerf140.dll' (GetLastError=126)
LogWindows: File 'VSPerf140.dll' does not exist
LogWindows: Failed to load 'VtuneApi.dll' (GetLastError=126)
LogWindows: File 'VtuneApi.dll' does not exist
LogWindows: Failed to load 'VtuneApi32e.dll' (GetLastError=126)
LogWindows: File 'VtuneApi32e.dll' does not exist
LogInit: Display: Running engine for game: PortInvadeProject
LogPlatformFile: Not using cached read wrapper
LogTaskGraph: Started task graph with 5 named threads and 23 total threads with 3 sets of task threads.
LogStats: Stats thread started at 0.287998
LogD3D11RHI: Loaded GFSDK_Aftermath_Lib.x64.dll
LogICUInternationalization: Display: ICU TimeZone Detection - Raw Offset: -5:00, Platform Override: ''
LogPluginManager: Mounting plugin Paper2D
LogPluginManager: Mounting plugin AISupport
LogPluginManager: Mounting plugin LightPropagationVolume
LogPluginManager: Mounting plugin CLionSourceCodeAccess
LogPluginManager: Mounting plugin CodeLiteSourceCodeAccess
LogPluginManager: Mounting plugin GitSourceControl
LogPluginManager: Mounting plugin KDevelopSourceCodeAccess
LogPluginManager: Mounting plugin NullSourceCodeAccess
LogPluginManager: Mounting plugin PerforceSourceControl
LogPluginManager: Mounting plugin SubversionSourceControl
LogPluginManager: Mounting plugin UObjectPlugin
LogPluginManager: Mounting plugin VisualStudioCodeSourceCodeAccess
LogPluginManager: Mounting plugin VisualStudioSourceCodeAccess
LogPluginManager: Mounting plugin XCodeSourceCodeAccess
LogPluginManager: Mounting plugin AssetManagerEditor
LogPluginManager: Mounting plugin CryptoKeys
LogPluginManager: Mounting plugin DataValidation
LogPluginManager: Mounting plugin FacialAnimation
LogPluginManager: Mounting plugin GameplayTagsEditor
LogPluginManager: Mounting plugin MacGraphicsSwitching
LogPluginManager: Mounting plugin MeshEditor
LogPluginManager: Mounting plugin MobileLauncherProfileWizard
LogPluginManager: Mounting plugin PluginBrowser
LogPluginManager: Mounting plugin SpeedTreeImporter
LogPluginManager: Mounting plugin DatasmithContent
LogPluginManager: Mounting plugin AlembicImporter
LogPluginManager: Mounting plugin AppleImageUtils
LogPluginManager: Mounting plugin AppleVision
LogPluginManager: Mounting plugin BackChannel
LogPluginManager: Mounting plugin CharacterAI
LogPluginManager: Mounting plugin GeometryCache
LogPluginManager: Mounting plugin HTML5Networking
LogPluginManager: Mounting plugin ProxyLODPlugin
LogPluginManager: Mounting plugin MagicLeap
LogPluginManager: Mounting plugin MagicLeapEmulator
LogPluginManager: Mounting plugin MagicLeapMedia
LogPluginManager: Mounting plugin AndroidMedia
LogPluginManager: Mounting plugin AvfMedia
LogPluginManager: Mounting plugin ImgMedia
LogPluginManager: Mounting plugin LinearTimecode
LogPluginManager: Mounting plugin MediaCompositing
LogPluginManager: Mounting plugin MediaPlayerEditor
LogPluginManager: Mounting plugin WmfMedia
LogPluginManager: Mounting plugin TcpMessaging
LogPluginManager: Mounting plugin UdpMessaging
LogPluginManager: Mounting plugin ActorSequence
LogPluginManager: Mounting plugin LevelSequenceEditor
LogPluginManager: Mounting plugin MatineeToLevelSequence
LogPluginManager: Mounting plugin NetcodeUnitTest
LogPluginManager: Mounting plugin NUTUnrealEngine4
LogPluginManager: Mounting plugin OnlineSubsystemGooglePlay
LogPluginManager: Mounting plugin OnlineSubsystemIOS
LogPluginManager: Mounting plugin OnlineSubsystem
LogPluginManager: Mounting plugin OnlineSubsystemNull
LogPluginManager: Mounting plugin OnlineSubsystemUtils
LogPluginManager: Mounting plugin LauncherChunkInstaller
LogPluginManager: Mounting plugin AndroidDeviceProfileSelector
LogPluginManager: Mounting plugin AndroidMoviePlayer
LogPluginManager: Mounting plugin AndroidPermission
LogPluginManager: Mounting plugin AppleMoviePlayer
LogPluginManager: Mounting plugin ArchVisCharacter
LogPluginManager: Mounting plugin AudioCapture
LogPluginManager: Mounting plugin CableComponent
LogPluginManager: Mounting plugin CustomMeshComponent
LogPluginManager: Mounting plugin EditableMesh
LogPluginManager: Mounting plugin ExampleDeviceProfileSelector
LogPluginManager: Mounting plugin GoogleCloudMessaging
LogPluginManager: Mounting plugin ImmediatePhysics
LogPluginManager: Mounting plugin IOSDeviceProfileSelector
LogPluginManager: Mounting plugin LinuxDeviceProfileSelector
LogPluginManager: Mounting plugin LocationServicesBPLibrary
LogPluginManager: Mounting plugin MobilePatchingUtils
LogPluginManager: Mounting plugin OculusVR
LogPluginManager: Plugin shader directory ../../../Engine/Plugins/Runtime/Oculus/OculusVR/Shaders found
LogPluginManager: Mapping shader source directory ../../../Engine/Plugins/Runtime/Oculus/OculusVR/Shaders to virtual directory /Plugin/OculusVR
LogPluginManager: Mounting plugin PhysXVehicles
LogPluginManager: Mounting plugin ProceduralMeshComponent
LogPluginManager: Mounting plugin RuntimePhysXCooking
LogPluginManager: Mounting plugin SteamVR
LogPluginManager: Mounting plugin WindowsMoviePlayer
LogStreaming: Display: Took  0.174s to configure plugins.
LogInit: Using libcurl 7.55.1-DEV
LogInit:  - built for x86_64-pc-win32
LogInit:  - supports SSL with OpenSSL/1.0.2h
LogInit:  - supports HTTP deflate (compression) using libz 1.2.8
LogInit:  - other features:
LogInit:      CURL_VERSION_SSL
LogInit:      CURL_VERSION_LIBZ
LogInit:      CURL_VERSION_IPV6
LogInit:      CURL_VERSION_ASYNCHDNS
LogInit:      CURL_VERSION_LARGEFILE
LogInit:      CURL_VERSION_IDN
LogInit:  CurlRequestOptions (configurable via config and command line):
LogInit:  - bVerifyPeer = false  - Libcurl will NOT verify peer certificate
LogInit:  - bUseHttpProxy = false  - Libcurl will NOT use HTTP proxy
LogInit:  - bDontReuseConnections = false  - Libcurl will reuse connections
LogInit:  - CertBundlePath = nullptr  - Libcurl will use whatever was configured at build time.
LogInit:  - MaxHostConnections = 16  - Libcurl will limit the number of connections to a host
LogInit:  - LocalHostAddr = Default
LogInit:  - BufferSize = 65536
LogInit: WinSock: version 1.1 (2.2), MaxSocks=32767, MaxUdp=65467
LogInit: Build: ++UE4+Release-4.20-CL-4369336
LogInit: Engine Version: 4.20.3-4369336+++UE4+Release-4.20
LogInit: Compatible Engine Version: 4.20.0-4212847+++UE4+Release-4.20
LogInit: Net CL: 4212847
LogInit: OS: Windows 10 (), CPU: Intel(R) Core(TM) i7-7700HQ CPU @ 2.80GHz, GPU: Intel(R) HD Graphics 630
LogInit: Compiled (64-bit): Sep 17 2018 12:26:19
LogInit: Compiled with Visual C++: 19.13.26129.00
LogInit: Build Configuration: Development
LogInit: Branch Name: ++UE4+Release-4.20
LogInit: Command Line: 
LogInit: Base Directory: D:/Program Files/Unreal/Engine/UE_4.20/Engine/Binaries/Win64/
LogInit: Installed Engine Build: 1
LogDevObjectVersion: Number of dev versions registered: 20
LogDevObjectVersion:   Dev-Blueprints (B0D832E4-1F89-4F0D-ACCF-7EB736FD4AA2): 10
LogDevObjectVersion:   Dev-Build (E1C64328-A22C-4D53-A36C-8E866417BD8C): 0
LogDevObjectVersion:   Dev-Core (375EC13C-06E4-48FB-B500-84F0262A717E): 2
LogDevObjectVersion:   Dev-Editor (E4B068ED-F494-42E9-A231-DA0B2E46BB41): 24
LogDevObjectVersion:   Dev-Framework (CFFC743F-43B0-4480-9391-14DF171D2073): 34
LogDevObjectVersion:   Dev-Mobile (B02B49B5-BB20-44E9-A304-32B752E40360): 2
LogDevObjectVersion:   Dev-Networking (A4E4105C-59A1-49B5-A7C5-40C4547EDFEE): 0
LogDevObjectVersion:   Dev-Online (39C831C9-5AE6-47DC-9A44-9C173E1C8E7C): 0
LogDevObjectVersion:   Dev-Physics (78F01B33-EBEA-4F98-B9B4-84EACCB95AA2): 0
LogDevObjectVersion:   Dev-Platform (6631380F-2D4D-43E0-8009-CF276956A95A): 0
LogDevObjectVersion:   Dev-Rendering (12F88B9F-8875-4AFC-A67C-D90C383ABD29): 26
LogDevObjectVersion:   Dev-Sequencer (7B5AE74C-D270-4C10-A958-57980B212A5A): 9
LogDevObjectVersion:   Dev-VR (D7296918-1DD6-4BDD-9DE2-64A83CC13884): 2
LogDevObjectVersion:   Dev-LoadTimes (C2A15278-BFE7-4AFE-6C17-90FF531DF755): 1
LogDevObjectVersion:   Private-Geometry (6EACA3D4-40EC-4CC1-B786-8BED09428FC5): 3
LogDevObjectVersion:   Dev-AnimPhys (29E575DD-E0A3-4627-9D10-D276232CDCEA): 17
LogDevObjectVersion:   Dev-ReflectionCapture (6B266CEC-1EC7-4B8F-A30B-E4D90942FC07): 1
LogDevObjectVersion:   Dev-Automation (0DF73D61-A23F-47EA-B727-89E90C41499A): 1
LogDevObjectVersion:   FortniteMain (601D1886-AC64-4F84-AA16-D3DE0DEAC7D6): 12
LogDevObjectVersion:   Dev-Enterprise (9DFFBCD6-494F-0158-E221-12823C92A888): 1
LogStreaming: Display: Took  0.003s to delete old logs.
LogInit: Presizing for max 8388607 objects, including 0 objects not considered by GC, pre-allocating 0 bytes for permanent pool.
LogInit: Object subsystem initialized
[2020.04.04-17.22.09:699][  0]LogInit: Selected Device Profile: [Windows]
[2020.04.04-17.22.09:699][  0]LogInit: Applying CVar settings loaded from the selected device profile: [Windows]
[2020.04.04-17.22.09:717][  0]LogHAL: Display: Platform has ~ 16 GB [17061810176 / 17179869184 / 16], which maps to Larger [LargestMinGB=32, LargerMinGB=12, DefaultMinGB=8, SmallerMinGB=6, SmallestMinGB=0)
[2020.04.04-17.22.09:718][  0]LogInit: Setting Device Profile CVar: [[r.Vulkan.UseRealUBs:1]]
[2020.04.04-17.22.09:718][  0]LogInit: Going up to parent DeviceProfile []
[2020.04.04-17.22.09:718][  0]LogInit: Computer: MSI
[2020.04.04-17.22.09:718][  0]LogInit: User: DaultonNelson
[2020.04.04-17.22.09:718][  0]LogInit: CPU Page size=4096, Cores=4
[2020.04.04-17.22.09:718][  0]LogInit: High frequency timer resolution =10.000000 MHz
[2020.04.04-17.22.09:719][  0]LogMemory: Memory total: Physical=15.9GB (16GB approx)
[2020.04.04-17.22.09:719][  0]LogMemory: Platform Memory Stats for Windows
[2020.04.04-17.22.09:719][  0]LogMemory: Process Physical Memory: 100.22 MB used, 100.22 MB peak
[2020.04.04-17.22.09:719][  0]LogMemory: Process Virtual Memory: 90.84 MB used, 90.84 MB peak
[2020.04.04-17.22.09:719][  0]LogMemory: Physical Memory: 9314.07 MB used,  6957.34 MB free, 16271.41 MB total
[2020.04.04-17.22.09:719][  0]LogMemory: Virtual Memory: 4614.15 MB used,  6957.34 MB free, 134217728.00 MB total
[2020.04.04-17.22.12:026][  0]LogInit: Using OS detected language (en-US).
[2020.04.04-17.22.12:026][  0]LogInit: Using OS detected locale (en-US).
[2020.04.04-17.22.12:027][  0]LogTextLocalizationManager: No specific localization for 'en-US' exists, so the 'en' localization will be used.
[2020.04.04-17.22.12:769][  0]LogStreaming: Display: Took  0.744s to InitEngineTextLocalization.
[2020.04.04-17.22.12:770][  0]LogInit: Setting process to per monitor DPI aware
[2020.04.04-17.22.12:874][  0]LogSlate: New Slate User Created.  User Index 0, Is Virtual User: 0
[2020.04.04-17.22.12:874][  0]LogSlate: Slate User Registered.  User Index 0, Is Virtual User: 0
[2020.04.04-17.22.13:241][  0]LogHMD: Failed to initialize OpenVR with code 110
[2020.04.04-17.22.13:241][  0]LogD3D11RHI: D3D11 adapters:
[2020.04.04-17.22.13:347][  0]LogD3D11RHI:    0. 'NVIDIA GeForce GTX 1060' (Feature Level 11_0)
[2020.04.04-17.22.13:347][  0]LogD3D11RHI:       6052/0/8135 MB DedicatedVideo/DedicatedSystem/SharedSystem, Outputs:1, VendorId:0x10de
[2020.04.04-17.22.13:373][  0]LogD3D11RHI:    1. 'Intel(R) HD Graphics 630' (Feature Level 11_0)
[2020.04.04-17.22.13:373][  0]LogD3D11RHI:       128/0/8135 MB DedicatedVideo/DedicatedSystem/SharedSystem, Outputs:0, VendorId:0x8086
[2020.04.04-17.22.13:376][  0]LogD3D11RHI:    2. 'Microsoft Basic Render Driver' (Feature Level 11_0)
[2020.04.04-17.22.13:376][  0]LogD3D11RHI:       0/0/8135 MB DedicatedVideo/DedicatedSystem/SharedSystem, Outputs:0, VendorId:0x1414
[2020.04.04-17.22.13:376][  0]LogD3D11RHI: Chosen D3D11 Adapter: 0
[2020.04.04-17.22.13:446][  0]LogD3D11RHI: Creating new Direct3DDevice
[2020.04.04-17.22.13:446][  0]LogD3D11RHI:     GPU DeviceId: 0x1c20 (for the marketing name, search the web for "GPU Device Id")
[2020.04.04-17.22.13:446][  0]LogWindows: EnumDisplayDevices:
[2020.04.04-17.22.13:446][  0]LogWindows:    0. 'Intel(R) HD Graphics 630' (P:1 D:1)
[2020.04.04-17.22.13:447][  0]LogWindows:    1. 'Intel(R) HD Graphics 630' (P:0 D:0)
[2020.04.04-17.22.13:447][  0]LogWindows:    2. 'Intel(R) HD Graphics 630' (P:0 D:0)
[2020.04.04-17.22.13:448][  0]LogWindows:    3. 'NVIDIA GeForce GTX 1060' (P:0 D:0)
[2020.04.04-17.22.13:449][  0]LogWindows:    4. 'NVIDIA GeForce GTX 1060' (P:0 D:0)
[2020.04.04-17.22.13:449][  0]LogWindows:    5. 'NVIDIA GeForce GTX 1060' (P:0 D:0)
[2020.04.04-17.22.13:450][  0]LogWindows:    6. 'NVIDIA GeForce GTX 1060' (P:0 D:0)
[2020.04.04-17.22.13:450][  0]LogWindows: DebugString: PrimaryIsNotTheChoosenAdapter PrimaryIsNotTheChoosenAdapter PrimaryIsNotTheChoosenAdapter FoundDriverCount:4 
[2020.04.04-17.22.13:450][  0]LogD3D11RHI:     Adapter Name: NVIDIA GeForce GTX 1060
[2020.04.04-17.22.13:450][  0]LogD3D11RHI:   Driver Version: 445.75 (internal:26.21.14.4575, unified:445.75)
[2020.04.04-17.22.13:450][  0]LogD3D11RHI:      Driver Date: 3-17-2020
[2020.04.04-17.22.13:450][  0]LogRHI: Texture pool is 4236 MB (70% of 6052 MB)
[2020.04.04-17.22.13:521][  0]LogD3D11RHI: Async texture creation enabled
[2020.04.04-17.22.13:534][  0]LogD3D11RHI: GPU Timing Frequency: 1000.000000 (Debug: 2 1)
[2020.04.04-17.22.13:537][  0]LogShaderCompilers: Guid format shader working directory is -42 characters bigger than the processId version (../../../../../../../Side Projects/Unreal Portfolio Invaders/PortfolioInvaders/PortInvadeProject/Intermediate/Shaders/WorkingDirectory/1600/).
[2020.04.04-17.22.13:537][  0]LogShaderCompilers: Cleaned the shader compiler working directory 'C:/Users/DaultonNelson/AppData/Local/Temp/UnrealShaderWorkingDir/518B434C410C874CEE02B2AE0D29C015/'.
[2020.04.04-17.22.14:044][  0]LogTemp: Display: Loaded TP AllDesktopTargetPlatform
[2020.04.04-17.22.14:080][  0]LogTemp: Display: Loaded TP MacClientTargetPlatform
[2020.04.04-17.22.14:123][  0]LogTemp: Display: Loaded TP MacNoEditorTargetPlatform
[2020.04.04-17.22.14:162][  0]LogTemp: Display: Loaded TP MacServerTargetPlatform
[2020.04.04-17.22.14:191][  0]LogTemp: Display: Loaded TP MacTargetPlatform
[2020.04.04-17.22.14:212][  0]LogTemp: Display: Loaded TP WindowsClientTargetPlatform
[2020.04.04-17.22.14:234][  0]LogTemp: Display: Loaded TP WindowsNoEditorTargetPlatform
[2020.04.04-17.22.14:257][  0]LogTemp: Display: Loaded TP WindowsServerTargetPlatform
[2020.04.04-17.22.14:269][  0]LogTemp: Display: Loaded TP WindowsTargetPlatform
[2020.04.04-17.22.14:409][  0]LogTemp: Display: Loaded TP AndroidTargetPlatform
[2020.04.04-17.22.14:410][  0]LogTemp: Display: Loaded TP AndroidTargetPlatform
[2020.04.04-17.22.14:410][  0]LogTemp: Display: Loaded TP AndroidTargetPlatform
[2020.04.04-17.22.14:410][  0]LogTemp: Display: Loaded TP AndroidTargetPlatform
[2020.04.04-17.22.14:410][  0]LogTemp: Display: Loaded TP AndroidTargetPlatform
[2020.04.04-17.22.14:410][  0]LogTemp: Display: Loaded TP AndroidTargetPlatform
[2020.04.04-17.22.14:410][  0]LogTemp: Display: Loaded TP AndroidTargetPlatform
[2020.04.04-17.22.14:410][  0]LogTemp: Display: Loaded TP AndroidTargetPlatform
[2020.04.04-17.22.14:410][  0]LogTemp: Display: Loaded TP AndroidTargetPlatform
[2020.04.04-17.22.14:410][  0]LogTemp: Display: Loaded TP AndroidTargetPlatform
[2020.04.04-17.22.14:410][  0]LogTemp: Display: Loaded TP AndroidTargetPlatform
[2020.04.04-17.22.14:410][  0]LogTemp: Display: Loaded TP AndroidTargetPlatform
[2020.04.04-17.22.14:410][  0]LogTemp: Display: Loaded TP AndroidTargetPlatform
[2020.04.04-17.22.14:410][  0]LogTemp: Display: Loaded TP AndroidTargetPlatform
[2020.04.04-17.22.14:410][  0]LogTemp: Display: Loaded TP AndroidTargetPlatform
[2020.04.04-17.22.14:410][  0]LogTemp: Display: Loaded TP AndroidTargetPlatform
[2020.04.04-17.22.14:410][  0]LogTemp: Display: Loaded TP AndroidTargetPlatform
[2020.04.04-17.22.14:410][  0]LogTemp: Display: Loaded TP AndroidTargetPlatform
[2020.04.04-17.22.14:413][  0]LogTemp: Display: Loaded TP HTML5TargetPlatform
[2020.04.04-17.22.14:506][  0]LogTemp: Display: Loaded TP IOSTargetPlatform
[2020.04.04-17.22.14:506][  0]LogTemp: Display: Loaded TP IOSTargetPlatform
[2020.04.04-17.22.14:555][  0]LogTemp: Display: Loaded TP TVOSTargetPlatform
[2020.04.04-17.22.14:555][  0]LogTemp: Display: Loaded TP TVOSTargetPlatform
[2020.04.04-17.22.14:574][  0]LogTemp: Display: Loaded TP LinuxClientTargetPlatform
[2020.04.04-17.22.14:596][  0]LogTemp: Display: Loaded TP LinuxNoEditorTargetPlatform
[2020.04.04-17.22.14:619][  0]LogTemp: Display: Loaded TP LinuxServerTargetPlatform
[2020.04.04-17.22.14:643][  0]LogTemp: Display: Loaded TP LinuxTargetPlatform
[2020.04.04-17.22.14:674][  0]LogTemp: Display: Loaded TP LuminTargetPlatform
[2020.04.04-17.22.14:674][  0]LogTargetPlatformManager: Display: Building Assets For Windows
[2020.04.04-17.22.14:780][  0]LogXGEController: Cleaning working directory: C:/Users/DaultonNelson/AppData/Local/Temp/UnrealXGEWorkingDir/
[2020.04.04-17.22.14:780][  0]LogXGEController: Cannot use XGE Controller as Incredibuild is not installed on this machine.
[2020.04.04-17.22.14:780][  0]LogShaderCompilers: Cannot use XGE Shader Compiler as Incredibuild is not installed on this machine.
[2020.04.04-17.22.14:780][  0]LogShaderCompilers: Display: Using Local Shader Compiler.
[2020.04.04-17.22.15:922][  0]LogDerivedDataCache: Display: Max Cache Size: 512 MB
[2020.04.04-17.22.16:024][  0]LogDerivedDataCache: Loaded boot cache 0.10s 71MB C:/Users/DaultonNelson/AppData/Local/UnrealEngine/4.20/DerivedDataCache/Boot.ddc.
[2020.04.04-17.22.16:025][  0]LogDerivedDataCache: Display: Loaded Boot cache: C:/Users/DaultonNelson/AppData/Local/UnrealEngine/4.20/DerivedDataCache/Boot.ddc
[2020.04.04-17.22.16:025][  0]LogDerivedDataCache: FDerivedDataBackendGraph:  Pak pak cache file ../../../../../../../Side Projects/Unreal Portfolio Invaders/PortfolioInvaders/PortInvadeProject/DerivedDataCache/DDC.ddp not found, will not use a pak cache.
[2020.04.04-17.22.16:025][  0]LogDerivedDataCache: Unable to find inner node Pak for hierarchical cache Hierarchy.
[2020.04.04-17.22.16:025][  0]LogDerivedDataCache: FDerivedDataBackendGraph:  CompressedPak pak cache file ../../../../../../../Side Projects/Unreal Portfolio Invaders/PortfolioInvaders/PortInvadeProject/DerivedDataCache/Compressed.ddp not found, will not use a pak cache.
[2020.04.04-17.22.16:025][  0]LogDerivedDataCache: Unable to find inner node CompressedPak for hierarchical cache Hierarchy.
[2020.04.04-17.22.16:050][  0]LogDerivedDataCache: Display: Pak cache opened for reading ../../../Engine/DerivedDataCache/Compressed.ddp.
[2020.04.04-17.22.16:063][  0]LogDerivedDataCache: Using Local data cache path C:/Users/DaultonNelson/AppData/Local/UnrealEngine/Common/DerivedDataCache: Writable
[2020.04.04-17.22.16:063][  0]LogDerivedDataCache: Shared data cache path not found in *engine.ini, will not use an Shared cache.
[2020.04.04-17.22.16:063][  0]LogDerivedDataCache: Unable to find inner node Shared for hierarchical cache Hierarchy.
[2020.04.04-17.22.16:099][  0]LogMaterial: Verifying Global Shaders for PCD3D_SM5
[2020.04.04-17.22.16:103][  0]LogSlate: Using FreeType 2.6.0
[2020.04.04-17.22.16:106][  0]LogSlate: SlateFontServices - WITH_FREETYPE: 1, WITH_HARFBUZZ: 1
[2020.04.04-17.22.16:232][  0]LogAssetRegistry: FAssetRegistry took 0.0276 seconds to start up
[2020.04.04-17.22.16:804][  0]LogInit: Selected Device Profile: [Windows]
[2020.04.04-17.22.17:009][  0]LogSimplygon: Simplygon DLL not present - disabling.
[2020.04.04-17.22.17:014][  0]LogMeshReduction: Using SimplygonSwarm for distributed automatic mesh merging
[2020.04.04-17.22.17:014][  0]LogMeshReduction: Using ProxyLODMeshReduction for automatic mesh merging
[2020.04.04-17.22.17:014][  0]LogMeshReduction: Using QuadricMeshReduction for automatic static mesh reduction
[2020.04.04-17.22.17:014][  0]LogMeshReduction: No automatic skeletal mesh reduction module available
[2020.04.04-17.22.17:038][  0]LogNetVersion: PortInvadeProject 1.0.0, NetCL: 4212847, EngineNetVer: 5, GameNetVer: 0 (Checksum: 2198381219)
[2020.04.04-17.22.17:822][  0]LogPackageLocalizationCache: Processed 11 localized package path(s) for 2 prioritized culture(s) in 0.195746 seconds
[2020.04.04-17.22.17:831][  0]LogUObjectArray: 38425 objects as part of root set at end of initial load.
[2020.04.04-17.22.17:831][  0]LogUObjectAllocator: 6690872 out of 0 bytes used by permanent object pool.
[2020.04.04-17.22.17:831][  0]LogUObjectArray: CloseDisregardForGC: 0/0 objects in disregard for GC pool
[2020.04.04-17.22.19:237][  0]LogTcpMessaging: Initializing TcpMessaging bridge
[2020.04.04-17.22.19:251][  0]LogUdpMessaging: Initializing bridge on interface 0.0.0.0:0 to multicast group 230.0.0.1:6666.
[2020.04.04-17.22.19:541][  0]SourceControl: Source control is disabled
[2020.04.04-17.22.19:542][  0]SourceControl: Source control is disabled
[2020.04.04-17.22.19:544][  0]SourceControl: Source control is disabled
[2020.04.04-17.22.19:547][  0]SourceControl: Source control is disabled
[2020.04.04-17.22.19:781][  0]LogAndroidPermission: UAndroidPermissionCallbackProxy::GetInstance
[2020.04.04-17.22.20:479][  0]LogOcInput: OculusInput pre-init called
[2020.04.04-17.22.20:634][  0]LogEngine: Initializing Engine...
[2020.04.04-17.22.20:636][  0]LogHMD: Failed to initialize OpenVR with code 110
[2020.04.04-17.22.20:639][  0]LogStats: UGameplayTagsManager::ConstructGameplayTagTree: ImportINI prefixes -  0.000 s
[2020.04.04-17.22.20:639][  0]LogStats: UGameplayTagsManager::ConstructGameplayTagTree: Construct from data asset -  0.000 s
[2020.04.04-17.22.20:639][  0]LogStats: UGameplayTagsManager::ConstructGameplayTagTree: ImportINI -  0.000 s
[2020.04.04-17.22.20:639][  0]LogStats: UGameplayTagsManager::ConstructGameplayTagTree: GameplayTagTreeChangedEvent.Broadcast -  0.000 s
[2020.04.04-17.22.21:164][  0]LogInit: Initializing FReadOnlyCVARCache
[2020.04.04-17.22.21:184][  0]LogAIModule: Creating AISystem for world Untitled
[2020.04.04-17.22.21:384][  0]LogInit: XAudio2 using 'HeadPhone/Digital Output (Realtek High Definition Audio)' : 6 channels at 48 kHz using 32 bits per sample (channel mask 0x3f)
[2020.04.04-17.22.21:770][  0]LogInit: FAudioDevice initialized.
[2020.04.04-17.22.21:771][  0]LogNetVersion: Set ProjectVersion to 1.0.0.0. Version Checksum will be recalculated on next use.
[2020.04.04-17.22.21:914][  0]LogDerivedDataCache: Saved boot cache 0.14s 71MB C:/Users/DaultonNelson/AppData/Local/UnrealEngine/4.20/DerivedDataCache/Boot.ddc.
[2020.04.04-17.22.21:928][  0]LogInit: Texture streaming: Enabled
[2020.04.04-17.22.21:993][  0]LogEngineSessionManager: EngineSessionManager initialized
[2020.04.04-17.22.21:993][  0]LogEngineSessionManager: EngineSessionManager sent abnormal shutdown report. Type=Crashed, SessionId={583D2572-47B8-C214-BCE3-658A923B58FB}
[2020.04.04-17.22.22:038][  0]LogInit: Transaction tracking system initialized
[2020.04.04-17.22.22:116][  0]BlueprintLog: New page: Editor Load
[2020.04.04-17.22.22:278][  0]LocalizationService: Localization service is disabled
[2020.04.04-17.22.22:636][  0]LogCook: Display: Max memory allowance for cook 16384mb min free memory 0mb
[2020.04.04-17.22.22:636][  0]LogCook: Display: Mobile HDR setting 1
[2020.04.04-17.22.22:636][  0]LogGameplayTags: Display: UGameplayTagsManager::DoneAddingNativeTags. DelegateIsBound: 0
[2020.04.04-17.22.22:636][  0]LogStats: UGameplayTagsManager::ConstructGameplayTagTree: ImportINI prefixes -  0.000 s
[2020.04.04-17.22.22:636][  0]LogStats: UGameplayTagsManager::ConstructGameplayTagTree: Construct from data asset -  0.000 s
[2020.04.04-17.22.22:636][  0]LogStats: UGameplayTagsManager::ConstructGameplayTagTree: ImportINI -  0.000 s
[2020.04.04-17.22.22:636][  0]LogStats: UGameplayTagsManager::ConstructGameplayTagTree: GameplayTagTreeChangedEvent.Broadcast -  0.000 s
[2020.04.04-17.22.22:814][  0]LogFileCache: Scanning file cache for directory 'D:/Side Projects/Unreal Portfolio Invaders/PortfolioInvaders/PortInvadeProject/Content/' took 0.01s
[2020.04.04-17.22.22:814][  0]SourceControl: Source control is disabled
[2020.04.04-17.22.22:815][  0]LightingResults: New page: Lighting Build
[2020.04.04-17.22.22:817][  0]MapCheck: New page: Map Check
[2020.04.04-17.22.22:817][  0]LightingResults: New page: Lighting Build
[2020.04.04-17.22.23:614][  0]LogAIModule: Creating AISystem for world Minimal_Default
[2020.04.04-17.22.23:623][  0]LogEditorServer: Finished looking for orphan Actors (0.000 secs)
[2020.04.04-17.22.23:654][  0]Cmd: MAP CHECKDEP NOCLEARLOG
[2020.04.04-17.22.23:724][  0]MapCheck: Map check complete: 0 Error(s), 0 Warning(s), took 69.456ms to complete.
[2020.04.04-17.22.23:724][  0]LogFileHelpers: Loading map 'Minimal_Default' took 0.910
[2020.04.04-17.22.23:933][  0]LogSlate: Updating window title bar state: overlay mode, drag disabled, window buttons hidden, title bar hidden
[2020.04.04-17.22.23:941][  0]LogSlate: Updating window title bar state: overlay mode, drag disabled, window buttons hidden, title bar hidden
[2020.04.04-17.22.23:949][  0]LogSlate: Updating window title bar state: overlay mode, drag disabled, window buttons hidden, title bar hidden
[2020.04.04-17.22.23:957][  0]LogSlate: Updating window title bar state: overlay mode, drag disabled, window buttons hidden, title bar hidden
[2020.04.04-17.22.23:963][  0]LogCollectionManager: Loaded 0 collections in 0.001570 seconds
[2020.04.04-17.22.24:008][  0]LogFileCache: Scanning file cache for directory 'D:/Side Projects/Unreal Portfolio Invaders/PortfolioInvaders/PortInvadeProject/Saved/Collections/' took 0.01s
[2020.04.04-17.22.24:008][  0]LogFileCache: Scanning file cache for directory 'D:/Side Projects/Unreal Portfolio Invaders/PortfolioInvaders/PortInvadeProject/Content/Developers/DaultonNelson/Collections/' took 0.01s
[2020.04.04-17.22.24:008][  0]LogFileCache: Scanning file cache for directory 'D:/Side Projects/Unreal Portfolio Invaders/PortfolioInvaders/PortInvadeProject/Content/Collections/' took 0.01s
[2020.04.04-17.22.24:008][  0]LogCollectionManager: Rebuilt the GUID cache for 0 collections in 0.000000 seconds
[2020.04.04-17.22.24:020][  0]LogContentBrowser: Native class hierarchy populated in 0.0125 seconds. Added 2572 classes and 603 folders.
[2020.04.04-17.22.24:028][  0]LogContentBrowser: Native class hierarchy updated for 'WidgetCarousel' in 0.0003 seconds. Added 0 classes and 0 folders.
[2020.04.04-17.22.24:088][  0]LogContentBrowser: Native class hierarchy updated for 'AddContentDialog' in 0.0004 seconds. Added 0 classes and 0 folders.
[2020.04.04-17.22.24:092][  0]LogContentBrowser: Native class hierarchy updated for 'SceneOutliner' in 0.0003 seconds. Added 1 classes and 2 folders.
[2020.04.04-17.22.25:355][  0]LogSlate: Only BGRA pngs, bmps or icos are supported in by External Image Picker
[2020.04.04-17.22.25:454][  0]LogSlate: Took 0.000232 seconds to synchronously load lazily loaded font '../../../Engine/Content/Slate/Fonts/Roboto-Regular.ttf' (155K)
[2020.04.04-17.22.25:458][  0]LogSlate: Took 0.000310 seconds to synchronously load lazily loaded font '../../../Engine/Content/Slate/Fonts/Roboto-Bold.ttf' (160K)
[2020.04.04-17.22.25:468][  0]LogSlate: Took 0.000307 seconds to synchronously load lazily loaded font '../../../Engine/Content/Editor/Slate/Fonts/FontAwesome.ttf' (139K)
[2020.04.04-17.22.25:579][  0]LogTemp: Executing iPhonePackager certificates Engine -bundlename com.YourCompany.PortInvadeProject
[2020.04.04-17.22.25:579][  0]LogTemp: CWD: D:\Program Files\Unreal\Engine\UE_4.20\Engine\Binaries\DotNET\IOS
[2020.04.04-17.22.25:579][  0]LogTemp: Initial Dir: D:\Program Files\Unreal\Engine\UE_4.20
[2020.04.04-17.22.25:579][  0]LogTemp: Env CWD: D:\Program Files\Unreal\Engine\UE_4.20\Engine\Binaries\DotNET\IOS
[2020.04.04-17.22.25:579][  0]LogRenderer: Reallocating scene render targets to support 964x436 Format 10 NumSamples 1 (Frame:1).
[2020.04.04-17.22.25:727][  0]LogTemp: BranchPath = MSI/D/Program Files/Unreal/Engine/UE_4.20/Engine/Binaries --- GameBranchPath = MSI/D/Program Files/Unreal/Engine/UE_4.20/Engine/Binaries
[2020.04.04-17.22.25:727][  0]LogTemp: IPP ERROR: Could not find provision directory 'C:\Users\DaultonNelson\AppData\Local/Apple Computer/MobileDevice/Provisioning Profiles/'.
[2020.04.04-17.22.25:745][  0]LogContentBrowser: Native class hierarchy updated for 'HierarchicalLODOutliner' in 0.0003 seconds. Added 0 classes and 0 folders.
[2020.04.04-17.22.25:745][  0]LogLoad: (Engine Initialization) Total time: 18.71 seconds
[2020.04.04-17.22.25:745][  0]LogLoad: (Engine Initialization) Total Blueprint compile time: 0.00 seconds
[2020.04.04-17.22.25:784][  0]LogContentStreaming: Texture pool size now 1000 MB
[2020.04.04-17.22.25:797][  0]LogSlate: Took 0.000200 seconds to synchronously load lazily loaded font '../../../Engine/Content/Slate/Fonts/Roboto-Light.ttf' (167K)
[2020.04.04-17.22.25:813][  1]LogAssetRegistry: Asset discovery search completed in 9.6034 seconds
[2020.04.04-17.22.25:814][  1]LogCollectionManager: Rebuilt the object cache for 0 collections in 0.000000 seconds (found 0 objects)
[2020.04.04-17.22.25:814][  1]LogCollectionManager: Fixed up redirectors for 0 collections in 0.000049 seconds (updated 0 objects)
[2020.04.04-17.22.28:249][ 72]LogSlate: FSceneViewport::OnFocusLost() reason 0
[2020.04.04-17.22.34:851][175]LogSlate: Took 0.000277 seconds to synchronously load lazily loaded font '../../../Engine/Content/Slate/Fonts/Roboto-Light.ttf' (167K)
[2020.04.04-17.22.34:875][175]LogFactory: FactoryCreateFile: Texture with ReimportTextureFactory (0 0 ../../../../../../../Side Projects/Unreal Portfolio Invaders/PortfolioInvaders/Blender Files/Custom Texture Files/Invader_Brain_Body.png)
[2020.04.04-17.22.34:931][175]LogTexture: Display: Building textures: Invader_Brain_Body (AutoDXT, 1024X1024)
[2020.04.04-17.22.37:298][227]LogSavePackage: Moving '../../../../../../../Side Projects/Unreal Portfolio Invaders/PortfolioInvaders/PortInvadeProject/Saved/Minimal_DefaultBB24028B47A19A0C260EB78EF7A05221.tmp' to '../../../../../../../Side Projects/Unreal Portfolio Invaders/PortfolioInvaders/PortInvadeProject/Content/StarterContent/Maps/Minimal_Default.umap'
[2020.04.04-17.22.37:379][227]LogSavePackage: Moving '../../../../../../../Side Projects/Unreal Portfolio Invaders/PortfolioInvaders/PortInvadeProject/Saved/Minimal_Default_BuiltDataFE3E89D34703503F5DFB2FA3B4868951.tmp' to '../../../../../../../Side Projects/Unreal Portfolio Invaders/PortfolioInvaders/PortInvadeProject/Content/StarterContent/Maps/Minimal_Default_BuiltData.uasset'
[2020.04.04-17.22.39:996][295]LogSavePackage: Moving '../../../../../../../Side Projects/Unreal Portfolio Invaders/PortfolioInvaders/PortInvadeProject/Saved/Invader_Brain_Body1B91052146118F51771E68A7C1BEF053.tmp' to '../../../../../../../Side Projects/Unreal Portfolio Invaders/PortfolioInvaders/PortInvadeProject/Content/2DAssets/Textures/Invader_Brain_Body.uasset'
[2020.04.04-17.22.58:263][778]LogAssetEditorManager: Opening Asset editor for Material /Game/3DAssets/InvaderBrain/Invader_Brain1.Invader_Brain1
[2020.04.04-17.22.58:392][778]LogMaterial: Display: Missing cached shader map for material Invader_Brain1, compiling. 
[2020.04.04-17.22.59:816][778]LogMaterial: Display: Missing cached shader map for material Invader_Brain1, compiling. 
[2020.04.04-17.22.59:893][778]LogShaderCompilers: Display: Shaders left to compile 59
[2020.04.04-17.22.59:893][778]LogShaderCompilers: Display: Shaders left to compile 58
[2020.04.04-17.22.59:893][778]LogShaderCompilers: Display: Shaders left to compile 57
[2020.04.04-17.22.59:893][778]LogShaderCompilers: Display: Shaders left to compile 56
[2020.04.04-17.22.59:896][778]LogMaterial: Display: Missing cached shader map for material Invader_Brain1, compiling. 
[2020.04.04-17.22.59:964][778]LogMaterial: Display: Missing cached shader map for material FMatExpressionPreview MaterialExpressionVectorParameter_0, compiling. 
[2020.04.04-17.23.00:022][778]LogSlate: Took 0.018844 seconds to synchronously load lazily loaded font '../../../Engine/Content/Slate/Fonts/Roboto-BoldCondensed.ttf' (158K)
[2020.04.04-17.23.00:345][779]LogSlate: Took 0.000261 seconds to synchronously load lazily loaded font '../../../Engine/Content/Slate/Fonts/Roboto-Italic.ttf' (157K)
[2020.04.04-17.23.00:564][788]LogShaderCompilers: Display: Shaders left to compile 61
[2020.04.04-17.23.00:598][789]LogShaderCompilers: Display: Shaders left to compile 60
[2020.04.04-17.23.00:621][790]LogShaderCompilers: Display: Shaders left to compile 59
[2020.04.04-17.23.00:656][791]LogShaderCompilers: Display: Shaders left to compile 58
[2020.04.04-17.23.00:926][799]LogShaderCompilers: Display: Shaders left to compile 57
[2020.04.04-17.23.00:933][799]LogShaderCompilers: Display: Shaders left to compile 56
[2020.04.04-17.23.00:957][800]LogShaderCompilers: Display: Shaders left to compile 55
[2020.04.04-17.23.00:966][800]LogShaderCompilers: Display: Shaders left to compile 54
[2020.04.04-17.23.01:148][806]LogShaderCompilers: Display: Shaders left to compile 53
[2020.04.04-17.23.01:154][806]LogShaderCompilers: Display: Shaders left to compile 52
[2020.04.04-17.23.01:159][806]LogShaderCompilers: Display: Shaders left to compile 51
[2020.04.04-17.23.01:182][807]LogShaderCompilers: Display: Shaders left to compile 50
[2020.04.04-17.23.01:349][812]LogShaderCompilers: Display: Shaders left to compile 49
[2020.04.04-17.23.01:485][816]LogShaderCompilers: Display: Shaders left to compile 48
[2020.04.04-17.23.01:644][820]LogShaderCompilers: Display: Shaders left to compile 47
[2020.04.04-17.23.01:672][821]LogShaderCompilers: Display: Shaders left to compile 46
[2020.04.04-17.23.01:813][825]LogShaderCompilers: Display: Shaders left to compile 45
[2020.04.04-17.23.01:918][827]LogShaderCompilers: Display: Shaders left to compile 44
[2020.04.04-17.23.01:933][827]LogShaderCompilers: Display: Shaders left to compile 43
[2020.04.04-17.23.02:123][831]LogShaderCompilers: Display: Shaders left to compile 42
[2020.04.04-17.23.02:177][832]LogShaderCompilers: Display: Shaders left to compile 41
[2020.04.04-17.23.02:279][834]LogShaderCompilers: Display: Shaders left to compile 40
[2020.04.04-17.23.02:309][835]LogShaderCompilers: Display: Shaders left to compile 39
[2020.04.04-17.23.02:418][837]LogShaderCompilers: Display: Shaders left to compile 38
[2020.04.04-17.23.02:526][839]LogShaderCompilers: Display: Shaders left to compile 37
[2020.04.04-17.23.02:535][839]LogShaderCompilers: Display: Shaders left to compile 36
[2020.04.04-17.23.02:535][839]LogShaderCompilers: Display: Shaders left to compile 35
[2020.04.04-17.23.02:643][841]LogShaderCompilers: Display: Shaders left to compile 34
[2020.04.04-17.23.02:747][843]LogShaderCompilers: Display: Shaders left to compile 33
[2020.04.04-17.23.02:760][844]LogShaderCompilers: Display: Shaders left to compile 32
[2020.04.04-17.23.02:760][844]LogShaderCompilers: Display: Shaders left to compile 31
[2020.04.04-17.23.02:849][845]LogShaderCompilers: Display: Shaders left to compile 30
[2020.04.04-17.23.03:039][849]LogShaderCompilers: Display: Shaders left to compile 29
[2020.04.04-17.23.03:204][851]LogShaderCompilers: Display: Shaders left to compile 28
[2020.04.04-17.23.03:247][853]LogShaderCompilers: Display: Shaders left to compile 27
[2020.04.04-17.23.03:307][853]LogShaderCompilers: Display: Shaders left to compile 26
[2020.04.04-17.23.03:485][859]LogShaderCompilers: Display: Shaders left to compile 25
[2020.04.04-17.23.03:491][859]LogShaderCompilers: Display: Shaders left to compile 24
[2020.04.04-17.23.03:705][863]LogShaderCompilers: Display: Shaders left to compile 23
[2020.04.04-17.23.03:778][865]LogShaderCompilers: Display: Shaders left to compile 22
[2020.04.04-17.23.03:817][865]LogShaderCompilers: Display: Shaders left to compile 21
[2020.04.04-17.23.03:887][867]LogShaderCompilers: Display: Shaders left to compile 20
[2020.04.04-17.23.04:063][870]LogShaderCompilers: Display: Shaders left to compile 19
[2020.04.04-17.23.04:080][871]LogShaderCompilers: Display: Shaders left to compile 18
[2020.04.04-17.23.04:137][872]LogShaderCompilers: Display: Shaders left to compile 17
[2020.04.04-17.23.04:141][872]LogShaderCompilers: Display: Shaders left to compile 16
[2020.04.04-17.23.04:278][875]LogShaderCompilers: Display: Shaders left to compile 15
[2020.04.04-17.23.04:301][876]LogShaderCompilers: Display: Shaders left to compile 14
[2020.04.04-17.23.04:432][877]LogShaderCompilers: Display: Shaders left to compile 13
[2020.04.04-17.23.04:432][877]LogShaderCompilers: Display: Shaders left to compile 12
[2020.04.04-17.23.04:471][880]LogShaderCompilers: Display: Shaders left to compile 11
[2020.04.04-17.23.04:619][885]LogShaderCompilers: Display: Shaders left to compile 10
[2020.04.04-17.23.04:722][887]LogShaderCompilers: Display: Shaders left to compile 9
[2020.04.04-17.23.04:793][889]LogShaderCompilers: Display: Shaders left to compile 8
[2020.04.04-17.23.04:901][891]LogShaderCompilers: Display: Shaders left to compile 7
[2020.04.04-17.23.04:972][892]LogShaderCompilers: Display: Shaders left to compile 6
[2020.04.04-17.23.05:042][894]LogShaderCompilers: Display: Shaders left to compile 5
[2020.04.04-17.23.05:228][897]LogShaderCompilers: Display: Shaders left to compile 4
[2020.04.04-17.23.05:242][898]LogShaderCompilers: Display: Shaders left to compile 3
[2020.04.04-17.23.05:361][900]LogShaderCompilers: Display: Shaders left to compile 2
[2020.04.04-17.23.05:416][901]LogShaderCompilers: Display: Shaders left to compile 1
[2020.04.04-17.23.05:666][906]MaterialEditorStats: Base pass shader: 101 instructions
[2020.04.04-17.23.05:666][906]MaterialEditorStats: Base pass shader with Volumetric Lightmap: 174 instructions
[2020.04.04-17.23.05:666][906]MaterialEditorStats: Base pass vertex shader: 32 instructions
[2020.04.04-17.23.05:666][906]MaterialEditorStats: Base pass vertex shader: 87 instructions
[2020.04.04-17.23.05:666][906]MaterialEditorStats: Texture samplers: 3/16
[2020.04.04-17.23.11:300][ 98]LogSlate: Window 'Invader_Brain1' being destroyed
[2020.04.04-17.23.18:292][276]LogSavePackage: Moving '../../../../../../../Side Projects/Unreal Portfolio Invaders/PortfolioInvaders/PortInvadeProject/Saved/Minimal_Default7EA4CD004275DEFA1340EE98ACFA3479.tmp' to '../../../../../../../Side Projects/Unreal Portfolio Invaders/PortfolioInvaders/PortInvadeProject/Content/StarterContent/Maps/Minimal_Default.umap'
[2020.04.04-17.23.18:440][276]LogSavePackage: Moving '../../../../../../../Side Projects/Unreal Portfolio Invaders/PortfolioInvaders/PortInvadeProject/Saved/Minimal_Default_BuiltData96E0422B44FC8BA542411F904C41485C.tmp' to '../../../../../../../Side Projects/Unreal Portfolio Invaders/PortfolioInvaders/PortInvadeProject/Content/StarterContent/Maps/Minimal_Default_BuiltData.uasset'
[2020.04.04-17.23.24:357][403]LogMaterial: Display: Missing cached shader map for material Invader_Brain1, compiling. 
[2020.04.04-17.23.24:397][403]LogMaterial: Display: Missing cached shader map for material FMatExpressionPreview MaterialExpressionTextureSample_0, compiling. 
[2020.04.04-17.23.24:403][403]LogShaderCompilers: Display: Shaders left to compile 59
[2020.04.04-17.23.24:403][403]LogShaderCompilers: Display: Shaders left to compile 58
[2020.04.04-17.23.24:403][403]LogShaderCompilers: Display: Shaders left to compile 57
[2020.04.04-17.23.24:404][403]LogShaderCompilers: Display: Shaders left to compile 56
[2020.04.04-17.23.24:430][403]LogMaterial: Display: Missing cached shader map for material FMatExpressionPreview MaterialExpressionVectorParameter_0, compiling. 
[2020.04.04-17.23.24:435][403]LogMaterial: Display: Missing cached shader map for material FMatExpressionPreview MaterialExpressionTextureSample_0, compiling. 
[2020.04.04-17.23.24:624][413]LogShaderCompilers: Display: Shaders left to compile 59
[2020.04.04-17.23.24:669][415]LogShaderCompilers: Display: Shaders left to compile 58
[2020.04.04-17.23.24:669][415]LogShaderCompilers: Display: Shaders left to compile 57
[2020.04.04-17.23.24:681][415]LogShaderCompilers: Display: Shaders left to compile 56
[2020.04.04-17.23.24:795][418]LogShaderCompilers: Display: Shaders left to compile 55
[2020.04.04-17.23.24:821][419]LogShaderCompilers: Display: Shaders left to compile 54
[2020.04.04-17.23.24:841][420]LogShaderCompilers: Display: Shaders left to compile 53
[2020.04.04-17.23.24:849][420]LogShaderCompilers: Display: Shaders left to compile 52
[2020.04.04-17.23.24:954][423]LogShaderCompilers: Display: Shaders left to compile 51
[2020.04.04-17.23.25:077][426]LogShaderCompilers: Display: Shaders left to compile 50
[2020.04.04-17.23.25:218][429]LogShaderCompilers: Display: Shaders left to compile 49
[2020.04.04-17.23.25:262][430]LogShaderCompilers: Display: Shaders left to compile 48
[2020.04.04-17.23.25:342][431]LogShaderCompilers: Display: Shaders left to compile 47
[2020.04.04-17.23.25:448][433]LogShaderCompilers: Display: Shaders left to compile 46
[2020.04.04-17.23.25:465][433]LogShaderCompilers: Display: Shaders left to compile 45
[2020.04.04-17.23.25:669][437]LogShaderCompilers: Display: Shaders left to compile 44
[2020.04.04-17.23.25:673][437]LogShaderCompilers: Display: Shaders left to compile 43
[2020.04.04-17.23.25:774][440]LogShaderCompilers: Display: Shaders left to compile 42
[2020.04.04-17.23.25:818][441]LogShaderCompilers: Display: Shaders left to compile 41
[2020.04.04-17.23.25:904][444]LogShaderCompilers: Display: Shaders left to compile 40
[2020.04.04-17.23.26:017][447]LogShaderCompilers: Display: Shaders left to compile 39
[2020.04.04-17.23.26:063][448]LogShaderCompilers: Display: Shaders left to compile 38
[2020.04.04-17.23.26:071][449]LogShaderCompilers: Display: Shaders left to compile 37
[2020.04.04-17.23.26:145][451]LogShaderCompilers: Display: Shaders left to compile 36
[2020.04.04-17.23.26:238][453]LogShaderCompilers: Display: Shaders left to compile 35
[2020.04.04-17.23.26:284][455]LogShaderCompilers: Display: Shaders left to compile 34
[2020.04.04-17.23.26:290][455]LogShaderCompilers: Display: Shaders left to compile 33
[2020.04.04-17.23.26:359][457]LogShaderCompilers: Display: Shaders left to compile 32
[2020.04.04-17.23.26:596][464]LogShaderCompilers: Display: Shaders left to compile 31
[2020.04.04-17.23.26:693][467]LogShaderCompilers: Display: Shaders left to compile 30
[2020.04.04-17.23.26:758][469]LogShaderCompilers: Display: Shaders left to compile 29
[2020.04.04-17.23.26:802][470]LogShaderCompilers: Display: Shaders left to compile 28
[2020.04.04-17.23.26:972][476]LogShaderCompilers: Display: Shaders left to compile 27
[2020.04.04-17.23.27:046][478]LogShaderCompilers: Display: Shaders left to compile 26
[2020.04.04-17.23.27:207][483]LogShaderCompilers: Display: Shaders left to compile 25
[2020.04.04-17.23.27:236][484]LogShaderCompilers: Display: Shaders left to compile 24
[2020.04.04-17.23.27:270][485]LogShaderCompilers: Display: Shaders left to compile 23
[2020.04.04-17.23.27:404][489]LogShaderCompilers: Display: Shaders left to compile 22
[2020.04.04-17.23.27:506][492]LogShaderCompilers: Display: Shaders left to compile 21
[2020.04.04-17.23.27:511][492]LogShaderCompilers: Display: Shaders left to compile 20
[2020.04.04-17.23.27:585][494]LogShaderCompilers: Display: Shaders left to compile 19
[2020.04.04-17.23.27:629][495]LogShaderCompilers: Display: Shaders left to compile 18
[2020.04.04-17.23.27:695][497]LogShaderCompilers: Display: Shaders left to compile 17
[2020.04.04-17.23.27:723][498]LogShaderCompilers: Display: Shaders left to compile 16
[2020.04.04-17.23.27:760][499]LogShaderCompilers: Display: Shaders left to compile 15
[2020.04.04-17.23.27:801][501]LogShaderCompilers: Display: Shaders left to compile 14
[2020.04.04-17.23.27:870][503]LogShaderCompilers: Display: Shaders left to compile 13
[2020.04.04-17.23.28:043][508]LogShaderCompilers: Display: Shaders left to compile 12
[2020.04.04-17.23.28:129][510]LogShaderCompilers: Display: Shaders left to compile 11
[2020.04.04-17.23.28:196][512]LogShaderCompilers: Display: Shaders left to compile 10
[2020.04.04-17.23.28:273][515]LogShaderCompilers: Display: Shaders left to compile 9
[2020.04.04-17.23.28:388][518]LogShaderCompilers: Display: Shaders left to compile 8
[2020.04.04-17.23.28:493][521]LogShaderCompilers: Display: Shaders left to compile 7
[2020.04.04-17.23.28:654][526]LogShaderCompilers: Display: Shaders left to compile 6
[2020.04.04-17.23.28:659][526]LogShaderCompilers: Display: Shaders left to compile 5
[2020.04.04-17.23.28:755][529]LogShaderCompilers: Display: Shaders left to compile 4
[2020.04.04-17.23.28:853][532]LogShaderCompilers: Display: Shaders left to compile 3
[2020.04.04-17.23.28:876][533]LogShaderCompilers: Display: Shaders left to compile 2
[2020.04.04-17.23.29:015][537]LogShaderCompilers: Display: Shaders left to compile 1
[2020.04.04-17.23.29:062][538]MaterialEditorStats: Base pass shader: 101 instructions
[2020.04.04-17.23.29:062][538]MaterialEditorStats: Base pass shader with Volumetric Lightmap: 174 instructions
[2020.04.04-17.23.29:062][538]MaterialEditorStats: Base pass vertex shader: 32 instructions
[2020.04.04-17.23.29:062][538]MaterialEditorStats: Base pass vertex shader: 87 instructions
[2020.04.04-17.23.29:062][538]MaterialEditorStats: Texture samplers: 3/16
[2020.04.04-17.23.32:363][613]LogMaterial: Display: Missing cached shader map for material Invader_Brain1, compiling. 
[2020.04.04-17.23.32:404][613]LogShaderCompilers: Display: Shaders left to compile 59
[2020.04.04-17.23.32:404][613]LogShaderCompilers: Display: Shaders left to compile 58
[2020.04.04-17.23.32:404][613]LogShaderCompilers: Display: Shaders left to compile 57
[2020.04.04-17.23.32:404][613]LogShaderCompilers: Display: Shaders left to compile 56
[2020.04.04-17.23.32:408][613]LogMaterial: Display: Missing cached shader map for material FMatExpressionPreview MaterialExpressionTextureSample_0, compiling. 
[2020.04.04-17.23.32:645][627]LogShaderCompilers: Display: Shaders left to compile 57
[2020.04.04-17.23.32:671][628]LogShaderCompilers: Display: Shaders left to compile 56
[2020.04.04-17.23.32:676][628]LogShaderCompilers: Display: Shaders left to compile 55
[2020.04.04-17.23.32:676][628]LogShaderCompilers: Display: Shaders left to compile 54
[2020.04.04-17.23.32:825][632]LogShaderCompilers: Display: Shaders left to compile 53
[2020.04.04-17.23.32:836][633]LogShaderCompilers: Display: Shaders left to compile 52
[2020.04.04-17.23.32:854][633]LogShaderCompilers: Display: Shaders left to compile 51
[2020.04.04-17.23.32:868][634]LogShaderCompilers: Display: Shaders left to compile 50
[2020.04.04-17.23.32:987][637]LogShaderCompilers: Display: Shaders left to compile 49
[2020.04.04-17.23.33:119][641]LogShaderCompilers: Display: Shaders left to compile 48
[2020.04.04-17.23.33:238][645]LogShaderCompilers: Display: Shaders left to compile 47
[2020.04.04-17.23.33:270][646]LogShaderCompilers: Display: Shaders left to compile 46
[2020.04.04-17.23.33:375][649]LogShaderCompilers: Display: Shaders left to compile 45
[2020.04.04-17.23.33:477][652]LogShaderCompilers: Display: Shaders left to compile 44
[2020.04.04-17.23.33:525][653]LogShaderCompilers: Display: Shaders left to compile 43
[2020.04.04-17.23.33:694][657]LogShaderCompilers: Display: Shaders left to compile 42
[2020.04.04-17.23.33:718][657]LogShaderCompilers: Display: Shaders left to compile 41
[2020.04.04-17.23.33:831][661]LogShaderCompilers: Display: Shaders left to compile 40
[2020.04.04-17.23.33:872][661]LogShaderCompilers: Display: Shaders left to compile 39
[2020.04.04-17.23.33:964][663]LogShaderCompilers: Display: Shaders left to compile 38
[2020.04.04-17.23.34:057][664]LogShaderCompilers: Display: Shaders left to compile 37
[2020.04.04-17.23.34:071][664]LogShaderCompilers: Display: Shaders left to compile 36
[2020.04.04-17.23.34:097][665]LogShaderCompilers: Display: Shaders left to compile 35
[2020.04.04-17.23.34:182][666]LogShaderCompilers: Display: Shaders left to compile 34
[2020.04.04-17.23.34:253][666]LogShaderCompilers: Display: Shaders left to compile 33
[2020.04.04-17.23.34:272][666]LogShaderCompilers: Display: Shaders left to compile 32
[2020.04.04-17.23.34:299][666]LogShaderCompilers: Display: Shaders left to compile 31
[2020.04.04-17.23.34:377][668]LogShaderCompilers: Display: Shaders left to compile 30
[2020.04.04-17.23.34:574][673]LogShaderCompilers: Display: Shaders left to compile 29
[2020.04.04-17.23.34:674][676]LogShaderCompilers: Display: Shaders left to compile 28
[2020.04.04-17.23.34:708][677]LogShaderCompilers: Display: Shaders left to compile 27
[2020.04.04-17.23.34:779][679]LogShaderCompilers: Display: Shaders left to compile 26
[2020.04.04-17.23.34:939][684]LogShaderCompilers: Display: Shaders left to compile 25
[2020.04.04-17.23.35:001][686]LogShaderCompilers: Display: Shaders left to compile 24
[2020.04.04-17.23.35:145][690]LogShaderCompilers: Display: Shaders left to compile 23
[2020.04.04-17.23.35:213][692]LogShaderCompilers: Display: Shaders left to compile 22
[2020.04.04-17.23.35:239][693]LogShaderCompilers: Display: Shaders left to compile 21
[2020.04.04-17.23.35:361][696]LogShaderCompilers: Display: Shaders left to compile 20
[2020.04.04-17.23.35:479][700]LogShaderCompilers: Display: Shaders left to compile 19
[2020.04.04-17.23.35:489][700]LogShaderCompilers: Display: Shaders left to compile 18
[2020.04.04-17.23.35:543][702]LogShaderCompilers: Display: Shaders left to compile 17
[2020.04.04-17.23.35:602][704]LogShaderCompilers: Display: Shaders left to compile 16
[2020.04.04-17.23.35:679][706]LogShaderCompilers: Display: Shaders left to compile 15
[2020.04.04-17.23.35:712][707]LogShaderCompilers: Display: Shaders left to compile 14
[2020.04.04-17.23.35:734][708]LogShaderCompilers: Display: Shaders left to compile 13
[2020.04.04-17.23.35:794][709]LogShaderCompilers: Display: Shaders left to compile 12
[2020.04.04-17.23.35:858][711]LogShaderCompilers: Display: Shaders left to compile 11
[2020.04.04-17.23.36:047][717]LogShaderCompilers: Display: Shaders left to compile 10
[2020.04.04-17.23.36:124][719]LogShaderCompilers: Display: Shaders left to compile 9
[2020.04.04-17.23.36:166][721]LogShaderCompilers: Display: Shaders left to compile 8
[2020.04.04-17.23.36:244][723]LogShaderCompilers: Display: Shaders left to compile 7
[2020.04.04-17.23.36:384][727]LogShaderCompilers: Display: Shaders left to compile 6
[2020.04.04-17.23.36:467][730]LogShaderCompilers: Display: Shaders left to compile 5
[2020.04.04-17.23.36:588][733]LogShaderCompilers: Display: Shaders left to compile 4
[2020.04.04-17.23.36:623][734]LogShaderCompilers: Display: Shaders left to compile 3
[2020.04.04-17.23.36:690][736]LogShaderCompilers: Display: Shaders left to compile 2
[2020.04.04-17.23.36:824][740]LogShaderCompilers: Display: Shaders left to compile 1
[2020.04.04-17.23.37:028][746]MaterialEditorStats: Base pass shader: 102 instructions
[2020.04.04-17.23.37:028][746]MaterialEditorStats: Base pass shader with Volumetric Lightmap: 175 instructions
[2020.04.04-17.23.37:028][746]MaterialEditorStats: Base pass vertex shader: 36 instructions
[2020.04.04-17.23.37:028][746]MaterialEditorStats: Base pass vertex shader: 88 instructions
[2020.04.04-17.23.37:028][746]MaterialEditorStats: Texture samplers: 4/16
[2020.04.04-17.23.37:028][746]MaterialEditorStats: Texture Lookups (Est.): VS(0), PS(1)
[2020.04.04-17.23.37:028][746]MaterialEditorStats: User interpolators: 2/4 Scalars (1/4 Vectors) (TexCoords: 2, Custom: 0)
[2020.04.04-17.23.43:490][924]LogMaterialEditor: Saving and Compiling material Invader_Brain1
[2020.04.04-17.23.44:221][924]LogMaterial: Display: Missing cached shader map for material Invader_Brain1, compiling. 
[2020.04.04-17.23.44:330][924]LogShaderCompilers: Display: Shaders left to compile 59
[2020.04.04-17.23.44:330][924]LogShaderCompilers: Display: Shaders left to compile 58
[2020.04.04-17.23.44:330][924]LogShaderCompilers: Display: Shaders left to compile 57
[2020.04.04-17.23.44:330][924]LogShaderCompilers: Display: Shaders left to compile 56
[2020.04.04-17.23.44:371][924]LogMaterial: Display: Missing cached shader map for material Invader_Brain1, compiling. 
[2020.04.04-17.23.44:423][924]LogMaterial: Display: Missing cached shader map for material Invader_Brain1, compiling. 
[2020.04.04-17.23.44:598][924]LogShaderCompilers: Display: Shaders left to compile 115
[2020.04.04-17.23.44:598][924]LogMaterial: Display: Missing cached shader map for material FDebugViewModeMaterialProxy Invader_Brain1, compiling. 
[2020.04.04-17.23.48:628][924]LogShaderCompilers: Display: Shaders left to compile 115
[2020.04.04-17.23.48:628][924]LogShaderCompilers: Display: Shaders left to compile 114
[2020.04.04-17.23.48:628][924]LogShaderCompilers: Display: Shaders left to compile 113
[2020.04.04-17.23.48:628][924]LogShaderCompilers: Display: Shaders left to compile 112
[2020.04.04-17.23.48:628][924]LogShaderCompilers: Display: Shaders left to compile 111
[2020.04.04-17.23.48:628][924]LogShaderCompilers: Display: Shaders left to compile 110
[2020.04.04-17.23.48:628][924]LogShaderCompilers: Display: Shaders left to compile 109
[2020.04.04-17.23.48:628][924]LogShaderCompilers: Display: Shaders left to compile 108
[2020.04.04-17.23.48:628][924]LogShaderCompilers: Display: Shaders left to compile 107
[2020.04.04-17.23.48:628][924]LogShaderCompilers: Display: Shaders left to compile 106
[2020.04.04-17.23.48:628][924]LogShaderCompilers: Display: Shaders left to compile 105
[2020.04.04-17.23.48:628][924]LogShaderCompilers: Display: Shaders left to compile 104
[2020.04.04-17.23.48:628][924]LogShaderCompilers: Display: Shaders left to compile 103
[2020.04.04-17.23.48:628][924]LogShaderCompilers: Display: Shaders left to compile 102
[2020.04.04-17.23.48:628][924]LogShaderCompilers: Display: Shaders left to compile 101
[2020.04.04-17.23.48:628][924]LogShaderCompilers: Display: Shaders left to compile 100
[2020.04.04-17.23.48:628][924]LogShaderCompilers: Display: Shaders left to compile 99
[2020.04.04-17.23.48:628][924]LogShaderCompilers: Display: Shaders left to compile 98
[2020.04.04-17.23.48:629][924]LogShaderCompilers: Display: Shaders left to compile 97
[2020.04.04-17.23.48:629][924]LogShaderCompilers: Display: Shaders left to compile 96
[2020.04.04-17.23.48:629][924]LogShaderCompilers: Display: Shaders left to compile 95
[2020.04.04-17.23.48:629][924]LogShaderCompilers: Display: Shaders left to compile 94
[2020.04.04-17.23.48:629][924]LogShaderCompilers: Display: Shaders left to compile 93
[2020.04.04-17.23.48:629][924]LogShaderCompilers: Display: Shaders left to compile 92
[2020.04.04-17.23.48:629][924]LogShaderCompilers: Display: Shaders left to compile 91
[2020.04.04-17.23.48:629][924]LogShaderCompilers: Display: Shaders left to compile 90
[2020.04.04-17.23.48:629][924]LogShaderCompilers: Display: Shaders left to compile 89
[2020.04.04-17.23.48:629][924]LogShaderCompilers: Display: Shaders left to compile 88
[2020.04.04-17.23.48:629][924]LogShaderCompilers: Display: Shaders left to compile 87
[2020.04.04-17.23.48:629][924]LogShaderCompilers: Display: Shaders left to compile 86
[2020.04.04-17.23.48:629][924]LogShaderCompilers: Display: Shaders left to compile 85
[2020.04.04-17.23.48:629][924]LogShaderCompilers: Display: Shaders left to compile 84
[2020.04.04-17.23.48:629][924]LogShaderCompilers: Display: Shaders left to compile 83
[2020.04.04-17.23.48:629][924]LogShaderCompilers: Display: Shaders left to compile 82
[2020.04.04-17.23.48:629][924]LogShaderCompilers: Display: Shaders left to compile 81
[2020.04.04-17.23.48:630][924]LogShaderCompilers: Display: Shaders left to compile 80
[2020.04.04-17.23.48:630][924]LogShaderCompilers: Display: Shaders left to compile 79
[2020.04.04-17.23.48:630][924]LogShaderCompilers: Display: Shaders left to compile 78
[2020.04.04-17.23.48:630][924]LogShaderCompilers: Display: Shaders left to compile 77
[2020.04.04-17.23.48:630][924]LogShaderCompilers: Display: Shaders left to compile 76
[2020.04.04-17.23.48:630][924]LogShaderCompilers: Display: Shaders left to compile 75
[2020.04.04-17.23.48:630][924]LogShaderCompilers: Display: Shaders left to compile 74
[2020.04.04-17.23.48:630][924]LogShaderCompilers: Display: Shaders left to compile 73
[2020.04.04-17.23.48:630][924]LogShaderCompilers: Display: Shaders left to compile 72
[2020.04.04-17.23.48:630][924]LogShaderCompilers: Display: Shaders left to compile 71
[2020.04.04-17.23.48:630][924]LogShaderCompilers: Display: Shaders left to compile 70
[2020.04.04-17.23.48:630][924]LogShaderCompilers: Display: Shaders left to compile 69
[2020.04.04-17.23.48:630][924]LogShaderCompilers: Display: Shaders left to compile 68
[2020.04.04-17.23.48:630][924]LogShaderCompilers: Display: Shaders left to compile 67
[2020.04.04-17.23.48:630][924]LogShaderCompilers: Display: Shaders left to compile 66
[2020.04.04-17.23.48:630][924]LogShaderCompilers: Display: Shaders left to compile 65
[2020.04.04-17.23.48:630][924]LogShaderCompilers: Display: Shaders left to compile 64
[2020.04.04-17.23.48:630][924]LogShaderCompilers: Display: Shaders left to compile 63
[2020.04.04-17.23.48:630][924]LogShaderCompilers: Display: Shaders left to compile 62
[2020.04.04-17.23.48:630][924]LogShaderCompilers: Display: Shaders left to compile 61
[2020.04.04-17.23.48:630][924]LogShaderCompilers: Display: Shaders left to compile 60
[2020.04.04-17.23.48:630][924]LogShaderCompilers: Display: Shaders left to compile 50
[2020.04.04-17.23.48:630][924]LogShaderCompilers: Display: Shaders left to compile 40
[2020.04.04-17.23.48:633][924]TextureStreamingBuild: Display: Compiling optional shaders took 4.141 seconds.
[2020.04.04-17.23.48:676][924]LogShaderCompilers: Display: Shaders left to compile 30
[2020.04.04-17.23.53:316][924]LogShaderCompilers: Display: Shaders left to compile 20
[2020.04.04-17.23.53:316][924]LogShaderCompilers: Display: Shaders left to compile 10
[2020.04.04-17.23.53:400][924]LogSavePackage: Moving '../../../../../../../Side Projects/Unreal Portfolio Invaders/PortfolioInvaders/PortInvadeProject/Saved/Invader_Brain117C3E01D45B678A4DFD39E86BAE2DF6F.tmp' to '../../../../../../../Side Projects/Unreal Portfolio Invaders/PortfolioInvaders/PortInvadeProject/Content/3DAssets/InvaderBrain/Invader_Brain1.uasset'
[2020.04.04-17.24.03:775][179]LogSlate: FSceneViewport::OnFocusLost() reason 0
[2020.04.04-17.24.10:481][333]LogSlate: FSceneViewport::OnFocusLost() reason 2
[2020.04.04-17.24.10:733][333]LogSavePackage: Moving '../../../../../../../Side Projects/Unreal Portfolio Invaders/PortfolioInvaders/PortInvadeProject/Saved/Minimal_Default8EBE7C8E4386FA5D4D8B8B9B6BD6511D.tmp' to '../../../../../../../Side Projects/Unreal Portfolio Invaders/PortfolioInvaders/PortInvadeProject/Content/StarterContent/Maps/Minimal_Default.umap'
[2020.04.04-17.24.10:820][333]LogSavePackage: Moving '../../../../../../../Side Projects/Unreal Portfolio Invaders/PortfolioInvaders/PortInvadeProject/Saved/Minimal_Default_BuiltData3274E84949D0D3CBB4A40E962764742A.tmp' to '../../../../../../../Side Projects/Unreal Portfolio Invaders/PortfolioInvaders/PortInvadeProject/Content/StarterContent/Maps/Minimal_Default_BuiltData.uasset'
[2020.04.04-17.24.36:199][ 85]LogSlate: FSceneViewport::OnFocusLost() reason 0
[2020.04.04-17.24.46:866][373]LogSlate: FSceneViewport::OnFocusLost() reason 2
[2020.04.04-17.24.47:145][373]LogSavePackage: Moving '../../../../../../../Side Projects/Unreal Portfolio Invaders/PortfolioInvaders/PortInvadeProject/Saved/Minimal_DefaultB51A438F4C5424AE0E53CAB4991D9FAB.tmp' to '../../../../../../../Side Projects/Unreal Portfolio Invaders/PortfolioInvaders/PortInvadeProject/Content/StarterContent/Maps/Minimal_Default.umap'
[2020.04.04-17.24.47:237][373]LogSavePackage: Moving '../../../../../../../Side Projects/Unreal Portfolio Invaders/PortfolioInvaders/PortInvadeProject/Saved/Minimal_Default_BuiltData4C6914C64C8FF37CD40FACBB93CF358D.tmp' to '../../../../../../../Side Projects/Unreal Portfolio Invaders/PortfolioInvaders/PortInvadeProject/Content/StarterContent/Maps/Minimal_Default_BuiltData.uasset'
[2020.04.04-17.24.50:144][431]LogEditorActor: Deleted Actor: SkeletalMeshActor
[2020.04.04-17.24.50:146][431]LogEditorActor: Deleted Actor: SkeletalMeshActor
[2020.04.04-17.24.50:211][431]LogEditorActor: Deleted 2 Actors (0.233 secs)
[2020.04.04-17.24.51:271][457]LogSavePackage: Moving '../../../../../../../Side Projects/Unreal Portfolio Invaders/PortfolioInvaders/PortInvadeProject/Saved/Minimal_Default5EA2811A4AB79C5119D03788C03B0950.tmp' to '../../../../../../../Side Projects/Unreal Portfolio Invaders/PortfolioInvaders/PortInvadeProject/Content/StarterContent/Maps/Minimal_Default.umap'
[2020.04.04-17.24.51:344][457]LogSavePackage: Moving '../../../../../../../Side Projects/Unreal Portfolio Invaders/PortfolioInvaders/PortInvadeProject/Saved/Minimal_Default_BuiltDataD5F7F57E4D65198951D0BDB613F6D5F0.tmp' to '../../../../../../../Side Projects/Unreal Portfolio Invaders/PortfolioInvaders/PortInvadeProject/Content/StarterContent/Maps/Minimal_Default_BuiltData.uasset'
[2020.04.04-17.24.55:473][559]LogAssetEditorManager: Opening Asset editor for AnimSequence /Game/3DAssets/InvaderBrain/Invader_Brain_Anim_Invader_Brain_Arm_L_Invader_Brain_Arm_LAction.Invader_Brain_Anim_Invader_Brain_Arm_L_Invader_Brain_Arm_LAction
[2020.04.04-17.24.55:573][559]LogContentBrowser: Native class hierarchy updated for 'SkeletonEditor' in 0.0007 seconds. Added 1 classes and 2 folders.
[2020.04.04-17.24.55:681][559]LogActorComponent: RegisterComponentWithWorld: (/Engine/Transient.World_4:PersistentLevel.AnimationEditorPreviewActor_0.DebugSkelMeshComponent_0) Already registered. Aborting.
[2020.04.04-17.24.55:695][559]LogContentBrowser: Native class hierarchy updated for 'PinnedCommandList' in 0.0009 seconds. Added 1 classes and 0 folders.
[2020.04.04-17.24.55:949][559]LogSkeletalMesh: USkeletalMeshComponent::InitArticulated : Bodies already created (/Engine/Transient.World_4:PersistentLevel.AnimationEditorPreviewActor_0.DebugSkelMeshComponent_0) - call TermArticulated first.
[2020.04.04-17.24.57:366][559]LogContentBrowser: Native class hierarchy updated for 'ClothingSystemEditorInterface' in 0.0015 seconds. Added 1 classes and 0 folders.
[2020.04.04-17.24.57:393][559]LogContentBrowser: Verbose: The majority of assets in the view are of type: AnimSequence
[2020.04.04-17.25.08:479][864]LogSavePackage: Moving '../../../../../../../Side Projects/Unreal Portfolio Invaders/PortfolioInvaders/PortInvadeProject/Saved/Minimal_DefaultE0AA2F7942F516AA5F196195886B1479.tmp' to '../../../../../../../Side Projects/Unreal Portfolio Invaders/PortfolioInvaders/PortInvadeProject/Content/StarterContent/Maps/Minimal_Default.umap'
[2020.04.04-17.25.08:542][864]LogSavePackage: Moving '../../../../../../../Side Projects/Unreal Portfolio Invaders/PortfolioInvaders/PortInvadeProject/Saved/Minimal_Default_BuiltData38AA50D34257D2BC1EF837929E4C97C0.tmp' to '../../../../../../../Side Projects/Unreal Portfolio Invaders/PortfolioInvaders/PortInvadeProject/Content/StarterContent/Maps/Minimal_Default_BuiltData.uasset'
[2020.04.04-17.25.12:051][969]LogSlate: Window 'PortInvadeProject - Unreal Editor' being destroyed
[2020.04.04-17.25.12:052][969]LogWindowsTextInputMethodSystem: Display: IME system now deactivated.
[2020.04.04-17.25.12:303][970]Cmd: QUIT_EDITOR
[2020.04.04-17.25.12:401][970]LogExit: Preparing to exit.
[2020.04.04-17.25.13:447][970]LogExit: Editor shut down
[2020.04.04-17.25.13:449][970]LogExit: Transaction tracking system shut down
[2020.04.04-17.25.13:954][970]LogExit: Object subsystem successfully closed.
[2020.04.04-17.25.14:001][970]LogShaderCompilers: Display: Shaders left to compile 0
[2020.04.04-17.25.14:011][970]LogD3D11RHI: Shutdown
[2020.04.04-17.25.14:011][970]LogD3D11RHI: CleanupD3DDevice
[2020.04.04-17.25.14:017][970]LogD3D11RHI: ~FD3D11DynamicRHI
[2020.04.04-17.25.14:053][970]LogModuleManager: Shutting down and abandoning module ClothingSystemEditorInterface (620)
[2020.04.04-17.25.14:053][970]LogModuleManager: Shutting down and abandoning module PinnedCommandList (618)
[2020.04.04-17.25.14:053][970]LogModuleManager: Shutting down and abandoning module SkeletonEditor (616)
[2020.04.04-17.25.14:053][970]LogModuleManager: Shutting down and abandoning module AnimationEditor (614)
[2020.04.04-17.25.14:053][970]LogModuleManager: Shutting down and abandoning module HierarchicalLODOutliner (612)
[2020.04.04-17.25.14:053][970]LogModuleManager: Shutting down and abandoning module ExternalImagePicker (610)
[2020.04.04-17.25.14:053][970]LogModuleManager: Shutting down and abandoning module SceneOutliner (608)
[2020.04.04-17.25.14:053][970]LogModuleManager: Shutting down and abandoning module AddContentDialog (606)
[2020.04.04-17.25.14:055][970]LogModuleManager: Shutting down and abandoning module WidgetCarousel (605)
[2020.04.04-17.25.14:055][970]LogModuleManager: Shutting down and abandoning module EditorWidgets (602)
[2020.04.04-17.25.14:055][970]LogModuleManager: Shutting down and abandoning module CollectionManager (600)
[2020.04.04-17.25.14:056][970]LogModuleManager: Shutting down and abandoning module StatsViewer (598)
[2020.04.04-17.25.14:056][970]LogModuleManager: Shutting down and abandoning module FoliageEdit (596)
[2020.04.04-17.25.14:056][970]LogModuleManager: Shutting down and abandoning module LandscapeEditor (594)
[2020.04.04-17.25.14:056][970]LogModuleManager: Shutting down and abandoning module MeshPaintMode (592)
[2020.04.04-17.25.14:056][970]LogModuleManager: Shutting down and abandoning module SceneDepthPickerMode (590)
[2020.04.04-17.25.14:056][970]LogModuleManager: Shutting down and abandoning module ActorPickerMode (588)
[2020.04.04-17.25.14:056][970]LogModuleManager: Shutting down and abandoning module GeometryMode (586)
[2020.04.04-17.25.14:057][970]LogModuleManager: Shutting down and abandoning module TextureAlignMode (584)
[2020.04.04-17.25.14:057][970]LogModuleManager: Shutting down and abandoning module BspMode (582)
[2020.04.04-17.25.14:057][970]LogModuleManager: Shutting down and abandoning module PIEPreviewDeviceProfileSelector (580)
[2020.04.04-17.25.14:057][970]LogModuleManager: Shutting down and abandoning module SequenceRecorderSections (578)
[2020.04.04-17.25.14:057][970]LogModuleManager: Shutting down and abandoning module AutomationWorker (576)
[2020.04.04-17.25.14:057][970]LogModuleManager: Shutting down and abandoning module AudioCaptureEditor (574)
[2020.04.04-17.25.14:057][970]LogModuleManager: Shutting down and abandoning module SequenceRecorder (573)
[2020.04.04-17.25.14:057][970]LogModuleManager: Shutting down and abandoning module MatineeToLevelSequence (570)
[2020.04.04-17.25.14:057][970]LogModuleManager: Shutting down and abandoning module LevelSequenceEditor (568)
[2020.04.04-17.25.14:058][970]LogModuleManager: Shutting down and abandoning module PlacementMode (567)
[2020.04.04-17.25.14:058][970]LogModuleManager: Shutting down and abandoning module MaterialEditor (566)
[2020.04.04-17.25.14:058][970]LogModuleManager: Shutting down and abandoning module WmfMediaFactory (562)
[2020.04.04-17.25.14:058][970]LogModuleManager: Shutting down and abandoning module WmfMediaEditor (560)
[2020.04.04-17.25.14:058][970]LogModuleManager: Shutting down and abandoning module MediaPlayerEditor (558)
[2020.04.04-17.25.14:058][970]LogModuleManager: Shutting down and abandoning module OpenExrWrapper (556)
[2020.04.04-17.25.14:058][970]LogModuleManager: Shutting down and abandoning module ImgMediaFactory (554)
[2020.04.04-17.25.14:058][970]LogModuleManager: Shutting down and abandoning module ImgMediaEditor (552)
[2020.04.04-17.25.14:058][970]LogModuleManager: Shutting down and abandoning module AvfMediaFactory (550)
[2020.04.04-17.25.14:059][970]LogModuleManager: Shutting down and abandoning module AvfMediaEditor (548)
[2020.04.04-17.25.14:059][970]LogModuleManager: Shutting down and abandoning module AndroidMediaFactory (546)
[2020.04.04-17.25.14:059][970]LogModuleManager: Shutting down and abandoning module AndroidMediaEditor (544)
[2020.04.04-17.25.14:059][970]LogModuleManager: Shutting down and abandoning module MagicLeapCameraPreviewFactory (542)
[2020.04.04-17.25.14:059][970]LogModuleManager: Shutting down and abandoning module MagicLeapMediaFactory (540)
[2020.04.04-17.25.14:059][970]LogModuleManager: Shutting down and abandoning module MagicLeapMediaEditor (538)
[2020.04.04-17.25.14:059][970]LogModuleManager: Shutting down and abandoning module CharacterAI (536)
[2020.04.04-17.25.14:059][970]LogModuleManager: Shutting down and abandoning module SmartSnapping (534)
[2020.04.04-17.25.14:059][970]LogModuleManager: Shutting down and abandoning module SessionServices (532)
[2020.04.04-17.25.14:059][970]LogModuleManager: Shutting down and abandoning module ViewportSnapping (530)
[2020.04.04-17.25.14:059][970]LogModuleManager: Shutting down and abandoning module ViewportInteraction (528)
[2020.04.04-17.25.14:060][970]LogModuleManager: Shutting down and abandoning module ClothPainter (526)
[2020.04.04-17.25.14:060][970]LogModuleManager: Shutting down and abandoning module SkeletalMeshEditor (525)
[2020.04.04-17.25.14:060][970]LogModuleManager: Shutting down and abandoning module LogVisualizer (522)
[2020.04.04-17.25.14:060][970]LogModuleManager: Shutting down and abandoning module IntroTutorials (520)
[2020.04.04-17.25.14:060][970]LogModuleManager: Shutting down and abandoning module GameProjectGeneration (519)
[2020.04.04-17.25.14:060][970]LogModuleManager: Shutting down and abandoning module LuminPlatformEditor (516)
[2020.04.04-17.25.14:060][970]LogModuleManager: Shutting down and abandoning module IOSPlatformEditor (514)
[2020.04.04-17.25.14:060][970]LogModuleManager: Shutting down and abandoning module HTML5PlatformEditor (512)
[2020.04.04-17.25.14:062][970]LogModuleManager: Shutting down and abandoning module AndroidPlatformEditor (510)
[2020.04.04-17.25.14:062][970]LogModuleManager: Shutting down and abandoning module AndroidDeviceDetection (509)
[2020.04.04-17.25.14:438][970]LogModuleManager: Shutting down and abandoning module WindowsPlatformEditor (506)
[2020.04.04-17.25.14:438][970]LogModuleManager: Shutting down and abandoning module LuminRuntimeSettings (504)
[2020.04.04-17.25.14:438][970]LogModuleManager: Shutting down and abandoning module IOSRuntimeSettings (502)
[2020.04.04-17.25.14:438][970]LogModuleManager: Shutting down and abandoning module AndroidRuntimeSettings (500)
[2020.04.04-17.25.14:439][970]LogModuleManager: Shutting down and abandoning module InputBindingEditor (498)
[2020.04.04-17.25.14:439][970]LogModuleManager: Shutting down and abandoning module MergeActors (496)
[2020.04.04-17.25.14:439][970]LogModuleManager: Shutting down and abandoning module LocalizationDashboard (494)
[2020.04.04-17.25.14:439][970]LogModuleManager: Shutting down and abandoning module LocalizationService (493)
[2020.04.04-17.25.14:439][970]LogModuleManager: Shutting down and abandoning module HardwareTargeting (490)
[2020.04.04-17.25.14:439][970]LogModuleManager: Shutting down and abandoning module DeviceProfileEditor (488)
[2020.04.04-17.25.14:439][970]LogModuleManager: Shutting down and abandoning module UndoHistory (486)
[2020.04.04-17.25.14:439][970]LogModuleManager: Shutting down and abandoning module XmlParser (484)
[2020.04.04-17.25.14:439][970]LogModuleManager: Shutting down and abandoning module Blutility (482)
[2020.04.04-17.25.14:439][970]LogModuleManager: Shutting down and abandoning module ProjectSettingsViewer (480)
[2020.04.04-17.25.14:439][970]LogModuleManager: Shutting down and abandoning module ProjectTargetPlatformEditor (479)
[2020.04.04-17.25.14:439][970]LogModuleManager: Shutting down and abandoning module EditorSettingsViewer (476)
[2020.04.04-17.25.14:439][970]LogModuleManager: Shutting down and abandoning module SettingsEditor (474)
[2020.04.04-17.25.14:439][970]LogModuleManager: Shutting down and abandoning module ProjectLauncher (472)
[2020.04.04-17.25.14:439][970]LogModuleManager: Shutting down and abandoning module SessionFrontend (470)
[2020.04.04-17.25.14:439][970]LogModuleManager: Shutting down and abandoning module ProfilerClient (468)
[2020.04.04-17.25.14:439][970]LogModuleManager: Shutting down and abandoning module DeviceManager (466)
[2020.04.04-17.25.14:439][970]LogModuleManager: Shutting down and abandoning module TargetDeviceServices (465)
[2020.04.04-17.25.14:503][970]LogModuleManager: Shutting down and abandoning module AutomationController (462)
[2020.04.04-17.25.14:503][970]LogModuleManager: Shutting down and abandoning module AutomationWindow (460)
[2020.04.04-17.25.14:503][970]LogModuleManager: Shutting down and abandoning module Layers (458)
[2020.04.04-17.25.14:503][970]LogModuleManager: Shutting down and abandoning module ComponentVisualizers (456)
[2020.04.04-17.25.14:503][970]LogModuleManager: Shutting down and abandoning module DetailCustomizations (454)
[2020.04.04-17.25.14:504][970]LogModuleManager: Shutting down and abandoning module PackagesDialog (452)
[2020.04.04-17.25.14:504][970]LogModuleManager: Shutting down and abandoning module Persona (450)
[2020.04.04-17.25.14:504][970]LogModuleManager: Shutting down and abandoning module AdvancedPreviewScene (449)
[2020.04.04-17.25.14:504][970]LogModuleManager: Shutting down and abandoning module AnimGraph (447)
[2020.04.04-17.25.14:504][970]LogModuleManager: Shutting down and abandoning module Kismet (444)
[2020.04.04-17.25.14:506][970]LogModuleManager: Shutting down and abandoning module GraphEditor (442)
[2020.04.04-17.25.14:506][970]LogModuleManager: Shutting down and abandoning module ClassViewer (440)
[2020.04.04-17.25.14:506][970]LogModuleManager: Shutting down and abandoning module Toolbox (438)
[2020.04.04-17.25.14:506][970]LogModuleManager: Shutting down and abandoning module ModuleUI (436)
[2020.04.04-17.25.14:506][970]LogModuleManager: Shutting down and abandoning module MovieSceneTools (434)
[2020.04.04-17.25.14:506][970]LogModuleManager: Shutting down and abandoning module OutputLog (432)
[2020.04.04-17.25.14:506][970]LogModuleManager: Shutting down and abandoning module GammaUI (430)
[2020.04.04-17.25.14:506][970]LogModuleManager: Shutting down and abandoning module Documentation (428)
[2020.04.04-17.25.14:506][970]LogModuleManager: Shutting down and abandoning module MovieSceneTracks (426)
[2020.04.04-17.25.14:506][970]LogModuleManager: Shutting down and abandoning module MovieScene (424)
[2020.04.04-17.25.14:506][970]LogModuleManager: Shutting down and abandoning module StreamingPauseRendering (422)
[2020.04.04-17.25.14:507][970]LogModuleManager: Shutting down and abandoning module LauncherPlatform (420)
[2020.04.04-17.25.14:507][970]LogModuleManager: Shutting down and abandoning module AnalyticsET (418)
[2020.04.04-17.25.14:508][970]LogModuleManager: Shutting down and abandoning module PortalServices (416)
[2020.04.04-17.25.14:508][970]LogModuleManager: Shutting down and abandoning module PortalRpc (414)
[2020.04.04-17.25.14:508][970]LogModuleManager: Shutting down and abandoning module MessagingRpc (412)
[2020.04.04-17.25.14:508][970]LogModuleManager: Shutting down and abandoning module AIModule (410)
[2020.04.04-17.25.14:508][970]LogModuleManager: Shutting down and abandoning module GameplayDebugger (409)
[2020.04.04-17.25.14:508][970]LogModuleManager: Shutting down and abandoning module AITestSuite (407)
[2020.04.04-17.25.14:508][970]LogModuleManager: Shutting down and abandoning module NavigationSystem (405)
[2020.04.04-17.25.14:508][970]LogModuleManager: Shutting down and abandoning module DesktopPlatform (402)
[2020.04.04-17.25.14:508][970]LogModuleManager: Shutting down and abandoning module ProfilerService (400)
[2020.04.04-17.25.14:631][970]LogModuleManager: Shutting down and abandoning module TaskGraph (398)
[2020.04.04-17.25.14:631][970]LogModuleManager: Shutting down and abandoning module SteamVRController (396)
[2020.04.04-17.25.14:631][970]LogModuleManager: Shutting down and abandoning module ProceduralMeshComponentEditor (394)
[2020.04.04-17.25.14:631][970]LogModuleManager: Shutting down and abandoning module ProceduralMeshComponent (392)
[2020.04.04-17.25.14:631][970]LogModuleManager: Shutting down and abandoning module OculusInput (390)
[2020.04.04-17.25.14:631][970]LogModuleManager: Shutting down and abandoning module MobilePatchingUtils (388)
[2020.04.04-17.25.14:631][970]LogModuleManager: Shutting down and abandoning module EditableMesh (386)
[2020.04.04-17.25.14:631][970]LogModuleManager: Shutting down and abandoning module CustomMeshComponent (384)
[2020.04.04-17.25.14:631][970]LogModuleManager: Shutting down and abandoning module CableComponent (382)
[2020.04.04-17.25.14:632][970]LogModuleManager: Shutting down and abandoning module AudioCapture (380)
[2020.04.04-17.25.14:632][970]LogModuleManager: Shutting down and abandoning module ArchVisCharacter (378)
[2020.04.04-17.25.14:632][970]LogModuleManager: Shutting down and abandoning module AndroidPermission (376)
[2020.04.04-17.25.14:632][970]LogModuleManager: Shutting down and abandoning module NUTUnrealEngine4 (374)
[2020.04.04-17.25.14:632][970]LogModuleManager: Shutting down and abandoning module NetcodeUnitTest (372)
[2020.04.04-17.25.14:632][970]LogModuleManager: Shutting down and abandoning module MediaCompositingEditor (370)
[2020.04.04-17.25.14:632][970]LogModuleManager: Shutting down and abandoning module MediaCompositing (368)
[2020.04.04-17.25.14:632][970]LogModuleManager: Shutting down and abandoning module LinearTimecode (366)
[2020.04.04-17.25.14:632][970]LogModuleManager: Shutting down and abandoning module ImgMedia (364)
[2020.04.04-17.25.14:645][970]LogModuleManager: Shutting down and abandoning module HTML5Networking (362)
[2020.04.04-17.25.14:646][970]LogModuleManager: Shutting down and abandoning module GeometryCacheTracks (360)
[2020.04.04-17.25.14:646][970]LogModuleManager: Shutting down and abandoning module GeometryCacheSequencer (358)
[2020.04.04-17.25.14:646][970]LogModuleManager: Shutting down and abandoning module BackChannel (356)
[2020.04.04-17.25.14:646][970]LogModuleManager: Shutting down and abandoning module AppleVision (354)
[2020.04.04-17.25.14:646][970]LogModuleManager: Shutting down and abandoning module AppleImageUtils (352)
[2020.04.04-17.25.14:646][970]LogModuleManager: Shutting down and abandoning module AlembicImporter (350)
[2020.04.04-17.25.14:646][970]LogModuleManager: Shutting down and abandoning module AlembicLibrary (349)
[2020.04.04-17.25.14:646][970]LogModuleManager: Shutting down and abandoning module GeometryCache (348)
[2020.04.04-17.25.14:647][970]LogModuleManager: Shutting down and abandoning module GeometryCacheEd (347)
[2020.04.04-17.25.14:647][970]LogModuleManager: Shutting down and abandoning module DatasmithContentEditor (342)
[2020.04.04-17.25.14:647][970]LogModuleManager: Shutting down and abandoning module DatasmithContent (340)
[2020.04.04-17.25.14:648][970]LogModuleManager: Shutting down and abandoning module SpeedTreeImporter (338)
[2020.04.04-17.25.14:649][970]LogModuleManager: Shutting down and abandoning module PluginBrowser (336)
[2020.04.04-17.25.14:649][970]LogModuleManager: Shutting down and abandoning module MobileLauncherProfileWizard (334)
[2020.04.04-17.25.14:649][970]LogModuleManager: Shutting down and abandoning module PolygonModeling (332)
[2020.04.04-17.25.14:649][970]LogModuleManager: Shutting down and abandoning module MeshEditor (330)
[2020.04.04-17.25.14:649][970]LogModuleManager: Shutting down and abandoning module CryptoKeysOpenSSL (328)
[2020.04.04-17.25.14:649][970]LogModuleManager: Shutting down and abandoning module CryptoKeys (326)
[2020.04.04-17.25.14:649][970]LogModuleManager: Shutting down and abandoning module VisualStudioSourceCodeAccess (324)
[2020.04.04-17.25.14:650][970]LogModuleManager: Shutting down and abandoning module VisualStudioCodeSourceCodeAccess (322)
[2020.04.04-17.25.14:650][970]LogModuleManager: Shutting down and abandoning module UObjectPlugin (320)
[2020.04.04-17.25.14:650][970]LogModuleManager: Shutting down and abandoning module SubversionSourceControl (318)
[2020.04.04-17.25.14:650][970]LogModuleManager: Shutting down and abandoning module PerforceSourceControl (316)
[2020.04.04-17.25.14:650][970]LogModuleManager: Shutting down and abandoning module GitSourceControl (314)
[2020.04.04-17.25.14:650][970]LogModuleManager: Shutting down and abandoning module SourceControl (313)
[2020.04.04-17.25.14:650][970]LogModuleManager: Shutting down and abandoning module CLionSourceCodeAccess (310)
[2020.04.04-17.25.14:650][970]LogModuleManager: Shutting down and abandoning module LightPropagationVolumeEditor (308)
[2020.04.04-17.25.14:650][970]LogModuleManager: Shutting down and abandoning module PaperTiledImporter (306)
[2020.04.04-17.25.14:650][970]LogModuleManager: Shutting down and abandoning module PaperSpriteSheetImporter (304)
[2020.04.04-17.25.14:651][970]LogModuleManager: Shutting down and abandoning module Paper2DEditor (302)
[2020.04.04-17.25.14:651][970]LogModuleManager: Shutting down and abandoning module MeshPaint (301)
[2020.04.04-17.25.14:651][970]LogModuleManager: Shutting down and abandoning module RuntimePhysXCooking (298)
[2020.04.04-17.25.14:651][970]LogModuleManager: Shutting down and abandoning module PhysXVehiclesEditor (296)
[2020.04.04-17.25.14:651][970]LogModuleManager: Shutting down and abandoning module PhysXVehicles (294)
[2020.04.04-17.25.14:651][970]LogModuleManager: Shutting down and abandoning module OculusEditor (292)
[2020.04.04-17.25.14:651][970]LogModuleManager: Shutting down and abandoning module LocationServicesBPLibrary (290)
[2020.04.04-17.25.14:651][970]LogModuleManager: Shutting down and abandoning module ImmediatePhysicsEditor (288)
[2020.04.04-17.25.14:651][970]LogModuleManager: Shutting down and abandoning module ImmediatePhysics (286)
[2020.04.04-17.25.14:652][970]LogModuleManager: Shutting down and abandoning module ActorSequence (284)
[2020.04.04-17.25.14:652][970]LogModuleManager: Shutting down and abandoning module UdpMessaging (282)
[2020.04.04-17.25.14:753][970]LogModuleManager: Shutting down and abandoning module TcpMessaging (280)
[2020.04.04-17.25.14:854][970]LogModuleManager: Shutting down and abandoning module MagicLeapAudio (278)
[2020.04.04-17.25.14:854][970]LogModuleManager: Shutting down and abandoning module GameplayTagsEditor (276)
[2020.04.04-17.25.14:854][970]LogModuleManager: Shutting down and abandoning module FacialAnimationEditor (274)
[2020.04.04-17.25.14:854][970]LogModuleManager: Shutting down and abandoning module FacialAnimation (272)
[2020.04.04-17.25.14:854][970]LogModuleManager: Shutting down and abandoning module DataValidation (270)
[2020.04.04-17.25.14:854][970]LogModuleManager: Shutting down and abandoning module AssetManagerEditor (268)
[2020.04.04-17.25.14:854][970]LogModuleManager: Shutting down and abandoning module LevelEditor (267)
[2020.04.04-17.25.14:856][970]LogModuleManager: Shutting down and abandoning module PixelInspectorModule (266)
[2020.04.04-17.25.14:856][970]LogModuleManager: Shutting down and abandoning module CommonMenuExtensions (264)
[2020.04.04-17.25.14:856][970]LogModuleManager: Shutting down and abandoning module MainFrame (262)
[2020.04.04-17.25.14:856][970]LogModuleManager: Shutting down and abandoning module HotReload (261)
[2020.04.04-17.25.14:857][970]LogModuleManager: Shutting down and abandoning module ContentBrowser (257)
[2020.04.04-17.25.14:860][970]LogModuleManager: Shutting down and abandoning module TreeMap (255)
[2020.04.04-17.25.14:860][970]LogModuleManager: Shutting down and abandoning module LightPropagationVolumeRuntime (252)
[2020.04.04-17.25.14:860][970]LogModuleManager: Shutting down and abandoning module AISupportModule (250)
[2020.04.04-17.25.14:860][970]LogModuleManager: Shutting down and abandoning module Paper2D (248)
[2020.04.04-17.25.14:860][970]LogModuleManager: Shutting down and abandoning module WindowsMoviePlayer (246)
[2020.04.04-17.25.14:861][970]LogModuleManager: Shutting down and abandoning module WmfMedia (244)
[2020.04.04-17.25.14:875][970]LogModuleManager: Shutting down and abandoning module Media (243)
[2020.04.04-17.25.14:884][970]LogModuleManager: Shutting down and abandoning module PacketHandler (240)
[2020.04.04-17.25.14:884][970]LogModuleManager: Shutting down and abandoning module ClothingSystemEditor (238)
[2020.04.04-17.25.14:884][970]LogModuleManager: Shutting down and abandoning module ClothingSystemRuntime (236)
[2020.04.04-17.25.14:884][970]LogModuleManager: Shutting down and abandoning module MediaAssets (234)
[2020.04.04-17.25.14:884][970]LogModuleManager: Shutting down and abandoning module Overlay (232)
[2020.04.04-17.25.14:884][970]LogModuleManager: Shutting down and abandoning module OverlayEditor (231)
[2020.04.04-17.25.14:884][970]LogModuleManager: Shutting down and abandoning module VREditor (228)
[2020.04.04-17.25.14:884][970]LogModuleManager: Shutting down and abandoning module StringTableEditor (226)
[2020.04.04-17.25.14:884][970]LogModuleManager: Shutting down and abandoning module GameplayTasksEditor (224)
[2020.04.04-17.25.14:884][970]LogModuleManager: Shutting down and abandoning module BehaviorTreeEditor (222)
[2020.04.04-17.25.14:885][970]LogModuleManager: Shutting down and abandoning module FunctionalTesting (220)
[2020.04.04-17.25.14:885][970]LogModuleManager: Shutting down and abandoning module CollisionAnalyzer (218)
[2020.04.04-17.25.14:885][970]LogModuleManager: Shutting down and abandoning module WorkspaceMenuStructure (217)
[2020.04.04-17.25.14:885][970]LogModuleManager: Shutting down and abandoning module UMG (214)
[2020.04.04-17.25.14:885][970]LogModuleManager: Shutting down and abandoning module UMGEditor (213)
[2020.04.04-17.25.14:885][970]LogModuleManager: Shutting down and abandoning module Sequencer (212)
[2020.04.04-17.25.14:886][970]LogModuleManager: Shutting down and abandoning module MessageLog (209)
[2020.04.04-17.25.14:886][970]LogModuleManager: Shutting down and abandoning module SlateReflector (204)
[2020.04.04-17.25.14:886][970]LogModuleManager: Shutting down and abandoning module Slate (202)
[2020.04.04-17.25.14:886][970]LogModuleManager: Shutting down and abandoning module EditorStyle (200)
[2020.04.04-17.25.14:891][970]LogModuleManager: Shutting down and abandoning module MRMesh (198)
[2020.04.04-17.25.14:891][970]LogModuleManager: Shutting down and abandoning module SourceCodeAccess (196)
[2020.04.04-17.25.14:891][970]LogModuleManager: Shutting down and abandoning module HeadMountedDisplay (194)
[2020.04.04-17.25.14:891][970]LogModuleManager: Shutting down and abandoning module XAudio2 (192)
[2020.04.04-17.25.14:891][970]LogModuleManager: Shutting down and abandoning module Networking (190)
[2020.04.04-17.25.14:891][970]LogModuleManager: Shutting down and abandoning module Core (188)
[2020.04.04-17.25.14:891][970]LogModuleManager: Shutting down and abandoning module LevelSequence (186)
[2020.04.04-17.25.14:892][970]LogModuleManager: Shutting down and abandoning module KismetCompiler (184)
[2020.04.04-17.25.14:892][970]LogModuleManager: Shutting down and abandoning module MeshUtilities (182)
[2020.04.04-17.25.14:892][970]LogModuleManager: Shutting down and abandoning module MeshMergeUtilities (181)
[2020.04.04-17.25.14:892][970]LogModuleManager: Shutting down and abandoning module MeshReductionInterface (180)
[2020.04.04-17.25.14:892][970]LogModuleManager: Shutting down and abandoning module SimplygonSwarm (179)
[2020.04.04-17.25.14:892][970]LogModuleManager: Shutting down and abandoning module ProxyLODMeshReduction (177)
[2020.04.04-17.25.14:892][970]LogModuleManager: Shutting down and abandoning module SimplygonMeshReduction (175)
[2020.04.04-17.25.14:892][970]LogModuleManager: Shutting down and abandoning module QuadricMeshReduction (173)
[2020.04.04-17.25.14:892][970]LogModuleManager: Shutting down and abandoning module MaterialBaking (169)
[2020.04.04-17.25.14:893][970]LogModuleManager: Shutting down and abandoning module DirectoryWatcher (165)
[2020.04.04-17.25.14:893][970]LogModuleManager: Shutting down and abandoning module DerivedDataCache (162)
[2020.04.04-17.25.14:979][970]LogDerivedDataCache: Shutdown
[2020.04.04-17.25.14:979][970]LogModuleManager: Shutting down and abandoning module XGEController (160)
[2020.04.04-17.25.14:979][970]LogXGEController: Cleaning working directory: C:/Users/DaultonNelson/AppData/Local/Temp/UnrealXGEWorkingDir/
[2020.04.04-17.25.14:980][970]LogModuleManager: Shutting down and abandoning module TargetPlatform (158)
[2020.04.04-17.25.14:980][970]LogModuleManager: Shutting down and abandoning module VulkanShaderFormat (157)
[2020.04.04-17.25.14:981][970]LogModuleManager: Shutting down and abandoning module ShaderFormatVectorVM (155)
[2020.04.04-17.25.14:981][970]LogModuleManager: Shutting down and abandoning module ShaderFormatOpenGL (153)
[2020.04.04-17.25.14:981][970]LogModuleManager: Shutting down and abandoning module ShaderFormatD3D (151)
[2020.04.04-17.25.14:981][970]LogModuleManager: Shutting down and abandoning module MetalShaderFormat (149)
[2020.04.04-17.25.14:981][970]LogModuleManager: Shutting down and abandoning module TextureFormatUncompressed (147)
[2020.04.04-17.25.14:981][970]LogModuleManager: Shutting down and abandoning module TextureFormatPVR (145)
[2020.04.04-17.25.14:981][970]LogModuleManager: Shutting down and abandoning module TextureFormatDXT (143)
[2020.04.04-17.25.14:981][970]LogModuleManager: Shutting down and abandoning module TextureFormatIntelISPCTexComp (141)
[2020.04.04-17.25.14:982][970]LogModuleManager: Shutting down and abandoning module TextureFormatASTC (139)
[2020.04.04-17.25.14:982][970]LogModuleManager: Shutting down and abandoning module ImageWrapper (138)
[2020.04.04-17.25.14:982][970]LogModuleManager: Shutting down and abandoning module TextureFormatAndroid (135)
[2020.04.04-17.25.14:982][970]LogModuleManager: Shutting down and abandoning module AudioFormatOpus (133)
[2020.04.04-17.25.14:982][970]LogModuleManager: Shutting down and abandoning module AudioFormatOgg (131)
[2020.04.04-17.25.14:982][970]LogModuleManager: Shutting down and abandoning module AudioFormatADPCM (129)
[2020.04.04-17.25.14:982][970]LogModuleManager: Shutting down and abandoning module LuminTargetPlatform (127)
[2020.04.04-17.25.14:982][970]LogModuleManager: Shutting down and abandoning module LinuxTargetPlatform (125)
[2020.04.04-17.25.14:982][970]LogModuleManager: Shutting down and abandoning module LinuxServerTargetPlatform (123)
[2020.04.04-17.25.14:982][970]LogModuleManager: Shutting down and abandoning module LinuxNoEditorTargetPlatform (121)
[2020.04.04-17.25.14:983][970]LogModuleManager: Shutting down and abandoning module LinuxClientTargetPlatform (119)
[2020.04.04-17.25.14:983][970]LogModuleManager: Shutting down and abandoning module TVOSTargetPlatform (117)
[2020.04.04-17.25.14:985][970]LogModuleManager: Shutting down and abandoning module Messaging (115)
[2020.04.04-17.25.14:985][970]LogModuleManager: Shutting down and abandoning module IOSTargetPlatform (113)
[2020.04.04-17.25.14:987][970]LogModuleManager: Shutting down and abandoning module HTML5TargetPlatform (111)
[2020.04.04-17.25.14:987][970]LogModuleManager: Shutting down and abandoning module AndroidTargetPlatform (109)
[2020.04.04-17.25.15:014][970]LogModuleManager: Shutting down and abandoning module WindowsTargetPlatform (107)
[2020.04.04-17.25.15:014][970]LogModuleManager: Shutting down and abandoning module WindowsServerTargetPlatform (105)
[2020.04.04-17.25.15:014][970]LogModuleManager: Shutting down and abandoning module WindowsNoEditorTargetPlatform (103)
[2020.04.04-17.25.15:014][970]LogModuleManager: Shutting down and abandoning module WindowsClientTargetPlatform (101)
[2020.04.04-17.25.15:014][970]LogModuleManager: Shutting down and abandoning module MacTargetPlatform (99)
[2020.04.04-17.25.15:014][970]LogModuleManager: Shutting down and abandoning module MacServerTargetPlatform (97)
[2020.04.04-17.25.15:014][970]LogModuleManager: Shutting down and abandoning module MacNoEditorTargetPlatform (95)
[2020.04.04-17.25.15:014][970]LogModuleManager: Shutting down and abandoning module MacClientTargetPlatform (93)
[2020.04.04-17.25.15:014][970]LogModuleManager: Shutting down and abandoning module AllDesktopTargetPlatform (91)
[2020.04.04-17.25.15:014][970]LogModuleManager: Shutting down and abandoning module InputCore (88)
[2020.04.04-17.25.15:014][970]LogModuleManager: Shutting down and abandoning module Settings (86)
[2020.04.04-17.25.15:014][970]LogModuleManager: Shutting down and abandoning module PhysXCooking (84)
[2020.04.04-17.25.15:015][970]LogModuleManager: Shutting down and abandoning module SteamVR (82)
[2020.04.04-17.25.15:015][970]LogModuleManager: Shutting down and abandoning module OculusHMD (80)
[2020.04.04-17.25.15:015][970]LogModuleManager: Shutting down and abandoning module ExampleDeviceProfileSelector (78)
[2020.04.04-17.25.15:015][970]LogModuleManager: Shutting down and abandoning module LauncherChunkInstaller (76)
[2020.04.04-17.25.15:015][970]LogModuleManager: Shutting down and abandoning module OnlineBlueprintSupport (74)
[2020.04.04-17.25.15:015][970]LogModuleManager: Shutting down and abandoning module OnlineSubsystem (70)
[2020.04.04-17.25.15:017][970]LogModuleManager: Shutting down and abandoning module XMPP (65)
[2020.04.04-17.25.15:017][970]LogModuleManager: Shutting down and abandoning module WebSockets (64)
[2020.04.04-17.25.15:034][970]LogModuleManager: Shutting down and abandoning module HTTP (61)
[2020.04.04-17.25.15:034][970]LogHttp: Display: Http module shutting down, but needs to wait on 1 outstanding Http requests:
[2020.04.04-17.25.15:034][970]LogHttp: Display: 	verb=[POST] url=[https://datarouter.ol.epicgames.com/datarouter/api/v1/public/data?SessionID=%7BEC1D17E8-495C-63F5-77CC-96AA218741DB%7D&AppID=UEEditor.Rocket.Release&AppVersion=4.20.3-4369336%2B%2B%2BUE4%2BRelease-4.20&UserID=aef56c56497e6171c65536a4dfac414d%7Cd8f6237aac984f7bbfbb0ff2f479ed9c%7C1b153140-5836-40b6-9f24-ca069c129286&AppEnvironment=datacollector-binary&UploadType=eteventstream] status=Processing
[2020.04.04-17.25.15:053][970]LogModuleManager: Shutting down and abandoning module SSL (60)
[2020.04.04-17.25.15:056][970]LogModuleManager: Shutting down and abandoning module MagicLeapEmulator (56)
[2020.04.04-17.25.15:056][970]LogModuleManager: Shutting down and abandoning module MagicLeapPrivileges (54)
[2020.04.04-17.25.15:056][970]LogModuleManager: Shutting down and abandoning module MagicLeapIdentity (52)
[2020.04.04-17.25.15:056][970]LogModuleManager: Shutting down and abandoning module MagicLeapHelperVulkan (50)
[2020.04.04-17.25.15:056][970]LogModuleManager: Shutting down and abandoning module MagicLeapHelperOpenGL (48)
[2020.04.04-17.25.15:056][970]LogModuleManager: Shutting down and abandoning module MagicLeapSecureStorage (46)
[2020.04.04-17.25.15:057][970]LogModuleManager: Shutting down and abandoning module MagicLeapGestures (44)
[2020.04.04-17.25.15:057][970]LogModuleManager: Shutting down and abandoning module MagicLeapEyeTracker (42)
[2020.04.04-17.25.15:057][970]LogModuleManager: Shutting down and abandoning module MagicLeapController (40)
[2020.04.04-17.25.15:057][970]LogSlate: Slate User Destroyed.  User Index 0, Is Virtual User: 0
[2020.04.04-17.25.15:057][970]LogModuleManager: Shutting down and abandoning module MagicLeap (38)
[2020.04.04-17.25.15:057][970]LogModuleManager: Shutting down and abandoning module AnimationModifiers (36)
[2020.04.04-17.25.15:058][970]LogModuleManager: Shutting down and abandoning module PropertyEditor (35)
[2020.04.04-17.25.15:058][970]LogModuleManager: Shutting down and abandoning module AudioEditor (32)
[2020.04.04-17.25.15:058][970]LogModuleManager: Shutting down and abandoning module TextureCompressor (30)
[2020.04.04-17.25.15:058][970]LogModuleManager: Shutting down and abandoning module ShaderCore (28)
[2020.04.04-17.25.15:058][970]LogModuleManager: Shutting down and abandoning module Landscape (26)
[2020.04.04-17.25.15:058][970]LogModuleManager: Shutting down and abandoning module SlateRHIRenderer (24)
[2020.04.04-17.25.15:060][970]LogModuleManager: Shutting down and abandoning module OpenGLDrv (22)
[2020.04.04-17.25.15:060][970]LogModuleManager: Shutting down and abandoning module D3D11RHI (20)
[2020.04.04-17.25.15:060][970]LogModuleManager: Shutting down and abandoning module AnimGraphRuntime (18)
[2020.04.04-17.25.15:060][970]LogModuleManager: Shutting down and abandoning module Renderer (16)
[2020.04.04-17.25.15:060][970]LogModuleManager: Shutting down and abandoning module Engine (14)
[2020.04.04-17.25.15:060][970]LogModuleManager: Shutting down and abandoning module CoreUObject (12)
[2020.04.04-17.25.15:060][970]LogModuleManager: Shutting down and abandoning module NetworkFile (10)
[2020.04.04-17.25.15:060][970]LogModuleManager: Shutting down and abandoning module CookedIterativeFile (8)
[2020.04.04-17.25.15:060][970]LogModuleManager: Shutting down and abandoning module StreamingFile (6)
[2020.04.04-17.25.15:060][970]LogModuleManager: Shutting down and abandoning module SandboxFile (4)
[2020.04.04-17.25.15:060][970]LogModuleManager: Shutting down and abandoning module PakFile (2)
[2020.04.04-17.25.15:087][970]LogExit: Exiting.
[2020.04.04-17.25.15:126][970]Log file closed, 04/04/20 13:25:15
