Log file open, 04/13/20 14:50:34
LogWindows: Failed to load 'aqProf.dll' (GetLastError=126)
LogWindows: File 'aqProf.dll' does not exist
LogWindows: Failed to load 'VSPerf140.dll' (GetLastError=126)
LogWindows: File 'VSPerf140.dll' does not exist
LogWindows: Failed to load 'VtuneApi.dll' (GetLastError=126)
LogWindows: File 'VtuneApi.dll' does not exist
LogWindows: Failed to load 'VtuneApi32e.dll' (GetLastError=126)
LogWindows: File 'VtuneApi32e.dll' does not exist
LogInit: Display: Running engine for game: PortInvadeProject
LogPlatformFile: Not using cached read wrapper
LogTaskGraph: Started task graph with 5 named threads and 23 total threads with 3 sets of task threads.
LogStats: Stats thread started at 0.290172
LogD3D11RHI: Loaded GFSDK_Aftermath_Lib.x64.dll
LogICUInternationalization: Display: ICU TimeZone Detection - Raw Offset: -5:00, Platform Override: ''
LogPluginManager: Mounting plugin Paper2D
LogPluginManager: Mounting plugin AISupport
LogPluginManager: Mounting plugin LightPropagationVolume
LogPluginManager: Mounting plugin CLionSourceCodeAccess
LogPluginManager: Mounting plugin CodeLiteSourceCodeAccess
LogPluginManager: Mounting plugin GitSourceControl
LogPluginManager: Mounting plugin KDevelopSourceCodeAccess
LogPluginManager: Mounting plugin NullSourceCodeAccess
LogPluginManager: Mounting plugin PerforceSourceControl
LogPluginManager: Mounting plugin SubversionSourceControl
LogPluginManager: Mounting plugin UObjectPlugin
LogPluginManager: Mounting plugin VisualStudioCodeSourceCodeAccess
LogPluginManager: Mounting plugin VisualStudioSourceCodeAccess
LogPluginManager: Mounting plugin XCodeSourceCodeAccess
LogPluginManager: Mounting plugin AssetManagerEditor
LogPluginManager: Mounting plugin CryptoKeys
LogPluginManager: Mounting plugin DataValidation
LogPluginManager: Mounting plugin FacialAnimation
LogPluginManager: Mounting plugin GameplayTagsEditor
LogPluginManager: Mounting plugin MacGraphicsSwitching
LogPluginManager: Mounting plugin MeshEditor
LogPluginManager: Mounting plugin MobileLauncherProfileWizard
LogPluginManager: Mounting plugin PluginBrowser
LogPluginManager: Mounting plugin SpeedTreeImporter
LogPluginManager: Mounting plugin DatasmithContent
LogPluginManager: Mounting plugin AlembicImporter
LogPluginManager: Mounting plugin AppleImageUtils
LogPluginManager: Mounting plugin AppleVision
LogPluginManager: Mounting plugin BackChannel
LogPluginManager: Mounting plugin CharacterAI
LogPluginManager: Mounting plugin GeometryCache
LogPluginManager: Mounting plugin HTML5Networking
LogPluginManager: Mounting plugin ProxyLODPlugin
LogPluginManager: Mounting plugin MagicLeap
LogPluginManager: Mounting plugin MagicLeapEmulator
LogPluginManager: Mounting plugin MagicLeapMedia
LogPluginManager: Mounting plugin AndroidMedia
LogPluginManager: Mounting plugin AvfMedia
LogPluginManager: Mounting plugin ImgMedia
LogPluginManager: Mounting plugin LinearTimecode
LogPluginManager: Mounting plugin MediaCompositing
LogPluginManager: Mounting plugin MediaPlayerEditor
LogPluginManager: Mounting plugin WmfMedia
LogPluginManager: Mounting plugin TcpMessaging
LogPluginManager: Mounting plugin UdpMessaging
LogPluginManager: Mounting plugin ActorSequence
LogPluginManager: Mounting plugin LevelSequenceEditor
LogPluginManager: Mounting plugin MatineeToLevelSequence
LogPluginManager: Mounting plugin NetcodeUnitTest
LogPluginManager: Mounting plugin NUTUnrealEngine4
LogPluginManager: Mounting plugin OnlineSubsystemGooglePlay
LogPluginManager: Mounting plugin OnlineSubsystemIOS
LogPluginManager: Mounting plugin OnlineSubsystem
LogPluginManager: Mounting plugin OnlineSubsystemNull
LogPluginManager: Mounting plugin OnlineSubsystemUtils
LogPluginManager: Mounting plugin LauncherChunkInstaller
LogPluginManager: Mounting plugin AndroidDeviceProfileSelector
LogPluginManager: Mounting plugin AndroidMoviePlayer
LogPluginManager: Mounting plugin AndroidPermission
LogPluginManager: Mounting plugin AppleMoviePlayer
LogPluginManager: Mounting plugin ArchVisCharacter
LogPluginManager: Mounting plugin AudioCapture
LogPluginManager: Mounting plugin CableComponent
LogPluginManager: Mounting plugin CustomMeshComponent
LogPluginManager: Mounting plugin EditableMesh
LogPluginManager: Mounting plugin ExampleDeviceProfileSelector
LogPluginManager: Mounting plugin GoogleCloudMessaging
LogPluginManager: Mounting plugin ImmediatePhysics
LogPluginManager: Mounting plugin IOSDeviceProfileSelector
LogPluginManager: Mounting plugin LinuxDeviceProfileSelector
LogPluginManager: Mounting plugin LocationServicesBPLibrary
LogPluginManager: Mounting plugin MobilePatchingUtils
LogPluginManager: Mounting plugin OculusVR
LogPluginManager: Plugin shader directory ../../../Engine/Plugins/Runtime/Oculus/OculusVR/Shaders found
LogPluginManager: Mapping shader source directory ../../../Engine/Plugins/Runtime/Oculus/OculusVR/Shaders to virtual directory /Plugin/OculusVR
LogPluginManager: Mounting plugin PhysXVehicles
LogPluginManager: Mounting plugin ProceduralMeshComponent
LogPluginManager: Mounting plugin RuntimePhysXCooking
LogPluginManager: Mounting plugin SteamVR
LogPluginManager: Mounting plugin WindowsMoviePlayer
LogStreaming: Display: Took  0.272s to configure plugins.
LogInit: Using libcurl 7.55.1-DEV
LogInit:  - built for x86_64-pc-win32
LogInit:  - supports SSL with OpenSSL/1.0.2h
LogInit:  - supports HTTP deflate (compression) using libz 1.2.8
LogInit:  - other features:
LogInit:      CURL_VERSION_SSL
LogInit:      CURL_VERSION_LIBZ
LogInit:      CURL_VERSION_IPV6
LogInit:      CURL_VERSION_ASYNCHDNS
LogInit:      CURL_VERSION_LARGEFILE
LogInit:      CURL_VERSION_IDN
LogInit:  CurlRequestOptions (configurable via config and command line):
LogInit:  - bVerifyPeer = false  - Libcurl will NOT verify peer certificate
LogInit:  - bUseHttpProxy = false  - Libcurl will NOT use HTTP proxy
LogInit:  - bDontReuseConnections = false  - Libcurl will reuse connections
LogInit:  - CertBundlePath = nullptr  - Libcurl will use whatever was configured at build time.
LogInit:  - MaxHostConnections = 16  - Libcurl will limit the number of connections to a host
LogInit:  - LocalHostAddr = Default
LogInit:  - BufferSize = 65536
LogInit: WinSock: version 1.1 (2.2), MaxSocks=32767, MaxUdp=65467
LogInit: Build: ++UE4+Release-4.20-CL-4369336
LogInit: Engine Version: 4.20.3-4369336+++UE4+Release-4.20
LogInit: Compatible Engine Version: 4.20.0-4212847+++UE4+Release-4.20
LogInit: Net CL: 4212847
LogInit: OS: Windows 10 (), CPU: Intel(R) Core(TM) i7-7700HQ CPU @ 2.80GHz, GPU: Intel(R) HD Graphics 630
LogInit: Compiled (64-bit): Sep 17 2018 12:26:19
LogInit: Compiled with Visual C++: 19.13.26129.00
LogInit: Build Configuration: Development
LogInit: Branch Name: ++UE4+Release-4.20
LogInit: Command Line: 
LogInit: Base Directory: D:/Program Files/Unreal/Engine/UE_4.20/Engine/Binaries/Win64/
LogInit: Installed Engine Build: 1
LogDevObjectVersion: Number of dev versions registered: 20
LogDevObjectVersion:   Dev-Blueprints (B0D832E4-1F89-4F0D-ACCF-7EB736FD4AA2): 10
LogDevObjectVersion:   Dev-Build (E1C64328-A22C-4D53-A36C-8E866417BD8C): 0
LogDevObjectVersion:   Dev-Core (375EC13C-06E4-48FB-B500-84F0262A717E): 2
LogDevObjectVersion:   Dev-Editor (E4B068ED-F494-42E9-A231-DA0B2E46BB41): 24
LogDevObjectVersion:   Dev-Framework (CFFC743F-43B0-4480-9391-14DF171D2073): 34
LogDevObjectVersion:   Dev-Mobile (B02B49B5-BB20-44E9-A304-32B752E40360): 2
LogDevObjectVersion:   Dev-Networking (A4E4105C-59A1-49B5-A7C5-40C4547EDFEE): 0
LogDevObjectVersion:   Dev-Online (39C831C9-5AE6-47DC-9A44-9C173E1C8E7C): 0
LogDevObjectVersion:   Dev-Physics (78F01B33-EBEA-4F98-B9B4-84EACCB95AA2): 0
LogDevObjectVersion:   Dev-Platform (6631380F-2D4D-43E0-8009-CF276956A95A): 0
LogDevObjectVersion:   Dev-Rendering (12F88B9F-8875-4AFC-A67C-D90C383ABD29): 26
LogDevObjectVersion:   Dev-Sequencer (7B5AE74C-D270-4C10-A958-57980B212A5A): 9
LogDevObjectVersion:   Dev-VR (D7296918-1DD6-4BDD-9DE2-64A83CC13884): 2
LogDevObjectVersion:   Dev-LoadTimes (C2A15278-BFE7-4AFE-6C17-90FF531DF755): 1
LogDevObjectVersion:   Private-Geometry (6EACA3D4-40EC-4CC1-B786-8BED09428FC5): 3
LogDevObjectVersion:   Dev-AnimPhys (29E575DD-E0A3-4627-9D10-D276232CDCEA): 17
LogDevObjectVersion:   Dev-ReflectionCapture (6B266CEC-1EC7-4B8F-A30B-E4D90942FC07): 1
LogDevObjectVersion:   Dev-Automation (0DF73D61-A23F-47EA-B727-89E90C41499A): 1
LogDevObjectVersion:   FortniteMain (601D1886-AC64-4F84-AA16-D3DE0DEAC7D6): 12
LogDevObjectVersion:   Dev-Enterprise (9DFFBCD6-494F-0158-E221-12823C92A888): 1
LogStreaming: Display: Took  0.001s to delete old logs.
LogInit: Presizing for max 8388607 objects, including 0 objects not considered by GC, pre-allocating 0 bytes for permanent pool.
LogInit: Object subsystem initialized
[2020.04.13-18.50.34:788][  0]LogInit: Selected Device Profile: [Windows]
[2020.04.13-18.50.34:788][  0]LogInit: Applying CVar settings loaded from the selected device profile: [Windows]
[2020.04.13-18.50.34:819][  0]LogHAL: Display: Platform has ~ 16 GB [17061810176 / 17179869184 / 16], which maps to Larger [LargestMinGB=32, LargerMinGB=12, DefaultMinGB=8, SmallerMinGB=6, SmallestMinGB=0)
[2020.04.13-18.50.34:819][  0]LogInit: Setting Device Profile CVar: [[r.Vulkan.UseRealUBs:1]]
[2020.04.13-18.50.34:819][  0]LogInit: Going up to parent DeviceProfile []
[2020.04.13-18.50.34:821][  0]LogInit: Computer: MSI
[2020.04.13-18.50.34:821][  0]LogInit: User: DaultonNelson
[2020.04.13-18.50.34:821][  0]LogInit: CPU Page size=4096, Cores=4
[2020.04.13-18.50.34:821][  0]LogInit: High frequency timer resolution =10.000000 MHz
[2020.04.13-18.50.34:822][  0]LogMemory: Memory total: Physical=15.9GB (16GB approx)
[2020.04.13-18.50.34:822][  0]LogMemory: Platform Memory Stats for Windows
[2020.04.13-18.50.34:822][  0]LogMemory: Process Physical Memory: 102.19 MB used, 102.20 MB peak
[2020.04.13-18.50.34:822][  0]LogMemory: Process Virtual Memory: 89.37 MB used, 89.37 MB peak
[2020.04.13-18.50.34:822][  0]LogMemory: Physical Memory: 7012.34 MB used,  9259.07 MB free, 16271.41 MB total
[2020.04.13-18.50.34:822][  0]LogMemory: Virtual Memory: 4612.59 MB used,  9259.07 MB free, 134217728.00 MB total
[2020.04.13-18.50.36:480][  0]LogInit: Using OS detected language (en-US).
[2020.04.13-18.50.36:480][  0]LogInit: Using OS detected locale (en-US).
[2020.04.13-18.50.36:483][  0]LogTextLocalizationManager: No specific localization for 'en-US' exists, so the 'en' localization will be used.
[2020.04.13-18.50.37:096][  0]LogStreaming: Display: Took  0.617s to InitEngineTextLocalization.
[2020.04.13-18.50.37:097][  0]LogInit: Setting process to per monitor DPI aware
[2020.04.13-18.50.37:164][  0]LogSlate: New Slate User Created.  User Index 0, Is Virtual User: 0
[2020.04.13-18.50.37:164][  0]LogSlate: Slate User Registered.  User Index 0, Is Virtual User: 0
[2020.04.13-18.50.37:487][  0]LogHMD: Failed to initialize OpenVR with code 110
[2020.04.13-18.50.37:487][  0]LogD3D11RHI: D3D11 adapters:
[2020.04.13-18.50.37:639][  0]LogD3D11RHI:    0. 'NVIDIA GeForce GTX 1060' (Feature Level 11_0)
[2020.04.13-18.50.37:640][  0]LogD3D11RHI:       6052/0/8135 MB DedicatedVideo/DedicatedSystem/SharedSystem, Outputs:1, VendorId:0x10de
[2020.04.13-18.50.37:677][  0]LogD3D11RHI:    1. 'Intel(R) HD Graphics 630' (Feature Level 11_0)
[2020.04.13-18.50.37:677][  0]LogD3D11RHI:       128/0/8135 MB DedicatedVideo/DedicatedSystem/SharedSystem, Outputs:0, VendorId:0x8086
[2020.04.13-18.50.37:683][  0]LogD3D11RHI:    2. 'Microsoft Basic Render Driver' (Feature Level 11_0)
[2020.04.13-18.50.37:683][  0]LogD3D11RHI:       0/0/8135 MB DedicatedVideo/DedicatedSystem/SharedSystem, Outputs:0, VendorId:0x1414
[2020.04.13-18.50.37:683][  0]LogD3D11RHI: Chosen D3D11 Adapter: 0
[2020.04.13-18.50.37:769][  0]LogD3D11RHI: Creating new Direct3DDevice
[2020.04.13-18.50.37:769][  0]LogD3D11RHI:     GPU DeviceId: 0x1c20 (for the marketing name, search the web for "GPU Device Id")
[2020.04.13-18.50.37:769][  0]LogWindows: EnumDisplayDevices:
[2020.04.13-18.50.37:769][  0]LogWindows:    0. 'Intel(R) HD Graphics 630' (P:1 D:1)
[2020.04.13-18.50.37:770][  0]LogWindows:    1. 'Intel(R) HD Graphics 630' (P:0 D:0)
[2020.04.13-18.50.37:770][  0]LogWindows:    2. 'Intel(R) HD Graphics 630' (P:0 D:0)
[2020.04.13-18.50.37:771][  0]LogWindows:    3. 'NVIDIA GeForce GTX 1060' (P:0 D:0)
[2020.04.13-18.50.37:771][  0]LogWindows:    4. 'NVIDIA GeForce GTX 1060' (P:0 D:0)
[2020.04.13-18.50.37:772][  0]LogWindows:    5. 'NVIDIA GeForce GTX 1060' (P:0 D:0)
[2020.04.13-18.50.37:772][  0]LogWindows:    6. 'NVIDIA GeForce GTX 1060' (P:0 D:0)
[2020.04.13-18.50.37:772][  0]LogWindows: DebugString: PrimaryIsNotTheChoosenAdapter PrimaryIsNotTheChoosenAdapter PrimaryIsNotTheChoosenAdapter FoundDriverCount:4 
[2020.04.13-18.50.37:772][  0]LogD3D11RHI:     Adapter Name: NVIDIA GeForce GTX 1060
[2020.04.13-18.50.37:772][  0]LogD3D11RHI:   Driver Version: 445.75 (internal:26.21.14.4575, unified:445.75)
[2020.04.13-18.50.37:773][  0]LogD3D11RHI:      Driver Date: 3-17-2020
[2020.04.13-18.50.37:773][  0]LogRHI: Texture pool is 4236 MB (70% of 6052 MB)
[2020.04.13-18.50.37:834][  0]LogD3D11RHI: Async texture creation enabled
[2020.04.13-18.50.37:848][  0]LogD3D11RHI: GPU Timing Frequency: 1000.000000 (Debug: 2 1)
[2020.04.13-18.50.37:851][  0]LogShaderCompilers: Guid format shader working directory is -43 characters bigger than the processId version (../../../../../../../Side Projects/Unreal Portfolio Invaders/PortfolioInvaders/PortInvadeProject/Intermediate/Shaders/WorkingDirectory/14928/).
[2020.04.13-18.50.37:851][  0]LogShaderCompilers: Cleaned the shader compiler working directory 'C:/Users/DaultonNelson/AppData/Local/Temp/UnrealShaderWorkingDir/C2EB60AF4B47AC97B6B16CB70D42F8F0/'.
[2020.04.13-18.50.38:500][  0]LogTemp: Display: Loaded TP AllDesktopTargetPlatform
[2020.04.13-18.50.38:542][  0]LogTemp: Display: Loaded TP MacClientTargetPlatform
[2020.04.13-18.50.38:566][  0]LogTemp: Display: Loaded TP MacNoEditorTargetPlatform
[2020.04.13-18.50.38:588][  0]LogTemp: Display: Loaded TP MacServerTargetPlatform
[2020.04.13-18.50.38:611][  0]LogTemp: Display: Loaded TP MacTargetPlatform
[2020.04.13-18.50.38:632][  0]LogTemp: Display: Loaded TP WindowsClientTargetPlatform
[2020.04.13-18.50.38:665][  0]LogTemp: Display: Loaded TP WindowsNoEditorTargetPlatform
[2020.04.13-18.50.38:686][  0]LogTemp: Display: Loaded TP WindowsServerTargetPlatform
[2020.04.13-18.50.38:695][  0]LogTemp: Display: Loaded TP WindowsTargetPlatform
[2020.04.13-18.50.38:801][  0]LogTemp: Display: Loaded TP AndroidTargetPlatform
[2020.04.13-18.50.38:801][  0]LogTemp: Display: Loaded TP AndroidTargetPlatform
[2020.04.13-18.50.38:801][  0]LogTemp: Display: Loaded TP AndroidTargetPlatform
[2020.04.13-18.50.38:801][  0]LogTemp: Display: Loaded TP AndroidTargetPlatform
[2020.04.13-18.50.38:801][  0]LogTemp: Display: Loaded TP AndroidTargetPlatform
[2020.04.13-18.50.38:801][  0]LogTemp: Display: Loaded TP AndroidTargetPlatform
[2020.04.13-18.50.38:801][  0]LogTemp: Display: Loaded TP AndroidTargetPlatform
[2020.04.13-18.50.38:801][  0]LogTemp: Display: Loaded TP AndroidTargetPlatform
[2020.04.13-18.50.38:801][  0]LogTemp: Display: Loaded TP AndroidTargetPlatform
[2020.04.13-18.50.38:801][  0]LogTemp: Display: Loaded TP AndroidTargetPlatform
[2020.04.13-18.50.38:801][  0]LogTemp: Display: Loaded TP AndroidTargetPlatform
[2020.04.13-18.50.38:801][  0]LogTemp: Display: Loaded TP AndroidTargetPlatform
[2020.04.13-18.50.38:801][  0]LogTemp: Display: Loaded TP AndroidTargetPlatform
[2020.04.13-18.50.38:801][  0]LogTemp: Display: Loaded TP AndroidTargetPlatform
[2020.04.13-18.50.38:801][  0]LogTemp: Display: Loaded TP AndroidTargetPlatform
[2020.04.13-18.50.38:801][  0]LogTemp: Display: Loaded TP AndroidTargetPlatform
[2020.04.13-18.50.38:801][  0]LogTemp: Display: Loaded TP AndroidTargetPlatform
[2020.04.13-18.50.38:801][  0]LogTemp: Display: Loaded TP AndroidTargetPlatform
[2020.04.13-18.50.38:805][  0]LogTemp: Display: Loaded TP HTML5TargetPlatform
[2020.04.13-18.50.38:912][  0]LogTemp: Display: Loaded TP IOSTargetPlatform
[2020.04.13-18.50.38:912][  0]LogTemp: Display: Loaded TP IOSTargetPlatform
[2020.04.13-18.50.38:958][  0]LogTemp: Display: Loaded TP TVOSTargetPlatform
[2020.04.13-18.50.38:958][  0]LogTemp: Display: Loaded TP TVOSTargetPlatform
[2020.04.13-18.50.38:976][  0]LogTemp: Display: Loaded TP LinuxClientTargetPlatform
[2020.04.13-18.50.38:990][  0]LogTemp: Display: Loaded TP LinuxNoEditorTargetPlatform
[2020.04.13-18.50.39:006][  0]LogTemp: Display: Loaded TP LinuxServerTargetPlatform
[2020.04.13-18.50.39:026][  0]LogTemp: Display: Loaded TP LinuxTargetPlatform
[2020.04.13-18.50.39:035][  0]LogTemp: Display: Loaded TP LuminTargetPlatform
[2020.04.13-18.50.39:035][  0]LogTargetPlatformManager: Display: Building Assets For Windows
[2020.04.13-18.50.39:101][  0]LogXGEController: Cleaning working directory: C:/Users/DaultonNelson/AppData/Local/Temp/UnrealXGEWorkingDir/
[2020.04.13-18.50.39:102][  0]LogXGEController: Cannot use XGE Controller as Incredibuild is not installed on this machine.
[2020.04.13-18.50.39:102][  0]LogShaderCompilers: Cannot use XGE Shader Compiler as Incredibuild is not installed on this machine.
[2020.04.13-18.50.39:103][  0]LogShaderCompilers: Display: Using Local Shader Compiler.
[2020.04.13-18.50.39:992][  0]LogDerivedDataCache: Display: Max Cache Size: 512 MB
[2020.04.13-18.50.40:076][  0]LogDerivedDataCache: Loaded boot cache 0.08s 71MB C:/Users/DaultonNelson/AppData/Local/UnrealEngine/4.20/DerivedDataCache/Boot.ddc.
[2020.04.13-18.50.40:077][  0]LogDerivedDataCache: Display: Loaded Boot cache: C:/Users/DaultonNelson/AppData/Local/UnrealEngine/4.20/DerivedDataCache/Boot.ddc
[2020.04.13-18.50.40:077][  0]LogDerivedDataCache: FDerivedDataBackendGraph:  Pak pak cache file ../../../../../../../Side Projects/Unreal Portfolio Invaders/PortfolioInvaders/PortInvadeProject/DerivedDataCache/DDC.ddp not found, will not use a pak cache.
[2020.04.13-18.50.40:077][  0]LogDerivedDataCache: Unable to find inner node Pak for hierarchical cache Hierarchy.
[2020.04.13-18.50.40:077][  0]LogDerivedDataCache: FDerivedDataBackendGraph:  CompressedPak pak cache file ../../../../../../../Side Projects/Unreal Portfolio Invaders/PortfolioInvaders/PortInvadeProject/DerivedDataCache/Compressed.ddp not found, will not use a pak cache.
[2020.04.13-18.50.40:077][  0]LogDerivedDataCache: Unable to find inner node CompressedPak for hierarchical cache Hierarchy.
[2020.04.13-18.50.40:103][  0]LogDerivedDataCache: Display: Pak cache opened for reading ../../../Engine/DerivedDataCache/Compressed.ddp.
[2020.04.13-18.50.40:117][  0]LogDerivedDataCache: Using Local data cache path C:/Users/DaultonNelson/AppData/Local/UnrealEngine/Common/DerivedDataCache: Writable
[2020.04.13-18.50.40:117][  0]LogDerivedDataCache: Shared data cache path not found in *engine.ini, will not use an Shared cache.
[2020.04.13-18.50.40:117][  0]LogDerivedDataCache: Unable to find inner node Shared for hierarchical cache Hierarchy.
[2020.04.13-18.50.40:141][  0]LogMaterial: Verifying Global Shaders for PCD3D_SM5
[2020.04.13-18.50.40:146][  0]LogSlate: Using FreeType 2.6.0
[2020.04.13-18.50.40:149][  0]LogSlate: SlateFontServices - WITH_FREETYPE: 1, WITH_HARFBUZZ: 1
[2020.04.13-18.50.40:303][  0]LogAssetRegistry: FAssetRegistry took 0.0286 seconds to start up
[2020.04.13-18.50.40:687][  0]LogInit: Selected Device Profile: [Windows]
[2020.04.13-18.50.40:854][  0]LogSimplygon: Simplygon DLL not present - disabling.
[2020.04.13-18.50.40:857][  0]LogMeshReduction: Using SimplygonSwarm for distributed automatic mesh merging
[2020.04.13-18.50.40:857][  0]LogMeshReduction: Using ProxyLODMeshReduction for automatic mesh merging
[2020.04.13-18.50.40:857][  0]LogMeshReduction: Using QuadricMeshReduction for automatic static mesh reduction
[2020.04.13-18.50.40:857][  0]LogMeshReduction: No automatic skeletal mesh reduction module available
[2020.04.13-18.50.40:874][  0]LogNetVersion: PortInvadeProject 1.0.0, NetCL: 4212847, EngineNetVer: 5, GameNetVer: 0 (Checksum: 2198381219)
[2020.04.13-18.50.41:678][  0]LogPackageLocalizationCache: Processed 11 localized package path(s) for 2 prioritized culture(s) in 0.084048 seconds
[2020.04.13-18.50.41:685][  0]LogUObjectArray: 38425 objects as part of root set at end of initial load.
[2020.04.13-18.50.41:685][  0]LogUObjectAllocator: 6690864 out of 0 bytes used by permanent object pool.
[2020.04.13-18.50.41:685][  0]LogUObjectArray: CloseDisregardForGC: 0/0 objects in disregard for GC pool
[2020.04.13-18.50.42:993][  0]LogTcpMessaging: Initializing TcpMessaging bridge
[2020.04.13-18.50.43:008][  0]LogUdpMessaging: Initializing bridge on interface 0.0.0.0:0 to multicast group 230.0.0.1:6666.
[2020.04.13-18.50.43:311][  0]SourceControl: Source control is disabled
[2020.04.13-18.50.43:312][  0]SourceControl: Source control is disabled
[2020.04.13-18.50.43:314][  0]SourceControl: Source control is disabled
[2020.04.13-18.50.43:315][  0]SourceControl: Source control is disabled
[2020.04.13-18.50.43:527][  0]LogAndroidPermission: UAndroidPermissionCallbackProxy::GetInstance
[2020.04.13-18.50.44:128][  0]LogOcInput: OculusInput pre-init called
[2020.04.13-18.50.44:287][  0]LogEngine: Initializing Engine...
[2020.04.13-18.50.44:289][  0]LogHMD: Failed to initialize OpenVR with code 110
[2020.04.13-18.50.44:291][  0]LogStats: UGameplayTagsManager::ConstructGameplayTagTree: ImportINI prefixes -  0.000 s
[2020.04.13-18.50.44:291][  0]LogStats: UGameplayTagsManager::ConstructGameplayTagTree: Construct from data asset -  0.000 s
[2020.04.13-18.50.44:292][  0]LogStats: UGameplayTagsManager::ConstructGameplayTagTree: ImportINI -  0.000 s
[2020.04.13-18.50.44:292][  0]LogStats: UGameplayTagsManager::ConstructGameplayTagTree: GameplayTagTreeChangedEvent.Broadcast -  0.000 s
[2020.04.13-18.50.44:572][  0]LogInit: Initializing FReadOnlyCVARCache
[2020.04.13-18.50.44:587][  0]LogAIModule: Creating AISystem for world Untitled
[2020.04.13-18.50.44:780][  0]LogInit: XAudio2 using 'HeadPhone/Digital Output (Realtek High Definition Audio)' : 6 channels at 48 kHz using 32 bits per sample (channel mask 0x3f)
[2020.04.13-18.50.45:132][  0]LogInit: FAudioDevice initialized.
[2020.04.13-18.50.45:133][  0]LogNetVersion: Set ProjectVersion to 1.0.0.0. Version Checksum will be recalculated on next use.
[2020.04.13-18.50.45:265][  0]LogDerivedDataCache: Saved boot cache 0.13s 71MB C:/Users/DaultonNelson/AppData/Local/UnrealEngine/4.20/DerivedDataCache/Boot.ddc.
[2020.04.13-18.50.45:270][  0]LogInit: Texture streaming: Enabled
[2020.04.13-18.50.45:304][  0]LogEngineSessionManager: EngineSessionManager initialized
[2020.04.13-18.50.45:304][  0]LogEngineSessionManager: EngineSessionManager sent abnormal shutdown report. Type=Crashed, SessionId={C19E211E-49C1-67DE-97EB-088FCD0AA752}
[2020.04.13-18.50.45:328][  0]LogInit: Transaction tracking system initialized
[2020.04.13-18.50.45:401][  0]BlueprintLog: New page: Editor Load
[2020.04.13-18.50.45:583][  0]LocalizationService: Localization service is disabled
[2020.04.13-18.50.46:075][  0]LogCook: Display: Max memory allowance for cook 16384mb min free memory 0mb
[2020.04.13-18.50.46:075][  0]LogCook: Display: Mobile HDR setting 1
[2020.04.13-18.50.46:075][  0]LogGameplayTags: Display: UGameplayTagsManager::DoneAddingNativeTags. DelegateIsBound: 0
[2020.04.13-18.50.46:076][  0]LogStats: UGameplayTagsManager::ConstructGameplayTagTree: ImportINI prefixes -  0.000 s
[2020.04.13-18.50.46:076][  0]LogStats: UGameplayTagsManager::ConstructGameplayTagTree: Construct from data asset -  0.000 s
[2020.04.13-18.50.46:076][  0]LogStats: UGameplayTagsManager::ConstructGameplayTagTree: ImportINI -  0.000 s
[2020.04.13-18.50.46:076][  0]LogStats: UGameplayTagsManager::ConstructGameplayTagTree: GameplayTagTreeChangedEvent.Broadcast -  0.000 s
[2020.04.13-18.50.46:260][  0]LogFileCache: Scanning file cache for directory 'D:/Side Projects/Unreal Portfolio Invaders/PortfolioInvaders/PortInvadeProject/Content/' took 0.02s
[2020.04.13-18.50.46:260][  0]SourceControl: Source control is disabled
[2020.04.13-18.50.46:261][  0]LightingResults: New page: Lighting Build
[2020.04.13-18.50.46:265][  0]MapCheck: New page: Map Check
[2020.04.13-18.50.46:265][  0]LightingResults: New page: Lighting Build
[2020.04.13-18.50.46:770][  0]LogAIModule: Creating AISystem for world Minimal_Default
[2020.04.13-18.50.46:785][  0]LogEditorServer: Finished looking for orphan Actors (0.000 secs)
[2020.04.13-18.50.46:846][  0]Cmd: MAP CHECKDEP NOCLEARLOG
[2020.04.13-18.50.46:957][  0]MapCheck: Map check complete: 0 Error(s), 0 Warning(s), took 110.701ms to complete.
[2020.04.13-18.50.46:957][  0]LogFileHelpers: Loading map 'Minimal_Default' took 0.696
[2020.04.13-18.50.47:251][  0]LogSlate: Updating window title bar state: overlay mode, drag disabled, window buttons hidden, title bar hidden
[2020.04.13-18.50.47:267][  0]LogSlate: Updating window title bar state: overlay mode, drag disabled, window buttons hidden, title bar hidden
[2020.04.13-18.50.47:285][  0]LogSlate: Updating window title bar state: overlay mode, drag disabled, window buttons hidden, title bar hidden
[2020.04.13-18.50.47:307][  0]LogSlate: Updating window title bar state: overlay mode, drag disabled, window buttons hidden, title bar hidden
[2020.04.13-18.50.47:316][  0]LogCollectionManager: Loaded 0 collections in 0.002249 seconds
[2020.04.13-18.50.47:360][  0]LogFileCache: Scanning file cache for directory 'D:/Side Projects/Unreal Portfolio Invaders/PortfolioInvaders/PortInvadeProject/Saved/Collections/' took 0.01s
[2020.04.13-18.50.47:360][  0]LogFileCache: Scanning file cache for directory 'D:/Side Projects/Unreal Portfolio Invaders/PortfolioInvaders/PortInvadeProject/Content/Developers/DaultonNelson/Collections/' took 0.01s
[2020.04.13-18.50.47:360][  0]LogFileCache: Scanning file cache for directory 'D:/Side Projects/Unreal Portfolio Invaders/PortfolioInvaders/PortInvadeProject/Content/Collections/' took 0.01s
[2020.04.13-18.50.47:360][  0]LogCollectionManager: Rebuilt the GUID cache for 0 collections in 0.000000 seconds
[2020.04.13-18.50.47:381][  0]LogContentBrowser: Native class hierarchy populated in 0.0203 seconds. Added 2572 classes and 603 folders.
[2020.04.13-18.50.47:392][  0]LogContentBrowser: Native class hierarchy updated for 'WidgetCarousel' in 0.0006 seconds. Added 0 classes and 0 folders.
[2020.04.13-18.50.47:457][  0]LogContentBrowser: Native class hierarchy updated for 'AddContentDialog' in 0.0002 seconds. Added 0 classes and 0 folders.
[2020.04.13-18.50.47:461][  0]LogContentBrowser: Native class hierarchy updated for 'SceneOutliner' in 0.0003 seconds. Added 1 classes and 2 folders.
[2020.04.13-18.50.48:492][  0]LogSlate: Only BGRA pngs, bmps or icos are supported in by External Image Picker
[2020.04.13-18.50.48:563][  0]LogSlate: Took 0.000228 seconds to synchronously load lazily loaded font '../../../Engine/Content/Slate/Fonts/Roboto-Regular.ttf' (155K)
[2020.04.13-18.50.48:566][  0]LogSlate: Took 0.000250 seconds to synchronously load lazily loaded font '../../../Engine/Content/Slate/Fonts/Roboto-Bold.ttf' (160K)
[2020.04.13-18.50.48:574][  0]LogSlate: Took 0.000341 seconds to synchronously load lazily loaded font '../../../Engine/Content/Editor/Slate/Fonts/FontAwesome.ttf' (139K)
[2020.04.13-18.50.48:654][  0]LogRenderer: Reallocating scene render targets to support 860x436 Format 10 NumSamples 1 (Frame:1).
[2020.04.13-18.50.48:784][  0]LogTemp: Executing iPhonePackager certificates Engine -bundlename com.YourCompany.PortInvadeProject
[2020.04.13-18.50.48:784][  0]LogTemp: CWD: D:\Program Files\Unreal\Engine\UE_4.20\Engine\Binaries\DotNET\IOS
[2020.04.13-18.50.48:784][  0]LogTemp: Initial Dir: D:\Program Files\Unreal\Engine\UE_4.20
[2020.04.13-18.50.48:784][  0]LogTemp: Env CWD: D:\Program Files\Unreal\Engine\UE_4.20\Engine\Binaries\DotNET\IOS
[2020.04.13-18.50.48:784][  0]LogTemp: BranchPath = MSI/D/Program Files/Unreal/Engine/UE_4.20/Engine/Binaries --- GameBranchPath = MSI/D/Program Files/Unreal/Engine/UE_4.20/Engine/Binaries
[2020.04.13-18.50.48:784][  0]LogTemp: IPP ERROR: Could not find provision directory 'C:\Users\DaultonNelson\AppData\Local/Apple Computer/MobileDevice/Provisioning Profiles/'.
[2020.04.13-18.50.48:799][  0]LogContentBrowser: Native class hierarchy updated for 'HierarchicalLODOutliner' in 0.0002 seconds. Added 0 classes and 0 folders.
[2020.04.13-18.50.48:799][  0]LogLoad: (Engine Initialization) Total time: 16.47 seconds
[2020.04.13-18.50.48:799][  0]LogLoad: (Engine Initialization) Total Blueprint compile time: 0.00 seconds
[2020.04.13-18.50.48:837][  0]LogContentStreaming: Texture pool size now 1000 MB
[2020.04.13-18.50.48:867][  0]LogSlate: Took 0.000193 seconds to synchronously load lazily loaded font '../../../Engine/Content/Slate/Fonts/Roboto-Light.ttf' (167K)
[2020.04.13-18.50.48:937][  1]LogAssetRegistry: Asset discovery search completed in 8.6577 seconds
[2020.04.13-18.50.48:938][  1]LogCollectionManager: Rebuilt the object cache for 0 collections in 0.000000 seconds (found 0 objects)
[2020.04.13-18.50.48:938][  1]LogCollectionManager: Fixed up redirectors for 0 collections in 0.000058 seconds (updated 0 objects)
[2020.04.13-18.50.49:899][ 28]LogSlate: Took 0.000376 seconds to synchronously load lazily loaded font '../../../Engine/Content/Slate/Fonts/Roboto-Light.ttf' (167K)
[2020.04.13-18.50.51:987][ 89]LogSlate: FSceneViewport::OnFocusLost() reason 0
[2020.04.13-18.50.52:173][ 93]LogAssetEditorManager: Opening Asset editor for AnimBlueprint /Game/3DAssets/InvaderSquid/ABP_Squid.ABP_Squid
[2020.04.13-18.50.52:233][ 93]LogContentBrowser: Native class hierarchy updated for 'SkeletonEditor' in 0.0002 seconds. Added 1 classes and 2 folders.
[2020.04.13-18.50.52:550][ 93]LogActorComponent: RegisterComponentWithWorld: (/Engine/Transient.World_4:PersistentLevel.AnimationEditorPreviewActor_0.DebugSkelMeshComponent_0) Already registered. Aborting.
[2020.04.13-18.50.52:553][ 93]LogContentBrowser: Native class hierarchy updated for 'PinnedCommandList' in 0.0002 seconds. Added 1 classes and 0 folders.
[2020.04.13-18.50.53:312][ 93]LogContentBrowser: Native class hierarchy updated for 'BlueprintGraph' in 0.0016 seconds. Added 116 classes and 0 folders.
[2020.04.13-18.50.54:270][ 93]LogSkeletalMesh: USkeletalMeshComponent::InitArticulated : Bodies already created (/Engine/Transient.World_4:PersistentLevel.AnimationEditorPreviewActor_0.DebugSkelMeshComponent_0) - call TermArticulated first.
[2020.04.13-18.50.54:682][ 93]LogSlate: Took 0.000193 seconds to synchronously load lazily loaded font '../../../Engine/Content/Slate/Fonts/Roboto-BoldCondensed.ttf' (158K)
[2020.04.13-18.50.54:748][ 93]LogContentBrowser: Native class hierarchy updated for 'ClothingSystemEditorInterface' in 0.0008 seconds. Added 1 classes and 0 folders.
[2020.04.13-18.50.54:808][ 93]LogContentBrowser: Verbose: The majority of assets in the view are of type: AnimSequence
[2020.04.13-18.50.57:900][138]LogD3D11RHI: Error: Result failed 
 at D:\Build\++UE4\Sync\Engine\Source\Runtime\Windows\D3D11RHI\Private\D3D11Viewport.cpp:304 
 with error DXGI_ERROR_DEVICE_REMOVED DXGI_ERROR_DEVICE_HUNG
[2020.04.13-18.50.57:900][138]LogD3D11RHI: [Aftermath] GDynamicRHI=000001A061EEE140, GDX11NVAfterMathEnabled=0, Result=0xFFFFFFFF, bDeviceActive=0
[2020.04.13-18.50.57:901][138]LogWindows: Windows GetLastError: The operation completed successfully. (0)
[2020.04.13-18.51.00:604][138]LogWindows: Windows GetLastError: The operation completed successfully. (0)
[2020.04.13-18.51.00:604][138]LogWindows: Error: === Critical error: ===
[2020.04.13-18.51.00:604][138]LogWindows: Error: 
[2020.04.13-18.51.00:604][138]LogWindows: Error: Fatal error: [File:D:\Build\++UE4\Sync\Engine\Source\Runtime\RenderCore\Private\RenderingThread.cpp] [Line: 826] 
[2020.04.13-18.51.00:604][138]LogWindows: Error: Rendering thread exception:
[2020.04.13-18.51.00:604][138]LogWindows: Error: Fatal error: [File:D:\Build\++UE4\Sync\Engine\Source\Runtime\Windows\D3D11RHI\Private\D3D11Util.cpp] [Line: 200] 
[2020.04.13-18.51.00:604][138]LogWindows: Error: Unreal Engine is exiting due to D3D device being lost. (Error: 0x887A0006 - 'HUNG')
[2020.04.13-18.51.00:604][138]LogWindows: Error: 
[2020.04.13-18.51.00:604][138]LogWindows: Error: 
[2020.04.13-18.51.00:604][138]LogWindows: Error: [Callstack] 0x00007ffad7dca859 KERNELBASE.dll!UnknownFunction []
[2020.04.13-18.51.00:604][138]LogWindows: Error: [Callstack] 0x00007ffaa22b6850 UE4Editor-ApplicationCore.dll!UnknownFunction []
[2020.04.13-18.51.00:604][138]LogWindows: Error: [Callstack] 0x00007ffa77b762fc UE4Editor-Core.dll!UnknownFunction []
[2020.04.13-18.51.00:604][138]LogWindows: Error: [Callstack] 0x00007ffa77b051db UE4Editor-Core.dll!UnknownFunction []
[2020.04.13-18.51.00:604][138]LogWindows: Error: [Callstack] 0x00007ffa4701adea UE4Editor-D3D11RHI.dll!UnknownFunction []
[2020.04.13-18.51.00:604][138]LogWindows: Error: [Callstack] 0x00007ffa4701e6e4 UE4Editor-D3D11RHI.dll!UnknownFunction []
[2020.04.13-18.51.00:604][138]LogWindows: Error: [Callstack] 0x00007ffa46ffd0aa UE4Editor-D3D11RHI.dll!UnknownFunction []
[2020.04.13-18.51.00:604][138]LogWindows: Error: [Callstack] 0x00007ffa4700ab70 UE4Editor-D3D11RHI.dll!UnknownFunction []
[2020.04.13-18.51.00:604][138]LogWindows: Error: [Callstack] 0x00007ffaa254b106 UE4Editor-RHI.dll!UnknownFunction []
[2020.04.13-18.51.00:604][138]LogWindows: Error: [Callstack] 0x00007ffa46db1b42 UE4Editor-SlateRHIRenderer.dll!UnknownFunction []
[2020.04.13-18.51.00:604][138]LogWindows: Error: [Callstack] 0x00007ffa46db7d0a UE4Editor-SlateRHIRenderer.dll!UnknownFunction []
[2020.04.13-18.51.00:604][138]LogWindows: Error: [Callstack] 0x00007ffa77991f92 UE4Editor-Core.dll!UnknownFunction []
[2020.04.13-18.51.00:604][138]LogWindows: Error: [Callstack] 0x00007ffa77992456 UE4Editor-Core.dll!UnknownFunction []
[2020.04.13-18.51.00:604][138]LogWindows: Error: [Callstack] 0x00007ffaa26575f9 UE4Editor-RenderCore.dll!UnknownFunction []
[2020.04.13-18.51.00:604][138]LogWindows: Error: [Callstack] 0x00007ffaa2658574 UE4Editor-RenderCore.dll!UnknownFunction []
[2020.04.13-18.51.00:604][138]LogWindows: Error: [Callstack] 0x00007ffa77dd6b7c UE4Editor-Core.dll!UnknownFunction []
[2020.04.13-18.51.00:605][138]LogWindows: Error: [Callstack] 0x00007ffa77dd17c7 UE4Editor-Core.dll!UnknownFunction []
[2020.04.13-18.51.00:605][138]LogWindows: Error: [Callstack] 0x00007ffad8757bd4 KERNEL32.DLL!UnknownFunction []
[2020.04.13-18.51.00:605][138]LogWindows: Error: [Callstack] 0x00007ffada1eced1 ntdll.dll!UnknownFunction []
[2020.04.13-18.51.00:605][138]LogWindows: Error: 
[2020.04.13-18.51.00:605][138]LogWindows: Error: 
[2020.04.13-18.51.00:605][138]LogWindows: Error: 
[2020.04.13-18.51.00:605][138]LogWindows: Error: 
[2020.04.13-18.51.00:628][138]LogExit: Executing StaticShutdownAfterError
[2020.04.13-18.51.00:632][138]LogWindows: FPlatformMisc::RequestExit(1)
[2020.04.13-18.51.00:636][138]Log file closed, 04/13/20 14:51:00
