Log file open, 04/09/20 14:07:25
LogWindows: Failed to load 'aqProf.dll' (GetLastError=126)
LogWindows: File 'aqProf.dll' does not exist
LogWindows: Failed to load 'VSPerf140.dll' (GetLastError=126)
LogWindows: File 'VSPerf140.dll' does not exist
LogWindows: Failed to load 'VtuneApi.dll' (GetLastError=126)
LogWindows: File 'VtuneApi.dll' does not exist
LogWindows: Failed to load 'VtuneApi32e.dll' (GetLastError=126)
LogWindows: File 'VtuneApi32e.dll' does not exist
LogInit: Display: Running engine for game: PortInvadeProject
LogPlatformFile: Not using cached read wrapper
LogTaskGraph: Started task graph with 5 named threads and 23 total threads with 3 sets of task threads.
LogStats: Stats thread started at 0.318818
LogD3D11RHI: Loaded GFSDK_Aftermath_Lib.x64.dll
LogICUInternationalization: Display: ICU TimeZone Detection - Raw Offset: -5:00, Platform Override: ''
LogPluginManager: Mounting plugin Paper2D
LogPluginManager: Mounting plugin AISupport
LogPluginManager: Mounting plugin LightPropagationVolume
LogPluginManager: Mounting plugin CLionSourceCodeAccess
LogPluginManager: Mounting plugin CodeLiteSourceCodeAccess
LogPluginManager: Mounting plugin GitSourceControl
LogPluginManager: Mounting plugin KDevelopSourceCodeAccess
LogPluginManager: Mounting plugin NullSourceCodeAccess
LogPluginManager: Mounting plugin PerforceSourceControl
LogPluginManager: Mounting plugin SubversionSourceControl
LogPluginManager: Mounting plugin UObjectPlugin
LogPluginManager: Mounting plugin VisualStudioCodeSourceCodeAccess
LogPluginManager: Mounting plugin VisualStudioSourceCodeAccess
LogPluginManager: Mounting plugin XCodeSourceCodeAccess
LogPluginManager: Mounting plugin AssetManagerEditor
LogPluginManager: Mounting plugin CryptoKeys
LogPluginManager: Mounting plugin DataValidation
LogPluginManager: Mounting plugin FacialAnimation
LogPluginManager: Mounting plugin GameplayTagsEditor
LogPluginManager: Mounting plugin MacGraphicsSwitching
LogPluginManager: Mounting plugin MeshEditor
LogPluginManager: Mounting plugin MobileLauncherProfileWizard
LogPluginManager: Mounting plugin PluginBrowser
LogPluginManager: Mounting plugin SpeedTreeImporter
LogPluginManager: Mounting plugin DatasmithContent
LogPluginManager: Mounting plugin AlembicImporter
LogPluginManager: Mounting plugin AppleImageUtils
LogPluginManager: Mounting plugin AppleVision
LogPluginManager: Mounting plugin BackChannel
LogPluginManager: Mounting plugin CharacterAI
LogPluginManager: Mounting plugin GeometryCache
LogPluginManager: Mounting plugin HTML5Networking
LogPluginManager: Mounting plugin ProxyLODPlugin
LogPluginManager: Mounting plugin MagicLeap
LogPluginManager: Mounting plugin MagicLeapEmulator
LogPluginManager: Mounting plugin MagicLeapMedia
LogPluginManager: Mounting plugin AndroidMedia
LogPluginManager: Mounting plugin AvfMedia
LogPluginManager: Mounting plugin ImgMedia
LogPluginManager: Mounting plugin LinearTimecode
LogPluginManager: Mounting plugin MediaCompositing
LogPluginManager: Mounting plugin MediaPlayerEditor
LogPluginManager: Mounting plugin WmfMedia
LogPluginManager: Mounting plugin TcpMessaging
LogPluginManager: Mounting plugin UdpMessaging
LogPluginManager: Mounting plugin ActorSequence
LogPluginManager: Mounting plugin LevelSequenceEditor
LogPluginManager: Mounting plugin MatineeToLevelSequence
LogPluginManager: Mounting plugin NetcodeUnitTest
LogPluginManager: Mounting plugin NUTUnrealEngine4
LogPluginManager: Mounting plugin OnlineSubsystemGooglePlay
LogPluginManager: Mounting plugin OnlineSubsystemIOS
LogPluginManager: Mounting plugin OnlineSubsystem
LogPluginManager: Mounting plugin OnlineSubsystemNull
LogPluginManager: Mounting plugin OnlineSubsystemUtils
LogPluginManager: Mounting plugin LauncherChunkInstaller
LogPluginManager: Mounting plugin AndroidDeviceProfileSelector
LogPluginManager: Mounting plugin AndroidMoviePlayer
LogPluginManager: Mounting plugin AndroidPermission
LogPluginManager: Mounting plugin AppleMoviePlayer
LogPluginManager: Mounting plugin ArchVisCharacter
LogPluginManager: Mounting plugin AudioCapture
LogPluginManager: Mounting plugin CableComponent
LogPluginManager: Mounting plugin CustomMeshComponent
LogPluginManager: Mounting plugin EditableMesh
LogPluginManager: Mounting plugin ExampleDeviceProfileSelector
LogPluginManager: Mounting plugin GoogleCloudMessaging
LogPluginManager: Mounting plugin ImmediatePhysics
LogPluginManager: Mounting plugin IOSDeviceProfileSelector
LogPluginManager: Mounting plugin LinuxDeviceProfileSelector
LogPluginManager: Mounting plugin LocationServicesBPLibrary
LogPluginManager: Mounting plugin MobilePatchingUtils
LogPluginManager: Mounting plugin OculusVR
LogPluginManager: Plugin shader directory ../../../Engine/Plugins/Runtime/Oculus/OculusVR/Shaders found
LogPluginManager: Mapping shader source directory ../../../Engine/Plugins/Runtime/Oculus/OculusVR/Shaders to virtual directory /Plugin/OculusVR
LogPluginManager: Mounting plugin PhysXVehicles
LogPluginManager: Mounting plugin ProceduralMeshComponent
LogPluginManager: Mounting plugin RuntimePhysXCooking
LogPluginManager: Mounting plugin SteamVR
LogPluginManager: Mounting plugin WindowsMoviePlayer
LogStreaming: Display: Took  0.136s to configure plugins.
LogInit: Using libcurl 7.55.1-DEV
LogInit:  - built for x86_64-pc-win32
LogInit:  - supports SSL with OpenSSL/1.0.2h
LogInit:  - supports HTTP deflate (compression) using libz 1.2.8
LogInit:  - other features:
LogInit:      CURL_VERSION_SSL
LogInit:      CURL_VERSION_LIBZ
LogInit:      CURL_VERSION_IPV6
LogInit:      CURL_VERSION_ASYNCHDNS
LogInit:      CURL_VERSION_LARGEFILE
LogInit:      CURL_VERSION_IDN
LogInit:  CurlRequestOptions (configurable via config and command line):
LogInit:  - bVerifyPeer = false  - Libcurl will NOT verify peer certificate
LogInit:  - bUseHttpProxy = false  - Libcurl will NOT use HTTP proxy
LogInit:  - bDontReuseConnections = false  - Libcurl will reuse connections
LogInit:  - CertBundlePath = nullptr  - Libcurl will use whatever was configured at build time.
LogInit:  - MaxHostConnections = 16  - Libcurl will limit the number of connections to a host
LogInit:  - LocalHostAddr = Default
LogInit:  - BufferSize = 65536
LogInit: WinSock: version 1.1 (2.2), MaxSocks=32767, MaxUdp=65467
LogInit: Build: ++UE4+Release-4.20-CL-4369336
LogInit: Engine Version: 4.20.3-4369336+++UE4+Release-4.20
LogInit: Compatible Engine Version: 4.20.0-4212847+++UE4+Release-4.20
LogInit: Net CL: 4212847
LogInit: OS: Windows 10 (), CPU: Intel(R) Core(TM) i7-7700HQ CPU @ 2.80GHz, GPU: Intel(R) HD Graphics 630
LogInit: Compiled (64-bit): Sep 17 2018 12:26:19
LogInit: Compiled with Visual C++: 19.13.26129.00
LogInit: Build Configuration: Development
LogInit: Branch Name: ++UE4+Release-4.20
LogInit: Command Line: 
LogInit: Base Directory: D:/Program Files/Unreal/Engine/UE_4.20/Engine/Binaries/Win64/
LogInit: Installed Engine Build: 1
LogDevObjectVersion: Number of dev versions registered: 20
LogDevObjectVersion:   Dev-Blueprints (B0D832E4-1F89-4F0D-ACCF-7EB736FD4AA2): 10
LogDevObjectVersion:   Dev-Build (E1C64328-A22C-4D53-A36C-8E866417BD8C): 0
LogDevObjectVersion:   Dev-Core (375EC13C-06E4-48FB-B500-84F0262A717E): 2
LogDevObjectVersion:   Dev-Editor (E4B068ED-F494-42E9-A231-DA0B2E46BB41): 24
LogDevObjectVersion:   Dev-Framework (CFFC743F-43B0-4480-9391-14DF171D2073): 34
LogDevObjectVersion:   Dev-Mobile (B02B49B5-BB20-44E9-A304-32B752E40360): 2
LogDevObjectVersion:   Dev-Networking (A4E4105C-59A1-49B5-A7C5-40C4547EDFEE): 0
LogDevObjectVersion:   Dev-Online (39C831C9-5AE6-47DC-9A44-9C173E1C8E7C): 0
LogDevObjectVersion:   Dev-Physics (78F01B33-EBEA-4F98-B9B4-84EACCB95AA2): 0
LogDevObjectVersion:   Dev-Platform (6631380F-2D4D-43E0-8009-CF276956A95A): 0
LogDevObjectVersion:   Dev-Rendering (12F88B9F-8875-4AFC-A67C-D90C383ABD29): 26
LogDevObjectVersion:   Dev-Sequencer (7B5AE74C-D270-4C10-A958-57980B212A5A): 9
LogDevObjectVersion:   Dev-VR (D7296918-1DD6-4BDD-9DE2-64A83CC13884): 2
LogDevObjectVersion:   Dev-LoadTimes (C2A15278-BFE7-4AFE-6C17-90FF531DF755): 1
LogDevObjectVersion:   Private-Geometry (6EACA3D4-40EC-4CC1-B786-8BED09428FC5): 3
LogDevObjectVersion:   Dev-AnimPhys (29E575DD-E0A3-4627-9D10-D276232CDCEA): 17
LogDevObjectVersion:   Dev-ReflectionCapture (6B266CEC-1EC7-4B8F-A30B-E4D90942FC07): 1
LogDevObjectVersion:   Dev-Automation (0DF73D61-A23F-47EA-B727-89E90C41499A): 1
LogDevObjectVersion:   FortniteMain (601D1886-AC64-4F84-AA16-D3DE0DEAC7D6): 12
LogDevObjectVersion:   Dev-Enterprise (9DFFBCD6-494F-0158-E221-12823C92A888): 1
LogStreaming: Display: Took  0.003s to delete old logs.
LogInit: Presizing for max 8388607 objects, including 0 objects not considered by GC, pre-allocating 0 bytes for permanent pool.
LogInit: Object subsystem initialized
[2020.04.09-18.07.25:785][  0]LogInit: Selected Device Profile: [Windows]
[2020.04.09-18.07.25:785][  0]LogInit: Applying CVar settings loaded from the selected device profile: [Windows]
[2020.04.09-18.07.25:824][  0]LogHAL: Display: Platform has ~ 16 GB [17061810176 / 17179869184 / 16], which maps to Larger [LargestMinGB=32, LargerMinGB=12, DefaultMinGB=8, SmallerMinGB=6, SmallestMinGB=0)
[2020.04.09-18.07.25:824][  0]LogInit: Setting Device Profile CVar: [[r.Vulkan.UseRealUBs:1]]
[2020.04.09-18.07.25:824][  0]LogInit: Going up to parent DeviceProfile []
[2020.04.09-18.07.25:826][  0]LogInit: Computer: MSI
[2020.04.09-18.07.25:826][  0]LogInit: User: DaultonNelson
[2020.04.09-18.07.25:826][  0]LogInit: CPU Page size=4096, Cores=4
[2020.04.09-18.07.25:826][  0]LogInit: High frequency timer resolution =10.000000 MHz
[2020.04.09-18.07.25:826][  0]LogMemory: Memory total: Physical=15.9GB (16GB approx)
[2020.04.09-18.07.25:827][  0]LogMemory: Platform Memory Stats for Windows
[2020.04.09-18.07.25:827][  0]LogMemory: Process Physical Memory: 101.37 MB used, 101.37 MB peak
[2020.04.09-18.07.25:827][  0]LogMemory: Process Virtual Memory: 89.35 MB used, 89.35 MB peak
[2020.04.09-18.07.25:827][  0]LogMemory: Physical Memory: 8136.05 MB used,  8135.36 MB free, 16271.41 MB total
[2020.04.09-18.07.25:827][  0]LogMemory: Virtual Memory: 4612.59 MB used,  8135.36 MB free, 134217728.00 MB total
[2020.04.09-18.07.28:147][  0]LogInit: Using OS detected language (en-US).
[2020.04.09-18.07.28:148][  0]LogInit: Using OS detected locale (en-US).
[2020.04.09-18.07.28:152][  0]LogTextLocalizationManager: No specific localization for 'en-US' exists, so the 'en' localization will be used.
[2020.04.09-18.07.28:905][  0]LogStreaming: Display: Took  0.758s to InitEngineTextLocalization.
[2020.04.09-18.07.28:905][  0]LogInit: Setting process to per monitor DPI aware
[2020.04.09-18.07.28:960][  0]LogSlate: New Slate User Created.  User Index 0, Is Virtual User: 0
[2020.04.09-18.07.28:960][  0]LogSlate: Slate User Registered.  User Index 0, Is Virtual User: 0
[2020.04.09-18.07.29:236][  0]LogHMD: Failed to initialize OpenVR with code 110
[2020.04.09-18.07.29:236][  0]LogD3D11RHI: D3D11 adapters:
[2020.04.09-18.07.29:354][  0]LogD3D11RHI:    0. 'NVIDIA GeForce GTX 1060' (Feature Level 11_0)
[2020.04.09-18.07.29:354][  0]LogD3D11RHI:       6052/0/8135 MB DedicatedVideo/DedicatedSystem/SharedSystem, Outputs:1, VendorId:0x10de
[2020.04.09-18.07.29:380][  0]LogD3D11RHI:    1. 'Intel(R) HD Graphics 630' (Feature Level 11_0)
[2020.04.09-18.07.29:380][  0]LogD3D11RHI:       128/0/8135 MB DedicatedVideo/DedicatedSystem/SharedSystem, Outputs:0, VendorId:0x8086
[2020.04.09-18.07.29:383][  0]LogD3D11RHI:    2. 'Microsoft Basic Render Driver' (Feature Level 11_0)
[2020.04.09-18.07.29:383][  0]LogD3D11RHI:       0/0/8135 MB DedicatedVideo/DedicatedSystem/SharedSystem, Outputs:0, VendorId:0x1414
[2020.04.09-18.07.29:383][  0]LogD3D11RHI: Chosen D3D11 Adapter: 0
[2020.04.09-18.07.29:444][  0]LogD3D11RHI: Creating new Direct3DDevice
[2020.04.09-18.07.29:444][  0]LogD3D11RHI:     GPU DeviceId: 0x1c20 (for the marketing name, search the web for "GPU Device Id")
[2020.04.09-18.07.29:444][  0]LogWindows: EnumDisplayDevices:
[2020.04.09-18.07.29:444][  0]LogWindows:    0. 'Intel(R) HD Graphics 630' (P:1 D:1)
[2020.04.09-18.07.29:445][  0]LogWindows:    1. 'Intel(R) HD Graphics 630' (P:0 D:0)
[2020.04.09-18.07.29:447][  0]LogWindows:    2. 'Intel(R) HD Graphics 630' (P:0 D:0)
[2020.04.09-18.07.29:447][  0]LogWindows:    3. 'NVIDIA GeForce GTX 1060' (P:0 D:0)
[2020.04.09-18.07.29:447][  0]LogWindows:    4. 'NVIDIA GeForce GTX 1060' (P:0 D:0)
[2020.04.09-18.07.29:447][  0]LogWindows:    5. 'NVIDIA GeForce GTX 1060' (P:0 D:0)
[2020.04.09-18.07.29:448][  0]LogWindows:    6. 'NVIDIA GeForce GTX 1060' (P:0 D:0)
[2020.04.09-18.07.29:448][  0]LogWindows: DebugString: PrimaryIsNotTheChoosenAdapter PrimaryIsNotTheChoosenAdapter PrimaryIsNotTheChoosenAdapter FoundDriverCount:4 
[2020.04.09-18.07.29:448][  0]LogD3D11RHI:     Adapter Name: NVIDIA GeForce GTX 1060
[2020.04.09-18.07.29:448][  0]LogD3D11RHI:   Driver Version: 445.75 (internal:26.21.14.4575, unified:445.75)
[2020.04.09-18.07.29:448][  0]LogD3D11RHI:      Driver Date: 3-17-2020
[2020.04.09-18.07.29:448][  0]LogRHI: Texture pool is 4236 MB (70% of 6052 MB)
[2020.04.09-18.07.29:512][  0]LogD3D11RHI: Async texture creation enabled
[2020.04.09-18.07.29:529][  0]LogD3D11RHI: GPU Timing Frequency: 1000.000000 (Debug: 2 1)
[2020.04.09-18.07.29:532][  0]LogShaderCompilers: Guid format shader working directory is -43 characters bigger than the processId version (../../../../../../../Side Projects/Unreal Portfolio Invaders/PortfolioInvaders/PortInvadeProject/Intermediate/Shaders/WorkingDirectory/23684/).
[2020.04.09-18.07.29:532][  0]LogShaderCompilers: Cleaned the shader compiler working directory 'C:/Users/DaultonNelson/AppData/Local/Temp/UnrealShaderWorkingDir/9FC82EFD4F7894BA3AC243BD0197E537/'.
[2020.04.09-18.07.29:973][  0]LogTemp: Display: Loaded TP AllDesktopTargetPlatform
[2020.04.09-18.07.29:993][  0]LogTemp: Display: Loaded TP MacClientTargetPlatform
[2020.04.09-18.07.30:011][  0]LogTemp: Display: Loaded TP MacNoEditorTargetPlatform
[2020.04.09-18.07.30:040][  0]LogTemp: Display: Loaded TP MacServerTargetPlatform
[2020.04.09-18.07.30:073][  0]LogTemp: Display: Loaded TP MacTargetPlatform
[2020.04.09-18.07.30:092][  0]LogTemp: Display: Loaded TP WindowsClientTargetPlatform
[2020.04.09-18.07.30:120][  0]LogTemp: Display: Loaded TP WindowsNoEditorTargetPlatform
[2020.04.09-18.07.30:150][  0]LogTemp: Display: Loaded TP WindowsServerTargetPlatform
[2020.04.09-18.07.30:163][  0]LogTemp: Display: Loaded TP WindowsTargetPlatform
[2020.04.09-18.07.30:303][  0]LogTemp: Display: Loaded TP AndroidTargetPlatform
[2020.04.09-18.07.30:303][  0]LogTemp: Display: Loaded TP AndroidTargetPlatform
[2020.04.09-18.07.30:303][  0]LogTemp: Display: Loaded TP AndroidTargetPlatform
[2020.04.09-18.07.30:303][  0]LogTemp: Display: Loaded TP AndroidTargetPlatform
[2020.04.09-18.07.30:303][  0]LogTemp: Display: Loaded TP AndroidTargetPlatform
[2020.04.09-18.07.30:303][  0]LogTemp: Display: Loaded TP AndroidTargetPlatform
[2020.04.09-18.07.30:303][  0]LogTemp: Display: Loaded TP AndroidTargetPlatform
[2020.04.09-18.07.30:303][  0]LogTemp: Display: Loaded TP AndroidTargetPlatform
[2020.04.09-18.07.30:303][  0]LogTemp: Display: Loaded TP AndroidTargetPlatform
[2020.04.09-18.07.30:303][  0]LogTemp: Display: Loaded TP AndroidTargetPlatform
[2020.04.09-18.07.30:303][  0]LogTemp: Display: Loaded TP AndroidTargetPlatform
[2020.04.09-18.07.30:303][  0]LogTemp: Display: Loaded TP AndroidTargetPlatform
[2020.04.09-18.07.30:303][  0]LogTemp: Display: Loaded TP AndroidTargetPlatform
[2020.04.09-18.07.30:303][  0]LogTemp: Display: Loaded TP AndroidTargetPlatform
[2020.04.09-18.07.30:303][  0]LogTemp: Display: Loaded TP AndroidTargetPlatform
[2020.04.09-18.07.30:303][  0]LogTemp: Display: Loaded TP AndroidTargetPlatform
[2020.04.09-18.07.30:303][  0]LogTemp: Display: Loaded TP AndroidTargetPlatform
[2020.04.09-18.07.30:303][  0]LogTemp: Display: Loaded TP AndroidTargetPlatform
[2020.04.09-18.07.30:305][  0]LogTemp: Display: Loaded TP HTML5TargetPlatform
[2020.04.09-18.07.30:372][  0]LogTemp: Display: Loaded TP IOSTargetPlatform
[2020.04.09-18.07.30:372][  0]LogTemp: Display: Loaded TP IOSTargetPlatform
[2020.04.09-18.07.30:403][  0]LogTemp: Display: Loaded TP TVOSTargetPlatform
[2020.04.09-18.07.30:403][  0]LogTemp: Display: Loaded TP TVOSTargetPlatform
[2020.04.09-18.07.30:418][  0]LogTemp: Display: Loaded TP LinuxClientTargetPlatform
[2020.04.09-18.07.30:438][  0]LogTemp: Display: Loaded TP LinuxNoEditorTargetPlatform
[2020.04.09-18.07.30:470][  0]LogTemp: Display: Loaded TP LinuxServerTargetPlatform
[2020.04.09-18.07.30:497][  0]LogTemp: Display: Loaded TP LinuxTargetPlatform
[2020.04.09-18.07.30:516][  0]LogTemp: Display: Loaded TP LuminTargetPlatform
[2020.04.09-18.07.30:516][  0]LogTargetPlatformManager: Display: Building Assets For Windows
[2020.04.09-18.07.30:585][  0]LogXGEController: Cleaning working directory: C:/Users/DaultonNelson/AppData/Local/Temp/UnrealXGEWorkingDir/
[2020.04.09-18.07.30:585][  0]LogXGEController: Cannot use XGE Controller as Incredibuild is not installed on this machine.
[2020.04.09-18.07.30:586][  0]LogShaderCompilers: Cannot use XGE Shader Compiler as Incredibuild is not installed on this machine.
[2020.04.09-18.07.30:586][  0]LogShaderCompilers: Display: Using Local Shader Compiler.
[2020.04.09-18.07.31:513][  0]LogDerivedDataCache: Display: Max Cache Size: 512 MB
[2020.04.09-18.07.31:577][  0]LogDerivedDataCache: Loaded boot cache 0.06s 71MB C:/Users/DaultonNelson/AppData/Local/UnrealEngine/4.20/DerivedDataCache/Boot.ddc.
[2020.04.09-18.07.31:577][  0]LogDerivedDataCache: Display: Loaded Boot cache: C:/Users/DaultonNelson/AppData/Local/UnrealEngine/4.20/DerivedDataCache/Boot.ddc
[2020.04.09-18.07.31:577][  0]LogDerivedDataCache: FDerivedDataBackendGraph:  Pak pak cache file ../../../../../../../Side Projects/Unreal Portfolio Invaders/PortfolioInvaders/PortInvadeProject/DerivedDataCache/DDC.ddp not found, will not use a pak cache.
[2020.04.09-18.07.31:577][  0]LogDerivedDataCache: Unable to find inner node Pak for hierarchical cache Hierarchy.
[2020.04.09-18.07.31:577][  0]LogDerivedDataCache: FDerivedDataBackendGraph:  CompressedPak pak cache file ../../../../../../../Side Projects/Unreal Portfolio Invaders/PortfolioInvaders/PortInvadeProject/DerivedDataCache/Compressed.ddp not found, will not use a pak cache.
[2020.04.09-18.07.31:577][  0]LogDerivedDataCache: Unable to find inner node CompressedPak for hierarchical cache Hierarchy.
[2020.04.09-18.07.31:596][  0]LogDerivedDataCache: Display: Pak cache opened for reading ../../../Engine/DerivedDataCache/Compressed.ddp.
[2020.04.09-18.07.31:609][  0]LogDerivedDataCache: Using Local data cache path C:/Users/DaultonNelson/AppData/Local/UnrealEngine/Common/DerivedDataCache: Writable
[2020.04.09-18.07.31:609][  0]LogDerivedDataCache: Shared data cache path not found in *engine.ini, will not use an Shared cache.
[2020.04.09-18.07.31:609][  0]LogDerivedDataCache: Unable to find inner node Shared for hierarchical cache Hierarchy.
[2020.04.09-18.07.31:630][  0]LogMaterial: Verifying Global Shaders for PCD3D_SM5
[2020.04.09-18.07.31:632][  0]LogSlate: Using FreeType 2.6.0
[2020.04.09-18.07.31:633][  0]LogSlate: SlateFontServices - WITH_FREETYPE: 1, WITH_HARFBUZZ: 1
[2020.04.09-18.07.31:725][  0]LogAssetRegistry: FAssetRegistry took 0.0268 seconds to start up
[2020.04.09-18.07.32:113][  0]LogInit: Selected Device Profile: [Windows]
[2020.04.09-18.07.32:295][  0]LogSimplygon: Simplygon DLL not present - disabling.
[2020.04.09-18.07.32:298][  0]LogMeshReduction: Using SimplygonSwarm for distributed automatic mesh merging
[2020.04.09-18.07.32:298][  0]LogMeshReduction: Using ProxyLODMeshReduction for automatic mesh merging
[2020.04.09-18.07.32:298][  0]LogMeshReduction: Using QuadricMeshReduction for automatic static mesh reduction
[2020.04.09-18.07.32:298][  0]LogMeshReduction: No automatic skeletal mesh reduction module available
[2020.04.09-18.07.32:316][  0]LogNetVersion: PortInvadeProject 1.0.0, NetCL: 4212847, EngineNetVer: 5, GameNetVer: 0 (Checksum: 2198381219)
[2020.04.09-18.07.33:004][  0]LogPackageLocalizationCache: Processed 11 localized package path(s) for 2 prioritized culture(s) in 0.143623 seconds
[2020.04.09-18.07.33:011][  0]LogUObjectArray: 38425 objects as part of root set at end of initial load.
[2020.04.09-18.07.33:011][  0]LogUObjectAllocator: 6690864 out of 0 bytes used by permanent object pool.
[2020.04.09-18.07.33:011][  0]LogUObjectArray: CloseDisregardForGC: 0/0 objects in disregard for GC pool
[2020.04.09-18.07.34:473][  0]LogTcpMessaging: Initializing TcpMessaging bridge
[2020.04.09-18.07.34:487][  0]LogUdpMessaging: Initializing bridge on interface 0.0.0.0:0 to multicast group 230.0.0.1:6666.
[2020.04.09-18.07.34:788][  0]SourceControl: Source control is disabled
[2020.04.09-18.07.34:789][  0]SourceControl: Source control is disabled
[2020.04.09-18.07.34:791][  0]SourceControl: Source control is disabled
[2020.04.09-18.07.34:794][  0]SourceControl: Source control is disabled
[2020.04.09-18.07.35:100][  0]LogAndroidPermission: UAndroidPermissionCallbackProxy::GetInstance
[2020.04.09-18.07.35:911][  0]LogOcInput: OculusInput pre-init called
[2020.04.09-18.07.36:110][  0]LogEngine: Initializing Engine...
[2020.04.09-18.07.36:114][  0]LogHMD: Failed to initialize OpenVR with code 110
[2020.04.09-18.07.36:120][  0]LogStats: UGameplayTagsManager::ConstructGameplayTagTree: ImportINI prefixes -  0.000 s
[2020.04.09-18.07.36:120][  0]LogStats: UGameplayTagsManager::ConstructGameplayTagTree: Construct from data asset -  0.000 s
[2020.04.09-18.07.36:120][  0]LogStats: UGameplayTagsManager::ConstructGameplayTagTree: ImportINI -  0.000 s
[2020.04.09-18.07.36:121][  0]LogStats: UGameplayTagsManager::ConstructGameplayTagTree: GameplayTagTreeChangedEvent.Broadcast -  0.000 s
[2020.04.09-18.07.36:770][  0]LogInit: Initializing FReadOnlyCVARCache
[2020.04.09-18.07.36:793][  0]LogAIModule: Creating AISystem for world Untitled
[2020.04.09-18.07.36:916][  0]LogInit: XAudio2 using 'HeadPhone/Digital Output (Realtek High Definition Audio)' : 6 channels at 48 kHz using 32 bits per sample (channel mask 0x3f)
[2020.04.09-18.07.37:054][  0]LogInit: FAudioDevice initialized.
[2020.04.09-18.07.37:055][  0]LogNetVersion: Set ProjectVersion to 1.0.0.0. Version Checksum will be recalculated on next use.
[2020.04.09-18.07.37:160][  0]LogDerivedDataCache: Saved boot cache 0.11s 71MB C:/Users/DaultonNelson/AppData/Local/UnrealEngine/4.20/DerivedDataCache/Boot.ddc.
[2020.04.09-18.07.37:176][  0]LogInit: Texture streaming: Enabled
[2020.04.09-18.07.37:243][  0]LogEngineSessionManager: EngineSessionManager initialized
[2020.04.09-18.07.37:243][  0]LogEngineSessionManager: EngineSessionManager sent abnormal shutdown report. Type=Crashed, SessionId={7200125B-4F83-7372-324E-88982E1F07AE}
[2020.04.09-18.07.37:287][  0]LogInit: Transaction tracking system initialized
[2020.04.09-18.07.37:372][  0]BlueprintLog: New page: Editor Load
[2020.04.09-18.07.37:602][  0]LocalizationService: Localization service is disabled
[2020.04.09-18.07.38:142][  0]LogCook: Display: Max memory allowance for cook 16384mb min free memory 0mb
[2020.04.09-18.07.38:142][  0]LogCook: Display: Mobile HDR setting 1
[2020.04.09-18.07.38:142][  0]LogGameplayTags: Display: UGameplayTagsManager::DoneAddingNativeTags. DelegateIsBound: 0
[2020.04.09-18.07.38:143][  0]LogStats: UGameplayTagsManager::ConstructGameplayTagTree: ImportINI prefixes -  0.000 s
[2020.04.09-18.07.38:143][  0]LogStats: UGameplayTagsManager::ConstructGameplayTagTree: Construct from data asset -  0.000 s
[2020.04.09-18.07.38:143][  0]LogStats: UGameplayTagsManager::ConstructGameplayTagTree: ImportINI -  0.000 s
[2020.04.09-18.07.38:143][  0]LogStats: UGameplayTagsManager::ConstructGameplayTagTree: GameplayTagTreeChangedEvent.Broadcast -  0.000 s
[2020.04.09-18.07.38:363][  0]LogFileCache: Scanning file cache for directory 'D:/Side Projects/Unreal Portfolio Invaders/PortfolioInvaders/PortInvadeProject/Content/' took 0.02s
[2020.04.09-18.07.38:375][  0]SourceControl: Source control is disabled
[2020.04.09-18.07.38:376][  0]LightingResults: New page: Lighting Build
[2020.04.09-18.07.38:382][  0]MapCheck: New page: Map Check
[2020.04.09-18.07.38:383][  0]LightingResults: New page: Lighting Build
[2020.04.09-18.07.38:805][  0]LogAIModule: Creating AISystem for world Minimal_Default
[2020.04.09-18.07.38:811][  0]LogEditorServer: Finished looking for orphan Actors (0.000 secs)
[2020.04.09-18.07.38:834][  0]Cmd: MAP CHECKDEP NOCLEARLOG
[2020.04.09-18.07.38:890][  0]MapCheck: Map check complete: 0 Error(s), 0 Warning(s), took 56.364ms to complete.
[2020.04.09-18.07.38:890][  0]LogFileHelpers: Loading map 'Minimal_Default' took 0.514
[2020.04.09-18.07.39:037][  0]LogSlate: Updating window title bar state: overlay mode, drag disabled, window buttons hidden, title bar hidden
[2020.04.09-18.07.39:047][  0]LogSlate: Updating window title bar state: overlay mode, drag disabled, window buttons hidden, title bar hidden
[2020.04.09-18.07.39:056][  0]LogSlate: Updating window title bar state: overlay mode, drag disabled, window buttons hidden, title bar hidden
[2020.04.09-18.07.39:064][  0]LogSlate: Updating window title bar state: overlay mode, drag disabled, window buttons hidden, title bar hidden
[2020.04.09-18.07.39:070][  0]LogCollectionManager: Loaded 0 collections in 0.001506 seconds
[2020.04.09-18.07.39:128][  0]LogFileCache: Scanning file cache for directory 'D:/Side Projects/Unreal Portfolio Invaders/PortfolioInvaders/PortInvadeProject/Saved/Collections/' took 0.01s
[2020.04.09-18.07.39:128][  0]LogFileCache: Scanning file cache for directory 'D:/Side Projects/Unreal Portfolio Invaders/PortfolioInvaders/PortInvadeProject/Content/Developers/DaultonNelson/Collections/' took 0.01s
[2020.04.09-18.07.39:128][  0]LogFileCache: Scanning file cache for directory 'D:/Side Projects/Unreal Portfolio Invaders/PortfolioInvaders/PortInvadeProject/Content/Collections/' took 0.01s
[2020.04.09-18.07.39:128][  0]LogCollectionManager: Rebuilt the GUID cache for 0 collections in 0.000001 seconds
[2020.04.09-18.07.39:164][  0]LogContentBrowser: Native class hierarchy populated in 0.0347 seconds. Added 2572 classes and 603 folders.
[2020.04.09-18.07.39:183][  0]LogContentBrowser: Native class hierarchy updated for 'WidgetCarousel' in 0.0007 seconds. Added 0 classes and 0 folders.
[2020.04.09-18.07.39:303][  0]LogContentBrowser: Native class hierarchy updated for 'AddContentDialog' in 0.0002 seconds. Added 0 classes and 0 folders.
[2020.04.09-18.07.39:308][  0]LogContentBrowser: Native class hierarchy updated for 'SceneOutliner' in 0.0004 seconds. Added 1 classes and 2 folders.
[2020.04.09-18.07.40:673][  0]LogSlate: Only BGRA pngs, bmps or icos are supported in by External Image Picker
[2020.04.09-18.07.40:878][  0]LogSlate: Took 0.000312 seconds to synchronously load lazily loaded font '../../../Engine/Content/Slate/Fonts/Roboto-Regular.ttf' (155K)
[2020.04.09-18.07.40:882][  0]LogSlate: Took 0.000257 seconds to synchronously load lazily loaded font '../../../Engine/Content/Slate/Fonts/Roboto-Bold.ttf' (160K)
[2020.04.09-18.07.40:893][  0]LogSlate: Took 0.000267 seconds to synchronously load lazily loaded font '../../../Engine/Content/Editor/Slate/Fonts/FontAwesome.ttf' (139K)
[2020.04.09-18.07.40:989][  0]LogRenderer: Reallocating scene render targets to support 964x436 Format 10 NumSamples 1 (Frame:1).
[2020.04.09-18.07.41:131][  0]LogTemp: Executing iPhonePackager certificates Engine -bundlename com.YourCompany.PortInvadeProject
[2020.04.09-18.07.41:131][  0]LogTemp: CWD: D:\Program Files\Unreal\Engine\UE_4.20\Engine\Binaries\DotNET\IOS
[2020.04.09-18.07.41:131][  0]LogTemp: Initial Dir: D:\Program Files\Unreal\Engine\UE_4.20
[2020.04.09-18.07.41:131][  0]LogTemp: Env CWD: D:\Program Files\Unreal\Engine\UE_4.20\Engine\Binaries\DotNET\IOS
[2020.04.09-18.07.41:131][  0]LogTemp: BranchPath = MSI/D/Program Files/Unreal/Engine/UE_4.20/Engine/Binaries --- GameBranchPath = MSI/D/Program Files/Unreal/Engine/UE_4.20/Engine/Binaries
[2020.04.09-18.07.41:131][  0]LogTemp: IPP ERROR: Could not find provision directory 'C:\Users\DaultonNelson\AppData\Local/Apple Computer/MobileDevice/Provisioning Profiles/'.
[2020.04.09-18.07.41:148][  0]LogContentBrowser: Native class hierarchy updated for 'HierarchicalLODOutliner' in 0.0003 seconds. Added 0 classes and 0 folders.
[2020.04.09-18.07.41:148][  0]LogLoad: (Engine Initialization) Total time: 18.12 seconds
[2020.04.09-18.07.41:149][  0]LogLoad: (Engine Initialization) Total Blueprint compile time: 0.00 seconds
[2020.04.09-18.07.41:188][  0]LogContentStreaming: Texture pool size now 1000 MB
[2020.04.09-18.07.41:224][  0]LogSlate: Took 0.000194 seconds to synchronously load lazily loaded font '../../../Engine/Content/Slate/Fonts/Roboto-Light.ttf' (167K)
[2020.04.09-18.07.41:242][  1]LogAssetRegistry: Asset discovery search completed in 9.5388 seconds
[2020.04.09-18.07.41:244][  1]LogCollectionManager: Rebuilt the object cache for 0 collections in 0.000000 seconds (found 0 objects)
[2020.04.09-18.07.41:244][  1]LogCollectionManager: Fixed up redirectors for 0 collections in 0.000063 seconds (updated 0 objects)
[2020.04.09-18.07.42:298][ 32]LogSlate: Took 0.000859 seconds to synchronously load lazily loaded font '../../../Engine/Content/Slate/Fonts/Roboto-Light.ttf' (167K)
[2020.04.09-18.07.44:059][ 84]LogSlate: FSceneViewport::OnFocusLost() reason 0
[2020.04.09-18.07.44:180][ 86]LogAssetEditorManager: Opening Asset editor for Blueprint /Game/Blueprints/CustomPlayerController.CustomPlayerController
[2020.04.09-18.07.46:029][ 86]LogContentBrowser: Native class hierarchy updated for 'BlueprintGraph' in 0.0019 seconds. Added 116 classes and 0 folders.
[2020.04.09-18.07.48:027][ 86]LogAssetEditorManager: Opening Asset editor for Blueprint /Game/Blueprints/PlayerShipPawn.PlayerShipPawn
[2020.04.09-18.07.49:074][ 86]LogAssetEditorManager: Opening Asset editor for Blueprint /Game/Blueprints/EnemyPrefab.EnemyPrefab
[2020.04.09-18.07.49:998][ 86]LogAssetEditorManager: Opening Asset editor for WidgetBlueprint /Game/UI/GameplayUI.GameplayUI
[2020.04.09-18.07.50:992][ 86]LogSlate: Took 0.000627 seconds to synchronously load lazily loaded font '../../../Engine/Content/Slate/Fonts/Roboto-BoldCondensed.ttf' (158K)
[2020.04.09-18.07.51:326][ 87]LogSlate: Took 0.000433 seconds to synchronously load lazily loaded font '../../../Engine/Content/Slate/Fonts/Roboto-Italic.ttf' (157K)
[2020.04.09-18.08.07:130][614]Cmd: OBJ SAVEPACKAGE PACKAGE="/Game/UI/GameplayUI" FILE="../../../../../../../Side Projects/Unreal Portfolio Invaders/PortfolioInvaders/PortInvadeProject/Content/UI/GameplayUI.uasset" SILENT=true
[2020.04.09-18.08.07:179][614]LogSavePackage: Moving '../../../../../../../Side Projects/Unreal Portfolio Invaders/PortfolioInvaders/PortInvadeProject/Saved/GameplayUI045230C44719250D7619C8AC6E365AC6.tmp' to '../../../../../../../Side Projects/Unreal Portfolio Invaders/PortfolioInvaders/PortInvadeProject/Content/UI/GameplayUI.uasset'
[2020.04.09-18.08.11:528][741]Cmd: OBJ SAVEPACKAGE PACKAGE="/Game/UI/GameplayUI" FILE="../../../../../../../Side Projects/Unreal Portfolio Invaders/PortfolioInvaders/PortInvadeProject/Content/UI/GameplayUI.uasset" SILENT=true
[2020.04.09-18.08.11:558][741]LogSavePackage: Moving '../../../../../../../Side Projects/Unreal Portfolio Invaders/PortfolioInvaders/PortInvadeProject/Saved/GameplayUI9B39D044410A7FFC13C444B342E82941.tmp' to '../../../../../../../Side Projects/Unreal Portfolio Invaders/PortfolioInvaders/PortInvadeProject/Content/UI/GameplayUI.uasset'
[2020.04.09-18.08.14:649][902]LogSlate: Window 'GameplayUI' being destroyed
[2020.04.09-18.08.18:531][270]LogActorComponent: UnregisterComponent: (/Engine/Transient.EditorFloorComp) Not registered. Aborting.
[2020.04.09-18.08.19:602][390]LogActorComponent: UnregisterComponent: (/Engine/Transient.EditorFloorComp) Not registered. Aborting.
[2020.04.09-18.08.21:527][512]BlueprintLog: New page: Compile GameplayUI
[2020.04.09-18.08.39:899][683]LogSlate: Took 0.000214 seconds to synchronously load lazily loaded font '../../../Engine/Content/Slate/Fonts/Roboto-BoldCondensedItalic.ttf' (160K)
[2020.04.09-18.08.54:634][742]Cmd: OBJ SAVEPACKAGE PACKAGE="/Game/UI/GameplayUI" FILE="../../../../../../../Side Projects/Unreal Portfolio Invaders/PortfolioInvaders/PortInvadeProject/Content/UI/GameplayUI.uasset" SILENT=true
[2020.04.09-18.08.54:667][742]LogSavePackage: Moving '../../../../../../../Side Projects/Unreal Portfolio Invaders/PortfolioInvaders/PortInvadeProject/Saved/GameplayUICB776CD449739EE2933BEE89C7F51112.tmp' to '../../../../../../../Side Projects/Unreal Portfolio Invaders/PortfolioInvaders/PortInvadeProject/Content/UI/GameplayUI.uasset'
[2020.04.09-18.08.59:857][967]Cmd: OBJ SAVEPACKAGE PACKAGE="/Game/UI/GameplayUI" FILE="../../../../../../../Side Projects/Unreal Portfolio Invaders/PortfolioInvaders/PortInvadeProject/Content/UI/GameplayUI.uasset" SILENT=true
[2020.04.09-18.08.59:937][967]LogSavePackage: Moving '../../../../../../../Side Projects/Unreal Portfolio Invaders/PortfolioInvaders/PortInvadeProject/Saved/GameplayUI8ADD74214894DB15F5B980B8A41055AF.tmp' to '../../../../../../../Side Projects/Unreal Portfolio Invaders/PortfolioInvaders/PortInvadeProject/Content/UI/GameplayUI.uasset'
[2020.04.09-18.09.03:736][115]Cmd: OBJ SAVEPACKAGE PACKAGE="/Game/UI/GameplayUI" FILE="../../../../../../../Side Projects/Unreal Portfolio Invaders/PortfolioInvaders/PortInvadeProject/Content/UI/GameplayUI.uasset" SILENT=true
[2020.04.09-18.09.03:829][115]LogSavePackage: Moving '../../../../../../../Side Projects/Unreal Portfolio Invaders/PortfolioInvaders/PortInvadeProject/Saved/GameplayUI9F6BAAE342A19D96864F89BA7CE4BDBC.tmp' to '../../../../../../../Side Projects/Unreal Portfolio Invaders/PortfolioInvaders/PortInvadeProject/Content/UI/GameplayUI.uasset'
[2020.04.09-18.09.06:248][236]BlueprintLog: New page: Compile GameplayUI
[2020.04.09-18.09.19:519][214]Cmd: OBJ SAVEPACKAGE PACKAGE="/Game/UI/GameplayUI" FILE="../../../../../../../Side Projects/Unreal Portfolio Invaders/PortfolioInvaders/PortInvadeProject/Content/UI/GameplayUI.uasset" SILENT=true
[2020.04.09-18.09.19:583][214]LogSavePackage: Moving '../../../../../../../Side Projects/Unreal Portfolio Invaders/PortfolioInvaders/PortInvadeProject/Saved/GameplayUIF8F60ABA4A0F20DA9321EBA878FFF765.tmp' to '../../../../../../../Side Projects/Unreal Portfolio Invaders/PortfolioInvaders/PortInvadeProject/Content/UI/GameplayUI.uasset'
[2020.04.09-18.09.22:346][408]BlueprintLog: New page: Compile GameplayUI
[2020.04.09-18.09.43:472][174]BlueprintLog: New page: Compile GameplayUI
[2020.04.09-18.09.51:921][846]BlueprintLog: New page: Compile GameplayUI
[2020.04.09-18.09.52:471][870]Cmd: OBJ SAVEPACKAGE PACKAGE="/Game/UI/GameplayUI" FILE="../../../../../../../Side Projects/Unreal Portfolio Invaders/PortfolioInvaders/PortInvadeProject/Content/UI/GameplayUI.uasset" SILENT=true
[2020.04.09-18.09.52:553][870]LogSavePackage: Moving '../../../../../../../Side Projects/Unreal Portfolio Invaders/PortfolioInvaders/PortInvadeProject/Saved/GameplayUI53B1EB6A46DCB2675760BFA268219187.tmp' to '../../../../../../../Side Projects/Unreal Portfolio Invaders/PortfolioInvaders/PortInvadeProject/Content/UI/GameplayUI.uasset'
[2020.04.09-18.09.59:618][300]Cmd: OBJ SAVEPACKAGE PACKAGE="/Game/UI/GameplayUI" FILE="../../../../../../../Side Projects/Unreal Portfolio Invaders/PortfolioInvaders/PortInvadeProject/Content/UI/GameplayUI.uasset" SILENT=true
[2020.04.09-18.09.59:654][300]LogSavePackage: Moving '../../../../../../../Side Projects/Unreal Portfolio Invaders/PortfolioInvaders/PortInvadeProject/Saved/GameplayUID5274D294912B9080C26B5AF866314BD.tmp' to '../../../../../../../Side Projects/Unreal Portfolio Invaders/PortfolioInvaders/PortInvadeProject/Content/UI/GameplayUI.uasset'
[2020.04.09-18.10.47:080][199]LogSavePackage: Moving '../../../../../../../Side Projects/Unreal Portfolio Invaders/PortfolioInvaders/PortInvadeProject/Saved/Minimal_DefaultD032F4634AD8570A4C5B0F9E90D6E288.tmp' to '../../../../../../../Side Projects/Unreal Portfolio Invaders/PortfolioInvaders/PortInvadeProject/Content/StarterContent/Maps/Minimal_Default.umap'
[2020.04.09-18.10.47:268][199]LogSavePackage: Moving '../../../../../../../Side Projects/Unreal Portfolio Invaders/PortfolioInvaders/PortInvadeProject/Saved/Minimal_Default_BuiltData31C20CA040D41ACBB53F1D80233223F0.tmp' to '../../../../../../../Side Projects/Unreal Portfolio Invaders/PortfolioInvaders/PortInvadeProject/Content/StarterContent/Maps/Minimal_Default_BuiltData.uasset'
[2020.04.09-18.10.53:294][380]LogEditorViewport: Clicking on Actor (LMB): StaticMeshActor (BG)
[2020.04.09-18.10.55:596][435]LogSlate: FSceneViewport::OnFocusLost() reason 0
[2020.04.09-18.11.06:653][594]LogSavePackage: Moving '../../../../../../../Side Projects/Unreal Portfolio Invaders/PortfolioInvaders/PortInvadeProject/Saved/Minimal_DefaultD944416C4FDD1C86A357B6A90CD7F3D1.tmp' to '../../../../../../../Side Projects/Unreal Portfolio Invaders/PortfolioInvaders/PortInvadeProject/Content/StarterContent/Maps/Minimal_Default.umap'
[2020.04.09-18.11.06:882][594]LogSavePackage: Moving '../../../../../../../Side Projects/Unreal Portfolio Invaders/PortfolioInvaders/PortInvadeProject/Saved/Minimal_Default_BuiltData8F0DF5F5489FE9C093A02FB238E2C469.tmp' to '../../../../../../../Side Projects/Unreal Portfolio Invaders/PortfolioInvaders/PortInvadeProject/Content/StarterContent/Maps/Minimal_Default_BuiltData.uasset'
[2020.04.09-18.11.08:438][636]LogTemp: Repeating last play command: New Editor Window (PIE)
[2020.04.09-18.11.08:499][636]LogBlueprintUserMessages: Early PlayInEditor Detection: Level '/Game/StarterContent/Maps/Minimal_Default.Minimal_Default:PersistentLevel' has LevelScriptBlueprint '/Game/StarterContent/Maps/Minimal_Default.Minimal_Default:PersistentLevel.Minimal_Default' with GeneratedClass '/Game/StarterContent/Maps/Minimal_Default.Minimal_Default_C' with ClassGeneratedBy '/Game/StarterContent/Maps/Minimal_Default.Minimal_Default:PersistentLevel.Minimal_Default'
[2020.04.09-18.11.08:499][636]LogPlayLevel: PlayLevel: No blueprints needed recompiling
[2020.04.09-18.11.08:514][636]PIE: New page: PIE session: Minimal_Default (Apr 9, 2020, 10:11:08 AM)
[2020.04.09-18.11.08:515][636]LogPlayLevel: Creating play world package: /Game/StarterContent/Maps/UEDPIE_0_Minimal_Default
[2020.04.09-18.11.08:521][636]LogPlayLevel: PIE: StaticDuplicateObject took: (0.006009s)
[2020.04.09-18.11.08:522][636]LogAIModule: Creating AISystem for world Minimal_Default
[2020.04.09-18.11.08:522][636]LogPlayLevel: PIE: World Init took: (0.001307s)
[2020.04.09-18.11.08:523][636]LogPlayLevel: PIE: Created PIE world by copying editor world from /Game/StarterContent/Maps/Minimal_Default.Minimal_Default to /Game/StarterContent/Maps/UEDPIE_0_Minimal_Default.Minimal_Default (0.007719s)
[2020.04.09-18.11.08:753][636]LogInit: XAudio2 using 'HeadPhone/Digital Output (Realtek High Definition Audio)' : 6 channels at 48 kHz using 32 bits per sample (channel mask 0x3f)
[2020.04.09-18.11.08:978][636]LogInit: FAudioDevice initialized.
[2020.04.09-18.11.09:027][636]LogSlate: Updating window title bar state: overlay mode, drag disabled, window buttons hidden, title bar hidden
[2020.04.09-18.11.09:192][636]LogLoad: Game class is 'Shoot-em-UpMode_C'
[2020.04.09-18.11.09:198][636]LogWorld: Bringing World /Game/StarterContent/Maps/UEDPIE_0_Minimal_Default.Minimal_Default up for play (max tick rate 0) at 2020.04.09-14.11.09
[2020.04.09-18.11.09:199][636]LogWorld: Bringing up level for play took: 0.004228
[2020.04.09-18.11.09:242][636]LogContentBrowser: Native class hierarchy updated for 'MovieSceneCapture' in 0.0007 seconds. Added 10 classes and 0 folders.
[2020.04.09-18.11.09:243][636]LogGameMode: Display: Match State Changed from EnteringMap to WaitingToStart
[2020.04.09-18.11.09:243][636]LogGameState: Match State Changed from EnteringMap to WaitingToStart
[2020.04.09-18.11.09:243][636]LogGameMode: Display: Match State Changed from WaitingToStart to InProgress
[2020.04.09-18.11.09:249][636]LogGameState: Match State Changed from WaitingToStart to InProgress
[2020.04.09-18.11.09:256][636]PIE: Play in editor start time for /Game/StarterContent/Maps/UEDPIE_0_Minimal_Default -0.081
[2020.04.09-18.11.09:256][636]LogBlueprintUserMessages: Late PlayInEditor Detection: Level '/Game/StarterContent/Maps/Minimal_Default.Minimal_Default:PersistentLevel' has LevelScriptBlueprint '/Game/StarterContent/Maps/Minimal_Default.Minimal_Default:PersistentLevel.Minimal_Default' with GeneratedClass '/Game/StarterContent/Maps/Minimal_Default.Minimal_Default_C' with ClassGeneratedBy '/Game/StarterContent/Maps/Minimal_Default.Minimal_Default:PersistentLevel.Minimal_Default'
[2020.04.09-18.11.09:296][636]LogRenderer: Reallocating scene render targets to support 1024x576 Format 10 NumSamples 1 (Frame:1).
[2020.04.09-18.11.10:440][655]LogBlueprintUserMessages: Early EndPlayMap Detection: Level '/Game/StarterContent/Maps/Minimal_Default.Minimal_Default:PersistentLevel' has LevelScriptBlueprint '/Game/StarterContent/Maps/Minimal_Default.Minimal_Default:PersistentLevel.Minimal_Default' with GeneratedClass '/Game/StarterContent/Maps/Minimal_Default.Minimal_Default_C' with ClassGeneratedBy '/Game/StarterContent/Maps/Minimal_Default.Minimal_Default:PersistentLevel.Minimal_Default'
[2020.04.09-18.11.10:441][655]LogSlate: Updating window title bar state: overlay mode, drag disabled, window buttons hidden, title bar hidden
[2020.04.09-18.11.10:506][655]LogSlate: Window 'PortInvadeProject Game Preview Standalone (64-bit/PCD3D_SM5)' being destroyed
[2020.04.09-18.11.10:569][655]LogPlayLevel: Display: Shutting down PIE online subsystems
[2020.04.09-18.11.10:569][655]LogBlueprintUserMessages: Late EndPlayMap Detection: Level '/Game/StarterContent/Maps/Minimal_Default.Minimal_Default:PersistentLevel' has LevelScriptBlueprint '/Game/StarterContent/Maps/Minimal_Default.Minimal_Default:PersistentLevel.Minimal_Default' with GeneratedClass '/Game/StarterContent/Maps/Minimal_Default.Minimal_Default_C' with ClassGeneratedBy '/Game/StarterContent/Maps/Minimal_Default.Minimal_Default:PersistentLevel.Minimal_Default'
[2020.04.09-18.11.10:668][656]LogPlayLevel: Display: Destroying online subsystem :Context_11
[2020.04.09-18.11.13:207][710]LogAssetEditorManager: Opening Asset editor for Blueprint /Game/Blueprints/EnemyPrefab.EnemyPrefab
[2020.04.09-18.11.15:920][792]LogTemp: Repeating last play command: New Editor Window (PIE)
[2020.04.09-18.11.15:938][792]LogBlueprintUserMessages: Early PlayInEditor Detection: Level '/Game/StarterContent/Maps/Minimal_Default.Minimal_Default:PersistentLevel' has LevelScriptBlueprint '/Game/StarterContent/Maps/Minimal_Default.Minimal_Default:PersistentLevel.Minimal_Default' with GeneratedClass '/Game/StarterContent/Maps/Minimal_Default.Minimal_Default_C' with ClassGeneratedBy '/Game/StarterContent/Maps/Minimal_Default.Minimal_Default:PersistentLevel.Minimal_Default'
[2020.04.09-18.11.15:938][792]LogPlayLevel: PlayLevel: No blueprints needed recompiling
[2020.04.09-18.11.15:938][792]PIE: New page: PIE session: Minimal_Default (Apr 9, 2020, 10:11:15 AM)
[2020.04.09-18.11.15:938][792]LogPlayLevel: Creating play world package: /Game/StarterContent/Maps/UEDPIE_0_Minimal_Default
[2020.04.09-18.11.15:941][792]LogPlayLevel: PIE: StaticDuplicateObject took: (0.002727s)
[2020.04.09-18.11.15:942][792]LogAIModule: Creating AISystem for world Minimal_Default
[2020.04.09-18.11.15:942][792]LogPlayLevel: PIE: World Init took: (0.000811s)
[2020.04.09-18.11.15:942][792]LogPlayLevel: PIE: Created PIE world by copying editor world from /Game/StarterContent/Maps/Minimal_Default.Minimal_Default to /Game/StarterContent/Maps/UEDPIE_0_Minimal_Default.Minimal_Default (0.003697s)
[2020.04.09-18.11.16:050][792]LogInit: XAudio2 using 'HeadPhone/Digital Output (Realtek High Definition Audio)' : 6 channels at 48 kHz using 32 bits per sample (channel mask 0x3f)
[2020.04.09-18.11.16:365][792]LogInit: FAudioDevice initialized.
[2020.04.09-18.11.16:419][792]LogSlate: Updating window title bar state: overlay mode, drag disabled, window buttons hidden, title bar hidden
[2020.04.09-18.11.16:586][792]LogLoad: Game class is 'Shoot-em-UpMode_C'
[2020.04.09-18.11.16:591][792]LogWorld: Bringing World /Game/StarterContent/Maps/UEDPIE_0_Minimal_Default.Minimal_Default up for play (max tick rate 0) at 2020.04.09-14.11.16
[2020.04.09-18.11.16:592][792]LogWorld: Bringing up level for play took: 0.003331
[2020.04.09-18.11.16:608][792]LogGameMode: FindPlayerStart: PATHS NOT DEFINED or NO PLAYERSTART with positive rating
[2020.04.09-18.11.16:610][792]LogGameMode: Display: Match State Changed from EnteringMap to WaitingToStart
[2020.04.09-18.11.16:610][792]LogGameState: Match State Changed from EnteringMap to WaitingToStart
[2020.04.09-18.11.16:610][792]LogGameMode: Display: Match State Changed from WaitingToStart to InProgress
[2020.04.09-18.11.16:616][792]LogGameState: Match State Changed from WaitingToStart to InProgress
[2020.04.09-18.11.16:623][792]PIE: Play in editor start time for /Game/StarterContent/Maps/UEDPIE_0_Minimal_Default 1.286
[2020.04.09-18.11.16:624][792]LogBlueprintUserMessages: Late PlayInEditor Detection: Level '/Game/StarterContent/Maps/Minimal_Default.Minimal_Default:PersistentLevel' has LevelScriptBlueprint '/Game/StarterContent/Maps/Minimal_Default.Minimal_Default:PersistentLevel.Minimal_Default' with GeneratedClass '/Game/StarterContent/Maps/Minimal_Default.Minimal_Default_C' with ClassGeneratedBy '/Game/StarterContent/Maps/Minimal_Default.Minimal_Default:PersistentLevel.Minimal_Default'
[2020.04.09-18.11.31:102][224]LogBlueprintUserMessages: [PlayerShipPawn_C_0] Fire Shot
[2020.04.09-18.11.32:368][262]LogBlueprintUserMessages: Early EndPlayMap Detection: Level '/Game/StarterContent/Maps/Minimal_Default.Minimal_Default:PersistentLevel' has LevelScriptBlueprint '/Game/StarterContent/Maps/Minimal_Default.Minimal_Default:PersistentLevel.Minimal_Default' with GeneratedClass '/Game/StarterContent/Maps/Minimal_Default.Minimal_Default_C' with ClassGeneratedBy '/Game/StarterContent/Maps/Minimal_Default.Minimal_Default:PersistentLevel.Minimal_Default'
[2020.04.09-18.11.32:369][262]LogSlate: Updating window title bar state: overlay mode, drag disabled, window buttons hidden, title bar hidden
[2020.04.09-18.11.32:422][262]LogSlate: Window 'PortInvadeProject Game Preview Standalone (64-bit/PCD3D_SM5)' being destroyed
[2020.04.09-18.11.32:488][262]LogPlayLevel: Display: Shutting down PIE online subsystems
[2020.04.09-18.11.32:489][262]LogBlueprintUserMessages: Late EndPlayMap Detection: Level '/Game/StarterContent/Maps/Minimal_Default.Minimal_Default:PersistentLevel' has LevelScriptBlueprint '/Game/StarterContent/Maps/Minimal_Default.Minimal_Default:PersistentLevel.Minimal_Default' with GeneratedClass '/Game/StarterContent/Maps/Minimal_Default.Minimal_Default_C' with ClassGeneratedBy '/Game/StarterContent/Maps/Minimal_Default.Minimal_Default:PersistentLevel.Minimal_Default'
[2020.04.09-18.11.32:684][263]LogPlayLevel: Display: Destroying online subsystem :Context_13
[2020.04.09-18.11.34:290][322]LogSavePackage: Moving '../../../../../../../Side Projects/Unreal Portfolio Invaders/PortfolioInvaders/PortInvadeProject/Saved/EnemyPrefabC879DAD84D10083267C1628E294ED099.tmp' to '../../../../../../../Side Projects/Unreal Portfolio Invaders/PortfolioInvaders/PortInvadeProject/Content/Blueprints/EnemyPrefab.uasset'
[2020.04.09-18.11.43:442][764]LogSavePackage: Moving '../../../../../../../Side Projects/Unreal Portfolio Invaders/PortfolioInvaders/PortInvadeProject/Saved/EnemyPrefab1D5B3A1B41021AC7BDD1148222096811.tmp' to '../../../../../../../Side Projects/Unreal Portfolio Invaders/PortfolioInvaders/PortInvadeProject/Content/Blueprints/EnemyPrefab.uasset'
[2020.04.09-18.11.53:642][441]LogSavePackage: Moving '../../../../../../../Side Projects/Unreal Portfolio Invaders/PortfolioInvaders/PortInvadeProject/Saved/EnemyPrefab63C54CBF44E4915534CBA3AA6A315599.tmp' to '../../../../../../../Side Projects/Unreal Portfolio Invaders/PortfolioInvaders/PortInvadeProject/Content/Blueprints/EnemyPrefab.uasset'
[2020.04.09-18.12.11:125][105]BlueprintLog: New page: Compile EnemyPrefab
[2020.04.09-18.12.38:330][466]BlueprintLog: New page: Compile EnemyPrefab
[2020.04.09-18.12.40:390][534]LogSavePackage: Moving '../../../../../../../Side Projects/Unreal Portfolio Invaders/PortfolioInvaders/PortInvadeProject/Saved/EnemyPrefabE63F6C7241A0A30511AD34AF30D9D2B8.tmp' to '../../../../../../../Side Projects/Unreal Portfolio Invaders/PortfolioInvaders/PortInvadeProject/Content/Blueprints/EnemyPrefab.uasset'
[2020.04.09-18.18.55:322][ 48]LogSavePackage: Moving '../../../../../../../Side Projects/Unreal Portfolio Invaders/PortfolioInvaders/PortInvadeProject/Saved/EnemyPrefab87A4BF034F128904A9D4D9811715F588.tmp' to '../../../../../../../Side Projects/Unreal Portfolio Invaders/PortfolioInvaders/PortInvadeProject/Content/Blueprints/EnemyPrefab.uasset'
[2020.04.09-18.18.56:171][ 82]BlueprintLog: New page: Compile EnemyPrefab
[2020.04.09-18.19.11:167][734]BlueprintLog: New page: Compile EnemyPrefab
[2020.04.09-18.19.12:061][746]LogSavePackage: Moving '../../../../../../../Side Projects/Unreal Portfolio Invaders/PortfolioInvaders/PortInvadeProject/Saved/EnemyPrefab55F065344B8C736235F3719142E2028E.tmp' to '../../../../../../../Side Projects/Unreal Portfolio Invaders/PortfolioInvaders/PortInvadeProject/Content/Blueprints/EnemyPrefab.uasset'
[2020.04.09-18.19.20:138][ 83]LogSavePackage: Moving '../../../../../../../Side Projects/Unreal Portfolio Invaders/PortfolioInvaders/PortInvadeProject/Saved/EnemyPrefabB54A3FF741EC1B59208648BD7C9FC6D1.tmp' to '../../../../../../../Side Projects/Unreal Portfolio Invaders/PortfolioInvaders/PortInvadeProject/Content/Blueprints/EnemyPrefab.uasset'
[2020.04.09-18.19.22:862][173]LogSavePackage: Moving '../../../../../../../Side Projects/Unreal Portfolio Invaders/PortfolioInvaders/PortInvadeProject/Saved/Minimal_Default7F68750B403930F94A930E8B1F2060DB.tmp' to '../../../../../../../Side Projects/Unreal Portfolio Invaders/PortfolioInvaders/PortInvadeProject/Content/StarterContent/Maps/Minimal_Default.umap'
[2020.04.09-18.19.23:026][173]LogSavePackage: Moving '../../../../../../../Side Projects/Unreal Portfolio Invaders/PortfolioInvaders/PortInvadeProject/Saved/Minimal_Default_BuiltData2FE4E81246D11AD725FA029EA892E0DF.tmp' to '../../../../../../../Side Projects/Unreal Portfolio Invaders/PortfolioInvaders/PortInvadeProject/Content/StarterContent/Maps/Minimal_Default_BuiltData.uasset'
[2020.04.09-18.20.07:622][864]LogSavePackage: Moving '../../../../../../../Side Projects/Unreal Portfolio Invaders/PortfolioInvaders/PortInvadeProject/Saved/EnemyPrefabEB6620B843786D6B688C0C872D201BC0.tmp' to '../../../../../../../Side Projects/Unreal Portfolio Invaders/PortfolioInvaders/PortInvadeProject/Content/Blueprints/EnemyPrefab.uasset'
[2020.04.09-18.20.22:450][237]BlueprintLog: New page: Compile EnemyPrefab
[2020.04.09-18.20.23:915][287]LogSavePackage: Moving '../../../../../../../Side Projects/Unreal Portfolio Invaders/PortfolioInvaders/PortInvadeProject/Saved/EnemyPrefab34346EA04DF327D2AFEC8BB3AD2E5BE8.tmp' to '../../../../../../../Side Projects/Unreal Portfolio Invaders/PortfolioInvaders/PortInvadeProject/Content/Blueprints/EnemyPrefab.uasset'
[2020.04.09-18.20.40:080][773]LogSavePackage: Moving '../../../../../../../Side Projects/Unreal Portfolio Invaders/PortfolioInvaders/PortInvadeProject/Saved/EnemyPrefab32AD2B6E4001B9843AB2E1A8678EB6B1.tmp' to '../../../../../../../Side Projects/Unreal Portfolio Invaders/PortfolioInvaders/PortInvadeProject/Content/Blueprints/EnemyPrefab.uasset'
[2020.04.09-18.20.57:705][395]LogSavePackage: Moving '../../../../../../../Side Projects/Unreal Portfolio Invaders/PortfolioInvaders/PortInvadeProject/Saved/EnemyPrefab1AD8D34E4D0B91A6CFF230A896460A1C.tmp' to '../../../../../../../Side Projects/Unreal Portfolio Invaders/PortfolioInvaders/PortInvadeProject/Content/Blueprints/EnemyPrefab.uasset'
[2020.04.09-18.21.28:466][691]LogSavePackage: Moving '../../../../../../../Side Projects/Unreal Portfolio Invaders/PortfolioInvaders/PortInvadeProject/Saved/EnemyPrefab837C3D624378CAE4A5B055BFF11B2028.tmp' to '../../../../../../../Side Projects/Unreal Portfolio Invaders/PortfolioInvaders/PortInvadeProject/Content/Blueprints/EnemyPrefab.uasset'
[2020.04.09-18.21.35:820][  1]LogSavePackage: Moving '../../../../../../../Side Projects/Unreal Portfolio Invaders/PortfolioInvaders/PortInvadeProject/Saved/EnemyPrefab0D62A75845269D16838C048E7EBEC4D8.tmp' to '../../../../../../../Side Projects/Unreal Portfolio Invaders/PortfolioInvaders/PortInvadeProject/Content/Blueprints/EnemyPrefab.uasset'
[2020.04.09-18.21.39:275][139]LogSavePackage: Moving '../../../../../../../Side Projects/Unreal Portfolio Invaders/PortfolioInvaders/PortInvadeProject/Saved/EnemyPrefabFBC0727D43801F67F500048F95D752B0.tmp' to '../../../../../../../Side Projects/Unreal Portfolio Invaders/PortfolioInvaders/PortInvadeProject/Content/Blueprints/EnemyPrefab.uasset'
[2020.04.09-18.21.39:930][163]BlueprintLog: New page: Compile EnemyPrefab
[2020.04.09-18.21.41:904][242]LogSavePackage: Moving '../../../../../../../Side Projects/Unreal Portfolio Invaders/PortfolioInvaders/PortInvadeProject/Saved/EnemyPrefab29DBDA4D4617A77A43233DBD3DDE343F.tmp' to '../../../../../../../Side Projects/Unreal Portfolio Invaders/PortfolioInvaders/PortInvadeProject/Content/Blueprints/EnemyPrefab.uasset'
[2020.04.09-18.21.51:166][712]LogSavePackage: Moving '../../../../../../../Side Projects/Unreal Portfolio Invaders/PortfolioInvaders/PortInvadeProject/Saved/EnemyPrefabDBEB8F604512C679B6E45BB4942CBF62.tmp' to '../../../../../../../Side Projects/Unreal Portfolio Invaders/PortfolioInvaders/PortInvadeProject/Content/Blueprints/EnemyPrefab.uasset'
[2020.04.09-18.21.58:621][ 51]LogSavePackage: Moving '../../../../../../../Side Projects/Unreal Portfolio Invaders/PortfolioInvaders/PortInvadeProject/Saved/EnemyPrefabFB1FDF004027E6B930E955AD8305E231.tmp' to '../../../../../../../Side Projects/Unreal Portfolio Invaders/PortfolioInvaders/PortInvadeProject/Content/Blueprints/EnemyPrefab.uasset'
[2020.04.09-18.22.12:832][599]LogSavePackage: Moving '../../../../../../../Side Projects/Unreal Portfolio Invaders/PortfolioInvaders/PortInvadeProject/Saved/EnemyPrefabAA48240B456996D0A97339BD98C52A4D.tmp' to '../../../../../../../Side Projects/Unreal Portfolio Invaders/PortfolioInvaders/PortInvadeProject/Content/Blueprints/EnemyPrefab.uasset'
[2020.04.09-18.22.13:240][612]BlueprintLog: New page: Compile EnemyPrefab
[2020.04.09-18.22.17:134][750]LogSavePackage: Moving '../../../../../../../Side Projects/Unreal Portfolio Invaders/PortfolioInvaders/PortInvadeProject/Saved/EnemyPrefabC9F2284D45AABE7C92EDD7B7503E9C4C.tmp' to '../../../../../../../Side Projects/Unreal Portfolio Invaders/PortfolioInvaders/PortInvadeProject/Content/Blueprints/EnemyPrefab.uasset'
[2020.04.09-18.22.20:955][939]LogSavePackage: Moving '../../../../../../../Side Projects/Unreal Portfolio Invaders/PortfolioInvaders/PortInvadeProject/Saved/EnemyPrefab2B42CEFA4071417DC03AB5AE9B153927.tmp' to '../../../../../../../Side Projects/Unreal Portfolio Invaders/PortfolioInvaders/PortInvadeProject/Content/Blueprints/EnemyPrefab.uasset'
[2020.04.09-18.22.35:350][736]LogTemp: Repeating last play command: New Editor Window (PIE)
[2020.04.09-18.22.35:378][736]LogBlueprintUserMessages: Early PlayInEditor Detection: Level '/Game/StarterContent/Maps/Minimal_Default.Minimal_Default:PersistentLevel' has LevelScriptBlueprint '/Game/StarterContent/Maps/Minimal_Default.Minimal_Default:PersistentLevel.Minimal_Default' with GeneratedClass '/Game/StarterContent/Maps/Minimal_Default.Minimal_Default_C' with ClassGeneratedBy '/Game/StarterContent/Maps/Minimal_Default.Minimal_Default:PersistentLevel.Minimal_Default'
[2020.04.09-18.22.35:378][736]LogPlayLevel: PlayLevel: No blueprints needed recompiling
[2020.04.09-18.22.35:378][736]PIE: New page: PIE session: Minimal_Default (Apr 9, 2020, 10:22:35 AM)
[2020.04.09-18.22.35:378][736]LogPlayLevel: Creating play world package: /Game/StarterContent/Maps/UEDPIE_0_Minimal_Default
[2020.04.09-18.22.35:382][736]LogPlayLevel: PIE: StaticDuplicateObject took: (0.003487s)
[2020.04.09-18.22.35:383][736]LogAIModule: Creating AISystem for world Minimal_Default
[2020.04.09-18.22.35:383][736]LogPlayLevel: PIE: World Init took: (0.001042s)
[2020.04.09-18.22.35:383][736]LogPlayLevel: PIE: Created PIE world by copying editor world from /Game/StarterContent/Maps/Minimal_Default.Minimal_Default to /Game/StarterContent/Maps/UEDPIE_0_Minimal_Default.Minimal_Default (0.004747s)
[2020.04.09-18.22.35:553][736]LogInit: XAudio2 using 'HeadPhone/Digital Output (Realtek High Definition Audio)' : 6 channels at 48 kHz using 32 bits per sample (channel mask 0x3f)
[2020.04.09-18.22.35:972][736]LogInit: FAudioDevice initialized.
[2020.04.09-18.22.36:028][736]LogSlate: Updating window title bar state: overlay mode, drag disabled, window buttons hidden, title bar hidden
[2020.04.09-18.22.36:179][736]LogLoad: Game class is 'Shoot-em-UpMode_C'
[2020.04.09-18.22.36:185][736]LogWorld: Bringing World /Game/StarterContent/Maps/UEDPIE_0_Minimal_Default.Minimal_Default up for play (max tick rate 60) at 2020.04.09-14.22.36
[2020.04.09-18.22.36:187][736]LogWorld: Bringing up level for play took: 0.004497
[2020.04.09-18.22.36:203][736]LogGameMode: FindPlayerStart: PATHS NOT DEFINED or NO PLAYERSTART with positive rating
[2020.04.09-18.22.36:205][736]LogGameMode: Display: Match State Changed from EnteringMap to WaitingToStart
[2020.04.09-18.22.36:205][736]LogGameState: Match State Changed from EnteringMap to WaitingToStart
[2020.04.09-18.22.36:205][736]LogGameMode: Display: Match State Changed from WaitingToStart to InProgress
[2020.04.09-18.22.36:211][736]LogGameState: Match State Changed from WaitingToStart to InProgress
[2020.04.09-18.22.36:216][736]PIE: Play in editor start time for /Game/StarterContent/Maps/UEDPIE_0_Minimal_Default 0.879
[2020.04.09-18.22.36:217][736]LogBlueprintUserMessages: Late PlayInEditor Detection: Level '/Game/StarterContent/Maps/Minimal_Default.Minimal_Default:PersistentLevel' has LevelScriptBlueprint '/Game/StarterContent/Maps/Minimal_Default.Minimal_Default:PersistentLevel.Minimal_Default' with GeneratedClass '/Game/StarterContent/Maps/Minimal_Default.Minimal_Default_C' with ClassGeneratedBy '/Game/StarterContent/Maps/Minimal_Default.Minimal_Default:PersistentLevel.Minimal_Default'
[2020.04.09-18.22.37:872][784]LogBlueprintUserMessages: [PlayerShipPawn_C_0] Fire Shot
[2020.04.09-18.22.40:305][857]LogBlueprintUserMessages: Early EndPlayMap Detection: Level '/Game/StarterContent/Maps/Minimal_Default.Minimal_Default:PersistentLevel' has LevelScriptBlueprint '/Game/StarterContent/Maps/Minimal_Default.Minimal_Default:PersistentLevel.Minimal_Default' with GeneratedClass '/Game/StarterContent/Maps/Minimal_Default.Minimal_Default_C' with ClassGeneratedBy '/Game/StarterContent/Maps/Minimal_Default.Minimal_Default:PersistentLevel.Minimal_Default'
[2020.04.09-18.22.40:306][857]LogSlate: Updating window title bar state: overlay mode, drag disabled, window buttons hidden, title bar hidden
[2020.04.09-18.22.40:371][857]LogSlate: Window 'PortInvadeProject Game Preview Standalone (64-bit/PCD3D_SM5)' being destroyed
[2020.04.09-18.22.40:452][857]LogPlayLevel: Display: Shutting down PIE online subsystems
[2020.04.09-18.22.40:453][857]LogBlueprintUserMessages: Late EndPlayMap Detection: Level '/Game/StarterContent/Maps/Minimal_Default.Minimal_Default:PersistentLevel' has LevelScriptBlueprint '/Game/StarterContent/Maps/Minimal_Default.Minimal_Default:PersistentLevel.Minimal_Default' with GeneratedClass '/Game/StarterContent/Maps/Minimal_Default.Minimal_Default_C' with ClassGeneratedBy '/Game/StarterContent/Maps/Minimal_Default.Minimal_Default:PersistentLevel.Minimal_Default'
[2020.04.09-18.22.40:617][858]LogPlayLevel: Display: Destroying online subsystem :Context_14
[2020.04.09-18.22.44:022][ 37]LogSavePackage: Moving '../../../../../../../Side Projects/Unreal Portfolio Invaders/PortfolioInvaders/PortInvadeProject/Saved/EnemyPrefabF4AE32AA4FE020C08BBEFF8997B62E21.tmp' to '../../../../../../../Side Projects/Unreal Portfolio Invaders/PortfolioInvaders/PortInvadeProject/Content/Blueprints/EnemyPrefab.uasset'
[2020.04.09-18.23.06:274][ 64]LogSavePackage: Moving '../../../../../../../Side Projects/Unreal Portfolio Invaders/PortfolioInvaders/PortInvadeProject/Saved/EnemyPrefabDFF6D9C04237A8812AA910A2D9961799.tmp' to '../../../../../../../Side Projects/Unreal Portfolio Invaders/PortfolioInvaders/PortInvadeProject/Content/Blueprints/EnemyPrefab.uasset'
[2020.04.09-18.29.28:664][260]LogSavePackage: Moving '../../../../../../../Side Projects/Unreal Portfolio Invaders/PortfolioInvaders/PortInvadeProject/Saved/Minimal_Default_Auto191F097064F23B83C37EC7F981B65A81C.tmp' to '../../../../../../../Side Projects/Unreal Portfolio Invaders/PortfolioInvaders/PortInvadeProject/Saved/Autosaves/Game/StarterContent/Maps/Minimal_Default_Auto1.umap'
[2020.04.09-18.29.28:675][260]LogFileHelpers: Editor autosave (incl. sublevels) for '/Game/StarterContent/Maps/Minimal_Default' took 0.766
[2020.04.09-18.29.28:675][260]LogFileHelpers: Editor autosave (incl. sublevels) for all levels took 0.766
[2020.04.09-18.36.04:277][708]LogSavePackage: Moving '../../../../../../../Side Projects/Unreal Portfolio Invaders/PortfolioInvaders/PortInvadeProject/Saved/Minimal_Default8A3A39D142E10908E48748B34A0C55E3.tmp' to '../../../../../../../Side Projects/Unreal Portfolio Invaders/PortfolioInvaders/PortInvadeProject/Content/StarterContent/Maps/Minimal_Default.umap'
[2020.04.09-18.36.04:533][708]LogSavePackage: Moving '../../../../../../../Side Projects/Unreal Portfolio Invaders/PortfolioInvaders/PortInvadeProject/Saved/Minimal_Default_BuiltDataC397236D427F2E08713B4BB0C44CAB51.tmp' to '../../../../../../../Side Projects/Unreal Portfolio Invaders/PortfolioInvaders/PortInvadeProject/Content/StarterContent/Maps/Minimal_Default_BuiltData.uasset'
[2020.04.09-18.36.29:026][499]LogSavePackage: Moving '../../../../../../../Side Projects/Unreal Portfolio Invaders/PortfolioInvaders/PortInvadeProject/Saved/Minimal_DefaultA52EA6144065B94AFBCF7F9C71BF1518.tmp' to '../../../../../../../Side Projects/Unreal Portfolio Invaders/PortfolioInvaders/PortInvadeProject/Content/StarterContent/Maps/Minimal_Default.umap'
[2020.04.09-18.36.29:122][499]LogSavePackage: Moving '../../../../../../../Side Projects/Unreal Portfolio Invaders/PortfolioInvaders/PortInvadeProject/Saved/Minimal_Default_BuiltData727CF5B147A223ED35ECC98865E1D1EF.tmp' to '../../../../../../../Side Projects/Unreal Portfolio Invaders/PortfolioInvaders/PortInvadeProject/Content/StarterContent/Maps/Minimal_Default_BuiltData.uasset'
[2020.04.09-18.36.36:710][125]LogSlate: FSceneViewport::OnFocusLost() reason 2
[2020.04.09-18.36.40:221][218]LogSavePackage: Moving '../../../../../../../Side Projects/Unreal Portfolio Invaders/PortfolioInvaders/PortInvadeProject/Saved/Minimal_DefaultFA2F80E740135423B484799FC7820656.tmp' to '../../../../../../../Side Projects/Unreal Portfolio Invaders/PortfolioInvaders/PortInvadeProject/Content/StarterContent/Maps/Minimal_Default.umap'
[2020.04.09-18.36.40:331][218]LogSavePackage: Moving '../../../../../../../Side Projects/Unreal Portfolio Invaders/PortfolioInvaders/PortInvadeProject/Saved/Minimal_Default_BuiltData83D9BEB84E869E302D928FA04D49E145.tmp' to '../../../../../../../Side Projects/Unreal Portfolio Invaders/PortfolioInvaders/PortInvadeProject/Content/StarterContent/Maps/Minimal_Default_BuiltData.uasset'
[2020.04.09-18.36.49:139][247]LogSlate: Window 'PortInvadeProject - Unreal Editor' being destroyed
[2020.04.09-18.36.49:144][247]LogWindowsTextInputMethodSystem: Display: IME system now deactivated.
[2020.04.09-18.36.49:475][248]Cmd: QUIT_EDITOR
[2020.04.09-18.36.50:449][248]LogExit: Preparing to exit.
[2020.04.09-18.36.51:593][248]LogExit: Editor shut down
[2020.04.09-18.36.51:594][248]LogExit: Transaction tracking system shut down
[2020.04.09-18.36.52:208][248]LogExit: Object subsystem successfully closed.
[2020.04.09-18.36.52:228][248]LogShaderCompilers: Display: Shaders left to compile 0
[2020.04.09-18.36.52:233][248]LogD3D11RHI: Shutdown
[2020.04.09-18.36.52:234][248]LogD3D11RHI: CleanupD3DDevice
[2020.04.09-18.36.52:236][248]LogD3D11RHI: ~FD3D11DynamicRHI
[2020.04.09-18.36.52:251][248]LogModuleManager: Shutting down and abandoning module MovieSceneCapture (620)
[2020.04.09-18.36.52:251][248]LogModuleManager: Shutting down and abandoning module Voice (618)
[2020.04.09-18.36.52:251][248]LogModuleManager: Shutting down and abandoning module SequencerWidgets (616)
[2020.04.09-18.36.52:251][248]LogModuleManager: Shutting down and abandoning module BlueprintGraph (614)
[2020.04.09-18.36.52:251][248]LogModuleManager: Shutting down and abandoning module HierarchicalLODOutliner (612)
[2020.04.09-18.36.52:251][248]LogModuleManager: Shutting down and abandoning module ExternalImagePicker (610)
[2020.04.09-18.36.52:251][248]LogModuleManager: Shutting down and abandoning module SceneOutliner (608)
[2020.04.09-18.36.52:251][248]LogModuleManager: Shutting down and abandoning module AddContentDialog (606)
[2020.04.09-18.36.52:252][248]LogModuleManager: Shutting down and abandoning module WidgetCarousel (605)
[2020.04.09-18.36.52:252][248]LogModuleManager: Shutting down and abandoning module EditorWidgets (602)
[2020.04.09-18.36.52:252][248]LogModuleManager: Shutting down and abandoning module CollectionManager (600)
[2020.04.09-18.36.52:252][248]LogModuleManager: Shutting down and abandoning module StatsViewer (598)
[2020.04.09-18.36.52:252][248]LogModuleManager: Shutting down and abandoning module FoliageEdit (596)
[2020.04.09-18.36.52:252][248]LogModuleManager: Shutting down and abandoning module LandscapeEditor (594)
[2020.04.09-18.36.52:252][248]LogModuleManager: Shutting down and abandoning module MeshPaintMode (592)
[2020.04.09-18.36.52:252][248]LogModuleManager: Shutting down and abandoning module SceneDepthPickerMode (590)
[2020.04.09-18.36.52:252][248]LogModuleManager: Shutting down and abandoning module ActorPickerMode (588)
[2020.04.09-18.36.52:253][248]LogModuleManager: Shutting down and abandoning module GeometryMode (586)
[2020.04.09-18.36.52:253][248]LogModuleManager: Shutting down and abandoning module TextureAlignMode (584)
[2020.04.09-18.36.52:253][248]LogModuleManager: Shutting down and abandoning module BspMode (582)
[2020.04.09-18.36.52:253][248]LogModuleManager: Shutting down and abandoning module PIEPreviewDeviceProfileSelector (580)
[2020.04.09-18.36.52:253][248]LogModuleManager: Shutting down and abandoning module SequenceRecorderSections (578)
[2020.04.09-18.36.52:253][248]LogModuleManager: Shutting down and abandoning module AutomationWorker (576)
[2020.04.09-18.36.52:253][248]LogModuleManager: Shutting down and abandoning module AudioCaptureEditor (574)
[2020.04.09-18.36.52:253][248]LogModuleManager: Shutting down and abandoning module SequenceRecorder (573)
[2020.04.09-18.36.52:253][248]LogModuleManager: Shutting down and abandoning module MatineeToLevelSequence (570)
[2020.04.09-18.36.52:253][248]LogModuleManager: Shutting down and abandoning module LevelSequenceEditor (568)
[2020.04.09-18.36.52:253][248]LogModuleManager: Shutting down and abandoning module PlacementMode (567)
[2020.04.09-18.36.52:253][248]LogModuleManager: Shutting down and abandoning module MaterialEditor (566)
[2020.04.09-18.36.52:253][248]LogModuleManager: Shutting down and abandoning module WmfMediaFactory (562)
[2020.04.09-18.36.52:253][248]LogModuleManager: Shutting down and abandoning module WmfMediaEditor (560)
[2020.04.09-18.36.52:253][248]LogModuleManager: Shutting down and abandoning module MediaPlayerEditor (558)
[2020.04.09-18.36.52:253][248]LogModuleManager: Shutting down and abandoning module OpenExrWrapper (556)
[2020.04.09-18.36.52:253][248]LogModuleManager: Shutting down and abandoning module ImgMediaFactory (554)
[2020.04.09-18.36.52:253][248]LogModuleManager: Shutting down and abandoning module ImgMediaEditor (552)
[2020.04.09-18.36.52:253][248]LogModuleManager: Shutting down and abandoning module AvfMediaFactory (550)
[2020.04.09-18.36.52:253][248]LogModuleManager: Shutting down and abandoning module AvfMediaEditor (548)
[2020.04.09-18.36.52:253][248]LogModuleManager: Shutting down and abandoning module AndroidMediaFactory (546)
[2020.04.09-18.36.52:253][248]LogModuleManager: Shutting down and abandoning module AndroidMediaEditor (544)
[2020.04.09-18.36.52:253][248]LogModuleManager: Shutting down and abandoning module MagicLeapCameraPreviewFactory (542)
[2020.04.09-18.36.52:253][248]LogModuleManager: Shutting down and abandoning module MagicLeapMediaFactory (540)
[2020.04.09-18.36.52:253][248]LogModuleManager: Shutting down and abandoning module MagicLeapMediaEditor (538)
[2020.04.09-18.36.52:253][248]LogModuleManager: Shutting down and abandoning module CharacterAI (536)
[2020.04.09-18.36.52:253][248]LogModuleManager: Shutting down and abandoning module SmartSnapping (534)
[2020.04.09-18.36.52:254][248]LogModuleManager: Shutting down and abandoning module SessionServices (532)
[2020.04.09-18.36.52:254][248]LogModuleManager: Shutting down and abandoning module ViewportSnapping (530)
[2020.04.09-18.36.52:254][248]LogModuleManager: Shutting down and abandoning module ViewportInteraction (528)
[2020.04.09-18.36.52:254][248]LogModuleManager: Shutting down and abandoning module ClothPainter (526)
[2020.04.09-18.36.52:254][248]LogModuleManager: Shutting down and abandoning module SkeletalMeshEditor (525)
[2020.04.09-18.36.52:254][248]LogModuleManager: Shutting down and abandoning module LogVisualizer (522)
[2020.04.09-18.36.52:254][248]LogModuleManager: Shutting down and abandoning module IntroTutorials (520)
[2020.04.09-18.36.52:254][248]LogModuleManager: Shutting down and abandoning module GameProjectGeneration (519)
[2020.04.09-18.36.52:254][248]LogModuleManager: Shutting down and abandoning module LuminPlatformEditor (516)
[2020.04.09-18.36.52:254][248]LogModuleManager: Shutting down and abandoning module IOSPlatformEditor (514)
[2020.04.09-18.36.52:254][248]LogModuleManager: Shutting down and abandoning module HTML5PlatformEditor (512)
[2020.04.09-18.36.52:254][248]LogModuleManager: Shutting down and abandoning module AndroidPlatformEditor (510)
[2020.04.09-18.36.52:254][248]LogModuleManager: Shutting down and abandoning module AndroidDeviceDetection (509)
[2020.04.09-18.36.53:773][248]LogModuleManager: Shutting down and abandoning module WindowsPlatformEditor (506)
[2020.04.09-18.36.53:773][248]LogModuleManager: Shutting down and abandoning module LuminRuntimeSettings (504)
[2020.04.09-18.36.53:774][248]LogModuleManager: Shutting down and abandoning module IOSRuntimeSettings (502)
[2020.04.09-18.36.53:774][248]LogModuleManager: Shutting down and abandoning module AndroidRuntimeSettings (500)
[2020.04.09-18.36.53:774][248]LogModuleManager: Shutting down and abandoning module InputBindingEditor (498)
[2020.04.09-18.36.53:774][248]LogModuleManager: Shutting down and abandoning module MergeActors (496)
[2020.04.09-18.36.53:774][248]LogModuleManager: Shutting down and abandoning module LocalizationDashboard (494)
[2020.04.09-18.36.53:774][248]LogModuleManager: Shutting down and abandoning module LocalizationService (493)
[2020.04.09-18.36.53:774][248]LogModuleManager: Shutting down and abandoning module HardwareTargeting (490)
[2020.04.09-18.36.53:774][248]LogModuleManager: Shutting down and abandoning module DeviceProfileEditor (488)
[2020.04.09-18.36.53:774][248]LogModuleManager: Shutting down and abandoning module UndoHistory (486)
[2020.04.09-18.36.53:774][248]LogModuleManager: Shutting down and abandoning module XmlParser (484)
[2020.04.09-18.36.53:775][248]LogModuleManager: Shutting down and abandoning module Blutility (482)
[2020.04.09-18.36.53:775][248]LogModuleManager: Shutting down and abandoning module ProjectSettingsViewer (480)
[2020.04.09-18.36.53:775][248]LogModuleManager: Shutting down and abandoning module ProjectTargetPlatformEditor (479)
[2020.04.09-18.36.53:775][248]LogModuleManager: Shutting down and abandoning module EditorSettingsViewer (476)
[2020.04.09-18.36.53:775][248]LogModuleManager: Shutting down and abandoning module SettingsEditor (474)
[2020.04.09-18.36.53:775][248]LogModuleManager: Shutting down and abandoning module ProjectLauncher (472)
[2020.04.09-18.36.53:775][248]LogModuleManager: Shutting down and abandoning module SessionFrontend (470)
[2020.04.09-18.36.53:776][248]LogModuleManager: Shutting down and abandoning module ProfilerClient (468)
[2020.04.09-18.36.53:776][248]LogModuleManager: Shutting down and abandoning module DeviceManager (466)
[2020.04.09-18.36.53:776][248]LogModuleManager: Shutting down and abandoning module TargetDeviceServices (465)
[2020.04.09-18.36.53:842][248]LogModuleManager: Shutting down and abandoning module AutomationController (462)
[2020.04.09-18.36.53:842][248]LogModuleManager: Shutting down and abandoning module AutomationWindow (460)
[2020.04.09-18.36.53:842][248]LogModuleManager: Shutting down and abandoning module Layers (458)
[2020.04.09-18.36.53:842][248]LogModuleManager: Shutting down and abandoning module ComponentVisualizers (456)
[2020.04.09-18.36.53:842][248]LogModuleManager: Shutting down and abandoning module DetailCustomizations (454)
[2020.04.09-18.36.53:843][248]LogModuleManager: Shutting down and abandoning module PackagesDialog (452)
[2020.04.09-18.36.53:843][248]LogModuleManager: Shutting down and abandoning module Persona (450)
[2020.04.09-18.36.53:843][248]LogModuleManager: Shutting down and abandoning module AdvancedPreviewScene (449)
[2020.04.09-18.36.53:843][248]LogModuleManager: Shutting down and abandoning module AnimGraph (447)
[2020.04.09-18.36.53:844][248]LogModuleManager: Shutting down and abandoning module Kismet (444)
[2020.04.09-18.36.53:855][248]LogModuleManager: Shutting down and abandoning module GraphEditor (442)
[2020.04.09-18.36.53:856][248]LogModuleManager: Shutting down and abandoning module ClassViewer (440)
[2020.04.09-18.36.53:856][248]LogModuleManager: Shutting down and abandoning module Toolbox (438)
[2020.04.09-18.36.53:856][248]LogModuleManager: Shutting down and abandoning module ModuleUI (436)
[2020.04.09-18.36.53:856][248]LogModuleManager: Shutting down and abandoning module MovieSceneTools (434)
[2020.04.09-18.36.53:856][248]LogModuleManager: Shutting down and abandoning module OutputLog (432)
[2020.04.09-18.36.53:856][248]LogModuleManager: Shutting down and abandoning module GammaUI (430)
[2020.04.09-18.36.53:856][248]LogModuleManager: Shutting down and abandoning module Documentation (428)
[2020.04.09-18.36.53:857][248]LogModuleManager: Shutting down and abandoning module MovieSceneTracks (426)
[2020.04.09-18.36.53:857][248]LogModuleManager: Shutting down and abandoning module MovieScene (424)
[2020.04.09-18.36.53:857][248]LogModuleManager: Shutting down and abandoning module StreamingPauseRendering (422)
[2020.04.09-18.36.53:857][248]LogModuleManager: Shutting down and abandoning module LauncherPlatform (420)
[2020.04.09-18.36.53:857][248]LogModuleManager: Shutting down and abandoning module AnalyticsET (418)
[2020.04.09-18.36.53:857][248]LogModuleManager: Shutting down and abandoning module PortalServices (416)
[2020.04.09-18.36.53:857][248]LogModuleManager: Shutting down and abandoning module PortalRpc (414)
[2020.04.09-18.36.53:857][248]LogModuleManager: Shutting down and abandoning module MessagingRpc (412)
[2020.04.09-18.36.53:857][248]LogModuleManager: Shutting down and abandoning module AIModule (410)
[2020.04.09-18.36.53:857][248]LogModuleManager: Shutting down and abandoning module GameplayDebugger (409)
[2020.04.09-18.36.53:858][248]LogModuleManager: Shutting down and abandoning module AITestSuite (407)
[2020.04.09-18.36.53:858][248]LogModuleManager: Shutting down and abandoning module NavigationSystem (405)
[2020.04.09-18.36.53:858][248]LogModuleManager: Shutting down and abandoning module DesktopPlatform (402)
[2020.04.09-18.36.53:858][248]LogModuleManager: Shutting down and abandoning module ProfilerService (400)
[2020.04.09-18.36.53:905][248]LogModuleManager: Shutting down and abandoning module TaskGraph (398)
[2020.04.09-18.36.53:905][248]LogModuleManager: Shutting down and abandoning module SteamVRController (396)
[2020.04.09-18.36.53:906][248]LogModuleManager: Shutting down and abandoning module ProceduralMeshComponentEditor (394)
[2020.04.09-18.36.53:906][248]LogModuleManager: Shutting down and abandoning module ProceduralMeshComponent (392)
[2020.04.09-18.36.53:906][248]LogModuleManager: Shutting down and abandoning module OculusInput (390)
[2020.04.09-18.36.53:906][248]LogModuleManager: Shutting down and abandoning module MobilePatchingUtils (388)
[2020.04.09-18.36.53:906][248]LogModuleManager: Shutting down and abandoning module EditableMesh (386)
[2020.04.09-18.36.53:906][248]LogModuleManager: Shutting down and abandoning module CustomMeshComponent (384)
[2020.04.09-18.36.53:906][248]LogModuleManager: Shutting down and abandoning module CableComponent (382)
[2020.04.09-18.36.53:906][248]LogModuleManager: Shutting down and abandoning module AudioCapture (380)
[2020.04.09-18.36.53:906][248]LogModuleManager: Shutting down and abandoning module ArchVisCharacter (378)
[2020.04.09-18.36.53:906][248]LogModuleManager: Shutting down and abandoning module AndroidPermission (376)
[2020.04.09-18.36.53:906][248]LogModuleManager: Shutting down and abandoning module NUTUnrealEngine4 (374)
[2020.04.09-18.36.53:906][248]LogModuleManager: Shutting down and abandoning module NetcodeUnitTest (372)
[2020.04.09-18.36.53:907][248]LogModuleManager: Shutting down and abandoning module MediaCompositingEditor (370)
[2020.04.09-18.36.53:907][248]LogModuleManager: Shutting down and abandoning module MediaCompositing (368)
[2020.04.09-18.36.53:907][248]LogModuleManager: Shutting down and abandoning module LinearTimecode (366)
[2020.04.09-18.36.53:907][248]LogModuleManager: Shutting down and abandoning module ImgMedia (364)
[2020.04.09-18.36.53:918][248]LogModuleManager: Shutting down and abandoning module HTML5Networking (362)
[2020.04.09-18.36.53:918][248]LogModuleManager: Shutting down and abandoning module GeometryCacheTracks (360)
[2020.04.09-18.36.53:919][248]LogModuleManager: Shutting down and abandoning module GeometryCacheSequencer (358)
[2020.04.09-18.36.53:919][248]LogModuleManager: Shutting down and abandoning module BackChannel (356)
[2020.04.09-18.36.53:919][248]LogModuleManager: Shutting down and abandoning module AppleVision (354)
[2020.04.09-18.36.53:919][248]LogModuleManager: Shutting down and abandoning module AppleImageUtils (352)
[2020.04.09-18.36.53:919][248]LogModuleManager: Shutting down and abandoning module AlembicImporter (350)
[2020.04.09-18.36.53:919][248]LogModuleManager: Shutting down and abandoning module AlembicLibrary (349)
[2020.04.09-18.36.53:919][248]LogModuleManager: Shutting down and abandoning module GeometryCache (348)
[2020.04.09-18.36.53:919][248]LogModuleManager: Shutting down and abandoning module GeometryCacheEd (347)
[2020.04.09-18.36.53:919][248]LogModuleManager: Shutting down and abandoning module DatasmithContentEditor (342)
[2020.04.09-18.36.53:919][248]LogModuleManager: Shutting down and abandoning module DatasmithContent (340)
[2020.04.09-18.36.53:920][248]LogModuleManager: Shutting down and abandoning module SpeedTreeImporter (338)
[2020.04.09-18.36.53:921][248]LogModuleManager: Shutting down and abandoning module PluginBrowser (336)
[2020.04.09-18.36.53:921][248]LogModuleManager: Shutting down and abandoning module MobileLauncherProfileWizard (334)
[2020.04.09-18.36.53:921][248]LogModuleManager: Shutting down and abandoning module PolygonModeling (332)
[2020.04.09-18.36.53:921][248]LogModuleManager: Shutting down and abandoning module MeshEditor (330)
[2020.04.09-18.36.53:921][248]LogModuleManager: Shutting down and abandoning module CryptoKeysOpenSSL (328)
[2020.04.09-18.36.53:921][248]LogModuleManager: Shutting down and abandoning module CryptoKeys (326)
[2020.04.09-18.36.53:921][248]LogModuleManager: Shutting down and abandoning module VisualStudioSourceCodeAccess (324)
[2020.04.09-18.36.53:921][248]LogModuleManager: Shutting down and abandoning module VisualStudioCodeSourceCodeAccess (322)
[2020.04.09-18.36.53:921][248]LogModuleManager: Shutting down and abandoning module UObjectPlugin (320)
[2020.04.09-18.36.53:922][248]LogModuleManager: Shutting down and abandoning module SubversionSourceControl (318)
[2020.04.09-18.36.53:922][248]LogModuleManager: Shutting down and abandoning module PerforceSourceControl (316)
[2020.04.09-18.36.53:922][248]LogModuleManager: Shutting down and abandoning module GitSourceControl (314)
[2020.04.09-18.36.53:922][248]LogModuleManager: Shutting down and abandoning module SourceControl (313)
[2020.04.09-18.36.53:922][248]LogModuleManager: Shutting down and abandoning module CLionSourceCodeAccess (310)
[2020.04.09-18.36.53:922][248]LogModuleManager: Shutting down and abandoning module LightPropagationVolumeEditor (308)
[2020.04.09-18.36.53:922][248]LogModuleManager: Shutting down and abandoning module PaperTiledImporter (306)
[2020.04.09-18.36.53:922][248]LogModuleManager: Shutting down and abandoning module PaperSpriteSheetImporter (304)
[2020.04.09-18.36.53:922][248]LogModuleManager: Shutting down and abandoning module Paper2DEditor (302)
[2020.04.09-18.36.53:923][248]LogModuleManager: Shutting down and abandoning module MeshPaint (301)
[2020.04.09-18.36.53:923][248]LogModuleManager: Shutting down and abandoning module RuntimePhysXCooking (298)
[2020.04.09-18.36.53:923][248]LogModuleManager: Shutting down and abandoning module PhysXVehiclesEditor (296)
[2020.04.09-18.36.53:923][248]LogModuleManager: Shutting down and abandoning module PhysXVehicles (294)
[2020.04.09-18.36.53:923][248]LogModuleManager: Shutting down and abandoning module OculusEditor (292)
[2020.04.09-18.36.53:923][248]LogModuleManager: Shutting down and abandoning module LocationServicesBPLibrary (290)
[2020.04.09-18.36.53:923][248]LogModuleManager: Shutting down and abandoning module ImmediatePhysicsEditor (288)
[2020.04.09-18.36.53:923][248]LogModuleManager: Shutting down and abandoning module ImmediatePhysics (286)
[2020.04.09-18.36.53:923][248]LogModuleManager: Shutting down and abandoning module ActorSequence (284)
[2020.04.09-18.36.53:923][248]LogModuleManager: Shutting down and abandoning module UdpMessaging (282)
[2020.04.09-18.36.54:025][248]LogModuleManager: Shutting down and abandoning module TcpMessaging (280)
[2020.04.09-18.36.54:125][248]LogModuleManager: Shutting down and abandoning module MagicLeapAudio (278)
[2020.04.09-18.36.54:125][248]LogModuleManager: Shutting down and abandoning module GameplayTagsEditor (276)
[2020.04.09-18.36.54:125][248]LogModuleManager: Shutting down and abandoning module FacialAnimationEditor (274)
[2020.04.09-18.36.54:125][248]LogModuleManager: Shutting down and abandoning module FacialAnimation (272)
[2020.04.09-18.36.54:125][248]LogModuleManager: Shutting down and abandoning module DataValidation (270)
[2020.04.09-18.36.54:125][248]LogModuleManager: Shutting down and abandoning module AssetManagerEditor (268)
[2020.04.09-18.36.54:126][248]LogModuleManager: Shutting down and abandoning module LevelEditor (267)
[2020.04.09-18.36.54:127][248]LogModuleManager: Shutting down and abandoning module PixelInspectorModule (266)
[2020.04.09-18.36.54:127][248]LogModuleManager: Shutting down and abandoning module CommonMenuExtensions (264)
[2020.04.09-18.36.54:128][248]LogModuleManager: Shutting down and abandoning module MainFrame (262)
[2020.04.09-18.36.54:128][248]LogModuleManager: Shutting down and abandoning module HotReload (261)
[2020.04.09-18.36.54:129][248]LogModuleManager: Shutting down and abandoning module ContentBrowser (257)
[2020.04.09-18.36.54:132][248]LogModuleManager: Shutting down and abandoning module TreeMap (255)
[2020.04.09-18.36.54:132][248]LogModuleManager: Shutting down and abandoning module LightPropagationVolumeRuntime (252)
[2020.04.09-18.36.54:132][248]LogModuleManager: Shutting down and abandoning module AISupportModule (250)
[2020.04.09-18.36.54:132][248]LogModuleManager: Shutting down and abandoning module Paper2D (248)
[2020.04.09-18.36.54:132][248]LogModuleManager: Shutting down and abandoning module WindowsMoviePlayer (246)
[2020.04.09-18.36.54:132][248]LogModuleManager: Shutting down and abandoning module WmfMedia (244)
[2020.04.09-18.36.54:138][248]LogModuleManager: Shutting down and abandoning module Media (243)
[2020.04.09-18.36.54:146][248]LogModuleManager: Shutting down and abandoning module PacketHandler (240)
[2020.04.09-18.36.54:146][248]LogModuleManager: Shutting down and abandoning module ClothingSystemEditor (238)
[2020.04.09-18.36.54:146][248]LogModuleManager: Shutting down and abandoning module ClothingSystemRuntime (236)
[2020.04.09-18.36.54:146][248]LogModuleManager: Shutting down and abandoning module MediaAssets (234)
[2020.04.09-18.36.54:146][248]LogModuleManager: Shutting down and abandoning module Overlay (232)
[2020.04.09-18.36.54:146][248]LogModuleManager: Shutting down and abandoning module OverlayEditor (231)
[2020.04.09-18.36.54:146][248]LogModuleManager: Shutting down and abandoning module VREditor (228)
[2020.04.09-18.36.54:146][248]LogModuleManager: Shutting down and abandoning module StringTableEditor (226)
[2020.04.09-18.36.54:146][248]LogModuleManager: Shutting down and abandoning module GameplayTasksEditor (224)
[2020.04.09-18.36.54:146][248]LogModuleManager: Shutting down and abandoning module BehaviorTreeEditor (222)
[2020.04.09-18.36.54:147][248]LogModuleManager: Shutting down and abandoning module FunctionalTesting (220)
[2020.04.09-18.36.54:147][248]LogModuleManager: Shutting down and abandoning module CollisionAnalyzer (218)
[2020.04.09-18.36.54:147][248]LogModuleManager: Shutting down and abandoning module WorkspaceMenuStructure (217)
[2020.04.09-18.36.54:147][248]LogModuleManager: Shutting down and abandoning module UMG (214)
[2020.04.09-18.36.54:147][248]LogModuleManager: Shutting down and abandoning module UMGEditor (213)
[2020.04.09-18.36.54:147][248]LogModuleManager: Shutting down and abandoning module Sequencer (212)
[2020.04.09-18.36.54:148][248]LogModuleManager: Shutting down and abandoning module MessageLog (209)
[2020.04.09-18.36.54:148][248]LogModuleManager: Shutting down and abandoning module SlateReflector (204)
[2020.04.09-18.36.54:148][248]LogModuleManager: Shutting down and abandoning module Slate (202)
[2020.04.09-18.36.54:148][248]LogModuleManager: Shutting down and abandoning module EditorStyle (200)
[2020.04.09-18.36.54:154][248]LogModuleManager: Shutting down and abandoning module MRMesh (198)
[2020.04.09-18.36.54:154][248]LogModuleManager: Shutting down and abandoning module SourceCodeAccess (196)
[2020.04.09-18.36.54:154][248]LogModuleManager: Shutting down and abandoning module HeadMountedDisplay (194)
[2020.04.09-18.36.54:154][248]LogModuleManager: Shutting down and abandoning module XAudio2 (192)
[2020.04.09-18.36.54:154][248]LogModuleManager: Shutting down and abandoning module Networking (190)
[2020.04.09-18.36.54:154][248]LogModuleManager: Shutting down and abandoning module Core (188)
[2020.04.09-18.36.54:154][248]LogModuleManager: Shutting down and abandoning module LevelSequence (186)
[2020.04.09-18.36.54:154][248]LogModuleManager: Shutting down and abandoning module KismetCompiler (184)
[2020.04.09-18.36.54:154][248]LogModuleManager: Shutting down and abandoning module MeshUtilities (182)
[2020.04.09-18.36.54:155][248]LogModuleManager: Shutting down and abandoning module MeshMergeUtilities (181)
[2020.04.09-18.36.54:155][248]LogModuleManager: Shutting down and abandoning module MeshReductionInterface (180)
[2020.04.09-18.36.54:155][248]LogModuleManager: Shutting down and abandoning module SimplygonSwarm (179)
[2020.04.09-18.36.54:155][248]LogModuleManager: Shutting down and abandoning module ProxyLODMeshReduction (177)
[2020.04.09-18.36.54:155][248]LogModuleManager: Shutting down and abandoning module SimplygonMeshReduction (175)
[2020.04.09-18.36.54:155][248]LogModuleManager: Shutting down and abandoning module QuadricMeshReduction (173)
[2020.04.09-18.36.54:155][248]LogModuleManager: Shutting down and abandoning module MaterialBaking (169)
[2020.04.09-18.36.54:155][248]LogModuleManager: Shutting down and abandoning module DirectoryWatcher (165)
[2020.04.09-18.36.54:156][248]LogModuleManager: Shutting down and abandoning module DerivedDataCache (162)
[2020.04.09-18.36.54:222][248]LogDerivedDataCache: Shutdown
[2020.04.09-18.36.54:222][248]LogModuleManager: Shutting down and abandoning module XGEController (160)
[2020.04.09-18.36.54:223][248]LogXGEController: Cleaning working directory: C:/Users/DaultonNelson/AppData/Local/Temp/UnrealXGEWorkingDir/
[2020.04.09-18.36.54:223][248]LogModuleManager: Shutting down and abandoning module TargetPlatform (158)
[2020.04.09-18.36.54:223][248]LogModuleManager: Shutting down and abandoning module VulkanShaderFormat (157)
[2020.04.09-18.36.54:223][248]LogModuleManager: Shutting down and abandoning module ShaderFormatVectorVM (155)
[2020.04.09-18.36.54:223][248]LogModuleManager: Shutting down and abandoning module ShaderFormatOpenGL (153)
[2020.04.09-18.36.54:224][248]LogModuleManager: Shutting down and abandoning module ShaderFormatD3D (151)
[2020.04.09-18.36.54:224][248]LogModuleManager: Shutting down and abandoning module MetalShaderFormat (149)
[2020.04.09-18.36.54:224][248]LogModuleManager: Shutting down and abandoning module TextureFormatUncompressed (147)
[2020.04.09-18.36.54:224][248]LogModuleManager: Shutting down and abandoning module TextureFormatPVR (145)
[2020.04.09-18.36.54:224][248]LogModuleManager: Shutting down and abandoning module TextureFormatDXT (143)
[2020.04.09-18.36.54:224][248]LogModuleManager: Shutting down and abandoning module TextureFormatIntelISPCTexComp (141)
[2020.04.09-18.36.54:224][248]LogModuleManager: Shutting down and abandoning module TextureFormatASTC (139)
[2020.04.09-18.36.54:224][248]LogModuleManager: Shutting down and abandoning module ImageWrapper (138)
[2020.04.09-18.36.54:224][248]LogModuleManager: Shutting down and abandoning module TextureFormatAndroid (135)
[2020.04.09-18.36.54:224][248]LogModuleManager: Shutting down and abandoning module AudioFormatOpus (133)
[2020.04.09-18.36.54:225][248]LogModuleManager: Shutting down and abandoning module AudioFormatOgg (131)
[2020.04.09-18.36.54:225][248]LogModuleManager: Shutting down and abandoning module AudioFormatADPCM (129)
[2020.04.09-18.36.54:225][248]LogModuleManager: Shutting down and abandoning module LuminTargetPlatform (127)
[2020.04.09-18.36.54:225][248]LogModuleManager: Shutting down and abandoning module LinuxTargetPlatform (125)
[2020.04.09-18.36.54:225][248]LogModuleManager: Shutting down and abandoning module LinuxServerTargetPlatform (123)
[2020.04.09-18.36.54:225][248]LogModuleManager: Shutting down and abandoning module LinuxNoEditorTargetPlatform (121)
[2020.04.09-18.36.54:225][248]LogModuleManager: Shutting down and abandoning module LinuxClientTargetPlatform (119)
[2020.04.09-18.36.54:225][248]LogModuleManager: Shutting down and abandoning module TVOSTargetPlatform (117)
[2020.04.09-18.36.54:227][248]LogModuleManager: Shutting down and abandoning module Messaging (115)
[2020.04.09-18.36.54:228][248]LogModuleManager: Shutting down and abandoning module IOSTargetPlatform (113)
[2020.04.09-18.36.54:230][248]LogModuleManager: Shutting down and abandoning module HTML5TargetPlatform (111)
[2020.04.09-18.36.54:230][248]LogModuleManager: Shutting down and abandoning module AndroidTargetPlatform (109)
[2020.04.09-18.36.54:246][248]LogModuleManager: Shutting down and abandoning module WindowsTargetPlatform (107)
[2020.04.09-18.36.54:246][248]LogModuleManager: Shutting down and abandoning module WindowsServerTargetPlatform (105)
[2020.04.09-18.36.54:246][248]LogModuleManager: Shutting down and abandoning module WindowsNoEditorTargetPlatform (103)
[2020.04.09-18.36.54:246][248]LogModuleManager: Shutting down and abandoning module WindowsClientTargetPlatform (101)
[2020.04.09-18.36.54:246][248]LogModuleManager: Shutting down and abandoning module MacTargetPlatform (99)
[2020.04.09-18.36.54:246][248]LogModuleManager: Shutting down and abandoning module MacServerTargetPlatform (97)
[2020.04.09-18.36.54:246][248]LogModuleManager: Shutting down and abandoning module MacNoEditorTargetPlatform (95)
[2020.04.09-18.36.54:246][248]LogModuleManager: Shutting down and abandoning module MacClientTargetPlatform (93)
[2020.04.09-18.36.54:247][248]LogModuleManager: Shutting down and abandoning module AllDesktopTargetPlatform (91)
[2020.04.09-18.36.54:247][248]LogModuleManager: Shutting down and abandoning module InputCore (88)
[2020.04.09-18.36.54:247][248]LogModuleManager: Shutting down and abandoning module Settings (86)
[2020.04.09-18.36.54:247][248]LogModuleManager: Shutting down and abandoning module PhysXCooking (84)
[2020.04.09-18.36.54:247][248]LogModuleManager: Shutting down and abandoning module SteamVR (82)
[2020.04.09-18.36.54:247][248]LogModuleManager: Shutting down and abandoning module OculusHMD (80)
[2020.04.09-18.36.54:247][248]LogModuleManager: Shutting down and abandoning module ExampleDeviceProfileSelector (78)
[2020.04.09-18.36.54:247][248]LogModuleManager: Shutting down and abandoning module LauncherChunkInstaller (76)
[2020.04.09-18.36.54:247][248]LogModuleManager: Shutting down and abandoning module OnlineBlueprintSupport (74)
[2020.04.09-18.36.54:247][248]LogModuleManager: Shutting down and abandoning module OnlineSubsystem (70)
[2020.04.09-18.36.54:249][248]LogModuleManager: Shutting down and abandoning module XMPP (65)
[2020.04.09-18.36.54:249][248]LogModuleManager: Shutting down and abandoning module WebSockets (64)
[2020.04.09-18.36.54:261][248]LogModuleManager: Shutting down and abandoning module HTTP (61)
[2020.04.09-18.36.54:261][248]LogHttp: Display: Http module shutting down, but needs to wait on 1 outstanding Http requests:
[2020.04.09-18.36.54:261][248]LogHttp: Display: 	verb=[POST] url=[https://datarouter.ol.epicgames.com/datarouter/api/v1/public/data?SessionID=%7B6FF1AEF7-40FB-66DC-A134-36AF81B43B8B%7D&AppID=UEEditor.Rocket.Release&AppVersion=4.20.3-4369336%2B%2B%2BUE4%2BRelease-4.20&UserID=aef56c56497e6171c65536a4dfac414d%7Cd8f6237aac984f7bbfbb0ff2f479ed9c%7C1b153140-5836-40b6-9f24-ca069c129286&AppEnvironment=datacollector-binary&UploadType=eteventstream] status=Processing
[2020.04.09-18.36.54:286][248]LogModuleManager: Shutting down and abandoning module SSL (60)
[2020.04.09-18.36.54:290][248]LogModuleManager: Shutting down and abandoning module MagicLeapEmulator (56)
[2020.04.09-18.36.54:290][248]LogModuleManager: Shutting down and abandoning module MagicLeapPrivileges (54)
[2020.04.09-18.36.54:290][248]LogModuleManager: Shutting down and abandoning module MagicLeapIdentity (52)
[2020.04.09-18.36.54:290][248]LogModuleManager: Shutting down and abandoning module MagicLeapHelperVulkan (50)
[2020.04.09-18.36.54:290][248]LogModuleManager: Shutting down and abandoning module MagicLeapHelperOpenGL (48)
[2020.04.09-18.36.54:290][248]LogModuleManager: Shutting down and abandoning module MagicLeapSecureStorage (46)
[2020.04.09-18.36.54:290][248]LogModuleManager: Shutting down and abandoning module MagicLeapGestures (44)
[2020.04.09-18.36.54:291][248]LogModuleManager: Shutting down and abandoning module MagicLeapEyeTracker (42)
[2020.04.09-18.36.54:291][248]LogModuleManager: Shutting down and abandoning module MagicLeapController (40)
[2020.04.09-18.36.54:291][248]LogSlate: Slate User Destroyed.  User Index 0, Is Virtual User: 0
[2020.04.09-18.36.54:291][248]LogModuleManager: Shutting down and abandoning module MagicLeap (38)
[2020.04.09-18.36.54:291][248]LogModuleManager: Shutting down and abandoning module AnimationModifiers (36)
[2020.04.09-18.36.54:292][248]LogModuleManager: Shutting down and abandoning module PropertyEditor (35)
[2020.04.09-18.36.54:292][248]LogModuleManager: Shutting down and abandoning module AudioEditor (32)
[2020.04.09-18.36.54:292][248]LogModuleManager: Shutting down and abandoning module TextureCompressor (30)
[2020.04.09-18.36.54:292][248]LogModuleManager: Shutting down and abandoning module ShaderCore (28)
[2020.04.09-18.36.54:293][248]LogModuleManager: Shutting down and abandoning module Landscape (26)
[2020.04.09-18.36.54:293][248]LogModuleManager: Shutting down and abandoning module SlateRHIRenderer (24)
[2020.04.09-18.36.54:298][248]LogModuleManager: Shutting down and abandoning module OpenGLDrv (22)
[2020.04.09-18.36.54:298][248]LogModuleManager: Shutting down and abandoning module D3D11RHI (20)
[2020.04.09-18.36.54:298][248]LogModuleManager: Shutting down and abandoning module AnimGraphRuntime (18)
[2020.04.09-18.36.54:298][248]LogModuleManager: Shutting down and abandoning module Renderer (16)
[2020.04.09-18.36.54:299][248]LogModuleManager: Shutting down and abandoning module Engine (14)
[2020.04.09-18.36.54:299][248]LogModuleManager: Shutting down and abandoning module CoreUObject (12)
[2020.04.09-18.36.54:299][248]LogModuleManager: Shutting down and abandoning module NetworkFile (10)
[2020.04.09-18.36.54:299][248]LogModuleManager: Shutting down and abandoning module CookedIterativeFile (8)
[2020.04.09-18.36.54:299][248]LogModuleManager: Shutting down and abandoning module StreamingFile (6)
[2020.04.09-18.36.54:299][248]LogModuleManager: Shutting down and abandoning module SandboxFile (4)
[2020.04.09-18.36.54:299][248]LogModuleManager: Shutting down and abandoning module PakFile (2)
[2020.04.09-18.36.54:321][248]LogExit: Exiting.
[2020.04.09-18.36.54:334][248]Log file closed, 04/09/20 14:36:54
