Log file open, 04/09/20 14:04:32
LogWindows: Failed to load 'aqProf.dll' (GetLastError=126)
LogWindows: File 'aqProf.dll' does not exist
LogWindows: Failed to load 'VSPerf140.dll' (GetLastError=126)
LogWindows: File 'VSPerf140.dll' does not exist
LogWindows: Failed to load 'VtuneApi.dll' (GetLastError=126)
LogWindows: File 'VtuneApi.dll' does not exist
LogWindows: Failed to load 'VtuneApi32e.dll' (GetLastError=126)
LogWindows: File 'VtuneApi32e.dll' does not exist
LogInit: Display: Running engine for game: PortInvadeProject
LogPlatformFile: Not using cached read wrapper
LogTaskGraph: Started task graph with 5 named threads and 23 total threads with 3 sets of task threads.
LogStats: Stats thread started at 0.297730
LogD3D11RHI: Loaded GFSDK_Aftermath_Lib.x64.dll
LogICUInternationalization: Display: ICU TimeZone Detection - Raw Offset: -5:00, Platform Override: ''
LogPluginManager: Mounting plugin Paper2D
LogPluginManager: Mounting plugin AISupport
LogPluginManager: Mounting plugin LightPropagationVolume
LogPluginManager: Mounting plugin CLionSourceCodeAccess
LogPluginManager: Mounting plugin CodeLiteSourceCodeAccess
LogPluginManager: Mounting plugin GitSourceControl
LogPluginManager: Mounting plugin KDevelopSourceCodeAccess
LogPluginManager: Mounting plugin NullSourceCodeAccess
LogPluginManager: Mounting plugin PerforceSourceControl
LogPluginManager: Mounting plugin SubversionSourceControl
LogPluginManager: Mounting plugin UObjectPlugin
LogPluginManager: Mounting plugin VisualStudioCodeSourceCodeAccess
LogPluginManager: Mounting plugin VisualStudioSourceCodeAccess
LogPluginManager: Mounting plugin XCodeSourceCodeAccess
LogPluginManager: Mounting plugin AssetManagerEditor
LogPluginManager: Mounting plugin CryptoKeys
LogPluginManager: Mounting plugin DataValidation
LogPluginManager: Mounting plugin FacialAnimation
LogPluginManager: Mounting plugin GameplayTagsEditor
LogPluginManager: Mounting plugin MacGraphicsSwitching
LogPluginManager: Mounting plugin MeshEditor
LogPluginManager: Mounting plugin MobileLauncherProfileWizard
LogPluginManager: Mounting plugin PluginBrowser
LogPluginManager: Mounting plugin SpeedTreeImporter
LogPluginManager: Mounting plugin DatasmithContent
LogPluginManager: Mounting plugin AlembicImporter
LogPluginManager: Mounting plugin AppleImageUtils
LogPluginManager: Mounting plugin AppleVision
LogPluginManager: Mounting plugin BackChannel
LogPluginManager: Mounting plugin CharacterAI
LogPluginManager: Mounting plugin GeometryCache
LogPluginManager: Mounting plugin HTML5Networking
LogPluginManager: Mounting plugin ProxyLODPlugin
LogPluginManager: Mounting plugin MagicLeap
LogPluginManager: Mounting plugin MagicLeapEmulator
LogPluginManager: Mounting plugin MagicLeapMedia
LogPluginManager: Mounting plugin AndroidMedia
LogPluginManager: Mounting plugin AvfMedia
LogPluginManager: Mounting plugin ImgMedia
LogPluginManager: Mounting plugin LinearTimecode
LogPluginManager: Mounting plugin MediaCompositing
LogPluginManager: Mounting plugin MediaPlayerEditor
LogPluginManager: Mounting plugin WmfMedia
LogPluginManager: Mounting plugin TcpMessaging
LogPluginManager: Mounting plugin UdpMessaging
LogPluginManager: Mounting plugin ActorSequence
LogPluginManager: Mounting plugin LevelSequenceEditor
LogPluginManager: Mounting plugin MatineeToLevelSequence
LogPluginManager: Mounting plugin NetcodeUnitTest
LogPluginManager: Mounting plugin NUTUnrealEngine4
LogPluginManager: Mounting plugin OnlineSubsystemGooglePlay
LogPluginManager: Mounting plugin OnlineSubsystemIOS
LogPluginManager: Mounting plugin OnlineSubsystem
LogPluginManager: Mounting plugin OnlineSubsystemNull
LogPluginManager: Mounting plugin OnlineSubsystemUtils
LogPluginManager: Mounting plugin LauncherChunkInstaller
LogPluginManager: Mounting plugin AndroidDeviceProfileSelector
LogPluginManager: Mounting plugin AndroidMoviePlayer
LogPluginManager: Mounting plugin AndroidPermission
LogPluginManager: Mounting plugin AppleMoviePlayer
LogPluginManager: Mounting plugin ArchVisCharacter
LogPluginManager: Mounting plugin AudioCapture
LogPluginManager: Mounting plugin CableComponent
LogPluginManager: Mounting plugin CustomMeshComponent
LogPluginManager: Mounting plugin EditableMesh
LogPluginManager: Mounting plugin ExampleDeviceProfileSelector
LogPluginManager: Mounting plugin GoogleCloudMessaging
LogPluginManager: Mounting plugin ImmediatePhysics
LogPluginManager: Mounting plugin IOSDeviceProfileSelector
LogPluginManager: Mounting plugin LinuxDeviceProfileSelector
LogPluginManager: Mounting plugin LocationServicesBPLibrary
LogPluginManager: Mounting plugin MobilePatchingUtils
LogPluginManager: Mounting plugin OculusVR
LogPluginManager: Plugin shader directory ../../../Engine/Plugins/Runtime/Oculus/OculusVR/Shaders found
LogPluginManager: Mapping shader source directory ../../../Engine/Plugins/Runtime/Oculus/OculusVR/Shaders to virtual directory /Plugin/OculusVR
LogPluginManager: Mounting plugin PhysXVehicles
LogPluginManager: Mounting plugin ProceduralMeshComponent
LogPluginManager: Mounting plugin RuntimePhysXCooking
LogPluginManager: Mounting plugin SteamVR
LogPluginManager: Mounting plugin WindowsMoviePlayer
LogStreaming: Display: Took  0.215s to configure plugins.
LogInit: Using libcurl 7.55.1-DEV
LogInit:  - built for x86_64-pc-win32
LogInit:  - supports SSL with OpenSSL/1.0.2h
LogInit:  - supports HTTP deflate (compression) using libz 1.2.8
LogInit:  - other features:
LogInit:      CURL_VERSION_SSL
LogInit:      CURL_VERSION_LIBZ
LogInit:      CURL_VERSION_IPV6
LogInit:      CURL_VERSION_ASYNCHDNS
LogInit:      CURL_VERSION_LARGEFILE
LogInit:      CURL_VERSION_IDN
LogInit:  CurlRequestOptions (configurable via config and command line):
LogInit:  - bVerifyPeer = false  - Libcurl will NOT verify peer certificate
LogInit:  - bUseHttpProxy = false  - Libcurl will NOT use HTTP proxy
LogInit:  - bDontReuseConnections = false  - Libcurl will reuse connections
LogInit:  - CertBundlePath = nullptr  - Libcurl will use whatever was configured at build time.
LogInit:  - MaxHostConnections = 16  - Libcurl will limit the number of connections to a host
LogInit:  - LocalHostAddr = Default
LogInit:  - BufferSize = 65536
LogInit: WinSock: version 1.1 (2.2), MaxSocks=32767, MaxUdp=65467
LogInit: Build: ++UE4+Release-4.20-CL-4369336
LogInit: Engine Version: 4.20.3-4369336+++UE4+Release-4.20
LogInit: Compatible Engine Version: 4.20.0-4212847+++UE4+Release-4.20
LogInit: Net CL: 4212847
LogInit: OS: Windows 10 (), CPU: Intel(R) Core(TM) i7-7700HQ CPU @ 2.80GHz, GPU: Intel(R) HD Graphics 630
LogInit: Compiled (64-bit): Sep 17 2018 12:26:19
LogInit: Compiled with Visual C++: 19.13.26129.00
LogInit: Build Configuration: Development
LogInit: Branch Name: ++UE4+Release-4.20
LogInit: Command Line: 
LogInit: Base Directory: D:/Program Files/Unreal/Engine/UE_4.20/Engine/Binaries/Win64/
LogInit: Installed Engine Build: 1
LogDevObjectVersion: Number of dev versions registered: 20
LogDevObjectVersion:   Dev-Blueprints (B0D832E4-1F89-4F0D-ACCF-7EB736FD4AA2): 10
LogDevObjectVersion:   Dev-Build (E1C64328-A22C-4D53-A36C-8E866417BD8C): 0
LogDevObjectVersion:   Dev-Core (375EC13C-06E4-48FB-B500-84F0262A717E): 2
LogDevObjectVersion:   Dev-Editor (E4B068ED-F494-42E9-A231-DA0B2E46BB41): 24
LogDevObjectVersion:   Dev-Framework (CFFC743F-43B0-4480-9391-14DF171D2073): 34
LogDevObjectVersion:   Dev-Mobile (B02B49B5-BB20-44E9-A304-32B752E40360): 2
LogDevObjectVersion:   Dev-Networking (A4E4105C-59A1-49B5-A7C5-40C4547EDFEE): 0
LogDevObjectVersion:   Dev-Online (39C831C9-5AE6-47DC-9A44-9C173E1C8E7C): 0
LogDevObjectVersion:   Dev-Physics (78F01B33-EBEA-4F98-B9B4-84EACCB95AA2): 0
LogDevObjectVersion:   Dev-Platform (6631380F-2D4D-43E0-8009-CF276956A95A): 0
LogDevObjectVersion:   Dev-Rendering (12F88B9F-8875-4AFC-A67C-D90C383ABD29): 26
LogDevObjectVersion:   Dev-Sequencer (7B5AE74C-D270-4C10-A958-57980B212A5A): 9
LogDevObjectVersion:   Dev-VR (D7296918-1DD6-4BDD-9DE2-64A83CC13884): 2
LogDevObjectVersion:   Dev-LoadTimes (C2A15278-BFE7-4AFE-6C17-90FF531DF755): 1
LogDevObjectVersion:   Private-Geometry (6EACA3D4-40EC-4CC1-B786-8BED09428FC5): 3
LogDevObjectVersion:   Dev-AnimPhys (29E575DD-E0A3-4627-9D10-D276232CDCEA): 17
LogDevObjectVersion:   Dev-ReflectionCapture (6B266CEC-1EC7-4B8F-A30B-E4D90942FC07): 1
LogDevObjectVersion:   Dev-Automation (0DF73D61-A23F-47EA-B727-89E90C41499A): 1
LogDevObjectVersion:   FortniteMain (601D1886-AC64-4F84-AA16-D3DE0DEAC7D6): 12
LogDevObjectVersion:   Dev-Enterprise (9DFFBCD6-494F-0158-E221-12823C92A888): 1
LogStreaming: Display: Took  0.004s to delete old logs.
LogInit: Presizing for max 8388607 objects, including 0 objects not considered by GC, pre-allocating 0 bytes for permanent pool.
LogInit: Object subsystem initialized
[2020.04.09-18.04.33:139][  0]LogInit: Selected Device Profile: [Windows]
[2020.04.09-18.04.33:140][  0]LogInit: Applying CVar settings loaded from the selected device profile: [Windows]
[2020.04.09-18.04.33:173][  0]LogHAL: Display: Platform has ~ 16 GB [17061810176 / 17179869184 / 16], which maps to Larger [LargestMinGB=32, LargerMinGB=12, DefaultMinGB=8, SmallerMinGB=6, SmallestMinGB=0)
[2020.04.09-18.04.33:173][  0]LogInit: Setting Device Profile CVar: [[r.Vulkan.UseRealUBs:1]]
[2020.04.09-18.04.33:173][  0]LogInit: Going up to parent DeviceProfile []
[2020.04.09-18.04.33:174][  0]LogInit: Computer: MSI
[2020.04.09-18.04.33:174][  0]LogInit: User: DaultonNelson
[2020.04.09-18.04.33:175][  0]LogInit: CPU Page size=4096, Cores=4
[2020.04.09-18.04.33:175][  0]LogInit: High frequency timer resolution =10.000000 MHz
[2020.04.09-18.04.33:176][  0]LogMemory: Memory total: Physical=15.9GB (16GB approx)
[2020.04.09-18.04.33:176][  0]LogMemory: Platform Memory Stats for Windows
[2020.04.09-18.04.33:176][  0]LogMemory: Process Physical Memory: 101.45 MB used, 101.46 MB peak
[2020.04.09-18.04.33:176][  0]LogMemory: Process Virtual Memory: 89.38 MB used, 89.38 MB peak
[2020.04.09-18.04.33:176][  0]LogMemory: Physical Memory: 8055.59 MB used,  8215.82 MB free, 16271.41 MB total
[2020.04.09-18.04.33:176][  0]LogMemory: Virtual Memory: 4612.59 MB used,  8215.82 MB free, 134217728.00 MB total
[2020.04.09-18.04.35:815][  0]LogInit: Using OS detected language (en-US).
[2020.04.09-18.04.35:815][  0]LogInit: Using OS detected locale (en-US).
[2020.04.09-18.04.35:818][  0]LogTextLocalizationManager: No specific localization for 'en-US' exists, so the 'en' localization will be used.
[2020.04.09-18.04.36:593][  0]LogStreaming: Display: Took  0.779s to InitEngineTextLocalization.
[2020.04.09-18.04.36:594][  0]LogInit: Setting process to per monitor DPI aware
[2020.04.09-18.04.36:709][  0]LogSlate: New Slate User Created.  User Index 0, Is Virtual User: 0
[2020.04.09-18.04.36:709][  0]LogSlate: Slate User Registered.  User Index 0, Is Virtual User: 0
[2020.04.09-18.04.36:978][  0]LogHMD: Failed to initialize OpenVR with code 110
[2020.04.09-18.04.36:978][  0]LogD3D11RHI: D3D11 adapters:
[2020.04.09-18.04.37:448][  0]LogD3D11RHI:    0. 'NVIDIA GeForce GTX 1060' (Feature Level 11_0)
[2020.04.09-18.04.37:448][  0]LogD3D11RHI:       6052/0/8135 MB DedicatedVideo/DedicatedSystem/SharedSystem, Outputs:1, VendorId:0x10de
[2020.04.09-18.04.37:479][  0]LogD3D11RHI:    1. 'Intel(R) HD Graphics 630' (Feature Level 11_0)
[2020.04.09-18.04.37:480][  0]LogD3D11RHI:       128/0/8135 MB DedicatedVideo/DedicatedSystem/SharedSystem, Outputs:0, VendorId:0x8086
[2020.04.09-18.04.37:485][  0]LogD3D11RHI:    2. 'Microsoft Basic Render Driver' (Feature Level 11_0)
[2020.04.09-18.04.37:485][  0]LogD3D11RHI:       0/0/8135 MB DedicatedVideo/DedicatedSystem/SharedSystem, Outputs:0, VendorId:0x1414
[2020.04.09-18.04.37:485][  0]LogD3D11RHI: Chosen D3D11 Adapter: 0
[2020.04.09-18.04.37:568][  0]LogD3D11RHI: Creating new Direct3DDevice
[2020.04.09-18.04.37:568][  0]LogD3D11RHI:     GPU DeviceId: 0x1c20 (for the marketing name, search the web for "GPU Device Id")
[2020.04.09-18.04.37:568][  0]LogWindows: EnumDisplayDevices:
[2020.04.09-18.04.37:569][  0]LogWindows:    0. 'Intel(R) HD Graphics 630' (P:1 D:1)
[2020.04.09-18.04.37:569][  0]LogWindows:    1. 'Intel(R) HD Graphics 630' (P:0 D:0)
[2020.04.09-18.04.37:570][  0]LogWindows:    2. 'Intel(R) HD Graphics 630' (P:0 D:0)
[2020.04.09-18.04.37:571][  0]LogWindows:    3. 'NVIDIA GeForce GTX 1060' (P:0 D:0)
[2020.04.09-18.04.37:571][  0]LogWindows:    4. 'NVIDIA GeForce GTX 1060' (P:0 D:0)
[2020.04.09-18.04.37:572][  0]LogWindows:    5. 'NVIDIA GeForce GTX 1060' (P:0 D:0)
[2020.04.09-18.04.37:572][  0]LogWindows:    6. 'NVIDIA GeForce GTX 1060' (P:0 D:0)
[2020.04.09-18.04.37:572][  0]LogWindows: DebugString: PrimaryIsNotTheChoosenAdapter PrimaryIsNotTheChoosenAdapter PrimaryIsNotTheChoosenAdapter FoundDriverCount:4 
[2020.04.09-18.04.37:573][  0]LogD3D11RHI:     Adapter Name: NVIDIA GeForce GTX 1060
[2020.04.09-18.04.37:573][  0]LogD3D11RHI:   Driver Version: 445.75 (internal:26.21.14.4575, unified:445.75)
[2020.04.09-18.04.37:573][  0]LogD3D11RHI:      Driver Date: 3-17-2020
[2020.04.09-18.04.37:573][  0]LogRHI: Texture pool is 4236 MB (70% of 6052 MB)
[2020.04.09-18.04.37:626][  0]LogD3D11RHI: Async texture creation enabled
[2020.04.09-18.04.37:640][  0]LogD3D11RHI: GPU Timing Frequency: 1000.000000 (Debug: 2 1)
[2020.04.09-18.04.37:642][  0]LogShaderCompilers: Guid format shader working directory is -42 characters bigger than the processId version (../../../../../../../Side Projects/Unreal Portfolio Invaders/PortfolioInvaders/PortInvadeProject/Intermediate/Shaders/WorkingDirectory/1088/).
[2020.04.09-18.04.37:642][  0]LogShaderCompilers: Cleaned the shader compiler working directory 'C:/Users/DaultonNelson/AppData/Local/Temp/UnrealShaderWorkingDir/7BA7BC6F4CDB1480361ACF91F041876C/'.
[2020.04.09-18.04.38:311][  0]LogTemp: Display: Loaded TP AllDesktopTargetPlatform
[2020.04.09-18.04.38:347][  0]LogTemp: Display: Loaded TP MacClientTargetPlatform
[2020.04.09-18.04.38:395][  0]LogTemp: Display: Loaded TP MacNoEditorTargetPlatform
[2020.04.09-18.04.38:445][  0]LogTemp: Display: Loaded TP MacServerTargetPlatform
[2020.04.09-18.04.38:510][  0]LogTemp: Display: Loaded TP MacTargetPlatform
[2020.04.09-18.04.38:551][  0]LogTemp: Display: Loaded TP WindowsClientTargetPlatform
[2020.04.09-18.04.38:574][  0]LogTemp: Display: Loaded TP WindowsNoEditorTargetPlatform
[2020.04.09-18.04.38:593][  0]LogTemp: Display: Loaded TP WindowsServerTargetPlatform
[2020.04.09-18.04.38:602][  0]LogTemp: Display: Loaded TP WindowsTargetPlatform
[2020.04.09-18.04.38:756][  0]LogTemp: Display: Loaded TP AndroidTargetPlatform
[2020.04.09-18.04.38:756][  0]LogTemp: Display: Loaded TP AndroidTargetPlatform
[2020.04.09-18.04.38:756][  0]LogTemp: Display: Loaded TP AndroidTargetPlatform
[2020.04.09-18.04.38:756][  0]LogTemp: Display: Loaded TP AndroidTargetPlatform
[2020.04.09-18.04.38:756][  0]LogTemp: Display: Loaded TP AndroidTargetPlatform
[2020.04.09-18.04.38:756][  0]LogTemp: Display: Loaded TP AndroidTargetPlatform
[2020.04.09-18.04.38:756][  0]LogTemp: Display: Loaded TP AndroidTargetPlatform
[2020.04.09-18.04.38:756][  0]LogTemp: Display: Loaded TP AndroidTargetPlatform
[2020.04.09-18.04.38:756][  0]LogTemp: Display: Loaded TP AndroidTargetPlatform
[2020.04.09-18.04.38:756][  0]LogTemp: Display: Loaded TP AndroidTargetPlatform
[2020.04.09-18.04.38:756][  0]LogTemp: Display: Loaded TP AndroidTargetPlatform
[2020.04.09-18.04.38:756][  0]LogTemp: Display: Loaded TP AndroidTargetPlatform
[2020.04.09-18.04.38:756][  0]LogTemp: Display: Loaded TP AndroidTargetPlatform
[2020.04.09-18.04.38:756][  0]LogTemp: Display: Loaded TP AndroidTargetPlatform
[2020.04.09-18.04.38:756][  0]LogTemp: Display: Loaded TP AndroidTargetPlatform
[2020.04.09-18.04.38:756][  0]LogTemp: Display: Loaded TP AndroidTargetPlatform
[2020.04.09-18.04.38:756][  0]LogTemp: Display: Loaded TP AndroidTargetPlatform
[2020.04.09-18.04.38:756][  0]LogTemp: Display: Loaded TP AndroidTargetPlatform
[2020.04.09-18.04.38:758][  0]LogTemp: Display: Loaded TP HTML5TargetPlatform
[2020.04.09-18.04.38:839][  0]LogTemp: Display: Loaded TP IOSTargetPlatform
[2020.04.09-18.04.38:839][  0]LogTemp: Display: Loaded TP IOSTargetPlatform
[2020.04.09-18.04.38:915][  0]LogTemp: Display: Loaded TP TVOSTargetPlatform
[2020.04.09-18.04.38:915][  0]LogTemp: Display: Loaded TP TVOSTargetPlatform
[2020.04.09-18.04.38:936][  0]LogTemp: Display: Loaded TP LinuxClientTargetPlatform
[2020.04.09-18.04.38:954][  0]LogTemp: Display: Loaded TP LinuxNoEditorTargetPlatform
[2020.04.09-18.04.38:967][  0]LogTemp: Display: Loaded TP LinuxServerTargetPlatform
[2020.04.09-18.04.38:980][  0]LogTemp: Display: Loaded TP LinuxTargetPlatform
[2020.04.09-18.04.38:990][  0]LogTemp: Display: Loaded TP LuminTargetPlatform
[2020.04.09-18.04.38:990][  0]LogTargetPlatformManager: Display: Building Assets For Windows
[2020.04.09-18.04.39:053][  0]LogXGEController: Cleaning working directory: C:/Users/DaultonNelson/AppData/Local/Temp/UnrealXGEWorkingDir/
[2020.04.09-18.04.39:053][  0]LogXGEController: Cannot use XGE Controller as Incredibuild is not installed on this machine.
[2020.04.09-18.04.39:053][  0]LogShaderCompilers: Cannot use XGE Shader Compiler as Incredibuild is not installed on this machine.
[2020.04.09-18.04.39:054][  0]LogShaderCompilers: Display: Using Local Shader Compiler.
[2020.04.09-18.04.39:914][  0]LogDerivedDataCache: Display: Max Cache Size: 512 MB
[2020.04.09-18.04.39:967][  0]LogDerivedDataCache: Loaded boot cache 0.05s 71MB C:/Users/DaultonNelson/AppData/Local/UnrealEngine/4.20/DerivedDataCache/Boot.ddc.
[2020.04.09-18.04.39:967][  0]LogDerivedDataCache: Display: Loaded Boot cache: C:/Users/DaultonNelson/AppData/Local/UnrealEngine/4.20/DerivedDataCache/Boot.ddc
[2020.04.09-18.04.39:967][  0]LogDerivedDataCache: FDerivedDataBackendGraph:  Pak pak cache file ../../../../../../../Side Projects/Unreal Portfolio Invaders/PortfolioInvaders/PortInvadeProject/DerivedDataCache/DDC.ddp not found, will not use a pak cache.
[2020.04.09-18.04.39:967][  0]LogDerivedDataCache: Unable to find inner node Pak for hierarchical cache Hierarchy.
[2020.04.09-18.04.39:967][  0]LogDerivedDataCache: FDerivedDataBackendGraph:  CompressedPak pak cache file ../../../../../../../Side Projects/Unreal Portfolio Invaders/PortfolioInvaders/PortInvadeProject/DerivedDataCache/Compressed.ddp not found, will not use a pak cache.
[2020.04.09-18.04.39:967][  0]LogDerivedDataCache: Unable to find inner node CompressedPak for hierarchical cache Hierarchy.
[2020.04.09-18.04.39:982][  0]LogDerivedDataCache: Display: Pak cache opened for reading ../../../Engine/DerivedDataCache/Compressed.ddp.
[2020.04.09-18.04.39:993][  0]LogDerivedDataCache: Using Local data cache path C:/Users/DaultonNelson/AppData/Local/UnrealEngine/Common/DerivedDataCache: Writable
[2020.04.09-18.04.39:993][  0]LogDerivedDataCache: Shared data cache path not found in *engine.ini, will not use an Shared cache.
[2020.04.09-18.04.39:993][  0]LogDerivedDataCache: Unable to find inner node Shared for hierarchical cache Hierarchy.
[2020.04.09-18.04.40:012][  0]LogMaterial: Verifying Global Shaders for PCD3D_SM5
[2020.04.09-18.04.40:013][  0]LogSlate: Using FreeType 2.6.0
[2020.04.09-18.04.40:014][  0]LogSlate: SlateFontServices - WITH_FREETYPE: 1, WITH_HARFBUZZ: 1
[2020.04.09-18.04.40:093][  0]LogAssetRegistry: FAssetRegistry took 0.0269 seconds to start up
[2020.04.09-18.04.40:441][  0]LogInit: Selected Device Profile: [Windows]
[2020.04.09-18.04.40:579][  0]LogSimplygon: Simplygon DLL not present - disabling.
[2020.04.09-18.04.40:584][  0]LogMeshReduction: Using SimplygonSwarm for distributed automatic mesh merging
[2020.04.09-18.04.40:584][  0]LogMeshReduction: Using ProxyLODMeshReduction for automatic mesh merging
[2020.04.09-18.04.40:584][  0]LogMeshReduction: Using QuadricMeshReduction for automatic static mesh reduction
[2020.04.09-18.04.40:584][  0]LogMeshReduction: No automatic skeletal mesh reduction module available
[2020.04.09-18.04.40:599][  0]LogNetVersion: PortInvadeProject 1.0.0, NetCL: 4212847, EngineNetVer: 5, GameNetVer: 0 (Checksum: 2198381219)
[2020.04.09-18.04.41:367][  0]LogPackageLocalizationCache: Processed 11 localized package path(s) for 2 prioritized culture(s) in 0.115799 seconds
[2020.04.09-18.04.41:374][  0]LogUObjectArray: 38425 objects as part of root set at end of initial load.
[2020.04.09-18.04.41:374][  0]LogUObjectAllocator: 6690864 out of 0 bytes used by permanent object pool.
[2020.04.09-18.04.41:374][  0]LogUObjectArray: CloseDisregardForGC: 0/0 objects in disregard for GC pool
[2020.04.09-18.04.43:075][  0]LogTcpMessaging: Initializing TcpMessaging bridge
[2020.04.09-18.04.43:094][  0]LogUdpMessaging: Initializing bridge on interface 0.0.0.0:0 to multicast group 230.0.0.1:6666.
[2020.04.09-18.04.43:412][  0]SourceControl: Source control is disabled
[2020.04.09-18.04.43:412][  0]SourceControl: Source control is disabled
[2020.04.09-18.04.43:414][  0]SourceControl: Source control is disabled
[2020.04.09-18.04.43:416][  0]SourceControl: Source control is disabled
[2020.04.09-18.04.43:745][  0]LogAndroidPermission: UAndroidPermissionCallbackProxy::GetInstance
[2020.04.09-18.04.44:647][  0]LogOcInput: OculusInput pre-init called
[2020.04.09-18.04.44:809][  0]LogEngine: Initializing Engine...
[2020.04.09-18.04.44:811][  0]LogHMD: Failed to initialize OpenVR with code 110
[2020.04.09-18.04.44:815][  0]LogStats: UGameplayTagsManager::ConstructGameplayTagTree: ImportINI prefixes -  0.000 s
[2020.04.09-18.04.44:815][  0]LogStats: UGameplayTagsManager::ConstructGameplayTagTree: Construct from data asset -  0.000 s
[2020.04.09-18.04.44:815][  0]LogStats: UGameplayTagsManager::ConstructGameplayTagTree: ImportINI -  0.000 s
[2020.04.09-18.04.44:815][  0]LogStats: UGameplayTagsManager::ConstructGameplayTagTree: GameplayTagTreeChangedEvent.Broadcast -  0.000 s
[2020.04.09-18.04.45:390][  0]LogInit: Initializing FReadOnlyCVARCache
[2020.04.09-18.04.45:404][  0]LogAIModule: Creating AISystem for world Untitled
[2020.04.09-18.04.45:593][  0]LogInit: XAudio2 using 'HeadPhone/Digital Output (Realtek High Definition Audio)' : 6 channels at 48 kHz using 32 bits per sample (channel mask 0x3f)
[2020.04.09-18.04.45:910][  0]LogInit: FAudioDevice initialized.
[2020.04.09-18.04.45:910][  0]LogNetVersion: Set ProjectVersion to 1.0.0.0. Version Checksum will be recalculated on next use.
[2020.04.09-18.04.46:033][  0]LogDerivedDataCache: Saved boot cache 0.12s 71MB C:/Users/DaultonNelson/AppData/Local/UnrealEngine/4.20/DerivedDataCache/Boot.ddc.
[2020.04.09-18.04.46:045][  0]LogInit: Texture streaming: Enabled
[2020.04.09-18.04.46:117][  0]LogEngineSessionManager: EngineSessionManager initialized
[2020.04.09-18.04.46:117][  0]LogEngineSessionManager: EngineSessionManager sent abnormal shutdown report. Type=Crashed, SessionId={D9572982-4378-FB47-2048-92B5E13A5C57}
[2020.04.09-18.04.46:160][  0]LogInit: Transaction tracking system initialized
[2020.04.09-18.04.46:212][  0]BlueprintLog: New page: Editor Load
[2020.04.09-18.04.46:324][  0]LocalizationService: Localization service is disabled
[2020.04.09-18.04.46:885][  0]LogCook: Display: Max memory allowance for cook 16384mb min free memory 0mb
[2020.04.09-18.04.46:885][  0]LogCook: Display: Mobile HDR setting 1
[2020.04.09-18.04.46:885][  0]LogGameplayTags: Display: UGameplayTagsManager::DoneAddingNativeTags. DelegateIsBound: 0
[2020.04.09-18.04.46:885][  0]LogStats: UGameplayTagsManager::ConstructGameplayTagTree: ImportINI prefixes -  0.000 s
[2020.04.09-18.04.46:885][  0]LogStats: UGameplayTagsManager::ConstructGameplayTagTree: Construct from data asset -  0.000 s
[2020.04.09-18.04.46:885][  0]LogStats: UGameplayTagsManager::ConstructGameplayTagTree: ImportINI -  0.000 s
[2020.04.09-18.04.46:885][  0]LogStats: UGameplayTagsManager::ConstructGameplayTagTree: GameplayTagTreeChangedEvent.Broadcast -  0.000 s
[2020.04.09-18.04.47:149][  0]LogFileCache: Scanning file cache for directory 'D:/Side Projects/Unreal Portfolio Invaders/PortfolioInvaders/PortInvadeProject/Content/' took 0.02s
[2020.04.09-18.04.47:149][  0]SourceControl: Source control is disabled
[2020.04.09-18.04.47:151][  0]LightingResults: New page: Lighting Build
[2020.04.09-18.04.47:161][  0]MapCheck: New page: Map Check
[2020.04.09-18.04.47:161][  0]LightingResults: New page: Lighting Build
[2020.04.09-18.04.47:815][  0]LogAIModule: Creating AISystem for world Minimal_Default
[2020.04.09-18.04.47:822][  0]LogEditorServer: Finished looking for orphan Actors (0.000 secs)
[2020.04.09-18.04.47:845][  0]Cmd: MAP CHECKDEP NOCLEARLOG
[2020.04.09-18.04.47:904][  0]MapCheck: Map check complete: 0 Error(s), 0 Warning(s), took 58.063ms to complete.
[2020.04.09-18.04.47:904][  0]LogFileHelpers: Loading map 'Minimal_Default' took 0.753
[2020.04.09-18.04.48:128][  0]LogSlate: Updating window title bar state: overlay mode, drag disabled, window buttons hidden, title bar hidden
[2020.04.09-18.04.48:137][  0]LogSlate: Updating window title bar state: overlay mode, drag disabled, window buttons hidden, title bar hidden
[2020.04.09-18.04.48:144][  0]LogSlate: Updating window title bar state: overlay mode, drag disabled, window buttons hidden, title bar hidden
[2020.04.09-18.04.48:151][  0]LogSlate: Updating window title bar state: overlay mode, drag disabled, window buttons hidden, title bar hidden
[2020.04.09-18.04.48:157][  0]LogCollectionManager: Loaded 0 collections in 0.001457 seconds
[2020.04.09-18.04.48:217][  0]LogFileCache: Scanning file cache for directory 'D:/Side Projects/Unreal Portfolio Invaders/PortfolioInvaders/PortInvadeProject/Saved/Collections/' took 0.01s
[2020.04.09-18.04.48:218][  0]LogFileCache: Scanning file cache for directory 'D:/Side Projects/Unreal Portfolio Invaders/PortfolioInvaders/PortInvadeProject/Content/Developers/DaultonNelson/Collections/' took 0.01s
[2020.04.09-18.04.48:218][  0]LogFileCache: Scanning file cache for directory 'D:/Side Projects/Unreal Portfolio Invaders/PortfolioInvaders/PortInvadeProject/Content/Collections/' took 0.01s
[2020.04.09-18.04.48:218][  0]LogCollectionManager: Rebuilt the GUID cache for 0 collections in 0.000001 seconds
[2020.04.09-18.04.48:253][  0]LogContentBrowser: Native class hierarchy populated in 0.0338 seconds. Added 2572 classes and 603 folders.
[2020.04.09-18.04.48:268][  0]LogContentBrowser: Native class hierarchy updated for 'WidgetCarousel' in 0.0005 seconds. Added 0 classes and 0 folders.
[2020.04.09-18.04.48:360][  0]LogContentBrowser: Native class hierarchy updated for 'AddContentDialog' in 0.0003 seconds. Added 0 classes and 0 folders.
[2020.04.09-18.04.48:365][  0]LogContentBrowser: Native class hierarchy updated for 'SceneOutliner' in 0.0003 seconds. Added 1 classes and 2 folders.
[2020.04.09-18.04.50:113][  0]LogSlate: Only BGRA pngs, bmps or icos are supported in by External Image Picker
[2020.04.09-18.04.50:208][  0]LogSlate: Took 0.000300 seconds to synchronously load lazily loaded font '../../../Engine/Content/Slate/Fonts/Roboto-Regular.ttf' (155K)
[2020.04.09-18.04.50:212][  0]LogSlate: Took 0.000288 seconds to synchronously load lazily loaded font '../../../Engine/Content/Slate/Fonts/Roboto-Bold.ttf' (160K)
[2020.04.09-18.04.50:219][  0]LogSlate: Took 0.000218 seconds to synchronously load lazily loaded font '../../../Engine/Content/Editor/Slate/Fonts/FontAwesome.ttf' (139K)
[2020.04.09-18.04.50:301][  0]LogRenderer: Reallocating scene render targets to support 964x436 Format 10 NumSamples 1 (Frame:1).
[2020.04.09-18.04.50:433][  0]LogTemp: Executing iPhonePackager certificates Engine -bundlename com.YourCompany.PortInvadeProject
[2020.04.09-18.04.50:433][  0]LogTemp: CWD: D:\Program Files\Unreal\Engine\UE_4.20\Engine\Binaries\DotNET\IOS
[2020.04.09-18.04.50:433][  0]LogTemp: Initial Dir: D:\Program Files\Unreal\Engine\UE_4.20
[2020.04.09-18.04.50:433][  0]LogTemp: Env CWD: D:\Program Files\Unreal\Engine\UE_4.20\Engine\Binaries\DotNET\IOS
[2020.04.09-18.04.50:433][  0]LogTemp: BranchPath = MSI/D/Program Files/Unreal/Engine/UE_4.20/Engine/Binaries --- GameBranchPath = MSI/D/Program Files/Unreal/Engine/UE_4.20/Engine/Binaries
[2020.04.09-18.04.50:433][  0]LogTemp: IPP ERROR: Could not find provision directory 'C:\Users\DaultonNelson\AppData\Local/Apple Computer/MobileDevice/Provisioning Profiles/'.
[2020.04.09-18.04.50:450][  0]LogContentBrowser: Native class hierarchy updated for 'HierarchicalLODOutliner' in 0.0002 seconds. Added 0 classes and 0 folders.
[2020.04.09-18.04.50:450][  0]LogLoad: (Engine Initialization) Total time: 20.98 seconds
[2020.04.09-18.04.50:450][  0]LogLoad: (Engine Initialization) Total Blueprint compile time: 0.00 seconds
[2020.04.09-18.04.50:491][  0]LogContentStreaming: Texture pool size now 1000 MB
[2020.04.09-18.04.50:521][  0]LogSlate: Took 0.000213 seconds to synchronously load lazily loaded font '../../../Engine/Content/Slate/Fonts/Roboto-Light.ttf' (167K)
[2020.04.09-18.04.50:537][  1]LogAssetRegistry: Asset discovery search completed in 10.4683 seconds
[2020.04.09-18.04.50:539][  1]LogCollectionManager: Rebuilt the object cache for 0 collections in 0.000000 seconds (found 0 objects)
[2020.04.09-18.04.50:539][  1]LogCollectionManager: Fixed up redirectors for 0 collections in 0.000086 seconds (updated 0 objects)
[2020.04.09-18.04.51:548][ 30]LogSlate: Took 0.000376 seconds to synchronously load lazily loaded font '../../../Engine/Content/Slate/Fonts/Roboto-Light.ttf' (167K)
[2020.04.09-18.04.53:085][ 74]LogSlate: FSceneViewport::OnFocusLost() reason 0
[2020.04.09-18.04.53:205][ 76]LogAssetEditorManager: Opening Asset editor for Blueprint /Game/Blueprints/CustomPlayerController.CustomPlayerController
[2020.04.09-18.04.54:569][ 76]LogContentBrowser: Native class hierarchy updated for 'BlueprintGraph' in 0.0019 seconds. Added 116 classes and 0 folders.
[2020.04.09-18.04.57:040][ 76]LogAssetEditorManager: Opening Asset editor for Blueprint /Game/Blueprints/PlayerShipPawn.PlayerShipPawn
[2020.04.09-18.04.57:793][ 76]LogAssetEditorManager: Opening Asset editor for Blueprint /Game/Blueprints/EnemyPrefab.EnemyPrefab
[2020.04.09-18.04.58:744][ 76]LogAssetEditorManager: Opening Asset editor for WidgetBlueprint /Game/UI/GameplayUI.GameplayUI
[2020.04.09-18.04.59:910][ 76]LogSlate: Took 0.000276 seconds to synchronously load lazily loaded font '../../../Engine/Content/Slate/Fonts/Roboto-BoldCondensed.ttf' (158K)
[2020.04.09-18.05.00:112][ 77]LogSlate: Took 0.000238 seconds to synchronously load lazily loaded font '../../../Engine/Content/Slate/Fonts/Roboto-Italic.ttf' (157K)
[2020.04.09-18.05.19:205][779]Cmd: OBJ SAVEPACKAGE PACKAGE="/Game/UI/GameplayUI" FILE="../../../../../../../Side Projects/Unreal Portfolio Invaders/PortfolioInvaders/PortInvadeProject/Content/UI/GameplayUI.uasset" SILENT=true
[2020.04.09-18.05.19:258][779]LogSavePackage: Moving '../../../../../../../Side Projects/Unreal Portfolio Invaders/PortfolioInvaders/PortInvadeProject/Saved/GameplayUI20EA98AA444697EFC5D7A5AF87DEBC00.tmp' to '../../../../../../../Side Projects/Unreal Portfolio Invaders/PortfolioInvaders/PortInvadeProject/Content/UI/GameplayUI.uasset'
[2020.04.09-18.05.29:202][ 73]Cmd: OBJ SAVEPACKAGE PACKAGE="/Game/UI/GameplayUI" FILE="../../../../../../../Side Projects/Unreal Portfolio Invaders/PortfolioInvaders/PortInvadeProject/Content/UI/GameplayUI.uasset" SILENT=true
[2020.04.09-18.05.29:256][ 73]LogSavePackage: Moving '../../../../../../../Side Projects/Unreal Portfolio Invaders/PortfolioInvaders/PortInvadeProject/Saved/GameplayUIB0CF06064020594EDEB820A39C5D9C63.tmp' to '../../../../../../../Side Projects/Unreal Portfolio Invaders/PortfolioInvaders/PortInvadeProject/Content/UI/GameplayUI.uasset'
[2020.04.09-18.05.36:471][367]Cmd: OBJ SAVEPACKAGE PACKAGE="/Game/UI/GameplayUI" FILE="../../../../../../../Side Projects/Unreal Portfolio Invaders/PortfolioInvaders/PortInvadeProject/Content/UI/GameplayUI.uasset" SILENT=true
[2020.04.09-18.05.36:588][367]LogSavePackage: Moving '../../../../../../../Side Projects/Unreal Portfolio Invaders/PortfolioInvaders/PortInvadeProject/Saved/GameplayUI856A4B9B40B7CA0E8C67FB818B357184.tmp' to '../../../../../../../Side Projects/Unreal Portfolio Invaders/PortfolioInvaders/PortInvadeProject/Content/UI/GameplayUI.uasset'
[2020.04.09-18.05.43:381][723]Cmd: OBJ SAVEPACKAGE PACKAGE="/Game/UI/GameplayUI" FILE="../../../../../../../Side Projects/Unreal Portfolio Invaders/PortfolioInvaders/PortInvadeProject/Content/UI/GameplayUI.uasset" SILENT=true
[2020.04.09-18.05.43:409][723]LogSavePackage: Moving '../../../../../../../Side Projects/Unreal Portfolio Invaders/PortfolioInvaders/PortInvadeProject/Saved/GameplayUI3A1FF6EB44ACD12E6BDFADA90168D110.tmp' to '../../../../../../../Side Projects/Unreal Portfolio Invaders/PortfolioInvaders/PortInvadeProject/Content/UI/GameplayUI.uasset'
[2020.04.09-18.05.44:284][796]BlueprintLog: New page: Compile GameplayUI
[2020.04.09-18.05.58:182][258]Cmd: OBJ SAVEPACKAGE PACKAGE="/Game/UI/GameplayUI" FILE="../../../../../../../Side Projects/Unreal Portfolio Invaders/PortfolioInvaders/PortInvadeProject/Content/UI/GameplayUI.uasset" SILENT=true
[2020.04.09-18.05.58:268][258]LogSavePackage: Moving '../../../../../../../Side Projects/Unreal Portfolio Invaders/PortfolioInvaders/PortInvadeProject/Saved/GameplayUIFA6B88A2469206F808CCA6B94CC3682D.tmp' to '../../../../../../../Side Projects/Unreal Portfolio Invaders/PortfolioInvaders/PortInvadeProject/Content/UI/GameplayUI.uasset'
[2020.04.09-18.06.17:542][923]BlueprintLog: New page: Compile GameplayUI
[2020.04.09-18.06.20:406][993]LogTemp: Repeating last play command: New Editor Window (PIE)
[2020.04.09-18.06.20:434][993]LogBlueprintUserMessages: Early PlayInEditor Detection: Level '/Game/StarterContent/Maps/Minimal_Default.Minimal_Default:PersistentLevel' has LevelScriptBlueprint '/Game/StarterContent/Maps/Minimal_Default.Minimal_Default:PersistentLevel.Minimal_Default' with GeneratedClass '/Game/StarterContent/Maps/Minimal_Default.Minimal_Default_C' with ClassGeneratedBy '/Game/StarterContent/Maps/Minimal_Default.Minimal_Default:PersistentLevel.Minimal_Default'
[2020.04.09-18.06.20:434][993]LogPlayLevel: PlayLevel: No blueprints needed recompiling
[2020.04.09-18.06.20:448][993]PIE: New page: PIE session: Minimal_Default (Apr 9, 2020, 10:06:20 AM)
[2020.04.09-18.06.20:448][993]LogPlayLevel: Creating play world package: /Game/StarterContent/Maps/UEDPIE_0_Minimal_Default
[2020.04.09-18.06.20:452][993]LogPlayLevel: PIE: StaticDuplicateObject took: (0.004547s)
[2020.04.09-18.06.20:453][993]LogAIModule: Creating AISystem for world Minimal_Default
[2020.04.09-18.06.20:453][993]LogPlayLevel: PIE: World Init took: (0.000936s)
[2020.04.09-18.06.20:454][993]LogPlayLevel: PIE: Created PIE world by copying editor world from /Game/StarterContent/Maps/Minimal_Default.Minimal_Default to /Game/StarterContent/Maps/UEDPIE_0_Minimal_Default.Minimal_Default (0.005693s)
[2020.04.09-18.06.20:649][993]LogInit: XAudio2 using 'HeadPhone/Digital Output (Realtek High Definition Audio)' : 6 channels at 48 kHz using 32 bits per sample (channel mask 0x3f)
[2020.04.09-18.06.20:987][993]LogInit: FAudioDevice initialized.
[2020.04.09-18.06.21:033][993]LogSlate: Updating window title bar state: overlay mode, drag disabled, window buttons hidden, title bar hidden
[2020.04.09-18.06.21:146][993]LogLoad: Game class is 'Shoot-em-UpMode_C'
[2020.04.09-18.06.21:150][993]LogWorld: Bringing World /Game/StarterContent/Maps/UEDPIE_0_Minimal_Default.Minimal_Default up for play (max tick rate 0) at 2020.04.09-14.06.21
[2020.04.09-18.06.21:152][993]LogWorld: Bringing up level for play took: 0.003011
[2020.04.09-18.06.21:166][993]LogGameMode: FindPlayerStart: PATHS NOT DEFINED or NO PLAYERSTART with positive rating
[2020.04.09-18.06.21:195][993]LogContentBrowser: Native class hierarchy updated for 'MovieSceneCapture' in 0.0007 seconds. Added 10 classes and 0 folders.
[2020.04.09-18.06.21:196][993]LogGameMode: Display: Match State Changed from EnteringMap to WaitingToStart
[2020.04.09-18.06.21:196][993]LogGameState: Match State Changed from EnteringMap to WaitingToStart
[2020.04.09-18.06.21:196][993]LogGameMode: Display: Match State Changed from WaitingToStart to InProgress
[2020.04.09-18.06.21:202][993]LogGameState: Match State Changed from WaitingToStart to InProgress
[2020.04.09-18.06.21:210][993]PIE: Play in editor start time for /Game/StarterContent/Maps/UEDPIE_0_Minimal_Default -0.127
[2020.04.09-18.06.21:211][993]LogBlueprintUserMessages: Late PlayInEditor Detection: Level '/Game/StarterContent/Maps/Minimal_Default.Minimal_Default:PersistentLevel' has LevelScriptBlueprint '/Game/StarterContent/Maps/Minimal_Default.Minimal_Default:PersistentLevel.Minimal_Default' with GeneratedClass '/Game/StarterContent/Maps/Minimal_Default.Minimal_Default_C' with ClassGeneratedBy '/Game/StarterContent/Maps/Minimal_Default.Minimal_Default:PersistentLevel.Minimal_Default'
[2020.04.09-18.06.21:286][993]LogRenderer: Reallocating scene render targets to support 1024x576 Format 10 NumSamples 1 (Frame:1).
[2020.04.09-18.06.25:710][ 82]LogBlueprintUserMessages: [PlayerShipPawn_C_0] Fire Shot
[2020.04.09-18.06.27:212][112]LogBlueprintUserMessages: Early EndPlayMap Detection: Level '/Game/StarterContent/Maps/Minimal_Default.Minimal_Default:PersistentLevel' has LevelScriptBlueprint '/Game/StarterContent/Maps/Minimal_Default.Minimal_Default:PersistentLevel.Minimal_Default' with GeneratedClass '/Game/StarterContent/Maps/Minimal_Default.Minimal_Default_C' with ClassGeneratedBy '/Game/StarterContent/Maps/Minimal_Default.Minimal_Default:PersistentLevel.Minimal_Default'
[2020.04.09-18.06.27:213][112]LogSlate: Updating window title bar state: overlay mode, drag disabled, window buttons hidden, title bar hidden
[2020.04.09-18.06.27:274][112]LogSlate: Window 'PortInvadeProject Game Preview Standalone (64-bit/PCD3D_SM5)' being destroyed
[2020.04.09-18.06.27:338][112]LogPlayLevel: Display: Shutting down PIE online subsystems
[2020.04.09-18.06.27:338][112]LogBlueprintUserMessages: Late EndPlayMap Detection: Level '/Game/StarterContent/Maps/Minimal_Default.Minimal_Default:PersistentLevel' has LevelScriptBlueprint '/Game/StarterContent/Maps/Minimal_Default.Minimal_Default:PersistentLevel.Minimal_Default' with GeneratedClass '/Game/StarterContent/Maps/Minimal_Default.Minimal_Default_C' with ClassGeneratedBy '/Game/StarterContent/Maps/Minimal_Default.Minimal_Default:PersistentLevel.Minimal_Default'
[2020.04.09-18.06.27:470][113]LogPlayLevel: Display: Destroying online subsystem :Context_7
[2020.04.09-18.06.28:006][126]Cmd: OBJ SAVEPACKAGE PACKAGE="/Game/UI/GameplayUI" FILE="../../../../../../../Side Projects/Unreal Portfolio Invaders/PortfolioInvaders/PortInvadeProject/Content/UI/GameplayUI.uasset" SILENT=true
[2020.04.09-18.06.28:065][126]LogSavePackage: Moving '../../../../../../../Side Projects/Unreal Portfolio Invaders/PortfolioInvaders/PortInvadeProject/Saved/GameplayUI32EFE3CE44F0FB6E2016F898B291B6A8.tmp' to '../../../../../../../Side Projects/Unreal Portfolio Invaders/PortfolioInvaders/PortInvadeProject/Content/UI/GameplayUI.uasset'
[2020.04.09-18.06.42:662][915]Cmd: OBJ SAVEPACKAGE PACKAGE="/Game/UI/GameplayUI" FILE="../../../../../../../Side Projects/Unreal Portfolio Invaders/PortfolioInvaders/PortInvadeProject/Content/UI/GameplayUI.uasset" SILENT=true
[2020.04.09-18.06.42:745][915]LogSavePackage: Moving '../../../../../../../Side Projects/Unreal Portfolio Invaders/PortfolioInvaders/PortInvadeProject/Saved/GameplayUI84A06D3F470FBB7B4B69CDAD58B579CB.tmp' to '../../../../../../../Side Projects/Unreal Portfolio Invaders/PortfolioInvaders/PortInvadeProject/Content/UI/GameplayUI.uasset'
[2020.04.09-18.06.47:983][139]BlueprintLog: New page: Compile GameplayUI
[2020.04.09-18.06.51:552][310]Cmd: OBJ SAVEPACKAGE PACKAGE="/Game/UI/GameplayUI" FILE="../../../../../../../Side Projects/Unreal Portfolio Invaders/PortfolioInvaders/PortInvadeProject/Content/UI/GameplayUI.uasset" SILENT=true
[2020.04.09-18.06.51:617][310]LogSavePackage: Moving '../../../../../../../Side Projects/Unreal Portfolio Invaders/PortfolioInvaders/PortInvadeProject/Saved/GameplayUICFDEA22F4E4C62D921BAE3AEAD82465B.tmp' to '../../../../../../../Side Projects/Unreal Portfolio Invaders/PortfolioInvaders/PortInvadeProject/Content/UI/GameplayUI.uasset'
[2020.04.09-18.07.09:095][222]Cmd: OBJ SAVEPACKAGE PACKAGE="/Game/UI/GameplayUI" FILE="../../../../../../../Side Projects/Unreal Portfolio Invaders/PortfolioInvaders/PortInvadeProject/Content/UI/GameplayUI.uasset" SILENT=true
[2020.04.09-18.07.09:158][222]LogSavePackage: Moving '../../../../../../../Side Projects/Unreal Portfolio Invaders/PortfolioInvaders/PortInvadeProject/Saved/GameplayUI7F22B36A4E7A6DD588ACB496112810D5.tmp' to '../../../../../../../Side Projects/Unreal Portfolio Invaders/PortfolioInvaders/PortInvadeProject/Content/UI/GameplayUI.uasset'
[2020.04.09-18.07.16:865][411]LogD3D11RHI: Error: Result failed 
 at D:\Build\++UE4\Sync\Engine\Source\Runtime\Windows\D3D11RHI\Private\D3D11Query.cpp:146 
 with error DXGI_ERROR_DEVICE_REMOVED DXGI_ERROR_DEVICE_HUNG
[2020.04.09-18.07.16:865][411]LogD3D11RHI: [Aftermath] GDynamicRHI=0000019F41D54080, GDX11NVAfterMathEnabled=0, Result=0xFFFFFFFF, bDeviceActive=0
[2020.04.09-18.07.16:865][411]LogWindows: Windows GetLastError: The operation completed successfully. (0)
[2020.04.09-18.07.19:222][411]LogWindows: Windows GetLastError: The operation completed successfully. (0)
[2020.04.09-18.07.19:222][411]LogWindows: Error: === Critical error: ===
[2020.04.09-18.07.19:223][411]LogWindows: Error: 
[2020.04.09-18.07.19:223][411]LogWindows: Error: Fatal error: [File:D:\Build\++UE4\Sync\Engine\Source\Runtime\RenderCore\Private\RenderingThread.cpp] [Line: 826] 
[2020.04.09-18.07.19:223][411]LogWindows: Error: Rendering thread exception:
[2020.04.09-18.07.19:223][411]LogWindows: Error: Fatal error: [File:D:\Build\++UE4\Sync\Engine\Source\Runtime\Windows\D3D11RHI\Private\D3D11Util.cpp] [Line: 200] 
[2020.04.09-18.07.19:223][411]LogWindows: Error: Unreal Engine is exiting due to D3D device being lost. (Error: 0x887A0006 - 'HUNG')
[2020.04.09-18.07.19:223][411]LogWindows: Error: 
[2020.04.09-18.07.19:223][411]LogWindows: Error: 
[2020.04.09-18.07.19:223][411]LogWindows: Error: [Callstack] 0x00007ff992fea859 KERNELBASE.dll!UnknownFunction []
[2020.04.09-18.07.19:223][411]LogWindows: Error: [Callstack] 0x00007ff9601f6850 UE4Editor-ApplicationCore.dll!UnknownFunction []
[2020.04.09-18.07.19:223][411]LogWindows: Error: [Callstack] 0x00007ff91a8562fc UE4Editor-Core.dll!UnknownFunction []
[2020.04.09-18.07.19:223][411]LogWindows: Error: [Callstack] 0x00007ff91a7e51db UE4Editor-Core.dll!UnknownFunction []
[2020.04.09-18.07.19:224][411]LogWindows: Error: [Callstack] 0x00007ff8ff3fadea UE4Editor-D3D11RHI.dll!UnknownFunction []
[2020.04.09-18.07.19:224][411]LogWindows: Error: [Callstack] 0x00007ff8ff3fe6e4 UE4Editor-D3D11RHI.dll!UnknownFunction []
[2020.04.09-18.07.19:224][411]LogWindows: Error: [Callstack] 0x00007ff8ff3d5951 UE4Editor-D3D11RHI.dll!UnknownFunction []
[2020.04.09-18.07.19:224][411]LogWindows: Error: [Callstack] 0x00007ff8ff3eabf8 UE4Editor-D3D11RHI.dll!UnknownFunction []
[2020.04.09-18.07.19:224][411]LogWindows: Error: [Callstack] 0x00007ff986a1b106 UE4Editor-RHI.dll!UnknownFunction []
[2020.04.09-18.07.19:224][411]LogWindows: Error: [Callstack] 0x00007ff8ff191b42 UE4Editor-SlateRHIRenderer.dll!UnknownFunction []
[2020.04.09-18.07.19:225][411]LogWindows: Error: [Callstack] 0x00007ff8ff197d0a UE4Editor-SlateRHIRenderer.dll!UnknownFunction []
[2020.04.09-18.07.19:225][411]LogWindows: Error: [Callstack] 0x00007ff91a671f92 UE4Editor-Core.dll!UnknownFunction []
[2020.04.09-18.07.19:225][411]LogWindows: Error: [Callstack] 0x00007ff91a672456 UE4Editor-Core.dll!UnknownFunction []
[2020.04.09-18.07.19:225][411]LogWindows: Error: [Callstack] 0x00007ff9874375f9 UE4Editor-RenderCore.dll!UnknownFunction []
[2020.04.09-18.07.19:225][411]LogWindows: Error: [Callstack] 0x00007ff987438574 UE4Editor-RenderCore.dll!UnknownFunction []
[2020.04.09-18.07.19:225][411]LogWindows: Error: [Callstack] 0x00007ff91aab6b7c UE4Editor-Core.dll!UnknownFunction []
[2020.04.09-18.07.19:225][411]LogWindows: Error: [Callstack] 0x00007ff91aab17c7 UE4Editor-Core.dll!UnknownFunction []
[2020.04.09-18.07.19:225][411]LogWindows: Error: [Callstack] 0x00007ff995317bd4 KERNEL32.DLL!UnknownFunction []
[2020.04.09-18.07.19:225][411]LogWindows: Error: [Callstack] 0x00007ff995f8ced1 ntdll.dll!UnknownFunction []
[2020.04.09-18.07.19:225][411]LogWindows: Error: 
[2020.04.09-18.07.19:225][411]LogWindows: Error: 
[2020.04.09-18.07.19:225][411]LogWindows: Error: 
[2020.04.09-18.07.19:225][411]LogWindows: Error: 
[2020.04.09-18.07.19:268][411]LogExit: Executing StaticShutdownAfterError
[2020.04.09-18.07.19:277][411]LogWindows: FPlatformMisc::RequestExit(1)
[2020.04.09-18.07.19:287][411]Log file closed, 04/09/20 14:07:19
