"../../../../../../../Side Projects/Unreal Portfolio Invaders/PortfolioInvaders/PortInvadeProject/Content/2DAssets/Textures/Sheild.uasset" 0
"../../../../../../../Side Projects/Unreal Portfolio Invaders/PortfolioInvaders/PortInvadeProject/Content/3DAssets/InvaderBug/Invader_Bug_Skeleton.uasset" 1
"../../../../../../../Side Projects/Unreal Portfolio Invaders/PortfolioInvaders/PortInvadeProject/Content/3DAssets/InvaderBug/Invader_Bug_Anim_Invader_Bug_Armature_Invader_Bug_Mandable_LAction.uasset" 2
"../../../../../../../Side Projects/Unreal Portfolio Invaders/PortfolioInvaders/PortInvadeProject/Content/3DAssets/InvaderBug/Invader_Bug_Anim_Invader_Bug_Armature_Invader_Bug_Mandable_RAction.uasset" 3
"../../../Engine/Content/Functions/Engine_MaterialFunctions01/Opacity/CameraDepthFade.uasset" 4
"../../../Engine/Content/EngineMaterials/T_Default_Material_Grid_M.uasset" 5
"../../../Engine/Content/EngineMaterials/T_Default_Material_Grid_N.uasset" 6
"../../../Engine/Content/EngineMaterials/WorldGridMaterial.uasset" 7
"../../../../../../../Side Projects/Unreal Portfolio Invaders/PortfolioInvaders/PortInvadeProject/Content/3DAssets/PlayerShip/Player_Ship_PlayerShip_Parent.uasset" 8
"../../../../../../../Side Projects/Unreal Portfolio Invaders/PortfolioInvaders/PortInvadeProject/Content/Materials/Glass.uasset" 9
"../../../../../../../Side Projects/Unreal Portfolio Invaders/PortfolioInvaders/PortInvadeProject/Content/StarterContent/Materials/M_Basic_Wall.uasset" 10
"../../../../../../../Side Projects/Unreal Portfolio Invaders/PortfolioInvaders/PortInvadeProject/Content/StarterContent/Architecture/Pillar_50x500.uasset" 11
"../../../../../../../Side Projects/Unreal Portfolio Invaders/PortfolioInvaders/PortInvadeProject/Content/StarterContent/Architecture/Wall_400x300.uasset" 12
"../../../../../../../Side Projects/Unreal Portfolio Invaders/PortfolioInvaders/PortInvadeProject/Content/StarterContent/Architecture/Wall_400x400.uasset" 13
"../../../../../../../Side Projects/Unreal Portfolio Invaders/PortfolioInvaders/PortInvadeProject/Content/StarterContent/Architecture/Wall_500x500.uasset" 14
"../../../../../../../Side Projects/Unreal Portfolio Invaders/PortfolioInvaders/PortInvadeProject/Content/StarterContent/Architecture/Wall_Door_400x400.uasset" 15
"../../../../../../../Side Projects/Unreal Portfolio Invaders/PortfolioInvaders/PortInvadeProject/Content/StarterContent/Architecture/Wall_Window_400x400.uasset" 16
"../../../../../../../Side Projects/Unreal Portfolio Invaders/PortfolioInvaders/PortInvadeProject/Content/StarterContent/Audio/Collapse01.uasset" 17
"../../../../../../../Side Projects/Unreal Portfolio Invaders/PortfolioInvaders/PortInvadeProject/Content/StarterContent/Audio/Collapse02.uasset" 18
"../../../../../../../Side Projects/Unreal Portfolio Invaders/PortfolioInvaders/PortInvadeProject/Content/StarterContent/Audio/Explosion01.uasset" 19
"../../../../../../../Side Projects/Unreal Portfolio Invaders/PortfolioInvaders/PortInvadeProject/Content/StarterContent/Audio/Explosion02.uasset" 20
"../../../../../../../Side Projects/Unreal Portfolio Invaders/PortfolioInvaders/PortInvadeProject/Content/StarterContent/Audio/Fire01.uasset" 21
"../../../../../../../Side Projects/Unreal Portfolio Invaders/PortfolioInvaders/PortInvadeProject/Content/StarterContent/Audio/Fire_Sparks01.uasset" 22
"../../../../../../../Side Projects/Unreal Portfolio Invaders/PortfolioInvaders/PortInvadeProject/Content/StarterContent/Audio/Light01.uasset" 23
"../../../../../../../Side Projects/Unreal Portfolio Invaders/PortfolioInvaders/PortInvadeProject/Content/StarterContent/Audio/Light01_Cue.uasset" 24
"../../../../../../../Side Projects/Unreal Portfolio Invaders/PortfolioInvaders/PortInvadeProject/Content/StarterContent/Audio/Light02.uasset" 25
"../../../../../../../Side Projects/Unreal Portfolio Invaders/PortfolioInvaders/PortInvadeProject/Content/StarterContent/Audio/Light02_Cue.uasset" 26
"../../../../../../../Side Projects/Unreal Portfolio Invaders/PortfolioInvaders/PortInvadeProject/Content/StarterContent/Audio/Smoke01.uasset" 27
"../../../../../../../Side Projects/Unreal Portfolio Invaders/PortfolioInvaders/PortInvadeProject/Content/StarterContent/Audio/Starter_Birds01.uasset" 28
"../../../../../../../Side Projects/Unreal Portfolio Invaders/PortfolioInvaders/PortInvadeProject/Content/StarterContent/Audio/Starter_Music01.uasset" 29
"../../../../../../../Side Projects/Unreal Portfolio Invaders/PortfolioInvaders/PortInvadeProject/Content/StarterContent/Audio/Starter_Wind05.uasset" 30
"../../../../../../../Side Projects/Unreal Portfolio Invaders/PortfolioInvaders/PortInvadeProject/Content/StarterContent/Audio/Starter_Wind06.uasset" 31
"../../../../../../../Side Projects/Unreal Portfolio Invaders/PortfolioInvaders/PortInvadeProject/Content/StarterContent/Audio/Steam01.uasset" 32
"../../../../../../../Side Projects/Unreal Portfolio Invaders/PortfolioInvaders/PortInvadeProject/Content/StarterContent/Audio/Explosion_Cue.uasset" 33
"../../../../../../../Side Projects/Unreal Portfolio Invaders/PortfolioInvaders/PortInvadeProject/Content/StarterContent/Textures/T_Burst_M.uasset" 34
"../../../../../../../Side Projects/Unreal Portfolio Invaders/PortfolioInvaders/PortInvadeProject/Content/StarterContent/Particles/Materials/M_Burst.uasset" 35
"../../../../../../../Side Projects/Unreal Portfolio Invaders/PortfolioInvaders/PortInvadeProject/Content/StarterContent/Textures/T_Explosion_SubUV.uasset" 36
"../../../../../../../Side Projects/Unreal Portfolio Invaders/PortfolioInvaders/PortInvadeProject/Content/StarterContent/Particles/Materials/M_explosion_subUV.uasset" 37
"../../../../../../../Side Projects/Unreal Portfolio Invaders/PortfolioInvaders/PortInvadeProject/Content/StarterContent/Particles/Materials/m_flare_01.uasset" 38
"../../../Engine/Content/Functions/Engine_MaterialFunctions01/Gradient/RadialGradient.uasset" 39
"../../../../../../../Side Projects/Unreal Portfolio Invaders/PortfolioInvaders/PortInvadeProject/Content/StarterContent/Particles/Materials/M_radial_ramp.uasset" 40
"../../../../../../../Side Projects/Unreal Portfolio Invaders/PortfolioInvaders/PortInvadeProject/Content/StarterContent/Textures/T_Smoke_SubUV.uasset" 41
"../../../../../../../Side Projects/Unreal Portfolio Invaders/PortfolioInvaders/PortInvadeProject/Content/StarterContent/Textures/T_Smoke_Tiled_D.uasset" 42
"../../../../../../../Side Projects/Unreal Portfolio Invaders/PortfolioInvaders/PortInvadeProject/Content/StarterContent/Particles/Materials/M_smoke_subUV.uasset" 43
"../../../../../../../Side Projects/Unreal Portfolio Invaders/PortfolioInvaders/PortInvadeProject/Content/StarterContent/Particles/P_Explosion.uasset" 44
"../../../../../../../Side Projects/Unreal Portfolio Invaders/PortfolioInvaders/PortInvadeProject/Content/StarterContent/Blueprints/Blueprint_Effect_Explosion.uasset" 45
"../../../Engine/Content/EditorMeshes/ColorCalibrator/T_ColorGrid.uasset" 46
"../../../../../../../Side Projects/Unreal Portfolio Invaders/PortfolioInvaders/PortInvadeProject/Content/StarterContent/Materials/M_ColorGrid_LowSpec.uasset" 47
"../../../../../../../Side Projects/Unreal Portfolio Invaders/PortfolioInvaders/PortInvadeProject/Content/StarterContent/Textures/T_Bush_D.uasset" 48
"../../../../../../../Side Projects/Unreal Portfolio Invaders/PortfolioInvaders/PortInvadeProject/Content/StarterContent/Textures/T_Bush_N.uasset" 49
"../../../../../../../Side Projects/Unreal Portfolio Invaders/PortfolioInvaders/PortInvadeProject/Content/StarterContent/Props/Materials/M_Bush.uasset" 50
"../../../../../../../Side Projects/Unreal Portfolio Invaders/PortfolioInvaders/PortInvadeProject/Content/StarterContent/Props/SM_Bush.uasset" 51
"../../../../../../../Side Projects/Unreal Portfolio Invaders/PortfolioInvaders/PortInvadeProject/Content/StarterContent/Textures/T_Chair_M.uasset" 52
"../../../../../../../Side Projects/Unreal Portfolio Invaders/PortfolioInvaders/PortInvadeProject/Content/StarterContent/Textures/T_Chair_N.uasset" 53
"../../../../../../../Side Projects/Unreal Portfolio Invaders/PortfolioInvaders/PortInvadeProject/Content/StarterContent/Props/Materials/M_Chair.uasset" 54
"../../../../../../../Side Projects/Unreal Portfolio Invaders/PortfolioInvaders/PortInvadeProject/Content/StarterContent/Props/SM_Couch.uasset" 55
"../../../../../../../Side Projects/Unreal Portfolio Invaders/PortfolioInvaders/PortInvadeProject/Content/StarterContent/Materials/M_Glass.uasset" 56
"../../../../../../../Side Projects/Unreal Portfolio Invaders/PortfolioInvaders/PortInvadeProject/Content/StarterContent/Textures/T_Door_M.uasset" 57
"../../../../../../../Side Projects/Unreal Portfolio Invaders/PortfolioInvaders/PortInvadeProject/Content/StarterContent/Textures/T_Door_N.uasset" 58
"../../../../../../../Side Projects/Unreal Portfolio Invaders/PortfolioInvaders/PortInvadeProject/Content/StarterContent/Props/Materials/M_Door.uasset" 59
"../../../../../../../Side Projects/Unreal Portfolio Invaders/PortfolioInvaders/PortInvadeProject/Content/StarterContent/Props/SM_Door.uasset" 60
"../../../../../../../Side Projects/Unreal Portfolio Invaders/PortfolioInvaders/PortInvadeProject/Content/StarterContent/Props/Materials/M_MaterialSphere.uasset" 61
"../../../../../../../Side Projects/Unreal Portfolio Invaders/PortfolioInvaders/PortInvadeProject/Content/StarterContent/Props/Materials/M_MaterialSphere_Plain.uasset" 62
"../../../../../../../Side Projects/Unreal Portfolio Invaders/PortfolioInvaders/PortInvadeProject/Content/StarterContent/Props/SM_MatPreviewMesh_02.uasset" 63
"../../../Engine/Content/Functions/Engine_MaterialFunctions02/Utility/BlendAngleCorrectedNormals.uasset" 64
"../../../../../../../Side Projects/Unreal Portfolio Invaders/PortfolioInvaders/PortInvadeProject/Content/StarterContent/Textures/T_Detail_Rocky_N.uasset" 65
"../../../../../../../Side Projects/Unreal Portfolio Invaders/PortfolioInvaders/PortInvadeProject/Content/StarterContent/Textures/T_Rock_Basalt_D.uasset" 66
"../../../../../../../Side Projects/Unreal Portfolio Invaders/PortfolioInvaders/PortInvadeProject/Content/StarterContent/Textures/T_RockMesh_M.uasset" 67
"../../../../../../../Side Projects/Unreal Portfolio Invaders/PortfolioInvaders/PortInvadeProject/Content/StarterContent/Textures/T_RockMesh_N.uasset" 68
"../../../../../../../Side Projects/Unreal Portfolio Invaders/PortfolioInvaders/PortInvadeProject/Content/StarterContent/Props/Materials/M_Rock.uasset" 69
"../../../../../../../Side Projects/Unreal Portfolio Invaders/PortfolioInvaders/PortInvadeProject/Content/StarterContent/Props/SM_Rock.uasset" 70
"../../../../../../../Side Projects/Unreal Portfolio Invaders/PortfolioInvaders/PortInvadeProject/Content/StarterContent/Textures/T_Shelf_M.uasset" 71
"../../../../../../../Side Projects/Unreal Portfolio Invaders/PortfolioInvaders/PortInvadeProject/Content/StarterContent/Textures/T_Shelf_N.uasset" 72
"../../../../../../../Side Projects/Unreal Portfolio Invaders/PortfolioInvaders/PortInvadeProject/Content/StarterContent/Props/Materials/M_Shelf.uasset" 73
"../../../../../../../Side Projects/Unreal Portfolio Invaders/PortfolioInvaders/PortInvadeProject/Content/StarterContent/Props/SM_Shelf.uasset" 74
"../../../../../../../Side Projects/Unreal Portfolio Invaders/PortfolioInvaders/PortInvadeProject/Content/StarterContent/Materials/M_Basic_Floor.uasset" 75
"../../../../../../../Side Projects/Unreal Portfolio Invaders/PortfolioInvaders/PortInvadeProject/Content/StarterContent/Props/SM_Stairs.uasset" 76
"../../../../../../../Side Projects/Unreal Portfolio Invaders/PortfolioInvaders/PortInvadeProject/Content/StarterContent/Shapes/Shape_Cone.uasset" 77
"../../../../../../../Side Projects/Unreal Portfolio Invaders/PortfolioInvaders/PortInvadeProject/Content/StarterContent/Shapes/Shape_Cylinder.uasset" 78
"../../../../../../../Side Projects/Unreal Portfolio Invaders/PortfolioInvaders/PortInvadeProject/Content/StarterContent/Shapes/Shape_NarrowCapsule.uasset" 79
"../../../../../../../Side Projects/Unreal Portfolio Invaders/PortfolioInvaders/PortInvadeProject/Content/StarterContent/Shapes/Shape_Pipe.uasset" 80
"../../../../../../../Side Projects/Unreal Portfolio Invaders/PortfolioInvaders/PortInvadeProject/Content/StarterContent/Shapes/Shape_Pipe_180.uasset" 81
"../../../../../../../Side Projects/Unreal Portfolio Invaders/PortfolioInvaders/PortInvadeProject/Content/StarterContent/Shapes/Shape_Pipe_90.uasset" 82
"../../../../../../../Side Projects/Unreal Portfolio Invaders/PortfolioInvaders/PortInvadeProject/Content/StarterContent/Shapes/Shape_Plane.uasset" 83
"../../../../../../../Side Projects/Unreal Portfolio Invaders/PortfolioInvaders/PortInvadeProject/Content/StarterContent/Shapes/Shape_Torus.uasset" 84
"../../../../../../../Side Projects/Unreal Portfolio Invaders/PortfolioInvaders/PortInvadeProject/Content/StarterContent/Shapes/Shape_Trim.uasset" 85
"../../../../../../../Side Projects/Unreal Portfolio Invaders/PortfolioInvaders/PortInvadeProject/Content/StarterContent/Shapes/Shape_Trim_90_In.uasset" 86
"../../../../../../../Side Projects/Unreal Portfolio Invaders/PortfolioInvaders/PortInvadeProject/Content/StarterContent/Shapes/Shape_Trim_90_Out.uasset" 87
"../../../../../../../Side Projects/Unreal Portfolio Invaders/PortfolioInvaders/PortInvadeProject/Content/StarterContent/Shapes/Shape_TriPyramid.uasset" 88
"../../../../../../../Side Projects/Unreal Portfolio Invaders/PortfolioInvaders/PortInvadeProject/Content/StarterContent/Shapes/Shape_Tube.uasset" 89
"../../../../../../../Side Projects/Unreal Portfolio Invaders/PortfolioInvaders/PortInvadeProject/Content/StarterContent/Shapes/Shape_Wedge_A.uasset" 90
"../../../../../../../Side Projects/Unreal Portfolio Invaders/PortfolioInvaders/PortInvadeProject/Content/StarterContent/Shapes/Shape_Wedge_B.uasset" 91
"../../../../../../../Side Projects/Unreal Portfolio Invaders/PortfolioInvaders/PortInvadeProject/Content/StarterContent/Shapes/Shape_WideCapsule.uasset" 92
"../../../Engine/Content/ArtTools/RenderToTexture/Meshes/S_1_Unit_Plane.uasset" 93
"../../../Engine/Content/EngineMaterials/DefaultMaterial.uasset" 94
"../../../Engine/Content/BasicShapes/Cone.uasset" 95
"../../../Engine/Content/BasicShapes/Cylinder.uasset" 96
"../../../Engine/Content/BasicShapes/Sphere.uasset" 97
"../../../Engine/Content/EditorLandscapeResources/DataLayer.uasset" 98
"../../../Engine/Content/EditorMaterials/GizmoMaterial.uasset" 99
"../../../Engine/Content/EditorMaterials/MAT_Groups_Toggle.uasset" 100
"../../../Engine/Content/EditorMaterials/MAT_Groups_Visibility.uasset" 101
"../../../Engine/Content/EditorMaterials/PreviewShadowIndicator.uasset" 102
"../../../Engine/Content/EditorMaterials/PreviewShadowIndicatorMaterial.uasset" 103
"../../../Engine/Content/EditorMaterials/MatineeGroups/MAT_ColorTrack.uasset" 104
"../../../Engine/Content/EditorMaterials/MatineeGroups/MAT_Groups_Anim.uasset" 105
"../../../Engine/Content/EditorMaterials/MatineeGroups/MAT_Groups_AudioMaster.uasset" 106
"../../../Engine/Content/EditorMaterials/MatineeGroups/MAT_Groups_Director.uasset" 107
"../../../Engine/Content/EditorMaterials/MatineeGroups/MAT_Groups_Event.uasset" 108
"../../../Engine/Content/EditorMaterials/MatineeGroups/MAT_Groups_Fade.uasset" 109
"../../../Engine/Content/EditorMaterials/MatineeGroups/MAT_Groups_Float.uasset" 110
"../../../Engine/Content/EditorMaterials/MatineeGroups/MAT_Groups_Move.uasset" 111
"../../../Engine/Content/EditorMaterials/MatineeGroups/MAT_Groups_Slomo.uasset" 112
"../../../Engine/Content/EditorMaterials/MatineeGroups/MAT_Groups_Sound.uasset" 113
"../../../Engine/Content/EditorMaterials/MatineeGroups/MAT_Groups_Vector.uasset" 114
"../../../Engine/Content/EditorMaterials/ParticleSystems/PSysThumbnail_NoImage.uasset" 115
"../../../Engine/Content/EditorMaterials/ParticleSystems/PSysThumbnail_OOD.uasset" 116
"../../../Engine/Content/EditorMaterials/Camera/CineMat.uasset" 117
"../../../Engine/Content/EditorMaterials/Camera/MI_CineMat_Rig.uasset" 118
"../../../Engine/Content/EditorMeshes/Camera/SM_CraneRig_Arm.uasset" 119
"../../../Engine/Content/EditorMeshes/Camera/SM_CraneRig_Base.uasset" 120
"../../../Engine/Content/EditorMeshes/Camera/SM_CraneRig_Body.uasset" 121
"../../../Engine/Content/EditorMeshes/Camera/SM_CraneRig_Mount.uasset" 122
"../../../Engine/Content/EditorMeshes/Camera/SM_RailRig_Mount.uasset" 123
"../../../Engine/Content/EditorMeshes/Camera/SM_RailRig_Track.uasset" 124
"../../../Engine/Content/EditorResources/BSPVertex.uasset" 125
"../../../Engine/Content/EditorResources/EmptyActor.uasset" 126
"../../../Engine/Content/EditorResources/S_Actor.uasset" 127
"../../../Engine/Content/EditorResources/S_Trigger.uasset" 128
"../../../Engine/Content/EditorResources/AudioIcons/S_AudioComponent.uasset" 129
"../../../Engine/Content/EditorResources/AudioIcons/S_AudioComponent_AutoActivate.uasset" 130
"../../../Engine/Content/EditorResources/LightIcons/S_LightError.uasset" 131
"../../../Engine/Content/EditorResources/SequenceRecorder/Countdown.uasset" 132
"../../../Engine/Content/EditorResources/SequenceRecorder/RecordingIndicator.uasset" 133
"../../../Engine/Content/EditorSounds/Notifications/CompileFailed.uasset" 134
"../../../Engine/Content/EditorSounds/Notifications/CompileFailed_Cue.uasset" 135
"../../../Engine/Content/EditorSounds/Notifications/CompileSuccess.uasset" 136
"../../../Engine/Content/EditorSounds/Notifications/CompileStart_Cue.uasset" 137
"../../../Engine/Content/EditorSounds/Notifications/CompileSuccess_Cue.uasset" 138
"../../../Engine/Content/EngineDamageTypes/DmgTypeBP_Environmental.uasset" 139
"../../../Engine/Content/EngineDebugMaterials/HeatmapGradient.uasset" 140
"../../../Engine/Content/EngineDebugMaterials/BoneWeightMaterial.uasset" 141
"../../../Engine/Content/EngineDebugMaterials/ClothMaterial.uasset" 142
"../../../Engine/Content/EngineDebugMaterials/ClothMaterial_WF.uasset" 143
"../../../Engine/Content/EngineDebugMaterials/DebugEditorMaterial.uasset" 144
"../../../Engine/Content/EngineDebugMaterials/DebugMeshMaterial.uasset" 145
"../../../Engine/Content/EngineDebugMaterials/GeomMaterial.uasset" 146
"../../../Engine/Content/EngineDebugMaterials/M_SimpleTranslucent.uasset" 147
"../../../Engine/Content/EngineFonts/Faces/RobotoBold.uasset" 148
"../../../Engine/Content/EngineFonts/Faces/RobotoBoldItalic.uasset" 149
"../../../Engine/Content/EngineFonts/Faces/RobotoItalic.uasset" 150
"../../../Engine/Content/EngineFonts/Faces/RobotoLight.uasset" 151
"../../../Engine/Content/EngineFonts/Faces/RobotoRegular.uasset" 152
"../../../Engine/Content/EngineFonts/Roboto.uasset" 153
"../../../Engine/Content/EngineFonts/Faces/RobotoTiny.uasset" 154
"../../../Engine/Content/EngineFonts/RobotoTiny.uasset" 155
"../../../Engine/Content/EngineMaterials/BaseFlattenDiffuseMap.uasset" 156
"../../../Engine/Content/EngineMaterials/BaseFlattenEmissiveMap.uasset" 157
"../../../Engine/Content/EngineMaterials/BaseFlattenGrayscaleMap.uasset" 158
"../../../Engine/Content/EngineMaterials/BaseFlattenNormalMap.uasset" 159
"../../../Engine/Content/EngineMaterials/BaseFlattenMaterial.uasset" 160
"../../../Engine/Content/EngineMaterials/DefaultBloomKernel.uasset" 161
"../../../Engine/Content/EngineMaterials/DefaultBokeh.uasset" 162
"../../../Engine/Content/EngineMaterials/DefaultDiffuse.uasset" 163
"../../../Engine/Content/EngineMaterials/DefaultDeferredDecalMaterial.uasset" 164
"../../../Engine/Content/EngineMaterials/DefaultLightFunctionMaterial.uasset" 165
"../../../Engine/Content/EngineMaterials/DefaultPhysicalMaterial.uasset" 166
"../../../Engine/Content/Functions/Engine_MaterialFunctions02/Utility/BreakOutFloat2Components.uasset" 167
"../../../Engine/Content/EngineMaterials/DefaultPostProcessMaterial.uasset" 168
"../../../Engine/Content/EngineFonts/RobotoDistanceField.uasset" 169
"../../../Engine/Content/EngineMaterials/DefaultTextMaterialOpaque.uasset" 170
"../../../Engine/Content/EngineMaterials/DefaultWhiteGrid.uasset" 171
"../../../Engine/Content/EngineMaterials/EditorBrushMaterial.uasset" 172
"../../../Engine/Content/EngineMaterials/Good64x64TilingNoiseHighFreq.uasset" 173
"../../../Engine/Content/EngineMaterials/MiniFont.uasset" 174
"../../../Engine/Content/EngineMaterials/InvalidLightmapSettings.uasset" 175
"../../../Engine/Content/EngineMaterials/M_InvalidLightmapSettings.uasset" 176
"../../../Engine/Content/Functions/Engine_MaterialFunctions02/WorldPositionOffset/CameraOffset.uasset" 177
"../../../Engine/Content/EngineMaterials/PhAT_JointLimitMaterial.uasset" 178
"../../../Engine/Content/EngineMaterials/PreintegratedSkinBRDF.uasset" 179
"../../../Engine/Content/EngineMaterials/RemoveSurfaceMaterial.uasset" 180
"../../../Engine/Content/EngineMaterials/WeightMapPlaceholderTexture.uasset" 181
"../../../Engine/Content/EngineResources/WhiteSquareTexture.uasset" 182
"../../../Engine/Content/EngineMaterials/Widget3DPassThrough.uasset" 183
"../../../Engine/Content/EngineMaterials/Widget3DPassThrough_Masked.uasset" 184
"../../../Engine/Content/EngineMaterials/Widget3DPassThrough_Opaque.uasset" 185
"../../../Engine/Content/EngineMaterials/Widget3DPassThrough_Masked_OneSided.uasset" 186
"../../../Engine/Content/EngineMaterials/Widget3DPassThrough_Opaque_OneSided.uasset" 187
"../../../Engine/Content/EngineMaterials/Widget3DPassThrough_Translucent.uasset" 188
"../../../Engine/Content/EngineMaterials/Widget3DPassThrough_Translucent_OneSided.uasset" 189
"../../../Engine/Content/EngineMeshes/Cylinder.uasset" 190
"../../../Engine/Content/EngineMeshes/Sphere.uasset" 191
"../../../Engine/Content/EngineResources/Black.uasset" 192
"../../../Engine/Content/EngineResources/DefaultTexture.uasset" 193
"../../../Engine/Content/EngineResources/DefaultTextureCube.uasset" 194
"../../../Engine/Content/EngineResources/DefaultVolumeTexture2D.uasset" 195
"../../../Engine/Content/EngineResources/DefaultVolumeTexture.uasset" 196
"../../../Engine/Content/EngineResources/GradientTexture0.uasset" 197
"../../../Engine/Content/EngineSounds/Master.uasset" 198
"../../../Engine/Content/Functions/Engine_MaterialFunctions01/Shading/ConvertFromDiffSpec.uasset" 199
"../../../Engine/Content/Functions/Engine_MaterialFunctions01/Shading/PowerToRoughness.uasset" 200
"../../../Engine/Content/Maps/Templates/Thumbnails/Default.uasset" 201
"../../../Engine/Content/Maps/Templates/Thumbnails/VR-Basic.uasset" 202
"../../../Engine/Content/MobileResources/T_MobileControls_texture.uasset" 203
"../../../Engine/Content/MobileResources/T_MobileMenu2.uasset" 204
"../../../Engine/Content/MobileResources/HUD/AnalogHat.uasset" 205
"../../../Engine/Content/MobileResources/HUD/VirtualJoystick_Background.uasset" 206
"../../../Engine/Content/MobileResources/HUD/VirtualJoystick_Thumb.uasset" 207
"../../../Engine/Content/MobileResources/HUD/DefaultVirtualJoysticks.uasset" 208
"../../../Engine/Content/MobileResources/HUD/LeftVirtualJoystickOnly.uasset" 209
"../../../Engine/Content/MobileResources/HUD/MobileHUDButton1_off.uasset" 210
"../../../Engine/Content/MobileResources/HUD/MobileHUDButton1_on.uasset" 211
"../../../Engine/Content/MobileResources/HUD/MobileHUDButton2_off.uasset" 212
"../../../Engine/Content/MobileResources/HUD/MobileHUDButton2_on.uasset" 213
"../../../Engine/Content/MobileResources/HUD/MobileHUDButton3.uasset" 214
"../../../Engine/Content/MobileResources/HUD/MobileHUDButtonFire.uasset" 215
"../../../Engine/Content/MobileResources/HUD/MobileHUDDirectionPad.uasset" 216
"../../../Engine/Content/MobileResources/HUD/MobileHUDDirectionPad2.uasset" 217
"../../../Engine/Content/MobileResources/HUD/MobileHUDDirectionPad3.uasset" 218
"../../../Engine/Content/MobileResources/HUD/MobileHUDDirectionStick.uasset" 219
"../../../Engine/Content/MobileResources/HUD/T_Castle_ThumbstickInner.uasset" 220
"../../../Engine/Content/MobileResources/HUD/T_Castle_ThumbstickOutter.uasset" 221
"../../../Engine/Content/Tutorial/ContentIntroCurve.uasset" 222
"../../../Engine/Content/Tutorial/Basics/TutorialAssets/icon_tab_Levels_40x.uasset" 223
"../../../Engine/Content/Tutorial/BlueprintTutorials/TutorialAssets/Blueprint_64x.uasset" 224
"../../../Engine/Content/VREditor/Sounds/UI/Click_on_Button.uasset" 225
"../../../Engine/Content/VREditor/LaserPointer/VR_LaserPower_01.uasset" 226
"../../../Engine/Content/VREditor/TransformGizmo/TransformGizmoMaterial.uasset" 227
"../../../Engine/Content/VREditor/TransformGizmo/TranslucentTransformGizmoMaterial.uasset" 228
"../../../Engine/Content/VREditor/TransformGizmo/BoundingBoxCorner.uasset" 229
"../../../Engine/Content/VREditor/TransformGizmo/BoundingBoxEdge.uasset" 230
"../../../Engine/Content/VREditor/TransformGizmo/PlaneTranslationHandle.uasset" 231
"../../../Engine/Content/VREditor/TransformGizmo/Main.uasset" 232
"../../../Engine/Content/VREditor/TransformGizmo/Xray.uasset" 233
"../../../Engine/Content/VREditor/TransformGizmo/SM_Sequencer_Key.uasset" 234
"../../../Engine/Content/VREditor/TransformGizmo/SM_Sequencer_Node.uasset" 235
"../../Plugins/2D/Paper2D/Content/PlaceholderTextures/DummySpriteTexture.uasset" 236
"../../Plugins/2D/Paper2D/Content/DummySprite.uasset" 237
"../../Plugins/2D/Paper2D/Content/DefaultPaperTerrainMaterial.uasset" 238
"../../Plugins/2D/Paper2D/Content/DefaultSpriteMaterial.uasset" 239
"../../Plugins/2D/Paper2D/Content/MaskedUnlitSpriteMaterial.uasset" 240
"../../Plugins/2D/Paper2D/Content/OpaqueUnlitSpriteMaterial.uasset" 241
"../../Plugins/Runtime/Oculus/OculusVR/Content/Materials/PokeAHoleMaterial.uasset" 242
"../../Plugins/Runtime/Oculus/OculusVR/Content/Textures/GearVRController_AO.uasset" 243
"../../Plugins/Runtime/Oculus/OculusVR/Content/Textures/GearVRController_Color.uasset" 244
"../../Plugins/Runtime/Oculus/OculusVR/Content/Textures/GearVRController_Normal.uasset" 245
"../../Plugins/Runtime/Oculus/OculusVR/Content/Materials/GearVRControllerMaterial.uasset" 246
"../../Plugins/Runtime/Oculus/OculusVR/Content/Meshes/GearVrController.uasset" 247
"../../Plugins/Runtime/Oculus/OculusVR/Content/Textures/touchController_albedo.uasset" 248
"../../Plugins/Runtime/Oculus/OculusVR/Content/Textures/touchController_controlmap.uasset" 249
"../../Plugins/Runtime/Oculus/OculusVR/Content/Materials/touchController_mat.uasset" 250
"../../Plugins/Runtime/Oculus/OculusVR/Content/Meshes/LeftTouchController.uasset" 251
"../../Plugins/Runtime/Oculus/OculusVR/Content/Meshes/RiftHMD.uasset" 252
"../../Plugins/Runtime/Oculus/OculusVR/Content/Meshes/RightTouchController.uasset" 253
"../../../Engine/Content/EditorBlueprintResources/StandardMacros.uasset" 254
"../../../Engine/Content/EngineSky/C_Sky_Cloud_Color.uasset" 255
"../../../Engine/Content/EngineSky/C_Sky_Horizon_Color.uasset" 256
"../../../Engine/Content/EngineSky/C_Sky_Zenith_Color.uasset" 257
"../../../Engine/Content/EngineSky/T_Sky_Blue.uasset" 258
"../../../Engine/Content/EngineSky/T_Sky_Clouds_M.uasset" 259
"../../../Engine/Content/EngineSky/T_Sky_Stars.uasset" 260
"../../../Engine/Content/EngineSky/M_Sky_Panning_Clouds2.uasset" 261
"../../../Engine/Content/EngineSky/SM_SkySphere.uasset" 262
"../../../Engine/Content/EngineSky/BP_Sky_Sphere.uasset" 263
"../../../../../../../Side Projects/Unreal Portfolio Invaders/PortfolioInvaders/PortInvadeProject/Content/Blueprints/BPI_Shootable.uasset" 264
"../../../../../../../Side Projects/Unreal Portfolio Invaders/PortfolioInvaders/PortInvadeProject/Content/Materials/LaserMaterial.uasset" 265
"../../../../../../../Side Projects/Unreal Portfolio Invaders/PortfolioInvaders/PortInvadeProject/Content/Materials/LaserInstance.uasset" 266
"../../../Engine/Content/BasicShapes/Cube.uasset" 267
"../../../../../../../Side Projects/Unreal Portfolio Invaders/PortfolioInvaders/PortInvadeProject/Content/Blueprints/Base_Laser_Blueprint.uasset" 268
"../../../../../../../Side Projects/Unreal Portfolio Invaders/PortfolioInvaders/PortInvadeProject/Content/2DAssets/Textures/Sheild_Greyscale.uasset" 269
"../../../../../../../Side Projects/Unreal Portfolio Invaders/PortfolioInvaders/PortInvadeProject/Content/3DAssets/Shield/Shield.uasset" 270
"../../../../../../../Side Projects/Unreal Portfolio Invaders/PortfolioInvaders/PortInvadeProject/Content/3DAssets/Shield/Shield_Shield_Middle.uasset" 271
"../../../../../../../Side Projects/Unreal Portfolio Invaders/PortfolioInvaders/PortInvadeProject/Content/Blueprints/BP_ShieldPiece.uasset" 272
"../../../../../../../Side Projects/Unreal Portfolio Invaders/PortfolioInvaders/PortInvadeProject/Content/Blueprints/GameMode_SHUMP_Files/ShumpSaveGame.uasset" 273
"../../../../../../../Side Projects/Unreal Portfolio Invaders/PortfolioInvaders/PortInvadeProject/Content/Blueprints/GameMode_SHUMP_Files/NewGameInstance.uasset" 274
"../../../../../../../Side Projects/Unreal Portfolio Invaders/PortfolioInvaders/PortInvadeProject/Content/3DAssets/InvaderBrain/Invader_Brain_Skeleton.uasset" 275
"../../../../../../../Side Projects/Unreal Portfolio Invaders/PortfolioInvaders/PortInvadeProject/Content/3DAssets/InvaderBrain/ABP_Brain.uasset" 276
"../../../Engine/Content/Functions/Engine_MaterialFunctions01/Density/ExponentialDensity.uasset" 277
"../../../Engine/Content/Functions/Engine_MaterialFunctions01/Gradient/RadialGradientExponential.uasset" 278
"../../../../../../../Side Projects/Unreal Portfolio Invaders/PortfolioInvaders/PortInvadeProject/Content/Materials/FireworksDot_M.uasset" 279
"../../../../../../../Side Projects/Unreal Portfolio Invaders/PortfolioInvaders/PortInvadeProject/Content/Materials/Green.uasset" 280
"../../../../../../../Side Projects/Unreal Portfolio Invaders/PortfolioInvaders/PortInvadeProject/Content/2DAssets/PlayerShip_Icon.uasset" 281
"../../../../../../../Side Projects/Unreal Portfolio Invaders/PortfolioInvaders/PortInvadeProject/Content/UI/PlayerLifeIcon.uasset" 282
"../../../../../../../Side Projects/Unreal Portfolio Invaders/PortfolioInvaders/PortInvadeProject/Content/2DAssets/PlayerShip_10_Icon.uasset" 283
"../../../../../../../Side Projects/Unreal Portfolio Invaders/PortfolioInvaders/PortInvadeProject/Content/2DAssets/PlayerShip_5_Icon.uasset" 284
"../../../../../../../Side Projects/Unreal Portfolio Invaders/PortfolioInvaders/PortInvadeProject/Content/UI/GameplayUI.uasset" 285
"../../../../../../../Side Projects/Unreal Portfolio Invaders/PortfolioInvaders/PortInvadeProject/Content/3DAssets/PlayerSatellite/Player_Satellite.uasset" 286
"../../../../../../../Side Projects/Unreal Portfolio Invaders/PortfolioInvaders/PortInvadeProject/Content/Blueprints/EnemyFiles/Firework_Explosion2.uasset" 287
"../../../../../../../Side Projects/Unreal Portfolio Invaders/PortfolioInvaders/PortInvadeProject/Content/Sounds/Explosion_Player.uasset" 288
"../../../../../../../Side Projects/Unreal Portfolio Invaders/PortfolioInvaders/PortInvadeProject/Content/Sounds/Explosion_Player_Cue.uasset" 289
"../../../../../../../Side Projects/Unreal Portfolio Invaders/PortfolioInvaders/PortInvadeProject/Content/Blueprints/PlayerFiles/Player_Satellite_Blueprint.uasset" 290
"../../../../../../../Side Projects/Unreal Portfolio Invaders/PortfolioInvaders/PortInvadeProject/Content/Materials/Red.uasset" 291
"../../../../../../../Side Projects/Unreal Portfolio Invaders/PortfolioInvaders/PortInvadeProject/Content/Blueprints/EnemyFiles/Child_Laser_Blueprint_Enemy.uasset" 292
"../../../../../../../Side Projects/Unreal Portfolio Invaders/PortfolioInvaders/PortInvadeProject/Content/Blueprints/EnemyFiles/EnemyStruct.uasset" 293
"../../../../../../../Side Projects/Unreal Portfolio Invaders/PortfolioInvaders/PortInvadeProject/Content/3DAssets/InvaderBug/Invader_Bug_Anim_Invader_Bug_Armature_Invader_Bug_Idle.uasset" 294
"../../../../../../../Side Projects/Unreal Portfolio Invaders/PortfolioInvaders/PortInvadeProject/Content/3DAssets/InvaderBug/ABP_Bug.uasset" 295
"../../../../../../../Side Projects/Unreal Portfolio Invaders/PortfolioInvaders/PortInvadeProject/Content/3DAssets/InvaderSquid/Invader_Squid_Skeleton.uasset" 296
"../../../../../../../Side Projects/Unreal Portfolio Invaders/PortfolioInvaders/PortInvadeProject/Content/3DAssets/InvaderSquid/Invader_Squid_Anim.uasset" 297
"../../../../../../../Side Projects/Unreal Portfolio Invaders/PortfolioInvaders/PortInvadeProject/Content/3DAssets/InvaderSquid/ABP_Squid.uasset" 298
"../../../../../../../Side Projects/Unreal Portfolio Invaders/PortfolioInvaders/PortInvadeProject/Content/2DAssets/Textures/Invader_Brain_Body.uasset" 299
"../../../../../../../Side Projects/Unreal Portfolio Invaders/PortfolioInvaders/PortInvadeProject/Content/3DAssets/InvaderBrain/Invader_Brain1.uasset" 300
"../../../../../../../Side Projects/Unreal Portfolio Invaders/PortfolioInvaders/PortInvadeProject/Content/3DAssets/InvaderBrain/Invader_Brain_PhysicsAsset.uasset" 301
"../../../../../../../Side Projects/Unreal Portfolio Invaders/PortfolioInvaders/PortInvadeProject/Content/3DAssets/InvaderBrain/Invader_Brain.uasset" 302
"../../../../../../../Side Projects/Unreal Portfolio Invaders/PortfolioInvaders/PortInvadeProject/Content/2DAssets/Textures/Invader_Bug_Body.uasset" 303
"../../../../../../../Side Projects/Unreal Portfolio Invaders/PortfolioInvaders/PortInvadeProject/Content/3DAssets/InvaderBug/Invader_Bug1.uasset" 304
"../../../../../../../Side Projects/Unreal Portfolio Invaders/PortfolioInvaders/PortInvadeProject/Content/3DAssets/InvaderBug/Invader_Bug_PhysicsAsset.uasset" 305
"../../../../../../../Side Projects/Unreal Portfolio Invaders/PortfolioInvaders/PortInvadeProject/Content/3DAssets/InvaderBug/Invader_Bug.uasset" 306
"../../../../../../../Side Projects/Unreal Portfolio Invaders/PortfolioInvaders/PortInvadeProject/Content/2DAssets/Textures/Invader_Squid_Body.uasset" 307
"../../../../../../../Side Projects/Unreal Portfolio Invaders/PortfolioInvaders/PortInvadeProject/Content/3DAssets/InvaderSquid/Invader_Squid1.uasset" 308
"../../../../../../../Side Projects/Unreal Portfolio Invaders/PortfolioInvaders/PortInvadeProject/Content/3DAssets/InvaderSquid/Invader_Squid_PhysicsAsset.uasset" 309
"../../../../../../../Side Projects/Unreal Portfolio Invaders/PortfolioInvaders/PortInvadeProject/Content/3DAssets/InvaderSquid/Invader_Squid.uasset" 310
"../../../../../../../Side Projects/Unreal Portfolio Invaders/PortfolioInvaders/PortInvadeProject/Content/Blueprints/EnemyFiles/EnemyDataTable.uasset" 311
"../../../../../../../Side Projects/Unreal Portfolio Invaders/PortfolioInvaders/PortInvadeProject/Content/Blueprints/EnemyFiles/InvaderGroup_Blueprint.uasset" 312
"../../../../../../../Side Projects/Unreal Portfolio Invaders/PortfolioInvaders/PortInvadeProject/Content/Sounds/Enemy_Explosion.uasset" 313
"../../../../../../../Side Projects/Unreal Portfolio Invaders/PortfolioInvaders/PortInvadeProject/Content/Sounds/Enemy_Explosion_Cue.uasset" 314
"../../../../../../../Side Projects/Unreal Portfolio Invaders/PortfolioInvaders/PortInvadeProject/Content/Blueprints/EnemyFiles/EnemyPrefab.uasset" 315
"../../../../../../../Side Projects/Unreal Portfolio Invaders/PortfolioInvaders/PortInvadeProject/Content/Blueprints/PlayerFiles/Child_Laser_Blueprint_Player.uasset" 316
"../../../../../../../Side Projects/Unreal Portfolio Invaders/PortfolioInvaders/PortInvadeProject/Content/2DAssets/Textures/Player_Ship.uasset" 317
"../../../../../../../Side Projects/Unreal Portfolio Invaders/PortfolioInvaders/PortInvadeProject/Content/3DAssets/PlayerShip/Player_Ship.uasset" 318
"../../../../../../../Side Projects/Unreal Portfolio Invaders/PortfolioInvaders/PortInvadeProject/Content/3DAssets/PlayerShip/Player_Ship_Player_Ship.uasset" 319
"../../../../../../../Side Projects/Unreal Portfolio Invaders/PortfolioInvaders/PortInvadeProject/Content/Sounds/Shot_Player.uasset" 320
"../../../../../../../Side Projects/Unreal Portfolio Invaders/PortfolioInvaders/PortInvadeProject/Content/Sounds/Shot_Player_Cue.uasset" 321
"../../../../../../../Side Projects/Unreal Portfolio Invaders/PortfolioInvaders/PortInvadeProject/Content/Blueprints/PlayerFiles/PlayerShipPawn.uasset" 322
"../../../../../../../Side Projects/Unreal Portfolio Invaders/PortfolioInvaders/PortInvadeProject/Content/Blueprints/GameMode_SHUMP_Files/CustomPlayerController.uasset" 323
"../../../../../../../Side Projects/Unreal Portfolio Invaders/PortfolioInvaders/PortInvadeProject/Content/Sounds/Gain_Life.uasset" 324
"../../../../../../../Side Projects/Unreal Portfolio Invaders/PortfolioInvaders/PortInvadeProject/Content/Sounds/Gain_Life_Cue.uasset" 325
"../../../../../../../Side Projects/Unreal Portfolio Invaders/PortfolioInvaders/PortInvadeProject/Content/Blueprints/EnemyFiles/Base_Enemy.uasset" 326
"../../../../../../../Side Projects/Unreal Portfolio Invaders/PortfolioInvaders/PortInvadeProject/Content/2DAssets/Textures/BonusShip_Bottom.uasset" 327
"../../../../../../../Side Projects/Unreal Portfolio Invaders/PortfolioInvaders/PortInvadeProject/Content/3DAssets/BonusShip/BonusShip.uasset" 328
"../../../../../../../Side Projects/Unreal Portfolio Invaders/PortfolioInvaders/PortInvadeProject/Content/2DAssets/Textures/BonusShip_Building1.uasset" 329
"../../../../../../../Side Projects/Unreal Portfolio Invaders/PortfolioInvaders/PortInvadeProject/Content/3DAssets/BonusShip/BonusShip_Building.uasset" 330
"../../../../../../../Side Projects/Unreal Portfolio Invaders/PortfolioInvaders/PortInvadeProject/Content/3DAssets/BonusShip/BonusShip_BonusShip_Bottom.uasset" 331
"../../../../../../../Side Projects/Unreal Portfolio Invaders/PortfolioInvaders/PortInvadeProject/Content/3DAssets/BonusShip/BonusShip_BonusShip_GlassDome.uasset" 332
"../../../../../../../Side Projects/Unreal Portfolio Invaders/PortfolioInvaders/PortInvadeProject/Content/Sounds/Bonus_Ship_Sound.uasset" 333
"../../../../../../../Side Projects/Unreal Portfolio Invaders/PortfolioInvaders/PortInvadeProject/Content/Sounds/Bonus_Ship_Sound_Cue.uasset" 334
"../../../../../../../Side Projects/Unreal Portfolio Invaders/PortfolioInvaders/PortInvadeProject/Content/Blueprints/EnemyFiles/BonusShipPrefab.uasset" 335
"../../../../../../../Side Projects/Unreal Portfolio Invaders/PortfolioInvaders/PortInvadeProject/Content/Blueprints/EnemyFiles/BonusShipSpawner.uasset" 336
"../../../../../../../Side Projects/Unreal Portfolio Invaders/PortfolioInvaders/PortInvadeProject/Content/Blueprints/GameMode_SHUMP_Files/Shoot-em-UpMode.uasset" 337
"../../../../../../../Side Projects/Unreal Portfolio Invaders/PortfolioInvaders/PortInvadeProject/Content/LevelMaps/GameplayScene_BuiltData.uasset" 338
"../../../Engine/Content/EditorLandscapeResources/SplineEditorMeshMat.uasset" 339
"../../../../../../../Side Projects/Unreal Portfolio Invaders/PortfolioInvaders/PortInvadeProject/Content/2DAssets/Textures/SpaceBG.uasset" 340
"../../../../../../../Side Projects/Unreal Portfolio Invaders/PortfolioInvaders/PortInvadeProject/Content/Materials/SpaceBG.uasset" 341
"../../../Engine/Content/BasicShapes/Plane.uasset" 342
"../../../../../../../Side Projects/Unreal Portfolio Invaders/PortfolioInvaders/PortInvadeProject/Content/3DAssets/CubeOffsetPivot/Cube_OffsetPivot.uasset" 343
"../../../../../../../Side Projects/Unreal Portfolio Invaders/PortfolioInvaders/PortInvadeProject/Content/3DAssets/Shield/Shield_Shield_BottomLeft.uasset" 344
"../../../../../../../Side Projects/Unreal Portfolio Invaders/PortfolioInvaders/PortInvadeProject/Content/3DAssets/Shield/Shield_Shield_BottomRight.uasset" 345
"../../../../../../../Side Projects/Unreal Portfolio Invaders/PortfolioInvaders/PortInvadeProject/Content/3DAssets/Shield/Shield_Shield_MiddleLeft.uasset" 346
"../../../../../../../Side Projects/Unreal Portfolio Invaders/PortfolioInvaders/PortInvadeProject/Content/3DAssets/Shield/Shield_Shield_MiddleRight.uasset" 347
"../../../../../../../Side Projects/Unreal Portfolio Invaders/PortfolioInvaders/PortInvadeProject/Content/3DAssets/Shield/Shield_Shield_Top.uasset" 348
"../../../../../../../Side Projects/Unreal Portfolio Invaders/PortfolioInvaders/PortInvadeProject/Content/3DAssets/Shield/Shield_Shield_TopLeft.uasset" 349
"../../../../../../../Side Projects/Unreal Portfolio Invaders/PortfolioInvaders/PortInvadeProject/Content/3DAssets/Shield/Shield_Shield_TopRight.uasset" 350
"../../../../../../../Side Projects/Unreal Portfolio Invaders/PortfolioInvaders/PortInvadeProject/Content/Sounds/Background_BG.uasset" 351
"../../../../../../../Side Projects/Unreal Portfolio Invaders/PortfolioInvaders/PortInvadeProject/Content/Sounds/Background_BG_Cue.uasset" 352
"../../../../../../../Side Projects/Unreal Portfolio Invaders/PortfolioInvaders/PortInvadeProject/Content/LevelMaps/GameplayScene.umap" 353
"../../../../../../../Side Projects/Unreal Portfolio Invaders/PortfolioInvaders/PortInvadeProject/Content/Blueprints/GameMode_UI_Files/DeadPawn.uasset" 354
"../../../Engine/Content/VREditor/Sounds/UI/Click_on_Button_Cue.uasset" 355
"../../../../../../../Side Projects/Unreal Portfolio Invaders/PortfolioInvaders/PortInvadeProject/Content/2DAssets/Button_BG.uasset" 356
"../../../../../../../Side Projects/Unreal Portfolio Invaders/PortfolioInvaders/PortInvadeProject/Content/2DAssets/portInvade_Logo.uasset" 357
"../../../../../../../Side Projects/Unreal Portfolio Invaders/PortfolioInvaders/PortInvadeProject/Content/Sounds/Enter_Button.uasset" 358
"../../../../../../../Side Projects/Unreal Portfolio Invaders/PortfolioInvaders/PortInvadeProject/Content/Sounds/Enter_Button_Cue.uasset" 359
"../../../../../../../Side Projects/Unreal Portfolio Invaders/PortfolioInvaders/PortInvadeProject/Content/UI/MainMenuUI.uasset" 360
"../../../../../../../Side Projects/Unreal Portfolio Invaders/PortfolioInvaders/PortInvadeProject/Content/Blueprints/GameMode_UI_Files/UIOnly_Controller.uasset" 361
"../../../../../../../Side Projects/Unreal Portfolio Invaders/PortfolioInvaders/PortInvadeProject/Content/Blueprints/GameMode_UI_Files/UIOnlyGameMode.uasset" 362
"../../../../../../../Side Projects/Unreal Portfolio Invaders/PortfolioInvaders/PortInvadeProject/Content/LevelMaps/MainMenu_BuiltData.uasset" 363
"../../../../../../../Side Projects/Unreal Portfolio Invaders/PortfolioInvaders/PortInvadeProject/Content/LevelMaps/MainMenu.umap" 364
"../../../../../../../Side Projects/Unreal Portfolio Invaders/PortfolioInvaders/PortInvadeProject/Content/StarterContent/Blueprints/Assets/FogBrightnessLUT.uasset" 365
"../../../../../../../Side Projects/Unreal Portfolio Invaders/PortfolioInvaders/PortInvadeProject/Content/StarterContent/Blueprints/Assets/SunlightColorLUT.uasset" 366
"../../../../../../../Side Projects/Unreal Portfolio Invaders/PortfolioInvaders/PortInvadeProject/Content/StarterContent/Blueprints/Assets/M_LightStage_Arrows.uasset" 367
"../../../Engine/Content/MapTemplates/Sky/DaylightAmbientCubemap.uasset" 368
"../../../../../../../Side Projects/Unreal Portfolio Invaders/PortfolioInvaders/PortInvadeProject/Content/StarterContent/Blueprints/Assets/M_LightStage_Skybox_Master.uasset" 369
"../../../../../../../Side Projects/Unreal Portfolio Invaders/PortfolioInvaders/PortInvadeProject/Content/StarterContent/Blueprints/Assets/M_LightStage_Skybox_Black.uasset" 370
"../../../../../../../Side Projects/Unreal Portfolio Invaders/PortfolioInvaders/PortInvadeProject/Content/StarterContent/Blueprints/Assets/M_LightStage_Skybox_HDRI.uasset" 371
"../../../Engine/Content/EditorMaterials/Thumbnails/SkySphereMaterial.uasset" 372
"../../../../../../../Side Projects/Unreal Portfolio Invaders/PortfolioInvaders/PortInvadeProject/Content/StarterContent/Blueprints/Assets/Skybox.uasset" 373
"../../../../../../../Side Projects/Unreal Portfolio Invaders/PortfolioInvaders/PortInvadeProject/Content/StarterContent/Blueprints/Assets/SM_Arrows.uasset" 374
"../../../../../../../Side Projects/Unreal Portfolio Invaders/PortfolioInvaders/PortInvadeProject/Content/StarterContent/HDRI/HDRI_Epic_Courtyard_Daylight.uasset" 375
"../../../../../../../Side Projects/Unreal Portfolio Invaders/PortfolioInvaders/PortInvadeProject/Content/StarterContent/Blueprints/BP_LightStudio.uasset" 376
"../../../../../../../Side Projects/Unreal Portfolio Invaders/PortfolioInvaders/PortInvadeProject/Content/StarterContent/Maps/Advanced_Lighting_BuiltData.uasset" 377
"../../../../../../../Side Projects/Unreal Portfolio Invaders/PortfolioInvaders/PortInvadeProject/Content/StarterContent/Materials/M_AssetPlatform.uasset" 378
"../../../Engine/Content/EditorMeshes/ColorCalibrator/M_ChromeBall.uasset" 379
"../../../Engine/Content/EditorMeshes/ColorCalibrator/M_ClearCoat.uasset" 380
"../../../Engine/Content/EditorMeshes/ColorCalibrator/M_ClearCoatBlack.uasset" 381
"../../../Engine/Content/EditorMeshes/ColorCalibrator/Color_checker.uasset" 382
"../../../Engine/Content/EditorMeshes/ColorCalibrator/M_ColorGrid.uasset" 383
"../../../Engine/Content/EditorMeshes/ColorCalibrator/M_GreyBall.uasset" 384
"../../../Engine/Content/EditorMeshes/ColorCalibrator/SM_ColorCalibrator.uasset" 385
"../../../../../../../Side Projects/Unreal Portfolio Invaders/PortfolioInvaders/PortInvadeProject/Content/StarterContent/Architecture/SM_AssetPlatform.uasset" 386
"../../../../../../../Side Projects/Unreal Portfolio Invaders/PortfolioInvaders/PortInvadeProject/Content/StarterContent/Maps/Advanced_Lighting.umap" 387
"../../../../../../../Side Projects/Unreal Portfolio Invaders/PortfolioInvaders/PortInvadeProject/Content/StarterContent/Maps/Minimal_Default_BuiltData.uasset" 388
"../../../../../../../Side Projects/Unreal Portfolio Invaders/PortfolioInvaders/PortInvadeProject/Content/StarterContent/Maps/Minimal_Default.umap" 389
"../../../../../../../Side Projects/Unreal Portfolio Invaders/PortfolioInvaders/PortInvadeProject/Content/StarterContent/Audio/Fire01_Cue.uasset" 390
"../../../../../../../Side Projects/Unreal Portfolio Invaders/PortfolioInvaders/PortInvadeProject/Content/StarterContent/Textures/T_Fire_SubUV.uasset" 391
"../../../../../../../Side Projects/Unreal Portfolio Invaders/PortfolioInvaders/PortInvadeProject/Content/StarterContent/Textures/T_Fire_Tiled_D.uasset" 392
"../../../../../../../Side Projects/Unreal Portfolio Invaders/PortfolioInvaders/PortInvadeProject/Content/StarterContent/Particles/Materials/M_Fire_SubUV.uasset" 393
"../../../../../../../Side Projects/Unreal Portfolio Invaders/PortfolioInvaders/PortInvadeProject/Content/StarterContent/Textures/T_Water_N.uasset" 394
"../../../../../../../Side Projects/Unreal Portfolio Invaders/PortfolioInvaders/PortInvadeProject/Content/StarterContent/Particles/Materials/M_Heat_Distortion.uasset" 395
"../../../../../../../Side Projects/Unreal Portfolio Invaders/PortfolioInvaders/PortInvadeProject/Content/StarterContent/Particles/Materials/M_Radial_Gradient.uasset" 396
"../../../../../../../Side Projects/Unreal Portfolio Invaders/PortfolioInvaders/PortInvadeProject/Content/StarterContent/Particles/P_Fire.uasset" 397
"../../../../../../../Side Projects/Unreal Portfolio Invaders/PortfolioInvaders/PortInvadeProject/Content/StarterContent/Blueprints/Blueprint_Effect_Fire.uasset" 398
"../../../../../../../Side Projects/Unreal Portfolio Invaders/PortfolioInvaders/PortInvadeProject/Content/StarterContent/Audio/Smoke01_Cue.uasset" 399
"../../../../../../../Side Projects/Unreal Portfolio Invaders/PortfolioInvaders/PortInvadeProject/Content/StarterContent/Particles/P_Smoke.uasset" 400
"../../../../../../../Side Projects/Unreal Portfolio Invaders/PortfolioInvaders/PortInvadeProject/Content/StarterContent/Blueprints/Blueprint_Effect_Smoke.uasset" 401
"../../../../../../../Side Projects/Unreal Portfolio Invaders/PortfolioInvaders/PortInvadeProject/Content/StarterContent/Audio/Fire_Sparks01_Cue.uasset" 402
"../../../../../../../Side Projects/Unreal Portfolio Invaders/PortfolioInvaders/PortInvadeProject/Content/StarterContent/Textures/T_Spark_Core.uasset" 403
"../../../../../../../Side Projects/Unreal Portfolio Invaders/PortfolioInvaders/PortInvadeProject/Content/StarterContent/Particles/Materials/M_Spark.uasset" 404
"../../../../../../../Side Projects/Unreal Portfolio Invaders/PortfolioInvaders/PortInvadeProject/Content/StarterContent/Particles/P_Sparks.uasset" 405
"../../../../../../../Side Projects/Unreal Portfolio Invaders/PortfolioInvaders/PortInvadeProject/Content/StarterContent/Blueprints/Blueprint_Effect_Sparks.uasset" 406
"../../../../../../../Side Projects/Unreal Portfolio Invaders/PortfolioInvaders/PortInvadeProject/Content/StarterContent/Audio/Steam01_Cue.uasset" 407
"../../../../../../../Side Projects/Unreal Portfolio Invaders/PortfolioInvaders/PortInvadeProject/Content/StarterContent/Particles/P_Steam_Lit.uasset" 408
"../../../../../../../Side Projects/Unreal Portfolio Invaders/PortfolioInvaders/PortInvadeProject/Content/StarterContent/Blueprints/Blueprint_Effect_Steam.uasset" 409
"../../../../../../../Side Projects/Unreal Portfolio Invaders/PortfolioInvaders/PortInvadeProject/Content/StarterContent/Textures/T_Lamp_M.uasset" 410
"../../../../../../../Side Projects/Unreal Portfolio Invaders/PortfolioInvaders/PortInvadeProject/Content/StarterContent/Textures/T_Lamp_N.uasset" 411
"../../../../../../../Side Projects/Unreal Portfolio Invaders/PortfolioInvaders/PortInvadeProject/Content/StarterContent/Props/Materials/M_Lamp.uasset" 412
"../../../../../../../Side Projects/Unreal Portfolio Invaders/PortfolioInvaders/PortInvadeProject/Content/StarterContent/Props/SM_Lamp_Ceiling.uasset" 413
"../../../../../../../Side Projects/Unreal Portfolio Invaders/PortfolioInvaders/PortInvadeProject/Content/StarterContent/Blueprints/Blueprint_CeilingLight.uasset" 414
"../../../../../../../Side Projects/Unreal Portfolio Invaders/PortfolioInvaders/PortInvadeProject/Content/StarterContent/Props/SM_Lamp_Wall.uasset" 415
"../../../../../../../Side Projects/Unreal Portfolio Invaders/PortfolioInvaders/PortInvadeProject/Content/StarterContent/Blueprints/Blueprint_WallSconce.uasset" 416
"../../../../../../../Side Projects/Unreal Portfolio Invaders/PortfolioInvaders/PortInvadeProject/Content/StarterContent/Maps/StarterMap_BuiltData.uasset" 417
"../../../Engine/Content/Functions/Engine_MaterialFunctions03/Procedurals/ComputeFilterWidth.uasset" 418
"../../../Engine/Content/EngineMaterials/AntiAliasedTextMaterialTranslucent.uasset" 419
"../../../../../../../Side Projects/Unreal Portfolio Invaders/PortfolioInvaders/PortInvadeProject/Content/StarterContent/Textures/T_Brick_Clay_Beveled_D.uasset" 420
"../../../../../../../Side Projects/Unreal Portfolio Invaders/PortfolioInvaders/PortInvadeProject/Content/StarterContent/Textures/T_Brick_Clay_Beveled_M.uasset" 421
"../../../../../../../Side Projects/Unreal Portfolio Invaders/PortfolioInvaders/PortInvadeProject/Content/StarterContent/Textures/T_Brick_Clay_Beveled_N.uasset" 422
"../../../../../../../Side Projects/Unreal Portfolio Invaders/PortfolioInvaders/PortInvadeProject/Content/StarterContent/Textures/T_MacroVariation.uasset" 423
"../../../../../../../Side Projects/Unreal Portfolio Invaders/PortfolioInvaders/PortInvadeProject/Content/StarterContent/Materials/M_Brick_Clay_Beveled.uasset" 424
"../../../../../../../Side Projects/Unreal Portfolio Invaders/PortfolioInvaders/PortInvadeProject/Content/StarterContent/Textures/T_Brick_Clay_New_D.uasset" 425
"../../../../../../../Side Projects/Unreal Portfolio Invaders/PortfolioInvaders/PortInvadeProject/Content/StarterContent/Textures/T_Brick_Clay_New_M.uasset" 426
"../../../../../../../Side Projects/Unreal Portfolio Invaders/PortfolioInvaders/PortInvadeProject/Content/StarterContent/Textures/T_Brick_Clay_New_N.uasset" 427
"../../../../../../../Side Projects/Unreal Portfolio Invaders/PortfolioInvaders/PortInvadeProject/Content/StarterContent/Materials/M_Brick_Clay_New.uasset" 428
"../../../../../../../Side Projects/Unreal Portfolio Invaders/PortfolioInvaders/PortInvadeProject/Content/StarterContent/Textures/T_Brick_Clay_Old_D.uasset" 429
"../../../../../../../Side Projects/Unreal Portfolio Invaders/PortfolioInvaders/PortInvadeProject/Content/StarterContent/Textures/T_Brick_Clay_Old_N.uasset" 430
"../../../../../../../Side Projects/Unreal Portfolio Invaders/PortfolioInvaders/PortInvadeProject/Content/StarterContent/Textures/T_Perlin_Noise_M.uasset" 431
"../../../../../../../Side Projects/Unreal Portfolio Invaders/PortfolioInvaders/PortInvadeProject/Content/StarterContent/Materials/M_Brick_Clay_Old.uasset" 432
"../../../../../../../Side Projects/Unreal Portfolio Invaders/PortfolioInvaders/PortInvadeProject/Content/StarterContent/Textures/T_Brick_Cut_Stone_D.uasset" 433
"../../../../../../../Side Projects/Unreal Portfolio Invaders/PortfolioInvaders/PortInvadeProject/Content/StarterContent/Textures/T_Brick_Cut_Stone_N.uasset" 434
"../../../../../../../Side Projects/Unreal Portfolio Invaders/PortfolioInvaders/PortInvadeProject/Content/StarterContent/Materials/M_Brick_Cut_Stone.uasset" 435
"../../../../../../../Side Projects/Unreal Portfolio Invaders/PortfolioInvaders/PortInvadeProject/Content/StarterContent/Textures/T_Brick_Hewn_Stone_D.uasset" 436
"../../../../../../../Side Projects/Unreal Portfolio Invaders/PortfolioInvaders/PortInvadeProject/Content/StarterContent/Textures/T_Brick_Hewn_Stone_M.uasset" 437
"../../../../../../../Side Projects/Unreal Portfolio Invaders/PortfolioInvaders/PortInvadeProject/Content/StarterContent/Textures/T_Brick_Hewn_Stone_N.uasset" 438
"../../../../../../../Side Projects/Unreal Portfolio Invaders/PortfolioInvaders/PortInvadeProject/Content/StarterContent/Materials/M_Brick_Hewn_Stone.uasset" 439
"../../../../../../../Side Projects/Unreal Portfolio Invaders/PortfolioInvaders/PortInvadeProject/Content/StarterContent/Textures/T_Ceramic_Tile_M.uasset" 440
"../../../../../../../Side Projects/Unreal Portfolio Invaders/PortfolioInvaders/PortInvadeProject/Content/StarterContent/Textures/T_Ceramic_Tile_N.uasset" 441
"../../../../../../../Side Projects/Unreal Portfolio Invaders/PortfolioInvaders/PortInvadeProject/Content/StarterContent/Textures/T_Rock_Marble_Polished_D.uasset" 442
"../../../../../../../Side Projects/Unreal Portfolio Invaders/PortfolioInvaders/PortInvadeProject/Content/StarterContent/Materials/M_Ceramic_Tile_Checker.uasset" 443
"../../../../../../../Side Projects/Unreal Portfolio Invaders/PortfolioInvaders/PortInvadeProject/Content/StarterContent/Textures/T_CobbleStone_Pebble_D.uasset" 444
"../../../../../../../Side Projects/Unreal Portfolio Invaders/PortfolioInvaders/PortInvadeProject/Content/StarterContent/Textures/T_CobbleStone_Pebble_M.uasset" 445
"../../../../../../../Side Projects/Unreal Portfolio Invaders/PortfolioInvaders/PortInvadeProject/Content/StarterContent/Textures/T_CobbleStone_Pebble_N.uasset" 446
"../../../../../../../Side Projects/Unreal Portfolio Invaders/PortfolioInvaders/PortInvadeProject/Content/StarterContent/Materials/M_CobbleStone_Pebble.uasset" 447
"../../../../../../../Side Projects/Unreal Portfolio Invaders/PortfolioInvaders/PortInvadeProject/Content/StarterContent/Textures/T_CobbleStone_Rough_D.uasset" 448
"../../../../../../../Side Projects/Unreal Portfolio Invaders/PortfolioInvaders/PortInvadeProject/Content/StarterContent/Textures/T_CobbleStone_Rough_N.uasset" 449
"../../../../../../../Side Projects/Unreal Portfolio Invaders/PortfolioInvaders/PortInvadeProject/Content/StarterContent/Textures/T_Gradinet_01.uasset" 450
"../../../../../../../Side Projects/Unreal Portfolio Invaders/PortfolioInvaders/PortInvadeProject/Content/StarterContent/Textures/T_Rock_Smooth_Granite_D.uasset" 451
"../../../../../../../Side Projects/Unreal Portfolio Invaders/PortfolioInvaders/PortInvadeProject/Content/StarterContent/Materials/M_CobbleStone_Rough.uasset" 452
"../../../../../../../Side Projects/Unreal Portfolio Invaders/PortfolioInvaders/PortInvadeProject/Content/StarterContent/Textures/T_CobbleStone_Smooth_D.uasset" 453
"../../../../../../../Side Projects/Unreal Portfolio Invaders/PortfolioInvaders/PortInvadeProject/Content/StarterContent/Textures/T_CobbleStone_Smooth_M.uasset" 454
"../../../../../../../Side Projects/Unreal Portfolio Invaders/PortfolioInvaders/PortInvadeProject/Content/StarterContent/Textures/T_CobbleStone_Smooth_N.uasset" 455
"../../../../../../../Side Projects/Unreal Portfolio Invaders/PortfolioInvaders/PortInvadeProject/Content/StarterContent/Materials/M_CobbleStone_Smooth.uasset" 456
"../../../../../../../Side Projects/Unreal Portfolio Invaders/PortfolioInvaders/PortInvadeProject/Content/StarterContent/Textures/T_Concrete_Grime_D.uasset" 457
"../../../../../../../Side Projects/Unreal Portfolio Invaders/PortfolioInvaders/PortInvadeProject/Content/StarterContent/Textures/T_Metal_Rust_N.uasset" 458
"../../../../../../../Side Projects/Unreal Portfolio Invaders/PortfolioInvaders/PortInvadeProject/Content/StarterContent/Materials/M_Concrete_Grime.uasset" 459
"../../../../../../../Side Projects/Unreal Portfolio Invaders/PortfolioInvaders/PortInvadeProject/Content/StarterContent/Textures/T_Concrete_Panels_D.uasset" 460
"../../../../../../../Side Projects/Unreal Portfolio Invaders/PortfolioInvaders/PortInvadeProject/Content/StarterContent/Textures/T_Concrete_Panels_N.uasset" 461
"../../../../../../../Side Projects/Unreal Portfolio Invaders/PortfolioInvaders/PortInvadeProject/Content/StarterContent/Materials/M_Concrete_Panels.uasset" 462
"../../../../../../../Side Projects/Unreal Portfolio Invaders/PortfolioInvaders/PortInvadeProject/Content/StarterContent/Textures/T_Concrete_Poured_D.uasset" 463
"../../../../../../../Side Projects/Unreal Portfolio Invaders/PortfolioInvaders/PortInvadeProject/Content/StarterContent/Textures/T_Concrete_Poured_N.uasset" 464
"../../../../../../../Side Projects/Unreal Portfolio Invaders/PortfolioInvaders/PortInvadeProject/Content/StarterContent/Materials/M_Concrete_Poured.uasset" 465
"../../../../../../../Side Projects/Unreal Portfolio Invaders/PortfolioInvaders/PortInvadeProject/Content/StarterContent/Textures/T_Concrete_Tiles_D.uasset" 466
"../../../../../../../Side Projects/Unreal Portfolio Invaders/PortfolioInvaders/PortInvadeProject/Content/StarterContent/Textures/T_Concrete_Tiles_M.uasset" 467
"../../../../../../../Side Projects/Unreal Portfolio Invaders/PortfolioInvaders/PortInvadeProject/Content/StarterContent/Textures/T_Concrete_Tiles_N.uasset" 468
"../../../../../../../Side Projects/Unreal Portfolio Invaders/PortfolioInvaders/PortInvadeProject/Content/StarterContent/Textures/T_Concrete_Tiles_Variation_M.uasset" 469
"../../../../../../../Side Projects/Unreal Portfolio Invaders/PortfolioInvaders/PortInvadeProject/Content/StarterContent/Materials/M_Concrete_Tiles.uasset" 470
"../../../../../../../Side Projects/Unreal Portfolio Invaders/PortfolioInvaders/PortInvadeProject/Content/StarterContent/Textures/T_Ground_Grass_D.uasset" 471
"../../../../../../../Side Projects/Unreal Portfolio Invaders/PortfolioInvaders/PortInvadeProject/Content/StarterContent/Textures/T_Ground_Grass_N.uasset" 472
"../../../../../../../Side Projects/Unreal Portfolio Invaders/PortfolioInvaders/PortInvadeProject/Content/StarterContent/Materials/M_Ground_Grass.uasset" 473
"../../../../../../../Side Projects/Unreal Portfolio Invaders/PortfolioInvaders/PortInvadeProject/Content/StarterContent/Textures/T_Ground_Gravel_D.uasset" 474
"../../../../../../../Side Projects/Unreal Portfolio Invaders/PortfolioInvaders/PortInvadeProject/Content/StarterContent/Textures/T_Ground_Gravel_N.uasset" 475
"../../../../../../../Side Projects/Unreal Portfolio Invaders/PortfolioInvaders/PortInvadeProject/Content/StarterContent/Materials/M_Ground_Gravel.uasset" 476
"../../../../../../../Side Projects/Unreal Portfolio Invaders/PortfolioInvaders/PortInvadeProject/Content/StarterContent/Textures/T_ground_Moss_D.uasset" 477
"../../../../../../../Side Projects/Unreal Portfolio Invaders/PortfolioInvaders/PortInvadeProject/Content/StarterContent/Textures/T_Ground_Moss_N.uasset" 478
"../../../../../../../Side Projects/Unreal Portfolio Invaders/PortfolioInvaders/PortInvadeProject/Content/StarterContent/Materials/M_Ground_Moss.uasset" 479
"../../../../../../../Side Projects/Unreal Portfolio Invaders/PortfolioInvaders/PortInvadeProject/Content/StarterContent/Materials/M_Metal_Brushed_Nickel.uasset" 480
"../../../../../../../Side Projects/Unreal Portfolio Invaders/PortfolioInvaders/PortInvadeProject/Content/StarterContent/Textures/T_Metal_Aluminum_D.uasset" 481
"../../../../../../../Side Projects/Unreal Portfolio Invaders/PortfolioInvaders/PortInvadeProject/Content/StarterContent/Textures/T_Metal_Gold_N.uasset" 482
"../../../../../../../Side Projects/Unreal Portfolio Invaders/PortfolioInvaders/PortInvadeProject/Content/StarterContent/Materials/M_Metal_Burnished_Steel.uasset" 483
"../../../../../../../Side Projects/Unreal Portfolio Invaders/PortfolioInvaders/PortInvadeProject/Content/StarterContent/Materials/M_Metal_Chrome.uasset" 484
"../../../../../../../Side Projects/Unreal Portfolio Invaders/PortfolioInvaders/PortInvadeProject/Content/StarterContent/Textures/T_Metal_Copper_D.uasset" 485
"../../../../../../../Side Projects/Unreal Portfolio Invaders/PortfolioInvaders/PortInvadeProject/Content/StarterContent/Materials/M_Metal_Copper.uasset" 486
"../../../../../../../Side Projects/Unreal Portfolio Invaders/PortfolioInvaders/PortInvadeProject/Content/StarterContent/Textures/T_Metal_Gold_D.uasset" 487
"../../../../../../../Side Projects/Unreal Portfolio Invaders/PortfolioInvaders/PortInvadeProject/Content/StarterContent/Materials/M_Metal_Gold.uasset" 488
"../../../../../../../Side Projects/Unreal Portfolio Invaders/PortfolioInvaders/PortInvadeProject/Content/StarterContent/Textures/T_Metal_Rust_D.uasset" 489
"../../../../../../../Side Projects/Unreal Portfolio Invaders/PortfolioInvaders/PortInvadeProject/Content/StarterContent/Materials/M_Metal_Rust.uasset" 490
"../../../../../../../Side Projects/Unreal Portfolio Invaders/PortfolioInvaders/PortInvadeProject/Content/StarterContent/Textures/T_Metal_Steel_D.uasset" 491
"../../../../../../../Side Projects/Unreal Portfolio Invaders/PortfolioInvaders/PortInvadeProject/Content/StarterContent/Textures/T_Metal_Steel_N.uasset" 492
"../../../../../../../Side Projects/Unreal Portfolio Invaders/PortfolioInvaders/PortInvadeProject/Content/StarterContent/Materials/M_Metal_Steel.uasset" 493
"../../../../../../../Side Projects/Unreal Portfolio Invaders/PortfolioInvaders/PortInvadeProject/Content/StarterContent/Textures/T_Rock_Basalt_N.uasset" 494
"../../../../../../../Side Projects/Unreal Portfolio Invaders/PortfolioInvaders/PortInvadeProject/Content/StarterContent/Materials/M_Rock_Basalt.uasset" 495
"../../../../../../../Side Projects/Unreal Portfolio Invaders/PortfolioInvaders/PortInvadeProject/Content/StarterContent/Materials/M_Rock_Marble_Polished.uasset" 496
"../../../../../../../Side Projects/Unreal Portfolio Invaders/PortfolioInvaders/PortInvadeProject/Content/StarterContent/Textures/T_Rock_Sandstone_D.uasset" 497
"../../../../../../../Side Projects/Unreal Portfolio Invaders/PortfolioInvaders/PortInvadeProject/Content/StarterContent/Textures/T_Rock_Sandstone_N.uasset" 498
"../../../../../../../Side Projects/Unreal Portfolio Invaders/PortfolioInvaders/PortInvadeProject/Content/StarterContent/Materials/M_Rock_Sandstone.uasset" 499
"../../../../../../../Side Projects/Unreal Portfolio Invaders/PortfolioInvaders/PortInvadeProject/Content/StarterContent/Textures/T_Rock_Slate_D.uasset" 500
"../../../../../../../Side Projects/Unreal Portfolio Invaders/PortfolioInvaders/PortInvadeProject/Content/StarterContent/Textures/T_Rock_Slate_N.uasset" 501
"../../../../../../../Side Projects/Unreal Portfolio Invaders/PortfolioInvaders/PortInvadeProject/Content/StarterContent/Materials/M_Rock_Slate.uasset" 502
"../../../../../../../Side Projects/Unreal Portfolio Invaders/PortfolioInvaders/PortInvadeProject/Content/StarterContent/Textures/T_Checker_Noise_M.uasset" 503
"../../../../../../../Side Projects/Unreal Portfolio Invaders/PortfolioInvaders/PortInvadeProject/Content/StarterContent/Textures/T_Single_Tile_N.uasset" 504
"../../../../../../../Side Projects/Unreal Portfolio Invaders/PortfolioInvaders/PortInvadeProject/Content/StarterContent/Textures/T_Tech_Dot_M.uasset" 505
"../../../../../../../Side Projects/Unreal Portfolio Invaders/PortfolioInvaders/PortInvadeProject/Content/StarterContent/Textures/T_Tech_Dot_N.uasset" 506
"../../../../../../../Side Projects/Unreal Portfolio Invaders/PortfolioInvaders/PortInvadeProject/Content/StarterContent/Materials/M_Tech_Checker_Dot.uasset" 507
"../../../../../../../Side Projects/Unreal Portfolio Invaders/PortfolioInvaders/PortInvadeProject/Content/StarterContent/Textures/T_Tech_Hex_Tile_M.uasset" 508
"../../../../../../../Side Projects/Unreal Portfolio Invaders/PortfolioInvaders/PortInvadeProject/Content/StarterContent/Textures/T_Tech_Hex_Tile_N.uasset" 509
"../../../../../../../Side Projects/Unreal Portfolio Invaders/PortfolioInvaders/PortInvadeProject/Content/StarterContent/Materials/M_Tech_Hex_Tile.uasset" 510
"../../../../../../../Side Projects/Unreal Portfolio Invaders/PortfolioInvaders/PortInvadeProject/Content/StarterContent/Materials/M_Tech_Hex_Tile_Pulse.uasset" 511
"../../../../../../../Side Projects/Unreal Portfolio Invaders/PortfolioInvaders/PortInvadeProject/Content/StarterContent/Textures/T_Tech_Panel_M.uasset" 512
"../../../../../../../Side Projects/Unreal Portfolio Invaders/PortfolioInvaders/PortInvadeProject/Content/StarterContent/Textures/T_Tech_Panel_N.uasset" 513
"../../../../../../../Side Projects/Unreal Portfolio Invaders/PortfolioInvaders/PortInvadeProject/Content/StarterContent/Materials/M_Tech_Panel.uasset" 514
"../../../../../../../Side Projects/Unreal Portfolio Invaders/PortfolioInvaders/PortInvadeProject/Content/StarterContent/Materials/M_Water_Lake.uasset" 515
"../../../../../../../Side Projects/Unreal Portfolio Invaders/PortfolioInvaders/PortInvadeProject/Content/StarterContent/Textures/T_Water_M.uasset" 516
"../../../../../../../Side Projects/Unreal Portfolio Invaders/PortfolioInvaders/PortInvadeProject/Content/StarterContent/Materials/M_Water_Ocean.uasset" 517
"../../../../../../../Side Projects/Unreal Portfolio Invaders/PortfolioInvaders/PortInvadeProject/Content/StarterContent/Textures/T_Wood_Floor_Walnut_D.uasset" 518
"../../../../../../../Side Projects/Unreal Portfolio Invaders/PortfolioInvaders/PortInvadeProject/Content/StarterContent/Textures/T_Wood_Floor_Walnut_M.uasset" 519
"../../../../../../../Side Projects/Unreal Portfolio Invaders/PortfolioInvaders/PortInvadeProject/Content/StarterContent/Textures/T_Wood_Floor_Walnut_N.uasset" 520
"../../../../../../../Side Projects/Unreal Portfolio Invaders/PortfolioInvaders/PortInvadeProject/Content/StarterContent/Materials/M_Wood_Floor_Walnut_Polished.uasset" 521
"../../../Engine/Content/Functions/Engine_MaterialFunctions01/Opacity/AlphaOffset.uasset" 522
"../../../../../../../Side Projects/Unreal Portfolio Invaders/PortfolioInvaders/PortInvadeProject/Content/StarterContent/Materials/M_Wood_Floor_Walnut_Worn.uasset" 523
"../../../../../../../Side Projects/Unreal Portfolio Invaders/PortfolioInvaders/PortInvadeProject/Content/StarterContent/Textures/T_Wood_Oak_D.uasset" 524
"../../../../../../../Side Projects/Unreal Portfolio Invaders/PortfolioInvaders/PortInvadeProject/Content/StarterContent/Textures/T_Wood_Oak_N.uasset" 525
"../../../../../../../Side Projects/Unreal Portfolio Invaders/PortfolioInvaders/PortInvadeProject/Content/StarterContent/Materials/M_Wood_Oak.uasset" 526
"../../../../../../../Side Projects/Unreal Portfolio Invaders/PortfolioInvaders/PortInvadeProject/Content/StarterContent/Textures/T_Wood_Pine_D.uasset" 527
"../../../../../../../Side Projects/Unreal Portfolio Invaders/PortfolioInvaders/PortInvadeProject/Content/StarterContent/Textures/T_Wood_Pine_N.uasset" 528
"../../../../../../../Side Projects/Unreal Portfolio Invaders/PortfolioInvaders/PortInvadeProject/Content/StarterContent/Materials/M_Wood_Pine.uasset" 529
"../../../../../../../Side Projects/Unreal Portfolio Invaders/PortfolioInvaders/PortInvadeProject/Content/StarterContent/Textures/T_Wood_Walnut_D.uasset" 530
"../../../../../../../Side Projects/Unreal Portfolio Invaders/PortfolioInvaders/PortInvadeProject/Content/StarterContent/Textures/T_Wood_Walnut_N.uasset" 531
"../../../../../../../Side Projects/Unreal Portfolio Invaders/PortfolioInvaders/PortInvadeProject/Content/StarterContent/Materials/M_Wood_Walnut.uasset" 532
"../../../../../../../Side Projects/Unreal Portfolio Invaders/PortfolioInvaders/PortInvadeProject/Content/StarterContent/Architecture/Floor_400x400.uasset" 533
"../../../../../../../Side Projects/Unreal Portfolio Invaders/PortfolioInvaders/PortInvadeProject/Content/StarterContent/Architecture/Wall_400x200.uasset" 534
"../../../../../../../Side Projects/Unreal Portfolio Invaders/PortfolioInvaders/PortInvadeProject/Content/StarterContent/Architecture/Wall_Door_400x300.uasset" 535
"../../../../../../../Side Projects/Unreal Portfolio Invaders/PortfolioInvaders/PortInvadeProject/Content/StarterContent/Architecture/Wall_Window_400x300.uasset" 536
"../../../../../../../Side Projects/Unreal Portfolio Invaders/PortfolioInvaders/PortInvadeProject/Content/StarterContent/Audio/Collapse_Cue.uasset" 537
"../../../../../../../Side Projects/Unreal Portfolio Invaders/PortfolioInvaders/PortInvadeProject/Content/StarterContent/Audio/Starter_Background_Cue.uasset" 538
"../../../../../../../Side Projects/Unreal Portfolio Invaders/PortfolioInvaders/PortInvadeProject/Content/StarterContent/Audio/Starter_Music_Cue.uasset" 539
"../../../../../../../Side Projects/Unreal Portfolio Invaders/PortfolioInvaders/PortInvadeProject/Content/StarterContent/Textures/T_Dust_Particle_D.uasset" 540
"../../../../../../../Side Projects/Unreal Portfolio Invaders/PortfolioInvaders/PortInvadeProject/Content/StarterContent/Particles/Materials/M_Dust_Particle.uasset" 541
"../../../../../../../Side Projects/Unreal Portfolio Invaders/PortfolioInvaders/PortInvadeProject/Content/StarterContent/Particles/P_Ambient_Dust.uasset" 542
"../../../../../../../Side Projects/Unreal Portfolio Invaders/PortfolioInvaders/PortInvadeProject/Content/StarterContent/Props/MaterialSphere.uasset" 543
"../../../../../../../Side Projects/Unreal Portfolio Invaders/PortfolioInvaders/PortInvadeProject/Content/StarterContent/Props/SM_Chair.uasset" 544
"../../../../../../../Side Projects/Unreal Portfolio Invaders/PortfolioInvaders/PortInvadeProject/Content/StarterContent/Textures/T_Frame_M.uasset" 545
"../../../../../../../Side Projects/Unreal Portfolio Invaders/PortfolioInvaders/PortInvadeProject/Content/StarterContent/Textures/T_Frame_N.uasset" 546
"../../../../../../../Side Projects/Unreal Portfolio Invaders/PortfolioInvaders/PortInvadeProject/Content/StarterContent/Props/Materials/M_Frame.uasset" 547
"../../../../../../../Side Projects/Unreal Portfolio Invaders/PortfolioInvaders/PortInvadeProject/Content/StarterContent/Props/SM_CornerFrame.uasset" 548
"../../../../../../../Side Projects/Unreal Portfolio Invaders/PortfolioInvaders/PortInvadeProject/Content/StarterContent/Props/SM_DoorFrame.uasset" 549
"../../../../../../../Side Projects/Unreal Portfolio Invaders/PortfolioInvaders/PortInvadeProject/Content/StarterContent/Props/SM_GlassWindow.uasset" 550
"../../../../../../../Side Projects/Unreal Portfolio Invaders/PortfolioInvaders/PortInvadeProject/Content/StarterContent/Props/SM_PillarFrame.uasset" 551
"../../../../../../../Side Projects/Unreal Portfolio Invaders/PortfolioInvaders/PortInvadeProject/Content/StarterContent/Props/SM_PillarFrame300.uasset" 552
"../../../../../../../Side Projects/Unreal Portfolio Invaders/PortfolioInvaders/PortInvadeProject/Content/StarterContent/Textures/T_Statue_M.uasset" 553
"../../../../../../../Side Projects/Unreal Portfolio Invaders/PortfolioInvaders/PortInvadeProject/Content/StarterContent/Textures/T_Statue_N.uasset" 554
"../../../../../../../Side Projects/Unreal Portfolio Invaders/PortfolioInvaders/PortInvadeProject/Content/StarterContent/Props/Materials/M_Statue.uasset" 555
"../../../../../../../Side Projects/Unreal Portfolio Invaders/PortfolioInvaders/PortInvadeProject/Content/StarterContent/Props/Materials/M_StatueGlass.uasset" 556
"../../../../../../../Side Projects/Unreal Portfolio Invaders/PortfolioInvaders/PortInvadeProject/Content/StarterContent/Props/SM_Statue.uasset" 557
"../../../../../../../Side Projects/Unreal Portfolio Invaders/PortfolioInvaders/PortInvadeProject/Content/StarterContent/Textures/T_TableRound_M.uasset" 558
"../../../../../../../Side Projects/Unreal Portfolio Invaders/PortfolioInvaders/PortInvadeProject/Content/StarterContent/Textures/T_TableRound_N.uasset" 559
"../../../../../../../Side Projects/Unreal Portfolio Invaders/PortfolioInvaders/PortInvadeProject/Content/StarterContent/Props/Materials/M_TableRound.uasset" 560
"../../../../../../../Side Projects/Unreal Portfolio Invaders/PortfolioInvaders/PortInvadeProject/Content/StarterContent/Props/SM_TableRound.uasset" 561
"../../../../../../../Side Projects/Unreal Portfolio Invaders/PortfolioInvaders/PortInvadeProject/Content/StarterContent/Props/SM_WindowFrame.uasset" 562
"../../../../../../../Side Projects/Unreal Portfolio Invaders/PortfolioInvaders/PortInvadeProject/Content/StarterContent/Shapes/Shape_Cube.uasset" 563
"../../../../../../../Side Projects/Unreal Portfolio Invaders/PortfolioInvaders/PortInvadeProject/Content/StarterContent/Shapes/Shape_QuadPyramid.uasset" 564
"../../../../../../../Side Projects/Unreal Portfolio Invaders/PortfolioInvaders/PortInvadeProject/Content/StarterContent/Shapes/Shape_Sphere.uasset" 565
"../../../../../../../Side Projects/Unreal Portfolio Invaders/PortfolioInvaders/PortInvadeProject/Content/StarterContent/Maps/StarterMap.umap" 566
"../../../Engine/Content/Maps/Entry_BuiltData.uasset" 567
"../../../Engine/Content/Maps/Entry.umap" 568
